Seeing random test failures like below from TDigestTest. These errors are not repeatable. 




testUniform(org.apache.mahout.math.stats.TDigestTest)  Time elapsed: 0.356 sec  <<< FAILURE!
java.lang.AssertionError: expected:<0.5> but was:<0.50578>
	at org.junit.Assert.fail(Assert.java:88)
	at org.junit.Assert.failNotEquals(Assert.java:743)
	at org.junit.Assert.assertEquals(Assert.java:494)
	at org.junit.Assert.assertEquals(Assert.java:592)
	at org.apache.mahout.math.stats.TDigestTest.runTest(TDigestTest.java:373)
	at org.apache.mahout.math.stats.TDigestTest.testUniform(TDigestTest.java:79)

Results :

Failed tests: 
  TDigestTest.testUniform:79->runTest:373 expected:<0.5> but was:<0.50578>






Tests run: 9, Failures: 1, Errors: 0, Skipped: 0, Time elapsed: 40.063 sec
<<< FAILURE! - in org.apache.mahout.math.stats.TDigestTest
testSequentialPoints(org.apache.mahout.math.stats.TDigestTest)  Time
elapsed: 4.674 sec  <<< FAILURE!
java.lang.AssertionError: expected:<0.5> but was:<0.49489>


