<!-- 
RSS generated by JIRA (6.3.4#6332-sha1:51bc225ef474afe3128b2f66878477f322397b16) at Sun May 17 03:17:38 UTC 2015

It is possible to restrict the fields that are returned in this document by specifying the 'field' parameter in your request.
For example, to request only the issue key and summary add field=key&field=summary to the URL of your request.
For example:
https://issues.apache.org/jira/si/jira.issueviews:issue-xml/DERBY-1800/DERBY-1800.xml?field=key&amp;field=summary
-->
<rss version="0.92" >
<channel>
    <title>ASF JIRA</title>
    <link>https://issues.apache.org/jira</link>
    <description>This file is an XML representation of an issue</description>
    <language>en-uk</language>    <build-info>
        <version>6.3.4</version>
        <build-number>6332</build-number>
        <build-date>15-08-2014</build-date>
    </build-info>

<item>
            <title>[DERBY-1800] testSetBinaryStreamLengthLessOnBlobTooLong fails with &apos;Unexpected SQL state. expected:&lt;22001&gt; but was:&lt;58009&gt;&apos;</title>
                <link>https://issues.apache.org/jira/browse/DERBY-1800</link>
                <project id="10594" key="DERBY">Derby</project>
                    <description>&lt;p&gt;Has failed since 438528, changes:  &lt;a href=&quot;http://www.multinet.no/~solberg/public/Apache/Daily/jvm1.6/UpdateInfo/438528.txt&quot; class=&quot;external-link&quot; rel=&quot;nofollow&quot;&gt;http://www.multinet.no/~solberg/public/Apache/Daily/jvm1.6/UpdateInfo/438528.txt&lt;/a&gt;&lt;/p&gt;

&lt;p&gt;Logs in &lt;a href=&quot;http://www.multinet.no/~solberg/public/Apache/Daily/jvm1.6/Limited/testSummary-438528.html&quot; class=&quot;external-link&quot; rel=&quot;nofollow&quot;&gt;http://www.multinet.no/~solberg/public/Apache/Daily/jvm1.6/Limited/testSummary-438528.html&lt;/a&gt;.&lt;br/&gt;
E.g.&lt;/p&gt;
&lt;ul&gt;
	&lt;li&gt;
	&lt;ul&gt;
		&lt;li&gt;
		&lt;ul&gt;
			&lt;li&gt;Start: _Suite jdk1.6.0-rc DerbyNetClient derbynetclientmats:jdbc40 2006-08-31 02:52:09 ***&lt;br/&gt;
0 add&lt;br/&gt;
&amp;gt; ............................F.............&lt;br/&gt;
&amp;gt; There was 1 failure:&lt;br/&gt;
&amp;gt; 1) testSetBinaryStreamLengthLessOnBlobTooLong(org.apache.derbyTesting.functionTests.tests.jdbc4.PreparedStatementTest)junit.framework.ComparisonFailure: Unexpected SQL state. expected:&amp;lt;22001&amp;gt; but was:&amp;lt;58009&amp;gt;&lt;br/&gt;
&amp;gt; FAILURES!!!&lt;br/&gt;
&amp;gt; Tests run: 2048,  Failures: 1,  Errors: 0&lt;br/&gt;
Test Failed.&lt;/li&gt;
			&lt;li&gt;End:   _Suite jdk1.6.0-rc DerbyNetClient derbynetclientmats:jdbc40 2006-08-31 02:52:26 ***&lt;/li&gt;
		&lt;/ul&gt;
		&lt;/li&gt;
	&lt;/ul&gt;
	&lt;/li&gt;
&lt;/ul&gt;
</description>
                <environment>All</environment>
        <key id="12349072">DERBY-1800</key>
            <summary>testSetBinaryStreamLengthLessOnBlobTooLong fails with &apos;Unexpected SQL state. expected:&lt;22001&gt; but was:&lt;58009&gt;&apos;</summary>
                <type id="1" iconUrl="https://issues.apache.org/jira/images/icons/issuetypes/bug.png">Bug</type>
                                            <priority id="4" iconUrl="https://issues.apache.org/jira/images/icons/priorities/minor.png">Minor</priority>
                        <status id="6" iconUrl="https://issues.apache.org/jira/images/icons/statuses/closed.png" description="The issue is considered finished, the resolution is correct. Issues which are closed can be reopened.">Closed</status>
                    <statusCategory id="3" key="done" colorName="green"/>
                                    <resolution id="1">Fixed</resolution>
                                        <assignee username="andreask">Andreas Korneliussen</assignee>
                                    <reporter username="olesolberg">Ole Solberg</reporter>
                        <labels>
                    </labels>
                <created>Fri, 1 Sep 2006 12:57:50 +0100</created>
                <updated>Mon, 29 Jun 2009 23:42:55 +0100</updated>
                            <resolved>Fri, 25 May 2007 20:00:09 +0100</resolved>
                                    <version>10.3.1.4</version>
                                    <fixVersion>10.2.2.0</fixVersion>
                    <fixVersion>10.3.1.4</fixVersion>
                                    <component>Network Server</component>
                        <due></due>
                            <votes>0</votes>
                                    <watches>0</watches>
                                                                <comments>
                            <comment id="12432130" author="kristwaa" created="Fri, 1 Sep 2006 13:57:16 +0100"  >&lt;p&gt;There are many instances of the 58009 state. Here&apos;s the stack trace:&lt;/p&gt;

&lt;p&gt;java.sql.SQLException: A communications error has been detected: Broken pipe.&lt;br/&gt;
        at org.apache.derby.client.am.SQLExceptionFactory40.getSQLException(SQLExceptionFactory40.java:95)&lt;br/&gt;
        at org.apache.derby.client.am.SqlException.getSQLException(SqlException.java:345)&lt;br/&gt;
        at org.apache.derby.client.am.PreparedStatement.executeUpdate(PreparedStatement.java:389)&lt;br/&gt;
        at org.apache.derbyTesting.functionTests.tests.jdbc4.PreparedStatementTest.setBinaryStreamOnBlob(PreparedStatementTest.java:1085)&lt;br/&gt;
        at org.apache.derbyTesting.functionTests.tests.jdbc4.PreparedStatementTest.testSetBinaryStreamLengthLessOnBlobTooLong(PreparedStatementTest.java:860)        at sun.reflect.NativeMethodAccessorImpl.invoke0(Native Method)&lt;br/&gt;
        at sun.reflect.NativeMethodAccessorImpl.invoke(NativeMethodAccessorImpl.java:39)&lt;br/&gt;
        at sun.reflect.DelegatingMethodAccessorImpl.invoke(DelegatingMethodAccessorImpl.java:25)&lt;br/&gt;
        at java.lang.reflect.Method.invoke(Method.java:597)&lt;br/&gt;
        at junit.framework.TestCase.runTest(TestCase.java:154)&lt;br/&gt;
        at junit.framework.TestCase.runBare(TestCase.java:127)&lt;br/&gt;
        at org.apache.derbyTesting.junit.BaseTestCase.runBare(BaseTestCase.java:76)&lt;br/&gt;
        at junit.framework.TestResult$1.protect(TestResult.java:106)&lt;br/&gt;
        at junit.framework.TestResult.runProtected(TestResult.java:124)&lt;br/&gt;
        at junit.framework.TestResult.run(TestResult.java:109)&lt;br/&gt;
        at junit.framework.TestCase.run(TestCase.java:118)&lt;br/&gt;
        at junit.framework.TestSuite.runTest(TestSuite.java:208)&lt;br/&gt;
        at junit.framework.TestSuite.run(TestSuite.java:203)&lt;br/&gt;
        at junit.framework.TestSuite.runTest(TestSuite.java:208)&lt;br/&gt;
        at junit.framework.TestSuite.run(TestSuite.java:203)&lt;br/&gt;
        at junit.extensions.TestDecorator.basicRun(TestDecorator.java:22)&lt;br/&gt;
        at junit.extensions.TestSetup$1.protect(TestSetup.java:19)&lt;br/&gt;
        at junit.framework.TestResult.runProtected(TestResult.java:124)&lt;br/&gt;
        at junit.extensions.TestSetup.run(TestSetup.java:23)&lt;br/&gt;
        at junit.textui.TestRunner.doRun(TestRunner.java:116)&lt;br/&gt;
        at junit.textui.TestRunner.start(TestRunner.java:172)&lt;br/&gt;
        at junit.textui.TestRunner.main(TestRunner.java:138)&lt;br/&gt;
Caused by: org.apache.derby.client.am.DisconnectException: A communications error has been detected: Broken pipe.&lt;br/&gt;
        at org.apache.derby.client.net.NetAgent.throwCommunicationsFailure(NetAgent.java:408)&lt;br/&gt;
        at org.apache.derby.client.net.Request.flushScalarStreamSegment(Request.java:593)&lt;br/&gt;
        at org.apache.derby.client.net.Request.writePlainScalarStream(Request.java:478)&lt;br/&gt;
        at org.apache.derby.client.net.Request.writeScalarStream(Request.java:242)&lt;br/&gt;
        at org.apache.derby.client.net.NetStatementRequest.buildEXTDTA(NetStatementRequest.java:855)&lt;br/&gt;
        at org.apache.derby.client.net.NetStatementRequest.writeExecute(NetStatementRequest.java:145)&lt;br/&gt;
        at org.apache.derby.client.net.NetPreparedStatement.writeExecute_(NetPreparedStatement.java:172)&lt;br/&gt;
        at org.apache.derby.client.am.PreparedStatement.writeExecute(PreparedStatement.java:1557)&lt;br/&gt;
        at org.apache.derby.client.am.PreparedStatement.flowExecute(PreparedStatement.java:1803)&lt;br/&gt;
        at org.apache.derby.client.am.PreparedStatement.executeUpdateX(PreparedStatement.java:394)&lt;br/&gt;
        at org.apache.derby.client.am.PreparedStatement.executeUpdate(PreparedStatement.java:380)&lt;br/&gt;
        ... 24 more&lt;br/&gt;
Caused by: java.net.SocketException: Broken pipe&lt;br/&gt;
        at java.net.SocketOutputStream.socketWrite0(Native Method)&lt;br/&gt;
        at java.net.SocketOutputStream.socketWrite(SocketOutputStream.java:92)&lt;br/&gt;
        at java.net.SocketOutputStream.write(SocketOutputStream.java:136)&lt;br/&gt;
        at org.apache.derby.client.net.Request.sendBytes(Request.java:1221)&lt;br/&gt;
        at org.apache.derby.client.net.Request.flushScalarStreamSegment(Request.java:591)&lt;br/&gt;
        ... 33 more&lt;/p&gt;</comment>
                            <comment id="12432140" author="andreask" created="Fri, 1 Sep 2006 14:40:31 +0100"  >&lt;p&gt;I will check if this is caused by &lt;a href=&quot;https://issues.apache.org/jira/browse/DERBY-1559&quot; title=&quot;when receiving a single EXTDTA object representing a BLOB, the server do not need to read it into memory before inserting it into the DB&quot; class=&quot;issue-link&quot; data-issue-key=&quot;DERBY-1559&quot;&gt;&lt;del&gt;DERBY-1559&lt;/del&gt;&lt;/a&gt;, and if that is the case, fix the issue.&lt;/p&gt;</comment>
                            <comment id="12432459" author="andreask" created="Mon, 4 Sep 2006 10:09:55 +0100"  >&lt;p&gt;The problem is caused by not flushing the blob data after an exception occurs.&lt;br/&gt;
Attached patch makes the test pass. I will test the patch more before committing.&lt;/p&gt;</comment>
                            <comment id="12432508" author="andreask" created="Mon, 4 Sep 2006 13:58:25 +0100"  >&lt;p&gt;Tests shows that the failure has been fixed. Derbyall passes. Running the jdbc40 suite, fails with more or less the same erros on client and embedded, indicating that those failures are not related to this fix, or &lt;a href=&quot;https://issues.apache.org/jira/browse/DERBY-1559&quot; title=&quot;when receiving a single EXTDTA object representing a BLOB, the server do not need to read it into memory before inserting it into the DB&quot; class=&quot;issue-link&quot; data-issue-key=&quot;DERBY-1559&quot;&gt;&lt;del&gt;DERBY-1559&lt;/del&gt;&lt;/a&gt;.&lt;/p&gt;

&lt;p&gt;JDBC40_EMBEDDED:&lt;/p&gt;

&lt;p&gt;Generating report for RunSuite jdbc40  null null null true &lt;br/&gt;
------------------ Java Information ------------------&lt;br/&gt;
Java Version:    1.6.0-rc&lt;br/&gt;
Java Vendor:     Sun Microsystems Inc.&lt;br/&gt;
Java home:       /usr/local/java/jdk1.6.0_b98/jre&lt;br/&gt;
Java classpath:  /export/home/tmp/ak136785/derbyall-20060904-1131-438476-438489M/jars/derby.jar:/export/home/tmp/ak136785/derbyall-20060904-1131-438476-438489M/jars/derbyLocale_de_DE.jar:/export/home/tmp/ak136785/derbyall-20060904-1131-438476-438489M/jars/derbyLocale_es.jar:/export/home/tmp/ak136785/derbyall-20060904-1131-438476-438489M/jars/derbyLocale_fr.jar:/export/home/tmp/ak136785/derbyall-20060904-1131-438476-438489M/jars/derbyLocale_it.jar:/export/home/tmp/ak136785/derbyall-20060904-1131-438476-438489M/jars/derbyLocale_ja_JP.jar:/export/home/tmp/ak136785/derbyall-20060904-1131-438476-438489M/jars/derbyLocale_ko_KR.jar:/export/home/tmp/ak136785/derbyall-20060904-1131-438476-438489M/jars/derbyLocale_pt_BR.jar:/export/home/tmp/ak136785/derbyall-20060904-1131-438476-438489M/jars/derbyLocale_zh_CN.jar:/export/home/tmp/ak136785/derbyall-20060904-1131-438476-438489M/jars/derbyLocale_zh_TW.jar:/export/home/tmp/ak136785/derbyall-20060904-1131-438476-438489M/jars/derbyTesting.jar:/expor&lt;br/&gt;
OS name:         SunOS&lt;br/&gt;
OS architecture: x86&lt;br/&gt;
OS version:      5.10&lt;br/&gt;
Java user name:  ak136785&lt;br/&gt;
Java user home:  /home/ak136785&lt;br/&gt;
Java user dir:   /export/home/tmp/ak136785/derbyall-20060904-1131-438476-438489M/jdbc40_embedded&lt;br/&gt;
java.specification.name: Java Platform API Specification&lt;br/&gt;
java.specification.version: 1.6&lt;br/&gt;
--------- Derby Information --------&lt;br/&gt;
JRE - JDBC: Java SE 6 - JDBC 4.0&lt;br/&gt;
&lt;span class=&quot;error&quot;&gt;&amp;#91;/export/home/tmp/ak136785/derbyall-20060904-1131-438476-438489M/jars/derby.jar&amp;#93;&lt;/span&gt; 10.3.0.0 alpha - (438476:438489M)&lt;br/&gt;
&lt;span class=&quot;error&quot;&gt;&amp;#91;/export/home/tmp/ak136785/derbyall-20060904-1131-438476-438489M/jars/derbytools.jar&amp;#93;&lt;/span&gt; 10.3.0.0 alpha - (438476:438489M)&lt;br/&gt;
&lt;span class=&quot;error&quot;&gt;&amp;#91;/export/home/tmp/ak136785/derbyall-20060904-1131-438476-438489M/jars/derbynet.jar&amp;#93;&lt;/span&gt; 10.3.0.0 alpha - (438476:438489M)&lt;br/&gt;
&lt;span class=&quot;error&quot;&gt;&amp;#91;/export/home/tmp/ak136785/derbyall-20060904-1131-438476-438489M/jars/derbyclient.jar&amp;#93;&lt;/span&gt; 10.3.0.0 alpha - (438476:438489M)&lt;br/&gt;
&lt;span class=&quot;error&quot;&gt;&amp;#91;/export/home/tmp/ak136785/derbyall-20060904-1131-438476-438489M/jars/jcc/db2jcc.jar&amp;#93;&lt;/span&gt; 2.4 - (17)&lt;br/&gt;
&lt;span class=&quot;error&quot;&gt;&amp;#91;/export/home/tmp/ak136785/derbyall-20060904-1131-438476-438489M/jars/jcc/db2jcc_license_c.jar&amp;#93;&lt;/span&gt; 2.4 - (17)&lt;br/&gt;
------------------------------------------------------&lt;br/&gt;
----------------- Locale Information -----------------&lt;br/&gt;
Current Locale :  [English/United States &lt;span class=&quot;error&quot;&gt;&amp;#91;en_US&amp;#93;&lt;/span&gt;]&lt;br/&gt;
Found support for locale: &lt;span class=&quot;error&quot;&gt;&amp;#91;de_DE&amp;#93;&lt;/span&gt;&lt;br/&gt;
	 version: 10.3.0.0 alpha - (438476:438489M)&lt;br/&gt;
Found support for locale: &lt;span class=&quot;error&quot;&gt;&amp;#91;es&amp;#93;&lt;/span&gt;&lt;br/&gt;
	 version: 10.3.0.0 alpha - (438476:438489M)&lt;br/&gt;
Found support for locale: &lt;span class=&quot;error&quot;&gt;&amp;#91;fr&amp;#93;&lt;/span&gt;&lt;br/&gt;
	 version: 10.3.0.0 alpha - (438476:438489M)&lt;br/&gt;
Found support for locale: &lt;span class=&quot;error&quot;&gt;&amp;#91;it&amp;#93;&lt;/span&gt;&lt;br/&gt;
	 version: 10.3.0.0 alpha - (438476:438489M)&lt;br/&gt;
Found support for locale: &lt;span class=&quot;error&quot;&gt;&amp;#91;ja_JP&amp;#93;&lt;/span&gt;&lt;br/&gt;
	 version: 10.3.0.0 alpha - (438476:438489M)&lt;br/&gt;
Found support for locale: &lt;span class=&quot;error&quot;&gt;&amp;#91;ko_KR&amp;#93;&lt;/span&gt;&lt;br/&gt;
	 version: 10.3.0.0 alpha - (438476:438489M)&lt;br/&gt;
Found support for locale: &lt;span class=&quot;error&quot;&gt;&amp;#91;pt_BR&amp;#93;&lt;/span&gt;&lt;br/&gt;
	 version: 10.3.0.0 alpha - (438476:438489M)&lt;br/&gt;
Found support for locale: &lt;span class=&quot;error&quot;&gt;&amp;#91;zh_CN&amp;#93;&lt;/span&gt;&lt;br/&gt;
	 version: 10.3.0.0 alpha - (438476:438489M)&lt;br/&gt;
Found support for locale: &lt;span class=&quot;error&quot;&gt;&amp;#91;zh_TW&amp;#93;&lt;/span&gt;&lt;br/&gt;
	 version: 10.3.0.0 alpha - (438476:438489M)&lt;br/&gt;
------------------------------------------------------&lt;br/&gt;
Test environment information:&lt;br/&gt;
COMMAND LINE STYLE: jdk13&lt;br/&gt;
TEST CANONS: master&lt;br/&gt;
------------------------------------------------------&lt;br/&gt;
------------------------------------------------------&lt;br/&gt;
Summary results:&lt;/p&gt;

&lt;p&gt;Test Run Started: 2006-09-04 14:05:59.0&lt;br/&gt;
Test Run Duration: 00:02:19&lt;/p&gt;

&lt;p&gt;10 Tests Run&lt;br/&gt;
90% Pass (9 tests passed)&lt;br/&gt;
10% Fail (1 tests failed)&lt;br/&gt;
0 Suites skipped&lt;br/&gt;
------------------------------------------------------&lt;br/&gt;
Failed tests in: jdbc40_fail.txt&lt;br/&gt;
------------------------------------------------------&lt;br/&gt;
Passed tests in: jdbc40_pass.txt&lt;br/&gt;
------------------------------------------------------&lt;br/&gt;
System properties in: jdbc40_prop.txt&lt;br/&gt;
------------------------------------------------------&lt;br/&gt;
------------------------------------------------------&lt;br/&gt;
Failure Details:&lt;/p&gt;
&lt;ul&gt;
	&lt;li&gt;
	&lt;ul&gt;
		&lt;li&gt;
		&lt;ul&gt;
			&lt;li&gt;
			&lt;ul&gt;
				&lt;li&gt;
				&lt;ul&gt;
					&lt;li&gt;
					&lt;ul&gt;
						&lt;li&gt;
						&lt;ul&gt;
							&lt;li&gt;
							&lt;ul&gt;
								&lt;li&gt;
								&lt;ul&gt;
									&lt;li&gt;Diff file jdbc40/jdbc40/_Suite.diff&lt;/li&gt;
								&lt;/ul&gt;
								&lt;/li&gt;
							&lt;/ul&gt;
							&lt;/li&gt;
						&lt;/ul&gt;
						&lt;/li&gt;
					&lt;/ul&gt;
					&lt;/li&gt;
				&lt;/ul&gt;
				&lt;/li&gt;
			&lt;/ul&gt;
			&lt;/li&gt;
			&lt;li&gt;Start: _Suite jdk1.6.0-rc jdbc40:jdbc40 2006-09-04 14:08:02 ***&lt;br/&gt;
0 add&lt;br/&gt;
&amp;gt; &amp;gt; .......E.E.E.E.E.E.E.E.....E.E.E.E...................&lt;br/&gt;
&amp;gt; &amp;gt; ..............................F..F.F.F.......&lt;br/&gt;
&amp;gt; &amp;gt; ........E.E.E.E.E.E.E.E.....E.E.E.E..................&lt;br/&gt;
&amp;gt; &amp;gt; There were 24 errors:&lt;br/&gt;
&amp;gt; &amp;gt; 1) testUnsupportedSetObject_NCHAR(org.apache.derbyTesting.functionTests.tests.jdbc4.SetObjectUnsupportedTest)java.sql.SQLException: An attempt was made to get a data value of type &apos;VARCHAR&apos; from a data value of type &apos;-15&apos;.&lt;br/&gt;
&amp;gt; &amp;gt; Caused by: java.sql.SQLException: An attempt was made to get a data value of type &apos;VARCHAR&apos; from a data value of type &apos;-15&apos;.&lt;br/&gt;
&amp;gt; &amp;gt; 	... 33 more&lt;br/&gt;
&amp;gt; &amp;gt; 2) testUnsupportedSetObjectWithScale_NCHAR(org.apache.derbyTesting.functionTests.tests.jdbc4.SetObjectUnsupportedTest)java.sql.SQLException: An attempt was made to get a data value of type &apos;VARCHAR&apos; from a data value of type &apos;-15&apos;.&lt;br/&gt;
&amp;gt; &amp;gt; Caused by: java.sql.SQLException: An attempt was made to get a data value of type &apos;VARCHAR&apos; from a data value of type &apos;-15&apos;.&lt;br/&gt;
&amp;gt; &amp;gt; 	... 32 more&lt;br/&gt;
&amp;gt; &amp;gt; 3) testUnsupportedSetNull_NCHAR(org.apache.derbyTesting.functionTests.tests.jdbc4.SetObjectUnsupportedTest)java.sql.SQLException: An attempt was made to get a data value of type &apos;VARCHAR&apos; from a data value of type &apos;-15&apos;.&lt;br/&gt;
&amp;gt; &amp;gt; Caused by: java.sql.SQLException: An attempt was made to get a data value of type &apos;VARCHAR&apos; from a data value of type &apos;-15&apos;.&lt;br/&gt;
&amp;gt; &amp;gt; 	... 31 more&lt;br/&gt;
&amp;gt; &amp;gt; 4) testUnsupportedSetNullWithTypeName_NCHAR(org.apache.derbyTesting.functionTests.tests.jdbc4.SetObjectUnsupportedTest)java.sql.SQLException: An attempt was made to get a data value of type &apos;VARCHAR&apos; from a data value of type &apos;-15&apos;.&lt;br/&gt;
&amp;gt; &amp;gt; Caused by: java.sql.SQLException: An attempt was made to get a data value of type &apos;VARCHAR&apos; from a data value of type &apos;-15&apos;.&lt;br/&gt;
&amp;gt; &amp;gt; 	... 32 more&lt;br/&gt;
&amp;gt; &amp;gt; 5) testUnsupportedSetObject_NCLOB(org.apache.derbyTesting.functionTests.tests.jdbc4.SetObjectUnsupportedTest)java.sql.SQLException: An attempt was made to get a data value of type &apos;VARCHAR&apos; from a data value of type &apos;2011&apos;.&lt;br/&gt;
&amp;gt; &amp;gt; Caused by: java.sql.SQLException: An attempt was made to get a data value of type &apos;VARCHAR&apos; from a data value of type &apos;2011&apos;.&lt;br/&gt;
&amp;gt; &amp;gt; 	... 33 more&lt;br/&gt;
&amp;gt; &amp;gt; 6) testUnsupportedSetObjectWithScale_NCLOB(org.apache.derbyTesting.functionTests.tests.jdbc4.SetObjectUnsupportedTest)java.sql.SQLException: An attempt was made to get a data value of type &apos;VARCHAR&apos; from a data value of type &apos;2011&apos;.&lt;br/&gt;
&amp;gt; &amp;gt; Caused by: java.sql.SQLException: An attempt was made to get a data value of type &apos;VARCHAR&apos; from a data value of type &apos;2011&apos;.&lt;br/&gt;
&amp;gt; &amp;gt; 	... 32 more&lt;br/&gt;
&amp;gt; &amp;gt; 7) testUnsupportedSetNull_NCLOB(org.apache.derbyTesting.functionTests.tests.jdbc4.SetObjectUnsupportedTest)java.sql.SQLException: An attempt was made to get a data value of type &apos;VARCHAR&apos; from a data value of type &apos;2011&apos;.&lt;br/&gt;
&amp;gt; &amp;gt; Caused by: java.sql.SQLException: An attempt was made to get a data value of type &apos;VARCHAR&apos; from a data value of type &apos;2011&apos;.&lt;br/&gt;
&amp;gt; &amp;gt; 	... 31 more&lt;br/&gt;
&amp;gt; &amp;gt; 8) testUnsupportedSetNullWithTypeName_NCLOB(org.apache.derbyTesting.functionTests.tests.jdbc4.SetObjectUnsupportedTest)java.sql.SQLException: An attempt was made to get a data value of type &apos;VARCHAR&apos; from a data value of type &apos;2011&apos;.&lt;br/&gt;
&amp;gt; &amp;gt; Caused by: java.sql.SQLException: An attempt was made to get a data value of type &apos;VARCHAR&apos; from a data value of type &apos;2011&apos;.&lt;br/&gt;
&amp;gt; &amp;gt; 	... 32 more&lt;br/&gt;
&amp;gt; &amp;gt; 9) testUnsupportedSetObject_LONGNVARCHAR(org.apache.derbyTesting.functionTests.tests.jdbc4.SetObjectUnsupportedTest)java.sql.SQLException: An attempt was made to get a data value of type &apos;VARCHAR&apos; from a data value of type &apos;-16&apos;.&lt;br/&gt;
&amp;gt; &amp;gt; Caused by: java.sql.SQLException: An attempt was made to get a data value of type &apos;VARCHAR&apos; from a data value of type &apos;-16&apos;.&lt;br/&gt;
&amp;gt; &amp;gt; 	... 33 more&lt;br/&gt;
&amp;gt; &amp;gt; 10) testUnsupportedSetObjectWithScale_LONGNVARCHAR(org.apache.derbyTesting.functionTests.tests.jdbc4.SetObjectUnsupportedTest)java.sql.SQLException: An attempt was made to get a data value of type &apos;VARCHAR&apos; from a data value of type &apos;-16&apos;.&lt;br/&gt;
&amp;gt; &amp;gt; Caused by: java.sql.SQLException: An attempt was made to get a data value of type &apos;VARCHAR&apos; from a data value of type &apos;-16&apos;.&lt;br/&gt;
&amp;gt; &amp;gt; 	... 32 more&lt;br/&gt;
&amp;gt; &amp;gt; 11) testUnsupportedSetNull_LONGNVARCHAR(org.apache.derbyTesting.functionTests.tests.jdbc4.SetObjectUnsupportedTest)java.sql.SQLException: An attempt was made to get a data value of type &apos;VARCHAR&apos; from a data value of type &apos;-16&apos;.&lt;br/&gt;
&amp;gt; &amp;gt; Caused by: java.sql.SQLException: An attempt was made to get a data value of type &apos;VARCHAR&apos; from a data value of type &apos;-16&apos;.&lt;br/&gt;
&amp;gt; &amp;gt; 	... 31 more&lt;br/&gt;
&amp;gt; &amp;gt; 12) testUnsupportedSetNullWithTypeName_LONGNVARCHAR(org.apache.derbyTesting.functionTests.tests.jdbc4.SetObjectUnsupportedTest)java.sql.SQLException: An attempt was made to get a data value of type &apos;VARCHAR&apos; from a data value of type &apos;-16&apos;.&lt;br/&gt;
&amp;gt; &amp;gt; Caused by: java.sql.SQLException: An attempt was made to get a data value of type &apos;VARCHAR&apos; from a data value of type &apos;-16&apos;.&lt;br/&gt;
&amp;gt; &amp;gt; 	... 32 more&lt;br/&gt;
&amp;gt; &amp;gt; 13) testUnsupportedSetObject_NCHAR(org.apache.derbyTesting.functionTests.tests.jdbc4.SetObjectUnsupportedTest)java.sql.SQLException: An attempt was made to get a data value of type &apos;VARCHAR&apos; from a data value of type &apos;-15&apos;.&lt;br/&gt;
&amp;gt; &amp;gt; Caused by: java.sql.SQLException: An attempt was made to get a data value of type &apos;VARCHAR&apos; from a data value of type &apos;-15&apos;.&lt;br/&gt;
&amp;gt; &amp;gt; 	... 37 more&lt;br/&gt;
&amp;gt; &amp;gt; 14) testUnsupportedSetObjectWithScale_NCHAR(org.apache.derbyTesting.functionTests.tests.jdbc4.SetObjectUnsupportedTest)java.sql.SQLException: An attempt was made to get a data value of type &apos;VARCHAR&apos; from a data value of type &apos;-15&apos;.&lt;br/&gt;
&amp;gt; &amp;gt; Caused by: java.sql.SQLException: An attempt was made to get a data value of type &apos;VARCHAR&apos; from a data value of type &apos;-15&apos;.&lt;br/&gt;
&amp;gt; &amp;gt; 	... 36 more&lt;br/&gt;
&amp;gt; &amp;gt; 15) testUnsupportedSetNull_NCHAR(org.apache.derbyTesting.functionTests.tests.jdbc4.SetObjectUnsupportedTest)java.sql.SQLException: An attempt was made to get a data value of type &apos;VARCHAR&apos; from a data value of type &apos;-15&apos;.&lt;br/&gt;
&amp;gt; &amp;gt; Caused by: java.sql.SQLException: An attempt was made to get a data value of type &apos;VARCHAR&apos; from a data value of type &apos;-15&apos;.&lt;br/&gt;
&amp;gt; &amp;gt; 	... 35 more&lt;br/&gt;
&amp;gt; &amp;gt; 16) testUnsupportedSetNullWithTypeName_NCHAR(org.apache.derbyTesting.functionTests.tests.jdbc4.SetObjectUnsupportedTest)java.sql.SQLException: An attempt was made to get a data value of type &apos;VARCHAR&apos; from a data value of type &apos;-15&apos;.&lt;br/&gt;
&amp;gt; &amp;gt; Caused by: java.sql.SQLException: An attempt was made to get a data value of type &apos;VARCHAR&apos; from a data value of type &apos;-15&apos;.&lt;br/&gt;
&amp;gt; &amp;gt; 	... 36 more&lt;br/&gt;
&amp;gt; &amp;gt; 17) testUnsupportedSetObject_NCLOB(org.apache.derbyTesting.functionTests.tests.jdbc4.SetObjectUnsupportedTest)java.sql.SQLException: An attempt was made to get a data value of type &apos;VARCHAR&apos; from a data value of type &apos;2011&apos;.&lt;br/&gt;
&amp;gt; &amp;gt; Caused by: java.sql.SQLException: An attempt was made to get a data value of type &apos;VARCHAR&apos; from a data value of type &apos;2011&apos;.&lt;br/&gt;
&amp;gt; &amp;gt; 	... 37 more&lt;br/&gt;
&amp;gt; &amp;gt; 18) testUnsupportedSetObjectWithScale_NCLOB(org.apache.derbyTesting.functionTests.tests.jdbc4.SetObjectUnsupportedTest)java.sql.SQLException: An attempt was made to get a data value of type &apos;VARCHAR&apos; from a data value of type &apos;2011&apos;.&lt;br/&gt;
&amp;gt; &amp;gt; Caused by: java.sql.SQLException: An attempt was made to get a data value of type &apos;VARCHAR&apos; from a data value of type &apos;2011&apos;.&lt;br/&gt;
&amp;gt; &amp;gt; 	... 36 more&lt;br/&gt;
&amp;gt; &amp;gt; 19) testUnsupportedSetNull_NCLOB(org.apache.derbyTesting.functionTests.tests.jdbc4.SetObjectUnsupportedTest)java.sql.SQLException: An attempt was made to get a data value of type &apos;VARCHAR&apos; from a data value of type &apos;2011&apos;.&lt;br/&gt;
&amp;gt; &amp;gt; Caused by: java.sql.SQLException: An attempt was made to get a data value of type &apos;VARCHAR&apos; from a data value of type &apos;2011&apos;.&lt;br/&gt;
&amp;gt; &amp;gt; 	... 35 more&lt;br/&gt;
&amp;gt; &amp;gt; 20) testUnsupportedSetNullWithTypeName_NCLOB(org.apache.derbyTesting.functionTests.tests.jdbc4.SetObjectUnsupportedTest)java.sql.SQLException: An attempt was made to get a data value of type &apos;VARCHAR&apos; from a data value of type &apos;2011&apos;.&lt;br/&gt;
&amp;gt; &amp;gt; Caused by: java.sql.SQLException: An attempt was made to get a data value of type &apos;VARCHAR&apos; from a data value of type &apos;2011&apos;.&lt;br/&gt;
&amp;gt; &amp;gt; 	... 36 more&lt;br/&gt;
&amp;gt; &amp;gt; 21) testUnsupportedSetObject_LONGNVARCHAR(org.apache.derbyTesting.functionTests.tests.jdbc4.SetObjectUnsupportedTest)java.sql.SQLException: An attempt was made to get a data value of type &apos;VARCHAR&apos; from a data value of type &apos;-16&apos;.&lt;br/&gt;
&amp;gt; &amp;gt; Caused by: java.sql.SQLException: An attempt was made to get a data value of type &apos;VARCHAR&apos; from a data value of type &apos;-16&apos;.&lt;br/&gt;
&amp;gt; &amp;gt; 	... 37 more&lt;br/&gt;
&amp;gt; &amp;gt; 22) testUnsupportedSetObjectWithScale_LONGNVARCHAR(org.apache.derbyTesting.functionTests.tests.jdbc4.SetObjectUnsupportedTest)java.sql.SQLException: An attempt was made to get a data value of type &apos;VARCHAR&apos; from a data value of type &apos;-16&apos;.&lt;br/&gt;
&amp;gt; &amp;gt; Caused by: java.sql.SQLException: An attempt was made to get a data value of type &apos;VARCHAR&apos; from a data value of type &apos;-16&apos;.&lt;br/&gt;
&amp;gt; &amp;gt; 	... 36 more&lt;br/&gt;
&amp;gt; &amp;gt; 23) testUnsupportedSetNull_LONGNVARCHAR(org.apache.derbyTesting.functionTests.tests.jdbc4.SetObjectUnsupportedTest)java.sql.SQLException: An attempt was made to get a data value of type &apos;VARCHAR&apos; from a data value of type &apos;-16&apos;.&lt;br/&gt;
&amp;gt; &amp;gt; Caused by: java.sql.SQLException: An attempt was made to get a data value of type &apos;VARCHAR&apos; from a data value of type &apos;-16&apos;.&lt;br/&gt;
&amp;gt; &amp;gt; 	... 35 more&lt;br/&gt;
&amp;gt; &amp;gt; 24) testUnsupportedSetNullWithTypeName_LONGNVARCHAR(org.apache.derbyTesting.functionTests.tests.jdbc4.SetObjectUnsupportedTest)java.sql.SQLException: An attempt was made to get a data value of type &apos;VARCHAR&apos; from a data value of type &apos;-16&apos;.&lt;br/&gt;
&amp;gt; &amp;gt; Caused by: java.sql.SQLException: An attempt was made to get a data value of type &apos;VARCHAR&apos; from a data value of type &apos;-16&apos;.&lt;br/&gt;
&amp;gt; &amp;gt; 	... 36 more&lt;br/&gt;
&amp;gt; &amp;gt; There were 4 failures:&lt;br/&gt;
&amp;gt; &amp;gt; 1) testTypesNCHAR(org.apache.derbyTesting.functionTests.tests.jdbc4.JDBC40TranslationTest)junit.framework.AssertionFailedError: expected:&amp;lt;-15&amp;gt; but was:&amp;lt;-8&amp;gt;&lt;br/&gt;
&amp;gt; &amp;gt; 2) testTypesLONGNVARCHAR(org.apache.derbyTesting.functionTests.tests.jdbc4.JDBC40TranslationTest)junit.framework.AssertionFailedError: expected:&amp;lt;-16&amp;gt; but was:&amp;lt;-10&amp;gt;&lt;br/&gt;
&amp;gt; &amp;gt; 3) testTypesNCLOB(org.apache.derbyTesting.functionTests.tests.jdbc4.JDBC40TranslationTest)junit.framework.AssertionFailedError: expected:&amp;lt;2011&amp;gt; but was:&amp;lt;2007&amp;gt;&lt;br/&gt;
&amp;gt; &amp;gt; 4) testTypesROWID(org.apache.derbyTesting.functionTests.tests.jdbc4.JDBC40TranslationTest)junit.framework.AssertionFailedError: expected:&amp;lt;-8&amp;gt; but was:&amp;lt;2008&amp;gt;&lt;br/&gt;
&amp;gt; &amp;gt; FAILURES!!!&lt;br/&gt;
&amp;gt; &amp;gt; Tests run: 2053,  Failures: 4,  Errors: 24&lt;br/&gt;
Test Failed.&lt;/li&gt;
			&lt;li&gt;End:   _Suite jdk1.6.0-rc jdbc40:jdbc40 2006-09-04 14:08:18 ***&lt;br/&gt;
------------------------------------------------------&lt;/li&gt;
		&lt;/ul&gt;
		&lt;/li&gt;
	&lt;/ul&gt;
	&lt;/li&gt;
&lt;/ul&gt;


&lt;p&gt;JDBC40_CLIENT:&lt;/p&gt;

&lt;p&gt;Generating report for RunSuite jdbc40  null null DerbyNetClient true &lt;br/&gt;
------------------ Java Information ------------------&lt;br/&gt;
Java Version:    1.6.0-rc&lt;br/&gt;
Java Vendor:     Sun Microsystems Inc.&lt;br/&gt;
Java home:       /usr/local/java/jdk1.6.0_b98/jre&lt;br/&gt;
Java classpath:  /export/home/tmp/ak136785/derbyall-20060904-1131-438476-438489M/jars/derby.jar:/export/home/tmp/ak136785/derbyall-20060904-1131-438476-438489M/jars/derbyLocale_de_DE.jar:/export/home/tmp/ak136785/derbyall-20060904-1131-438476-438489M/jars/derbyLocale_es.jar:/export/home/tmp/ak136785/derbyall-20060904-1131-438476-438489M/jars/derbyLocale_fr.jar:/export/home/tmp/ak136785/derbyall-20060904-1131-438476-438489M/jars/derbyLocale_it.jar:/export/home/tmp/ak136785/derbyall-20060904-1131-438476-438489M/jars/derbyLocale_ja_JP.jar:/export/home/tmp/ak136785/derbyall-20060904-1131-438476-438489M/jars/derbyLocale_ko_KR.jar:/export/home/tmp/ak136785/derbyall-20060904-1131-438476-438489M/jars/derbyLocale_pt_BR.jar:/export/home/tmp/ak136785/derbyall-20060904-1131-438476-438489M/jars/derbyLocale_zh_CN.jar:/export/home/tmp/ak136785/derbyall-20060904-1131-438476-438489M/jars/derbyLocale_zh_TW.jar:/export/home/tmp/ak136785/derbyall-20060904-1131-438476-438489M/jars/derbyTesting.jar:/expor&lt;br/&gt;
OS name:         SunOS&lt;br/&gt;
OS architecture: x86&lt;br/&gt;
OS version:      5.10&lt;br/&gt;
Java user name:  ak136785&lt;br/&gt;
Java user home:  /home/ak136785&lt;br/&gt;
Java user dir:   /export/home/tmp/ak136785/derbyall-20060904-1131-438476-438489M/jdbc40_client&lt;br/&gt;
java.specification.name: Java Platform API Specification&lt;br/&gt;
java.specification.version: 1.6&lt;br/&gt;
--------- Derby Information --------&lt;br/&gt;
JRE - JDBC: Java SE 6 - JDBC 4.0&lt;br/&gt;
&lt;span class=&quot;error&quot;&gt;&amp;#91;/export/home/tmp/ak136785/derbyall-20060904-1131-438476-438489M/jars/derby.jar&amp;#93;&lt;/span&gt; 10.3.0.0 alpha - (438476:438489M)&lt;br/&gt;
&lt;span class=&quot;error&quot;&gt;&amp;#91;/export/home/tmp/ak136785/derbyall-20060904-1131-438476-438489M/jars/derbytools.jar&amp;#93;&lt;/span&gt; 10.3.0.0 alpha - (438476:438489M)&lt;br/&gt;
&lt;span class=&quot;error&quot;&gt;&amp;#91;/export/home/tmp/ak136785/derbyall-20060904-1131-438476-438489M/jars/derbynet.jar&amp;#93;&lt;/span&gt; 10.3.0.0 alpha - (438476:438489M)&lt;br/&gt;
&lt;span class=&quot;error&quot;&gt;&amp;#91;/export/home/tmp/ak136785/derbyall-20060904-1131-438476-438489M/jars/derbyclient.jar&amp;#93;&lt;/span&gt; 10.3.0.0 alpha - (438476:438489M)&lt;br/&gt;
&lt;span class=&quot;error&quot;&gt;&amp;#91;/export/home/tmp/ak136785/derbyall-20060904-1131-438476-438489M/jars/jcc/db2jcc.jar&amp;#93;&lt;/span&gt; 2.4 - (17)&lt;br/&gt;
&lt;span class=&quot;error&quot;&gt;&amp;#91;/export/home/tmp/ak136785/derbyall-20060904-1131-438476-438489M/jars/jcc/db2jcc_license_c.jar&amp;#93;&lt;/span&gt; 2.4 - (17)&lt;br/&gt;
------------------------------------------------------&lt;br/&gt;
----------------- Locale Information -----------------&lt;br/&gt;
Current Locale :  [English/United States &lt;span class=&quot;error&quot;&gt;&amp;#91;en_US&amp;#93;&lt;/span&gt;]&lt;br/&gt;
Found support for locale: &lt;span class=&quot;error&quot;&gt;&amp;#91;de_DE&amp;#93;&lt;/span&gt;&lt;br/&gt;
	 version: 10.3.0.0 alpha - (438476:438489M)&lt;br/&gt;
Found support for locale: &lt;span class=&quot;error&quot;&gt;&amp;#91;es&amp;#93;&lt;/span&gt;&lt;br/&gt;
	 version: 10.3.0.0 alpha - (438476:438489M)&lt;br/&gt;
Found support for locale: &lt;span class=&quot;error&quot;&gt;&amp;#91;fr&amp;#93;&lt;/span&gt;&lt;br/&gt;
	 version: 10.3.0.0 alpha - (438476:438489M)&lt;br/&gt;
Found support for locale: &lt;span class=&quot;error&quot;&gt;&amp;#91;it&amp;#93;&lt;/span&gt;&lt;br/&gt;
	 version: 10.3.0.0 alpha - (438476:438489M)&lt;br/&gt;
Found support for locale: &lt;span class=&quot;error&quot;&gt;&amp;#91;ja_JP&amp;#93;&lt;/span&gt;&lt;br/&gt;
	 version: 10.3.0.0 alpha - (438476:438489M)&lt;br/&gt;
Found support for locale: &lt;span class=&quot;error&quot;&gt;&amp;#91;ko_KR&amp;#93;&lt;/span&gt;&lt;br/&gt;
	 version: 10.3.0.0 alpha - (438476:438489M)&lt;br/&gt;
Found support for locale: &lt;span class=&quot;error&quot;&gt;&amp;#91;pt_BR&amp;#93;&lt;/span&gt;&lt;br/&gt;
	 version: 10.3.0.0 alpha - (438476:438489M)&lt;br/&gt;
Found support for locale: &lt;span class=&quot;error&quot;&gt;&amp;#91;zh_CN&amp;#93;&lt;/span&gt;&lt;br/&gt;
	 version: 10.3.0.0 alpha - (438476:438489M)&lt;br/&gt;
Found support for locale: &lt;span class=&quot;error&quot;&gt;&amp;#91;zh_TW&amp;#93;&lt;/span&gt;&lt;br/&gt;
	 version: 10.3.0.0 alpha - (438476:438489M)&lt;br/&gt;
------------------------------------------------------&lt;br/&gt;
Framework: DerbyNetClient&lt;br/&gt;
Test environment information:&lt;br/&gt;
COMMAND LINE STYLE: jdk13&lt;br/&gt;
TEST CANONS: master&lt;br/&gt;
------------------------------------------------------&lt;br/&gt;
------------------------------------------------------&lt;br/&gt;
Summary results:&lt;/p&gt;

&lt;p&gt;Test Run Started: 2006-09-04 14:08:19.0&lt;br/&gt;
Test Run Duration: 00:01:28&lt;/p&gt;

&lt;p&gt;8 Tests Run&lt;br/&gt;
87% Pass (7 tests passed)&lt;br/&gt;
13% Fail (1 tests failed)&lt;br/&gt;
0 Suites skipped&lt;br/&gt;
------------------------------------------------------&lt;br/&gt;
Failed tests in: jdbc40_fail.txt&lt;br/&gt;
------------------------------------------------------&lt;br/&gt;
Passed tests in: jdbc40_pass.txt&lt;br/&gt;
------------------------------------------------------&lt;br/&gt;
System properties in: jdbc40_prop.txt&lt;br/&gt;
------------------------------------------------------&lt;br/&gt;
------------------------------------------------------&lt;br/&gt;
Failure Details:&lt;/p&gt;
&lt;ul&gt;
	&lt;li&gt;
	&lt;ul&gt;
		&lt;li&gt;
		&lt;ul&gt;
			&lt;li&gt;
			&lt;ul&gt;
				&lt;li&gt;
				&lt;ul&gt;
					&lt;li&gt;
					&lt;ul&gt;
						&lt;li&gt;
						&lt;ul&gt;
							&lt;li&gt;
							&lt;ul&gt;
								&lt;li&gt;
								&lt;ul&gt;
									&lt;li&gt;Diff file jdbc40/DerbyNetClient/jdbc40/TestDbMetaData.diff&lt;/li&gt;
								&lt;/ul&gt;
								&lt;/li&gt;
							&lt;/ul&gt;
							&lt;/li&gt;
						&lt;/ul&gt;
						&lt;/li&gt;
					&lt;/ul&gt;
					&lt;/li&gt;
				&lt;/ul&gt;
				&lt;/li&gt;
			&lt;/ul&gt;
			&lt;/li&gt;
			&lt;li&gt;Start: TestDbMetaData jdk1.6.0-rc DerbyNetClient jdbc40:jdbc40 2006-09-04 14:08:30 ***&lt;br/&gt;
Test skipped: listed in DerbyNetClient.exclude file, skipping test: jdbc4/TestDbMetaData.java&lt;/li&gt;
			&lt;li&gt;End:   TestDbMetaData jdk1.6.0-rc DerbyNetClient jdbc40:jdbc40 2006-09-04 14:08:30 ***
			&lt;ul&gt;
				&lt;li&gt;
				&lt;ul&gt;
					&lt;li&gt;
					&lt;ul&gt;
						&lt;li&gt;
						&lt;ul&gt;
							&lt;li&gt;
							&lt;ul&gt;
								&lt;li&gt;
								&lt;ul&gt;
									&lt;li&gt;Diff file jdbc40/DerbyNetClient/jdbc40/_Suite.diff&lt;/li&gt;
								&lt;/ul&gt;
								&lt;/li&gt;
							&lt;/ul&gt;
							&lt;/li&gt;
						&lt;/ul&gt;
						&lt;/li&gt;
					&lt;/ul&gt;
					&lt;/li&gt;
				&lt;/ul&gt;
				&lt;/li&gt;
			&lt;/ul&gt;
			&lt;/li&gt;
			&lt;li&gt;Start: _Suite jdk1.6.0-rc DerbyNetClient jdbc40:jdbc40 2006-09-04 14:09:28 ***&lt;br/&gt;
0 add&lt;br/&gt;
&amp;gt; &amp;gt; .......F.F.F.F.F.F.F.F.....F.F.F.F...................&lt;br/&gt;
&amp;gt; &amp;gt; ............................F..F.F.F.........&lt;br/&gt;
&amp;gt; &amp;gt; ......F.F.F.F.F.F.F.F.....F.F.F.F....................&lt;br/&gt;
&amp;gt; &amp;gt; There were 28 failures:&lt;br/&gt;
&amp;gt; &amp;gt; 1) testUnsupportedSetObject_NCHAR(org.apache.derbyTesting.functionTests.tests.jdbc4.SetObjectUnsupportedTest)junit.framework.AssertionFailedError: No exception thrown.&lt;br/&gt;
&amp;gt; &amp;gt; 2) testUnsupportedSetObjectWithScale_NCHAR(org.apache.derbyTesting.functionTests.tests.jdbc4.SetObjectUnsupportedTest)junit.framework.AssertionFailedError: No exception thrown.&lt;br/&gt;
&amp;gt; &amp;gt; 3) testUnsupportedSetNull_NCHAR(org.apache.derbyTesting.functionTests.tests.jdbc4.SetObjectUnsupportedTest)junit.framework.AssertionFailedError: No exception thrown.&lt;br/&gt;
&amp;gt; &amp;gt; 4) testUnsupportedSetNullWithTypeName_NCHAR(org.apache.derbyTesting.functionTests.tests.jdbc4.SetObjectUnsupportedTest)junit.framework.AssertionFailedError: No exception thrown.&lt;br/&gt;
&amp;gt; &amp;gt; 5) testUnsupportedSetObject_NCLOB(org.apache.derbyTesting.functionTests.tests.jdbc4.SetObjectUnsupportedTest)junit.framework.AssertionFailedError: No exception thrown.&lt;br/&gt;
&amp;gt; &amp;gt; 6) testUnsupportedSetObjectWithScale_NCLOB(org.apache.derbyTesting.functionTests.tests.jdbc4.SetObjectUnsupportedTest)junit.framework.AssertionFailedError: No exception thrown.&lt;br/&gt;
&amp;gt; &amp;gt; 7) testUnsupportedSetNull_NCLOB(org.apache.derbyTesting.functionTests.tests.jdbc4.SetObjectUnsupportedTest)junit.framework.AssertionFailedError: No exception thrown.&lt;br/&gt;
&amp;gt; &amp;gt; 8) testUnsupportedSetNullWithTypeName_NCLOB(org.apache.derbyTesting.functionTests.tests.jdbc4.SetObjectUnsupportedTest)junit.framework.AssertionFailedError: No exception thrown.&lt;br/&gt;
&amp;gt; &amp;gt; 9) testUnsupportedSetObject_LONGNVARCHAR(org.apache.derbyTesting.functionTests.tests.jdbc4.SetObjectUnsupportedTest)junit.framework.AssertionFailedError: No exception thrown.&lt;br/&gt;
&amp;gt; &amp;gt; 10) testUnsupportedSetObjectWithScale_LONGNVARCHAR(org.apache.derbyTesting.functionTests.tests.jdbc4.SetObjectUnsupportedTest)junit.framework.AssertionFailedError: No exception thrown.&lt;br/&gt;
&amp;gt; &amp;gt; 11) testUnsupportedSetNull_LONGNVARCHAR(org.apache.derbyTesting.functionTests.tests.jdbc4.SetObjectUnsupportedTest)junit.framework.AssertionFailedError: No exception thrown.&lt;br/&gt;
&amp;gt; &amp;gt; 12) testUnsupportedSetNullWithTypeName_LONGNVARCHAR(org.apache.derbyTesting.functionTests.tests.jdbc4.SetObjectUnsupportedTest)junit.framework.AssertionFailedError: No exception thrown.&lt;br/&gt;
&amp;gt; &amp;gt; 13) testTypesNCHAR(org.apache.derbyTesting.functionTests.tests.jdbc4.JDBC40TranslationTest)junit.framework.AssertionFailedError: expected:&amp;lt;-15&amp;gt; but was:&amp;lt;-8&amp;gt;&lt;br/&gt;
&amp;gt; &amp;gt; 14) testTypesLONGNVARCHAR(org.apache.derbyTesting.functionTests.tests.jdbc4.JDBC40TranslationTest)junit.framework.AssertionFailedError: expected:&amp;lt;-16&amp;gt; but was:&amp;lt;-10&amp;gt;&lt;br/&gt;
&amp;gt; &amp;gt; 15) testTypesNCLOB(org.apache.derbyTesting.functionTests.tests.jdbc4.JDBC40TranslationTest)junit.framework.AssertionFailedError: expected:&amp;lt;2011&amp;gt; but was:&amp;lt;2007&amp;gt;&lt;br/&gt;
&amp;gt; &amp;gt; 16) testTypesROWID(org.apache.derbyTesting.functionTests.tests.jdbc4.JDBC40TranslationTest)junit.framework.AssertionFailedError: expected:&amp;lt;-8&amp;gt; but was:&amp;lt;2008&amp;gt;&lt;br/&gt;
&amp;gt; &amp;gt; 17) testUnsupportedSetObject_NCHAR(org.apache.derbyTesting.functionTests.tests.jdbc4.SetObjectUnsupportedTest)junit.framework.AssertionFailedError: No exception thrown.&lt;br/&gt;
&amp;gt; &amp;gt; 18) testUnsupportedSetObjectWithScale_NCHAR(org.apache.derbyTesting.functionTests.tests.jdbc4.SetObjectUnsupportedTest)junit.framework.AssertionFailedError: No exception thrown.&lt;br/&gt;
&amp;gt; &amp;gt; 19) testUnsupportedSetNull_NCHAR(org.apache.derbyTesting.functionTests.tests.jdbc4.SetObjectUnsupportedTest)junit.framework.AssertionFailedError: No exception thrown.&lt;br/&gt;
&amp;gt; &amp;gt; 20) testUnsupportedSetNullWithTypeName_NCHAR(org.apache.derbyTesting.functionTests.tests.jdbc4.SetObjectUnsupportedTest)junit.framework.AssertionFailedError: No exception thrown.&lt;br/&gt;
&amp;gt; &amp;gt; 21) testUnsupportedSetObject_NCLOB(org.apache.derbyTesting.functionTests.tests.jdbc4.SetObjectUnsupportedTest)junit.framework.AssertionFailedError: No exception thrown.&lt;br/&gt;
&amp;gt; &amp;gt; 22) testUnsupportedSetObjectWithScale_NCLOB(org.apache.derbyTesting.functionTests.tests.jdbc4.SetObjectUnsupportedTest)junit.framework.AssertionFailedError: No exception thrown.&lt;br/&gt;
&amp;gt; &amp;gt; 23) testUnsupportedSetNull_NCLOB(org.apache.derbyTesting.functionTests.tests.jdbc4.SetObjectUnsupportedTest)junit.framework.AssertionFailedError: No exception thrown.&lt;br/&gt;
&amp;gt; &amp;gt; 24) testUnsupportedSetNullWithTypeName_NCLOB(org.apache.derbyTesting.functionTests.tests.jdbc4.SetObjectUnsupportedTest)junit.framework.AssertionFailedError: No exception thrown.&lt;br/&gt;
&amp;gt; &amp;gt; 25) testUnsupportedSetObject_LONGNVARCHAR(org.apache.derbyTesting.functionTests.tests.jdbc4.SetObjectUnsupportedTest)junit.framework.AssertionFailedError: No exception thrown.&lt;br/&gt;
&amp;gt; &amp;gt; 26) testUnsupportedSetObjectWithScale_LONGNVARCHAR(org.apache.derbyTesting.functionTests.tests.jdbc4.SetObjectUnsupportedTest)junit.framework.AssertionFailedError: No exception thrown.&lt;br/&gt;
&amp;gt; &amp;gt; 27) testUnsupportedSetNull_LONGNVARCHAR(org.apache.derbyTesting.functionTests.tests.jdbc4.SetObjectUnsupportedTest)junit.framework.AssertionFailedError: No exception thrown.&lt;br/&gt;
&amp;gt; &amp;gt; 28) testUnsupportedSetNullWithTypeName_LONGNVARCHAR(org.apache.derbyTesting.functionTests.tests.jdbc4.SetObjectUnsupportedTest)junit.framework.AssertionFailedError: No exception thrown.&lt;br/&gt;
&amp;gt; &amp;gt; FAILURES!!!&lt;br/&gt;
&amp;gt; &amp;gt; Tests run: 2048,  Failures: 28,  Errors: 0&lt;br/&gt;
Test Failed.&lt;/li&gt;
			&lt;li&gt;End:   _Suite jdk1.6.0-rc DerbyNetClient jdbc40:jdbc40 2006-09-04 14:09:47 ***
			&lt;ul&gt;
				&lt;li&gt;
				&lt;ul&gt;
					&lt;li&gt;
					&lt;ul&gt;
						&lt;li&gt;
						&lt;ul&gt;
							&lt;li&gt;
							&lt;ul&gt;
								&lt;li&gt;
								&lt;ul&gt;
									&lt;li&gt;Diff file jdbc40/DerbyNetClient/jdbc40/TestJDBC40Exception.diff&lt;/li&gt;
								&lt;/ul&gt;
								&lt;/li&gt;
							&lt;/ul&gt;
							&lt;/li&gt;
						&lt;/ul&gt;
						&lt;/li&gt;
					&lt;/ul&gt;
					&lt;/li&gt;
				&lt;/ul&gt;
				&lt;/li&gt;
			&lt;/ul&gt;
			&lt;/li&gt;
			&lt;li&gt;Start: TestJDBC40Exception jdk1.6.0-rc DerbyNetClient jdbc40:jdbc40 2006-09-04 14:08:31 ***&lt;br/&gt;
Test skipped: listed in DerbyNetClient.exclude file, skipping test: jdbc4/TestJDBC40Exception.java&lt;/li&gt;
			&lt;li&gt;End:   TestJDBC40Exception jdk1.6.0-rc DerbyNetClient jdbc40:jdbc40 2006-09-04 14:08:31 ***&lt;/li&gt;
		&lt;/ul&gt;
		&lt;/li&gt;
	&lt;/ul&gt;
	&lt;/li&gt;
&lt;/ul&gt;
</comment>
                            <comment id="12432509" author="andreask" created="Mon, 4 Sep 2006 14:02:58 +0100"  >&lt;p&gt;Committed revision 440062.&lt;/p&gt;</comment>
                    </comments>
                    <attachments>
                            <attachment id="12340135" name="DERBY-1800.diff" size="493" author="andreask" created="Mon, 4 Sep 2006 10:09:55 +0100"/>
                    </attachments>
                <subtasks>
                    </subtasks>
                <customfields>
                                                <customfield id="customfield_12310310" key="com.atlassian.jira.toolkit:attachments">
                        <customfieldname>Attachment count</customfieldname>
                        <customfieldvalues>
                            <customfieldvalue>1.0</customfieldvalue>
                        </customfieldvalues>
                    </customfield>
                                                                                                                                                                                                                                                                                                                                                        <customfield id="customfield_12310200" key="com.atlassian.jira.plugin.system.customfieldtypes:multicheckboxes">
                        <customfieldname>Bug behavior facts</customfieldname>
                        <customfieldvalues>
                                <customfieldvalue key="10369"><![CDATA[Regression Test Failure]]></customfieldvalue>
    
                        </customfieldvalues>
                    </customfield>
                                                                                                                                                                                                                                                                    <customfield id="customfield_12310220" key="com.atlassian.jira.ext.charting:firstresponsedate">
                        <customfieldname>Date of First Response</customfieldname>
                        <customfieldvalues>
                            <customfieldvalue>Fri, 1 Sep 2006 12:57:16 +0000</customfieldvalue>

                        </customfieldvalues>
                    </customfield>
                                                                                                                                                                                                                                                                                                                                                                                    <customfield id="customfield_12310420" key="com.pyxis.greenhopper.jira:gh-global-rank">
                        <customfieldname>Global Rank</customfieldname>
                        <customfieldvalues>
                            <customfieldvalue>22713</customfieldvalue>
                        </customfieldvalues>
                    </customfield>
                                                                                                                                                                                <customfield id="customfield_12311820" key="com.pyxis.greenhopper.jira:gh-lexo-rank">
                        <customfieldname>Rank</customfieldname>
                        <customfieldvalues>
                            <customfieldvalue>2|hy0w87:</customfieldvalue>

                        </customfieldvalues>
                    </customfield>
                                                                <customfield id="customfield_12310920" key="com.pyxis.greenhopper.jira:gh-global-rank">
                        <customfieldname>Rank (Obsolete)</customfieldname>
                        <customfieldvalues>
                            <customfieldvalue>39039</customfieldvalue>
                        </customfieldvalues>
                    </customfield>
                                                                                                                                                                                                                                        <customfield id="customfield_12310222" key="com.atlassian.jira.ext.charting:timeinstatus">
                        <customfieldname>Time in Status</customfieldname>
                        <customfieldvalues>
                            
                        </customfieldvalues>
                    </customfield>
                                                                                            </customfields>
    </item>
</channel>
</rss>