<!-- 
RSS generated by JIRA (6.3.4#6332-sha1:51bc225ef474afe3128b2f66878477f322397b16) at Sun May 17 03:31:32 UTC 2015

It is possible to restrict the fields that are returned in this document by specifying the 'field' parameter in your request.
For example, to request only the issue key and summary add field=key&field=summary to the URL of your request.
For example:
https://issues.apache.org/jira/si/jira.issueviews:issue-xml/DERBY-2611/DERBY-2611.xml?field=key&amp;field=summary
-->
<rss version="0.92" >
<channel>
    <title>ASF JIRA</title>
    <link>https://issues.apache.org/jira</link>
    <description>This file is an XML representation of an issue</description>
    <language>en-uk</language>    <build-info>
        <version>6.3.4</version>
        <build-number>6332</build-number>
        <build-date>15-08-2014</build-date>
    </build-info>

<item>
            <title>[DERBY-2611] upgrade test incorrectly tries to test in place compress in 10.0 release.</title>
                <link>https://issues.apache.org/jira/browse/DERBY-2611</link>
                <project id="10594" key="DERBY">Derby</project>
                    <description>&lt;p&gt;When trying to run upgrade test in trunk with all releases available for upgrade to test found at:&lt;br/&gt;
&lt;a href=&quot;https://svn.apache.org/repos/asf/db/derby/jars/10.2.2.0/&quot; class=&quot;external-link&quot; rel=&quot;nofollow&quot;&gt;https://svn.apache.org/repos/asf/db/derby/jars/10.2.2.0/&lt;/a&gt;&lt;/p&gt;

&lt;p&gt;I got 4 errors (not including those that are part of &lt;a href=&quot;https://issues.apache.org/jira/browse/DERBY-2598&quot; title=&quot;new upgrade  test failures after change 528033&quot; class=&quot;issue-link&quot; data-issue-key=&quot;DERBY-2598&quot;&gt;&lt;del&gt;DERBY-2598&lt;/del&gt;&lt;/a&gt;).:&lt;/p&gt;

&lt;p&gt;1) testNegValueSupportedLogRecord(org.apache.derbyTesting.functionTests.tests.up&lt;br/&gt;
gradeTests.Changes10_3)java.sql.SQLException: &apos;SYSCS_UTIL.SYSCS_INPLACE_COMPRESS&lt;br/&gt;
_TABLE&apos; is not recognized as a function or procedure.&lt;br/&gt;
    at org.apache.derby.iapi.error.StandardException.newException(StandardExcept&lt;br/&gt;
ion.java:305)&lt;br/&gt;
    at org.apache.derby.impl.sql.compile.StaticMethodCallNode.bindExpression(Sta&lt;br/&gt;
ticMethodCallNode.java:224)&lt;br/&gt;
    at org.apache.derby.impl.sql.compile.JavaToSQLValueNode.bindExpression(JavaT&lt;br/&gt;
oSQLValueNode.java:243)&lt;br/&gt;
    at org.apache.derby.impl.sql.compile.CallStatementNode.bindStatement(CallSta&lt;br/&gt;
tementNode.java:145)&lt;br/&gt;
    at org.apache.derby.impl.sql.GenericStatement.prepMinion(GenericStatement.ja&lt;br/&gt;
va:314)&lt;br/&gt;
    at org.apache.derby.impl.sql.GenericStatement.prepare(GenericStatement.java:&lt;br/&gt;
88)&lt;br/&gt;
    at org.apache.derby.impl.sql.conn.GenericLanguageConnectionContext.prepareIn&lt;br/&gt;
ternalStatement(GenericLanguageConnectionContext.java:742)&lt;br/&gt;
    at org.apache.derby.impl.jdbc.EmbedStatement.execute(EmbedStatement.java:567&lt;br/&gt;
)&lt;br/&gt;
    at org.apache.derby.impl.jdbc.EmbedStatement.execute(EmbedStatement.java:516&lt;br/&gt;
)&lt;br/&gt;
    at org.apache.derbyTesting.functionTests.tests.upgradeTests.Changes10_3.chec&lt;br/&gt;
kDataToCase606(Changes10_3.java:177)&lt;br/&gt;
    at org.apache.derbyTesting.functionTests.tests.upgradeTests.Changes10_3.test&lt;br/&gt;
NegValueSupportedLogRecord(Changes10_3.java:118)&lt;br/&gt;
    at sun.reflect.NativeMethodAccessorImpl.invoke0(Native Method)&lt;br/&gt;
    at sun.reflect.NativeMethodAccessorImpl.invoke(NativeMethodAccessorImpl.java&lt;br/&gt;
:64)&lt;br/&gt;
    at sun.reflect.DelegatingMethodAccessorImpl.invoke(DelegatingMethodAccessorI&lt;br/&gt;
mpl.java:43)&lt;br/&gt;
    at org.apache.derbyTesting.junit.BaseTestCase.runBare(BaseTestCase.java:88)&lt;br/&gt;
    at junit.extensions.TestDecorator.basicRun(TestDecorator.java:22)&lt;br/&gt;
    at junit.extensions.TestSetup$1.protect(TestSetup.java:19)&lt;br/&gt;
    at junit.extensions.TestSetup.run(TestSetup.java:23)&lt;br/&gt;
    at junit.extensions.TestDecorator.basicRun(TestDecorator.java:22)&lt;br/&gt;
    at junit.extensions.TestSetup$1.protect(TestSetup.java:19)&lt;br/&gt;
    at junit.extensions.TestSetup.run(TestSetup.java:23)&lt;br/&gt;
    at junit.extensions.TestDecorator.basicRun(TestDecorator.java:22)&lt;br/&gt;
    at junit.extensions.TestSetup$1.protect(TestSetup.java:19)&lt;br/&gt;
    at junit.extensions.TestSetup.run(TestSetup.java:23)&lt;br/&gt;
    at junit.extensions.TestDecorator.basicRun(TestDecorator.java:22)&lt;br/&gt;
    at junit.extensions.TestSetup$1.protect(TestSetup.java:19)&lt;br/&gt;
    at junit.extensions.TestSetup.run(TestSetup.java:23)&lt;br/&gt;
    at junit.extensions.TestDecorator.basicRun(TestDecorator.java:22)&lt;br/&gt;
    at junit.extensions.TestSetup$1.protect(TestSetup.java:19)&lt;br/&gt;
    at junit.extensions.TestSetup.run(TestSetup.java:23)&lt;br/&gt;
    at junit.extensions.TestDecorator.basicRun(TestDecorator.java:22)&lt;br/&gt;
    at junit.extensions.TestSetup$1.protect(TestSetup.java:19)&lt;br/&gt;
    at junit.extensions.TestSetup.run(TestSetup.java:23)&lt;br/&gt;
    at junit.extensions.TestDecorator.basicRun(TestDecorator.java:22)&lt;br/&gt;
    at junit.extensions.TestSetup$1.protect(TestSetup.java:19)&lt;br/&gt;
    at junit.extensions.TestSetup.run(TestSetup.java:23)&lt;br/&gt;
    at junit.extensions.TestDecorator.basicRun(TestDecorator.java:22)&lt;br/&gt;
    at junit.extensions.TestSetup$1.protect(TestSetup.java:19)&lt;br/&gt;
    at junit.extensions.TestSetup.run(TestSetup.java:23)&lt;br/&gt;
    at junit.extensions.TestDecorator.basicRun(TestDecorator.java:22)&lt;br/&gt;
    at junit.extensions.TestSetup$1.protect(TestSetup.java:19)&lt;br/&gt;
    at junit.extensions.TestSetup.run(TestSetup.java:23)&lt;br/&gt;
    at junit.extensions.TestDecorator.basicRun(TestDecorator.java:22)&lt;br/&gt;
    at junit.extensions.TestSetup$1.protect(TestSetup.java:19)&lt;br/&gt;
    at junit.extensions.TestSetup.run(TestSetup.java:23)&lt;br/&gt;
    at junit.extensions.TestDecorator.basicRun(TestDecorator.java:22)&lt;br/&gt;
    at junit.extensions.TestSetup$1.protect(TestSetup.java:19)&lt;br/&gt;
    at junit.extensions.TestSetup.run(TestSetup.java:23)&lt;br/&gt;
2) testGetTablesModify(org.apache.derbyTesting.functionTests.tests.jdbcapi.Data&lt;br/&gt;
aseMetaDataTest)java.sql.SQLException: Use of &apos;XML&apos; requires database to be upg&lt;br/&gt;
aded from version 10.0 to version 10.1 or later.&lt;br/&gt;
    at org.apache.derby.iapi.error.StandardException.newException(StandardExcep&lt;br/&gt;
ion.java:356)&lt;br/&gt;
    at org.apache.derby.impl.sql.catalog.DD_Version.checkVersion(DD_Version.jav&lt;br/&gt;
:788)&lt;br/&gt;
    at org.apache.derby.impl.sql.catalog.DataDictionaryImpl.checkVersion(DataDi&lt;br/&gt;
tionaryImpl.java:8487)&lt;br/&gt;
    at org.apache.derby.impl.sql.compile.SQLParser.checkVersion(SQLParser.java:&lt;br/&gt;
00)&lt;br/&gt;
    at org.apache.derby.impl.sql.compile.SQLParser.XMLType(SQLParser.java:4181)&lt;br/&gt;
    at org.apache.derby.impl.sql.compile.SQLParser.dataTypeCommon(SQLParser.jav&lt;br/&gt;
:3607)&lt;br/&gt;
    at org.apache.derby.impl.sql.compile.SQLParser.dataTypeDDL(SQLParser.java:3&lt;br/&gt;
37)&lt;br/&gt;
    at org.apache.derby.impl.sql.compile.SQLParser.columnDefinition(SQLParser.j&lt;br/&gt;
va:3400)&lt;br/&gt;
    at org.apache.derby.impl.sql.compile.SQLParser.tableElement(SQLParser.java:&lt;br/&gt;
368)&lt;br/&gt;
    at org.apache.derby.impl.sql.compile.SQLParser.tableElementList(SQLParser.j&lt;br/&gt;
va:3209)&lt;br/&gt;
    at org.apache.derby.impl.sql.compile.SQLParser.tableDefinition(SQLParser.ja&lt;br/&gt;
a:10992)&lt;br/&gt;
    at org.apache.derby.impl.sql.compile.SQLParser.createStatements(SQLParser.j&lt;br/&gt;
va:1811)&lt;br/&gt;
    at org.apache.derby.impl.sql.compile.SQLParser.StatementPart(SQLParser.java&lt;br/&gt;
1718)&lt;br/&gt;
    at org.apache.derby.impl.sql.compile.SQLParser.Statement(SQLParser.java:163&lt;br/&gt;
)&lt;br/&gt;
    at org.apache.derby.impl.sql.compile.ParserImpl.parseStatement(ParserImpl.j&lt;br/&gt;
va:151)&lt;br/&gt;
    at org.apache.derby.impl.sql.GenericStatement.prepMinion(GenericStatement.j&lt;br/&gt;
va:280)&lt;br/&gt;
    at org.apache.derby.impl.sql.GenericStatement.prepare(GenericStatement.java&lt;br/&gt;
88)&lt;br/&gt;
    at org.apache.derby.impl.sql.conn.GenericLanguageConnectionContext.prepareI&lt;br/&gt;
ternalStatement(GenericLanguageConnectionContext.java:742)&lt;br/&gt;
    at org.apache.derby.impl.jdbc.EmbedStatement.execute(EmbedStatement.java:56&lt;br/&gt;
)&lt;br/&gt;
    at org.apache.derby.impl.jdbc.EmbedStatement.execute(EmbedStatement.java:51&lt;br/&gt;
)&lt;br/&gt;
    at org.apache.derbyTesting.functionTests.tests.jdbcapi.DatabaseMetaDataTest&lt;br/&gt;
createTablesForTest(DatabaseMetaDataTest.java:1123)&lt;br/&gt;
    at org.apache.derbyTesting.functionTests.tests.jdbcapi.DatabaseMetaDataTest&lt;br/&gt;
testGetTablesModify(DatabaseMetaDataTest.java:912)&lt;br/&gt;
    at sun.reflect.NativeMethodAccessorImpl.invoke0(Native Method)&lt;br/&gt;
    at sun.reflect.NativeMethodAccessorImpl.invoke(NativeMethodAccessorImpl.jav&lt;br/&gt;
:64)&lt;br/&gt;
    at sun.reflect.DelegatingMethodAccessorImpl.invoke(DelegatingMethodAccessor&lt;br/&gt;
mpl.java:43)&lt;br/&gt;
    at org.apache.derbyTesting.junit.BaseTestCase.runBare(BaseTestCase.java:88)&lt;br/&gt;
    at junit.extensions.TestDecorator.basicRun(TestDecorator.java:22)&lt;br/&gt;
    at junit.extensions.TestSetup$1.protect(TestSetup.java:19)&lt;br/&gt;
    at junit.extensions.TestSetup.run(TestSetup.java:23)&lt;br/&gt;
    at junit.extensions.TestDecorator.basicRun(TestDecorator.java:22)&lt;br/&gt;
    at junit.extensions.TestSetup$1.protect(TestSetup.java:19)&lt;br/&gt;
    at junit.extensions.TestSetup.run(TestSetup.java:23)&lt;br/&gt;
    at junit.extensions.TestDecorator.basicRun(TestDecorator.java:22)&lt;br/&gt;
    at junit.extensions.TestSetup$1.protect(TestSetup.java:19)&lt;br/&gt;
    at junit.extensions.TestSetup.run(TestSetup.java:23)&lt;br/&gt;
    at junit.extensions.TestDecorator.basicRun(TestDecorator.java:22)&lt;br/&gt;
    at junit.extensions.TestSetup$1.protect(TestSetup.java:19)&lt;br/&gt;
    at junit.extensions.TestSetup.run(TestSetup.java:23)&lt;br/&gt;
    at junit.extensions.TestDecorator.basicRun(TestDecorator.java:22)&lt;br/&gt;
    at junit.extensions.TestSetup$1.protect(TestSetup.java:19)&lt;br/&gt;
    at junit.extensions.TestSetup.run(TestSetup.java:23)&lt;br/&gt;
    at junit.extensions.TestDecorator.basicRun(TestDecorator.java:22)&lt;br/&gt;
    at junit.extensions.TestSetup$1.protect(TestSetup.java:19)&lt;br/&gt;
    at junit.extensions.TestSetup.run(TestSetup.java:23)&lt;br/&gt;
    at junit.extensions.TestDecorator.basicRun(TestDecorator.java:22)&lt;br/&gt;
    at junit.extensions.TestSetup$1.protect(TestSetup.java:19)&lt;br/&gt;
    at junit.extensions.TestSetup.run(TestSetup.java:23)&lt;br/&gt;
    at junit.extensions.TestDecorator.basicRun(TestDecorator.java:22)&lt;br/&gt;
    at junit.extensions.TestSetup$1.protect(TestSetup.java:19)&lt;br/&gt;
    at junit.extensions.TestSetup.run(TestSetup.java:23)&lt;br/&gt;
    at junit.extensions.TestDecorator.basicRun(TestDecorator.java:22)&lt;br/&gt;
    at junit.extensions.TestSetup$1.protect(TestSetup.java:19)&lt;br/&gt;
    at junit.extensions.TestSetup.run(TestSetup.java:23)&lt;br/&gt;
    at junit.extensions.TestDecorator.basicRun(TestDecorator.java:22)&lt;br/&gt;
    at junit.extensions.TestSetup$1.protect(TestSetup.java:19)&lt;br/&gt;
    at junit.extensions.TestSetup.run(TestSetup.java:23)&lt;br/&gt;
3) testNegValueSupportedLogRecord(org.apache.derbyTesting.functionTests.tests.up&lt;br/&gt;
gradeTests.Changes10_3)ERROR 42Y03: &apos;SYSCS_UTIL.SYSCS_INPLACE_COMPRESS_TABLE&apos; is&lt;br/&gt;
 not recognized as a function or procedure.&lt;br/&gt;
    at org.apache.derby.iapi.error.StandardException.newException(StandardExcept&lt;br/&gt;
ion.java)&lt;br/&gt;
    at org.apache.derby.impl.sql.compile.StaticMethodCallNode.bindExpression(Sta&lt;br/&gt;
ticMethodCallNode.java)&lt;br/&gt;
    at org.apache.derby.impl.sql.compile.JavaToSQLValueNode.bindExpression(JavaT&lt;br/&gt;
oSQLValueNode.java)&lt;br/&gt;
    at org.apache.derby.impl.sql.compile.CallStatementNode.bind(CallStatementNod&lt;br/&gt;
e.java)&lt;br/&gt;
    at org.apache.derby.impl.sql.GenericStatement.prepMinion(GenericStatement.ja&lt;br/&gt;
va)&lt;br/&gt;
    at org.apache.derby.impl.sql.GenericStatement.prepare(GenericStatement.java)&lt;br/&gt;
    at org.apache.derby.impl.sql.conn.GenericLanguageConnectionContext.prepareIn&lt;br/&gt;
ternalStatement(GenericLanguageConnectionContext.java)&lt;br/&gt;
    at org.apache.derby.impl.jdbc.EmbedStatement.execute(EmbedStatement.java)&lt;br/&gt;
    at org.apache.derby.impl.jdbc.EmbedStatement.execute(EmbedStatement.java)&lt;br/&gt;
    at org.apache.derbyTesting.functionTests.tests.upgradeTests.Changes10_3.chec&lt;br/&gt;
kDataToCase606(Changes10_3.java:177)&lt;br/&gt;
    at org.apache.derbyTesting.functionTests.tests.upgradeTests.Changes10_3.test&lt;br/&gt;
NegValueSupportedLogRecord(Changes10_3.java:122)&lt;br/&gt;
    at sun.reflect.NativeMethodAccessorImpl.invoke0(Native Method)&lt;br/&gt;
    at sun.reflect.NativeMethodAccessorImpl.invoke(NativeMethodAccessorImpl.java&lt;br/&gt;
:64)&lt;br/&gt;
    at sun.reflect.DelegatingMethodAccessorImpl.invoke(DelegatingMethodAccessorI&lt;br/&gt;
mpl.java:43)&lt;br/&gt;
    at org.apache.derbyTesting.junit.BaseTestCase.runBare(BaseTestCase.java:88)&lt;br/&gt;
    at junit.extensions.TestDecorator.basicRun(TestDecorator.java:22)&lt;br/&gt;
    at junit.extensions.TestSetup$1.protect(TestSetup.java:19)&lt;br/&gt;
    at junit.extensions.TestSetup.run(TestSetup.java:23)&lt;br/&gt;
    at junit.extensions.TestDecorator.basicRun(TestDecorator.java:22)&lt;br/&gt;
    at junit.extensions.TestSetup$1.protect(TestSetup.java:19)&lt;br/&gt;
    at junit.extensions.TestSetup.run(TestSetup.java:23)&lt;br/&gt;
    at junit.extensions.TestDecorator.basicRun(TestDecorator.java:22)&lt;br/&gt;
    at junit.extensions.TestSetup$1.protect(TestSetup.java:19)&lt;br/&gt;
    at junit.extensions.TestSetup.run(TestSetup.java:23)&lt;br/&gt;
    at junit.extensions.TestDecorator.basicRun(TestDecorator.java:22)&lt;br/&gt;
    at junit.extensions.TestSetup$1.protect(TestSetup.java:19)&lt;br/&gt;
    at junit.extensions.TestSetup.run(TestSetup.java:23)&lt;br/&gt;
    at junit.extensions.TestDecorator.basicRun(TestDecorator.java:22)&lt;br/&gt;
    at junit.extensions.TestSetup$1.protect(TestSetup.java:19)&lt;br/&gt;
    at junit.extensions.TestSetup.run(TestSetup.java:23)&lt;br/&gt;
    at junit.extensions.TestDecorator.basicRun(TestDecorator.java:22)&lt;br/&gt;
    at junit.extensions.TestSetup$1.protect(TestSetup.java:19)&lt;br/&gt;
    at junit.extensions.TestSetup.run(TestSetup.java:23)&lt;br/&gt;
    at junit.extensions.TestDecorator.basicRun(TestDecorator.java:22)&lt;br/&gt;
    at junit.extensions.TestSetup$1.protect(TestSetup.java:19)&lt;br/&gt;
    at junit.extensions.TestSetup.run(TestSetup.java:23)&lt;br/&gt;
    at junit.extensions.TestDecorator.basicRun(TestDecorator.java:22)&lt;br/&gt;
    at junit.extensions.TestSetup$1.protect(TestSetup.java:19)&lt;br/&gt;
    at junit.extensions.TestSetup.run(TestSetup.java:23)&lt;br/&gt;
    at junit.extensions.TestDecorator.basicRun(TestDecorator.java:22)&lt;br/&gt;
    at junit.extensions.TestSetup$1.protect(TestSetup.java:19)&lt;br/&gt;
    at junit.extensions.TestSetup.run(TestSetup.java:23)&lt;br/&gt;
    at junit.extensions.TestDecorator.basicRun(TestDecorator.java:22)&lt;br/&gt;
    at junit.extensions.TestSetup$1.protect(TestSetup.java:19)&lt;br/&gt;
    at junit.extensions.TestSetup.run(TestSetup.java:23)&lt;br/&gt;
    at junit.extensions.TestDecorator.basicRun(TestDecorator.java:22)&lt;br/&gt;
    at junit.extensions.TestSetup$1.protect(TestSetup.java:19)&lt;br/&gt;
    at junit.extensions.TestSetup.run(TestSetup.java:23)&lt;br/&gt;
4) Upgrade Phase: UPGRADEjava.sql.SQLException: Failed to start database &apos;single&lt;br/&gt;
Use/oneuse0&apos;, see the next exception for details.&lt;br/&gt;
    at org.apache.derby.impl.jdbc.SQLExceptionFactory.getSQLException(SQLExcepti&lt;br/&gt;
onFactory.java:45)&lt;br/&gt;
    at org.apache.derby.impl.jdbc.Util.newEmbedSQLException(Util.java:88)&lt;br/&gt;
    at org.apache.derby.impl.jdbc.Util.newEmbedSQLException(Util.java:94)&lt;br/&gt;
    at org.apache.derby.impl.jdbc.Util.generateCsSQLException(Util.java:173)&lt;br/&gt;
    at org.apache.derby.impl.jdbc.EmbedConnection.newSQLException(EmbedConnectio&lt;br/&gt;
n.java:2119)&lt;br/&gt;
    at org.apache.derby.impl.jdbc.EmbedConnection.bootDatabase(EmbedConnection.j&lt;br/&gt;
ava:1783)&lt;br/&gt;
    at org.apache.derby.impl.jdbc.EmbedConnection.&amp;lt;init&amp;gt;(EmbedConnection.java:24&lt;br/&gt;
9)&lt;br/&gt;
    at org.apache.derby.jdbc.Driver30.getNewEmbedConnection(Driver30.java:74)&lt;br/&gt;
    at org.apache.derby.jdbc.InternalDriver.connect(InternalDriver.java:209)&lt;br/&gt;
    at org.apache.derby.jdbc.EmbeddedDataSource.getConnection(EmbeddedDataSource&lt;br/&gt;
.java:479)&lt;br/&gt;
    at org.apache.derby.jdbc.EmbeddedDataSource.getConnection(EmbeddedDataSource&lt;br/&gt;
.java:423)&lt;br/&gt;
    at org.apache.derbyTesting.functionTests.tests.upgradeTests.PhaseChanger.set&lt;br/&gt;
Up(PhaseChanger.java:94)&lt;br/&gt;
    at junit.extensions.TestSetup$1.protect(TestSetup.java:18)&lt;br/&gt;
    at junit.extensions.TestSetup.run(TestSetup.java:23)&lt;br/&gt;
    at junit.extensions.TestDecorator.basicRun(TestDecorator.java:22)&lt;br/&gt;
    at junit.extensions.TestSetup$1.protect(TestSetup.java:19)&lt;br/&gt;
    at junit.extensions.TestSetup.run(TestSetup.java:23)&lt;br/&gt;
    at junit.extensions.TestDecorator.basicRun(TestDecorator.java:22)&lt;br/&gt;
    at junit.extensions.TestSetup$1.protect(TestSetup.java:19)&lt;br/&gt;
    at junit.extensions.TestSetup.run(TestSetup.java:23)&lt;br/&gt;
    at junit.extensions.TestDecorator.basicRun(TestDecorator.java:22)&lt;br/&gt;
    at junit.extensions.TestSetup$1.protect(TestSetup.java:19)&lt;br/&gt;
    at junit.extensions.TestSetup.run(TestSetup.java:23)&lt;br/&gt;
    at junit.extensions.TestDecorator.basicRun(TestDecorator.java:22)&lt;br/&gt;
    at junit.extensions.TestSetup$1.protect(TestSetup.java:19)&lt;br/&gt;
    at junit.extensions.TestSetup.run(TestSetup.java:23)&lt;br/&gt;
    at junit.extensions.TestDecorator.basicRun(TestDecorator.java:22)&lt;br/&gt;
    at junit.extensions.TestSetup$1.protect(TestSetup.java:19)&lt;br/&gt;
    at junit.extensions.TestSetup.run(TestSetup.java:23)&lt;br/&gt;
    at junit.extensions.TestDecorator.basicRun(TestDecorator.java:22)&lt;br/&gt;
    at junit.extensions.TestSetup$1.protect(TestSetup.java:19)&lt;br/&gt;
    at junit.extensions.TestSetup.run(TestSetup.java:23)&lt;br/&gt;
    at junit.extensions.TestDecorator.basicRun(TestDecorator.java:22)&lt;br/&gt;
    at junit.extensions.TestSetup$1.protect(TestSetup.java:19)&lt;br/&gt;
    at junit.extensions.TestSetup.run(TestSetup.java:23)&lt;br/&gt;
    at junit.extensions.TestDecorator.basicRun(TestDecorator.java:22)&lt;br/&gt;
    at junit.extensions.TestSetup$1.protect(TestSetup.java:19)&lt;br/&gt;
    at junit.extensions.TestSetup.run(TestSetup.java:23)&lt;/p&gt;

&lt;p&gt;FAILURES!!!&lt;br/&gt;
Tests run: 505,  Failures: 0,  Errors: 4&lt;/p&gt;


</description>
                <environment>windows XP, single processor laptop, ibm15 JVM&lt;br/&gt;
m1_ibm15:30&amp;gt;sysinfo&lt;br/&gt;
------------------ Java Information ------------------&lt;br/&gt;
Java Version:    1.5.0&lt;br/&gt;
Java Vendor:     IBM Corporation&lt;br/&gt;
Java home:       c:\p4\m1\ibm15\jre&lt;br/&gt;
Java classpath:  c:/p4/m1/classes;c:/p4/m1/tools/java/jdbctests.zip;c:/p4/m1/too&lt;br/&gt;
ls/java/jakarta-oro-2.0.8.jar;c:/p4/m1/tools/java/jgl3.1.0.jar;c:/p4/m1/tools/ja&lt;br/&gt;
va/jndi/providerutil.jar;c:/p4/m1/tools/java/jndi/ldap.jar;c:/p4/m1/tools/java/j&lt;br/&gt;
ndi/jndi.jar;c:/p4/m1/tools/java/jnl1.0F.zip;c:/p4/m1/tools/java/junit.jar;c:/p4&lt;br/&gt;
/m1/tools/java/servlet-2_2b.jar;c:/p4/m1/tools/java/xslt4j-2_5_0/xercesImpl.jar;&lt;br/&gt;
c:/p4/m1/tools/java/xslt4j-2_5_0/xml-apis.jar;c:/p4/m1/tools/java/xslt4j-2_5_0/x&lt;br/&gt;
alan.jar&lt;br/&gt;
OS name:         Windows XP&lt;br/&gt;
OS architecture: x86&lt;br/&gt;
OS version:      5.1 build 2600 Service Pack 2&lt;br/&gt;
Java user name:  mikem&lt;br/&gt;
Java user home:  C:\Documents and Settings\Administrator&lt;br/&gt;
Java user dir:   C:\p4\m1\systest\newout\upgrade&lt;br/&gt;
java.specification.name: Java Platform API Specification&lt;br/&gt;
java.specification.version: 1.5&lt;br/&gt;
--------- Derby Information --------&lt;br/&gt;
JRE - JDBC: J2SE 5.0 - JDBC 3.0&lt;br/&gt;
[C:\p4\m1\classes] 10.3.0.0 alpha - (1)&lt;br/&gt;
------------------------------------------------------&lt;br/&gt;
----------------- Locale Information -----------------&lt;br/&gt;
Current Locale :  [English/United States [en_US]]&lt;br/&gt;
Found support for locale: [cs]&lt;br/&gt;
&amp;nbsp;&amp;nbsp;&amp;nbsp;&amp;nbsp;&amp;nbsp;&amp;nbsp;&amp;nbsp;&amp;nbsp;&amp;nbsp;version: 10.3.0.0 alpha - (1)&lt;br/&gt;
Found support for locale: [de_DE]&lt;br/&gt;
&amp;nbsp;&amp;nbsp;&amp;nbsp;&amp;nbsp;&amp;nbsp;&amp;nbsp;&amp;nbsp;&amp;nbsp;&amp;nbsp;version: 10.3.0.0 alpha - (1)&lt;br/&gt;
Found support for locale: [es]&lt;br/&gt;
&amp;nbsp;&amp;nbsp;&amp;nbsp;&amp;nbsp;&amp;nbsp;&amp;nbsp;&amp;nbsp;&amp;nbsp;&amp;nbsp;version: 10.3.0.0 alpha - (1)&lt;br/&gt;
Found support for locale: [fr]&lt;br/&gt;
&amp;nbsp;&amp;nbsp;&amp;nbsp;&amp;nbsp;&amp;nbsp;&amp;nbsp;&amp;nbsp;&amp;nbsp;&amp;nbsp;version: 10.3.0.0 alpha - (1)&lt;br/&gt;
Found support for locale: [hu]&lt;br/&gt;
&amp;nbsp;&amp;nbsp;&amp;nbsp;&amp;nbsp;&amp;nbsp;&amp;nbsp;&amp;nbsp;&amp;nbsp;&amp;nbsp;version: 10.3.0.0 alpha - (1)&lt;br/&gt;
Found support for locale: [it]&lt;br/&gt;
&amp;nbsp;&amp;nbsp;&amp;nbsp;&amp;nbsp;&amp;nbsp;&amp;nbsp;&amp;nbsp;&amp;nbsp;&amp;nbsp;version: 10.3.0.0 alpha - (1)&lt;br/&gt;
Found support for locale: [ja_JP]&lt;br/&gt;
&amp;nbsp;&amp;nbsp;&amp;nbsp;&amp;nbsp;&amp;nbsp;&amp;nbsp;&amp;nbsp;&amp;nbsp;&amp;nbsp;version: 10.3.0.0 alpha - (1)&lt;br/&gt;
Found support for locale: [ko_KR]&lt;br/&gt;
&amp;nbsp;&amp;nbsp;&amp;nbsp;&amp;nbsp;&amp;nbsp;&amp;nbsp;&amp;nbsp;&amp;nbsp;&amp;nbsp;version: 10.3.0.0 alpha - (1)&lt;br/&gt;
Found support for locale: [pl]&lt;br/&gt;
&amp;nbsp;&amp;nbsp;&amp;nbsp;&amp;nbsp;&amp;nbsp;&amp;nbsp;&amp;nbsp;&amp;nbsp;&amp;nbsp;version: 10.3.0.0 alpha - (1)&lt;br/&gt;
Found support for locale: [pt_BR]&lt;br/&gt;
&amp;nbsp;&amp;nbsp;&amp;nbsp;&amp;nbsp;&amp;nbsp;&amp;nbsp;&amp;nbsp;&amp;nbsp;&amp;nbsp;version: 10.3.0.0 alpha - (1)&lt;br/&gt;
Found support for locale: [ru]&lt;br/&gt;
&amp;nbsp;&amp;nbsp;&amp;nbsp;&amp;nbsp;&amp;nbsp;&amp;nbsp;&amp;nbsp;&amp;nbsp;&amp;nbsp;version: 10.3.0.0 alpha - (1)&lt;br/&gt;
Found support for locale: [zh_CN]&lt;br/&gt;
&amp;nbsp;&amp;nbsp;&amp;nbsp;&amp;nbsp;&amp;nbsp;&amp;nbsp;&amp;nbsp;&amp;nbsp;&amp;nbsp;version: 10.3.0.0 alpha - (1)&lt;br/&gt;
Found support for locale: [zh_TW]&lt;br/&gt;
&amp;nbsp;&amp;nbsp;&amp;nbsp;&amp;nbsp;&amp;nbsp;&amp;nbsp;&amp;nbsp;&amp;nbsp;&amp;nbsp;version: 10.3.0.0 alpha - (1)&lt;br/&gt;
------------------------------------------------------&lt;br/&gt;
</environment>
        <key id="12368702">DERBY-2611</key>
            <summary>upgrade test incorrectly tries to test in place compress in 10.0 release.</summary>
                <type id="1" iconUrl="https://issues.apache.org/jira/images/icons/issuetypes/bug.png">Bug</type>
                                            <priority id="3" iconUrl="https://issues.apache.org/jira/images/icons/priorities/major.png">Major</priority>
                        <status id="6" iconUrl="https://issues.apache.org/jira/images/icons/statuses/closed.png" description="The issue is considered finished, the resolution is correct. Issues which are closed can be reopened.">Closed</status>
                    <statusCategory id="3" key="done" colorName="green"/>
                                    <resolution id="1">Fixed</resolution>
                                        <assignee username="mikem">Mike Matrigali</assignee>
                                    <reporter username="mikem">Mike Matrigali</reporter>
                        <labels>
                    </labels>
                <created>Sat, 5 May 2007 01:18:13 +0100</created>
                <updated>Mon, 29 Jun 2009 23:42:49 +0100</updated>
                            <resolved>Fri, 25 May 2007 19:19:00 +0100</resolved>
                                    <version>10.3.1.4</version>
                                    <fixVersion>10.3.1.4</fixVersion>
                                    <component>Test</component>
                        <due></due>
                            <votes>0</votes>
                                    <watches>0</watches>
                                                                <comments>
                            <comment id="12493837" author="mikem" created="Sat, 5 May 2007 02:02:18 +0100"  >&lt;p&gt;checkin 535429 fixes the two errors from testNegValueSupportedLogRecord.&lt;br/&gt;
The other two errors do not look like they are related so I will report&lt;br/&gt;
those under a separate item.&lt;/p&gt;

&lt;p&gt;The fix was just to insure that the test did not try to test in place compress&lt;br/&gt;
log record in 10.0, as it was added in 10.1.&lt;/p&gt;</comment>
                    </comments>
                    <attachments>
                    </attachments>
                <subtasks>
                    </subtasks>
                <customfields>
                                                <customfield id="customfield_12310310" key="com.atlassian.jira.toolkit:attachments">
                        <customfieldname>Attachment count</customfieldname>
                        <customfieldvalues>
                            <customfieldvalue>0.0</customfieldvalue>
                        </customfieldvalues>
                    </customfield>
                                                                                                                                                                                                                                                                                                                                                        <customfield id="customfield_12310200" key="com.atlassian.jira.plugin.system.customfieldtypes:multicheckboxes">
                        <customfieldname>Bug behavior facts</customfieldname>
                        <customfieldvalues>
                                <customfieldvalue key="10369"><![CDATA[Regression Test Failure]]></customfieldvalue>
    
                        </customfieldvalues>
                    </customfield>
                                                                                                                                                                                                                                                                                                                                                                                                                                                                                                                                                                                                                    <customfield id="customfield_12310420" key="com.pyxis.greenhopper.jira:gh-global-rank">
                        <customfieldname>Global Rank</customfieldname>
                        <customfieldvalues>
                            <customfieldvalue>23128</customfieldvalue>
                        </customfieldvalues>
                    </customfield>
                                                                                                                                                                                <customfield id="customfield_12311820" key="com.pyxis.greenhopper.jira:gh-lexo-rank">
                        <customfieldname>Rank</customfieldname>
                        <customfieldvalues>
                            <customfieldvalue>2|hy0wbj:</customfieldvalue>

                        </customfieldvalues>
                    </customfield>
                                                                <customfield id="customfield_12310920" key="com.pyxis.greenhopper.jira:gh-global-rank">
                        <customfieldname>Rank (Obsolete)</customfieldname>
                        <customfieldvalues>
                            <customfieldvalue>39054</customfieldvalue>
                        </customfieldvalues>
                    </customfield>
                                                                                                                                                                                                                                        <customfield id="customfield_12310222" key="com.atlassian.jira.ext.charting:timeinstatus">
                        <customfieldname>Time in Status</customfieldname>
                        <customfieldvalues>
                            
                        </customfieldvalues>
                    </customfield>
                                                                                            </customfields>
    </item>
</channel>
</rss>