<!-- 
RSS generated by JIRA (6.3.4#6332-sha1:51bc225ef474afe3128b2f66878477f322397b16) at Sun May 17 03:35:58 UTC 2015

It is possible to restrict the fields that are returned in this document by specifying the 'field' parameter in your request.
For example, to request only the issue key and summary add field=key&field=summary to the URL of your request.
For example:
https://issues.apache.org/jira/si/jira.issueviews:issue-xml/DERBY-3055/DERBY-3055.xml?field=key&amp;field=summary
-->
<rss version="0.92" >
<channel>
    <title>ASF JIRA</title>
    <link>https://issues.apache.org/jira</link>
    <description>This file is an XML representation of an issue</description>
    <language>en-uk</language>    <build-info>
        <version>6.3.4</version>
        <build-number>6332</build-number>
        <build-date>15-08-2014</build-date>
    </build-info>

<item>
            <title>[DERBY-3055] start CollationTest2 testDefaultCollation fails with java.sql.SQLException: Import error on line 7 of file extinout\names.dat: Read endOfFile at unexpected place on line 7. </title>
                <link>https://issues.apache.org/jira/browse/DERBY-3055</link>
                <project id="10594" key="DERBY">Derby</project>
                    <description>&lt;p&gt;testDefaultCollation(org.apache.derbyTesting.functionTests.tests.lang.CollationTest2) failed:&lt;br/&gt;
java.sql.SQLException: Import error on line 7 of file extinout\names.dat: Read endOfFile at unexpected place on line 7. &lt;br/&gt;
	at org.apache.derby.impl.jdbc.SQLExceptionFactory.getSQLException(SQLExceptionFactory.java:45)&lt;br/&gt;
	at org.apache.derby.impl.jdbc.Util.newEmbedSQLException(Util.java:88)&lt;br/&gt;
	at org.apache.derby.impl.jdbc.Util.seeNextException(Util.java:224)&lt;br/&gt;
	at org.apache.derby.impl.jdbc.TransactionResourceImpl.wrapInSQLException(TransactionResourceImpl.java:398)&lt;br/&gt;
	at org.apache.derby.impl.jdbc.TransactionResourceImpl.handleException(TransactionResourceImpl.java:346)&lt;br/&gt;
	at org.apache.derby.impl.jdbc.EmbedConnection.handleException(EmbedConnection.java:1572)&lt;br/&gt;
	at org.apache.derby.impl.jdbc.ConnectionChild.handleException(ConnectionChild.java:81)&lt;br/&gt;
	at org.apache.derby.impl.jdbc.EmbedStatement.executeStatement(EmbedStatement.java:1315)&lt;br/&gt;
	at org.apache.derby.impl.jdbc.EmbedPreparedStatement.executeStatement(EmbedPreparedStatement.java:1649)&lt;br/&gt;
	at org.apache.derby.impl.jdbc.EmbedCallableStatement.executeStatement(EmbedCallableStatement.java:116)&lt;br/&gt;
	at org.apache.derby.impl.jdbc.EmbedPreparedStatement.executeUpdate(EmbedPreparedStatement.java:299)&lt;br/&gt;
	at org.apache.derbyTesting.functionTests.tests.lang.CollationTest2.doImportTable(CollationTest2.java:694)&lt;br/&gt;
	at org.apache.derbyTesting.functionTests.tests.lang.CollationTest2.runBulkInsert(CollationTest2.java:1696)&lt;br/&gt;
	at org.apache.derbyTesting.functionTests.tests.lang.CollationTest2.runTestIter(CollationTest2.java:2031)&lt;br/&gt;
	at org.apache.derbyTesting.functionTests.tests.lang.CollationTest2.testDefaultCollation(CollationTest2.java:2053)&lt;br/&gt;
	at java.lang.reflect.AccessibleObject.invokeV(AccessibleObject.java:205)&lt;br/&gt;
	at java.lang.reflect.Method.invoke(Method.java:253)&lt;br/&gt;
	at junit.framework.TestCase.runTest(TestCase.java:154)&lt;br/&gt;
	at junit.framework.TestCase.runBare(TestCase.java:127)&lt;br/&gt;
	at org.apache.derbyTesting.junit.BaseTestCase.runBare(BaseTestCase.java:95)&lt;br/&gt;
	at junit.framework.TestResult$1.protect(TestResult.java:106)&lt;br/&gt;
	at junit.framework.TestResult.runProtected(TestResult.java:124)&lt;br/&gt;
	at junit.framework.TestResult.run(TestResult.java:109)&lt;br/&gt;
	at junit.framework.TestCase.run(TestCase.java:118)&lt;br/&gt;
	at junit.framework.TestSuite.runTest(TestSuite.java:208)&lt;br/&gt;
	at junit.framework.TestSuite.run(TestSuite.java:203)&lt;br/&gt;
	at junit.extensions.TestDecorator.basicRun(TestDecorator.java:22)&lt;br/&gt;
	at junit.extensions.TestSetup$1.protect(TestSetup.java:19)&lt;br/&gt;
	at junit.framework.TestResult.runProtected(TestResult.java:124)&lt;br/&gt;
	at junit.extensions.TestSetup.run(TestSetup.java:23)&lt;br/&gt;
	at junit.extensions.TestDecorator.basicRun(TestDecorator.java:22)&lt;br/&gt;
	at junit.extensions.TestSetup$1.protect(TestSetup.java:19)&lt;br/&gt;
	at junit.framework.TestResult.runProtected(TestResult.java:124)&lt;br/&gt;
	at junit.extensions.TestSetup.run(TestSetup.java:23)&lt;br/&gt;
	at org.apache.derbyTesting.junit.BaseTestSetup.run(BaseTestSetup.java:57)&lt;br/&gt;
	at junit.extensions.TestDecorator.basicRun(TestDecorator.java:22)&lt;br/&gt;
	at junit.extensions.TestSetup$1.protect(TestSetup.java:19)&lt;br/&gt;
	at junit.framework.TestResult.runProtected(TestResult.java:124)&lt;br/&gt;
	at junit.extensions.TestSetup.run(TestSetup.java:23)&lt;br/&gt;
	at junit.extensions.TestDecorator.basicRun(TestDecorator.java:22)&lt;br/&gt;
	at junit.extensions.TestSetup$1.protect(TestSetup.java:19)&lt;br/&gt;
	at junit.framework.TestResult.runProtected(TestResult.java:124)&lt;br/&gt;
	at junit.extensions.TestSetup.run(TestSetup.java:23)&lt;br/&gt;
	at org.apache.derbyTesting.junit.BaseTestSetup.run(BaseTestSetup.java:57)&lt;br/&gt;
	at junit.extensions.TestDecorator.basicRun(TestDecorator.java:22)&lt;br/&gt;
	at junit.extensions.TestSetup$1.protect(TestSetup.java:19)&lt;br/&gt;
	at junit.framework.TestResult.runProtected(TestResult.java:124)&lt;br/&gt;
	at junit.extensions.TestSetup.run(TestSetup.java:23)&lt;br/&gt;
	at junit.extensions.TestDecorator.basicRun(TestDecorator.java:22)&lt;br/&gt;
	at junit.extensions.TestSetup$1.protect(TestSetup.java:19)&lt;br/&gt;
	at junit.framework.TestResult.runProtected(TestResult.java:124)&lt;br/&gt;
	at junit.extensions.TestSetup.run(TestSetup.java:23)&lt;br/&gt;
	at org.apache.derbyTesting.junit.BaseTestSetup.run(BaseTestSetup.java:57)&lt;br/&gt;
	at junit.extensions.TestDecorator.basicRun(TestDecorator.java:22)&lt;br/&gt;
	at junit.extensions.TestSetup$1.protect(TestSetup.java:19)&lt;br/&gt;
	at junit.framework.TestResult.runProtected(TestResult.java:124)&lt;br/&gt;
	at junit.extensions.TestSetup.run(TestSetup.java:23)&lt;br/&gt;
	at junit.extensions.TestDecorator.basicRun(TestDecorator.java:22)&lt;br/&gt;
	at junit.extensions.TestSetup$1.protect(TestSetup.java:19)&lt;br/&gt;
	at junit.framework.TestResult.runProtected(TestResult.java:124)&lt;br/&gt;
	at junit.extensions.TestSetup.run(TestSetup.java:23)&lt;br/&gt;
	at org.apache.derbyTesting.junit.BaseTestSetup.run(BaseTestSetup.java:57)&lt;br/&gt;
	at junit.extensions.TestDecorator.basicRun(TestDecorator.java:22)&lt;br/&gt;
	at junit.extensions.TestSetup$1.protect(TestSetup.java:19)&lt;br/&gt;
	at junit.framework.TestResult.runProtected(TestResult.java:124)&lt;br/&gt;
	at junit.extensions.TestSetup.run(TestSetup.java:23)&lt;br/&gt;
	at junit.extensions.TestDecorator.basicRun(TestDecorator.java:22)&lt;br/&gt;
	at junit.extensions.TestSetup$1.protect(TestSetup.java:19)&lt;br/&gt;
	at junit.framework.TestResult.runProtected(TestResult.java:124)&lt;br/&gt;
	at junit.extensions.TestSetup.run(TestSetup.java:23)&lt;br/&gt;
	at org.apache.derbyTesting.junit.BaseTestSetup.run(BaseTestSetup.java:57)&lt;br/&gt;
	at junit.extensions.TestDecorator.basicRun(TestDecorator.java:22)&lt;br/&gt;
	at junit.extensions.TestSetup$1.protect(TestSetup.java:19)&lt;br/&gt;
	at junit.framework.TestResult.runProtected(TestResult.java:124)&lt;br/&gt;
	at junit.extensions.TestSetup.run(TestSetup.java:23)&lt;br/&gt;
	at junit.framework.TestSuite.runTest(TestSuite.java:208)&lt;br/&gt;
	at junit.framework.TestSuite.run(TestSuite.java:203)&lt;br/&gt;
	at junit.framework.TestSuite.runTest(TestSuite.java:208)&lt;br/&gt;
	at junit.framework.TestSuite.run(TestSuite.java:203)&lt;br/&gt;
	at junit.framework.TestSuite.runTest(TestSuite.java:208)&lt;br/&gt;
	at junit.framework.TestSuite.run(TestSuite.java:203)&lt;br/&gt;
	at TimeRunner.main(TimeRunner.java:31)&lt;br/&gt;
Caused by: java.sql.SQLException: Read endOfFile at unexpected place on line 7.&lt;br/&gt;
	at org.apache.derby.impl.jdbc.SQLExceptionFactory.getSQLException(SQLExceptionFactory.java:45)&lt;br/&gt;
	at org.apache.derby.impl.jdbc.Util.generateCsSQLException(Util.java:202)&lt;br/&gt;
	at org.apache.derby.impl.jdbc.TransactionResourceImpl.wrapInSQLException(TransactionResourceImpl.java:391)&lt;br/&gt;
	at org.apache.derby.impl.jdbc.TransactionResourceImpl.handleException(TransactionResourceImpl.java:346)&lt;br/&gt;
	at org.apache.derby.impl.jdbc.EmbedConnection.handleException(EmbedConnection.java:1572)&lt;br/&gt;
	at org.apache.derby.impl.jdbc.ConnectionChild.handleException(ConnectionChild.java:81)&lt;br/&gt;
	at org.apache.derby.impl.jdbc.EmbedStatement.executeStatement(EmbedStatement.java:1315)&lt;br/&gt;
	at org.apache.derby.impl.jdbc.EmbedPreparedStatement.executeStatement(EmbedPreparedStatement.java:1649)&lt;br/&gt;
	at org.apache.derby.impl.jdbc.EmbedPreparedStatement.executeUpdate(EmbedPreparedStatement.java:299)&lt;br/&gt;
	at org.apache.derby.impl.load.Import.performImport(Import.java:285)&lt;br/&gt;
	at org.apache.derby.impl.load.Import.importTable(Import.java:126)&lt;br/&gt;
	at org.apache.derby.catalog.SystemProcedures.SYSCS_IMPORT_TABLE(SystemProcedures.java:1254)&lt;br/&gt;
	at org.apache.derby.exe.ac12f1d349x0114xd70dx30aax00003dcd3cb41f7.g0(Unknown Source)&lt;br/&gt;
	at java.lang.reflect.AccessibleObject.invokeV(AccessibleObject.java:205)&lt;br/&gt;
	at java.lang.reflect.Method.invoke(Method.java:253)&lt;br/&gt;
	at org.apache.derby.impl.services.reflect.ReflectMethod.invoke(ReflectMethod.java:46)&lt;br/&gt;
	at org.apache.derby.impl.sql.execute.CallStatementResultSet.open(CallStatementResultSet.java:57)&lt;br/&gt;
	at org.apache.derby.impl.sql.GenericPreparedStatement.execute(GenericPreparedStatement.java:370)&lt;br/&gt;
	at org.apache.derby.impl.jdbc.EmbedStatement.executeStatement(EmbedStatement.java:1225)&lt;br/&gt;
	... 74 more&lt;br/&gt;
Caused by: ERROR XIE0E: Read endOfFile at unexpected place on line 7.&lt;br/&gt;
	at org.apache.derby.iapi.error.StandardException.newException(StandardException.java:290)&lt;br/&gt;
	at org.apache.derby.impl.load.LoadError.unexpectedEndOfFile(LoadError.java:162)&lt;br/&gt;
	at org.apache.derby.impl.load.ImportReadData.readNextDelimitedRow(ImportReadData.java:746)&lt;br/&gt;
	at org.apache.derby.impl.load.ImportReadData.readNextRow(ImportReadData.java:655)&lt;br/&gt;
	at org.apache.derby.impl.load.ImportAbstract.next(ImportAbstract.java:124)&lt;br/&gt;
	at org.apache.derby.impl.sql.execute.VTIResultSet.getNextRowCore(VTIResultSet.java:325)&lt;br/&gt;
	at org.apache.derby.impl.sql.execute.ProjectRestrictResultSet.getNextRowCore(ProjectRestrictResultSet.java:255)&lt;br/&gt;
	at org.apache.derby.impl.sql.execute.NormalizeResultSet.getNextRowCore(NormalizeResultSet.java:186)&lt;br/&gt;
	at org.apache.derby.impl.sql.execute.NoPutResultSetImpl.getNextRowFromRowSource(NoPutResultSetImpl.java:205)&lt;br/&gt;
	at org.apache.derby.impl.store.access.heap.HeapController.load(HeapController.java:396)&lt;br/&gt;
	at org.apache.derby.impl.store.access.heap.Heap.load(Heap.java:649)&lt;br/&gt;
	at org.apache.derby.impl.store.access.RAMTransaction.loadConglomerate(RAMTransaction.java:1240)&lt;br/&gt;
	at org.apache.derby.impl.store.access.RAMTransaction.recreateAndLoadConglomerate(RAMTransaction.java:908)&lt;br/&gt;
	at org.apache.derby.impl.sql.execute.InsertResultSet.bulkInsertCore(InsertResultSet.java:1308)&lt;br/&gt;
	at org.apache.derby.impl.sql.execute.InsertResultSet.open(InsertResultSet.java:446)&lt;br/&gt;
	at org.apache.derby.impl.sql.GenericPreparedStatement.execute(GenericPreparedStatement.java:370)&lt;br/&gt;
	at org.apache.derby.impl.jdbc.EmbedStatement.executeStatement(EmbedStatement.java:1225)&lt;br/&gt;
	... 86 more&lt;br/&gt;
4172	testDefaultCollation(org.apache.derbyTesting.functionTests.tests.lang.CollationTest2)&lt;br/&gt;
start	testEnglishCollation(org.apache.derbyTesting.functionTests.tests.lang.CollationTest2)&lt;br/&gt;
testEnglishCollation(org.apache.derbyTesting.functionTests.tests.lang.CollationTest2) failed:&lt;br/&gt;
java.sql.SQLException: Import error on line 7 of file extinout\names.dat: Read endOfFile at unexpected place on line 7. &lt;br/&gt;
	at org.apache.derby.impl.jdbc.SQLExceptionFactory.getSQLException(SQLExceptionFactory.java:45)&lt;br/&gt;
	at org.apache.derby.impl.jdbc.Util.newEmbedSQLException(Util.java:88)&lt;br/&gt;
	at org.apache.derby.impl.jdbc.Util.seeNextException(Util.java:224)&lt;br/&gt;
	at org.apache.derby.impl.jdbc.TransactionResourceImpl.wrapInSQLException(TransactionResourceImpl.java:398)&lt;br/&gt;
	at org.apache.derby.impl.jdbc.TransactionResourceImpl.handleException(TransactionResourceImpl.java:346)&lt;br/&gt;
	at org.apache.derby.impl.jdbc.EmbedConnection.handleException(EmbedConnection.java:1572)&lt;br/&gt;
	at org.apache.derby.impl.jdbc.ConnectionChild.handleException(ConnectionChild.java:81)&lt;br/&gt;
	at org.apache.derby.impl.jdbc.EmbedStatement.executeStatement(EmbedStatement.java:1315)&lt;br/&gt;
	at org.apache.derby.impl.jdbc.EmbedPreparedStatement.executeStatement(EmbedPreparedStatement.java:1649)&lt;br/&gt;
	at org.apache.derby.impl.jdbc.EmbedCallableStatement.executeStatement(EmbedCallableStatement.java:116)&lt;br/&gt;
	at org.apache.derby.impl.jdbc.EmbedPreparedStatement.executeUpdate(EmbedPreparedStatement.java:299)&lt;br/&gt;
	at org.apache.derbyTesting.functionTests.tests.lang.CollationTest2.doImportTable(CollationTest2.java:694)&lt;br/&gt;
	at org.apache.derbyTesting.functionTests.tests.lang.CollationTest2.runBulkInsert(CollationTest2.java:1696)&lt;br/&gt;
	at org.apache.derbyTesting.functionTests.tests.lang.CollationTest2.runTestIter(CollationTest2.java:2031)&lt;br/&gt;
	at org.apache.derbyTesting.functionTests.tests.lang.CollationTest2.testEnglishCollation(CollationTest2.java:2060)&lt;br/&gt;
	at java.lang.reflect.AccessibleObject.invokeV(AccessibleObject.java:205)&lt;br/&gt;
	at java.lang.reflect.Method.invoke(Method.java:253)&lt;br/&gt;
	at junit.framework.TestCase.runTest(TestCase.java:154)&lt;br/&gt;
	at junit.framework.TestCase.runBare(TestCase.java:127)&lt;br/&gt;
	at org.apache.derbyTesting.junit.BaseTestCase.runBare(BaseTestCase.java:95)&lt;br/&gt;
	at junit.framework.TestResult$1.protect(TestResult.java:106)&lt;br/&gt;
	at junit.framework.TestResult.runProtected(TestResult.java:124)&lt;br/&gt;
	at junit.framework.TestResult.run(TestResult.java:109)&lt;br/&gt;
	at junit.framework.TestCase.run(TestCase.java:118)&lt;br/&gt;
	at junit.framework.TestSuite.runTest(TestSuite.java:208)&lt;br/&gt;
	at junit.framework.TestSuite.run(TestSuite.java:203)&lt;br/&gt;
	at junit.extensions.TestDecorator.basicRun(TestDecorator.java:22)&lt;br/&gt;
	at junit.extensions.TestSetup$1.protect(TestSetup.java:19)&lt;br/&gt;
	at junit.framework.TestResult.runProtected(TestResult.java:124)&lt;br/&gt;
	at junit.extensions.TestSetup.run(TestSetup.java:23)&lt;br/&gt;
	at junit.extensions.TestDecorator.basicRun(TestDecorator.java:22)&lt;br/&gt;
	at junit.extensions.TestSetup$1.protect(TestSetup.java:19)&lt;br/&gt;
	at junit.framework.TestResult.runProtected(TestResult.java:124)&lt;br/&gt;
	at junit.extensions.TestSetup.run(TestSetup.java:23)&lt;br/&gt;
	at org.apache.derbyTesting.junit.BaseTestSetup.run(BaseTestSetup.java:57)&lt;br/&gt;
	at junit.extensions.TestDecorator.basicRun(TestDecorator.java:22)&lt;br/&gt;
	at junit.extensions.TestSetup$1.protect(TestSetup.java:19)&lt;br/&gt;
	at junit.framework.TestResult.runProtected(TestResult.java:124)&lt;br/&gt;
	at junit.extensions.TestSetup.run(TestSetup.java:23)&lt;br/&gt;
	at junit.extensions.TestDecorator.basicRun(TestDecorator.java:22)&lt;br/&gt;
	at junit.extensions.TestSetup$1.protect(TestSetup.java:19)&lt;br/&gt;
	at junit.framework.TestResult.runProtected(TestResult.java:124)&lt;br/&gt;
	at junit.extensions.TestSetup.run(TestSetup.java:23)&lt;br/&gt;
	at org.apache.derbyTesting.junit.BaseTestSetup.run(BaseTestSetup.java:57)&lt;br/&gt;
	at junit.extensions.TestDecorator.basicRun(TestDecorator.java:22)&lt;br/&gt;
	at junit.extensions.TestSetup$1.protect(TestSetup.java:19)&lt;br/&gt;
	at junit.framework.TestResult.runProtected(TestResult.java:124)&lt;br/&gt;
	at junit.extensions.TestSetup.run(TestSetup.java:23)&lt;br/&gt;
	at junit.extensions.TestDecorator.basicRun(TestDecorator.java:22)&lt;br/&gt;
	at junit.extensions.TestSetup$1.protect(TestSetup.java:19)&lt;br/&gt;
	at junit.framework.TestResult.runProtected(TestResult.java:124)&lt;br/&gt;
	at junit.extensions.TestSetup.run(TestSetup.java:23)&lt;br/&gt;
	at org.apache.derbyTesting.junit.BaseTestSetup.run(BaseTestSetup.java:57)&lt;br/&gt;
	at junit.extensions.TestDecorator.basicRun(TestDecorator.java:22)&lt;br/&gt;
	at junit.extensions.TestSetup$1.protect(TestSetup.java:19)&lt;br/&gt;
	at junit.framework.TestResult.runProtected(TestResult.java:124)&lt;br/&gt;
	at junit.extensions.TestSetup.run(TestSetup.java:23)&lt;br/&gt;
	at junit.extensions.TestDecorator.basicRun(TestDecorator.java:22)&lt;br/&gt;
	at junit.extensions.TestSetup$1.protect(TestSetup.java:19)&lt;br/&gt;
	at junit.framework.TestResult.runProtected(TestResult.java:124)&lt;br/&gt;
	at junit.extensions.TestSetup.run(TestSetup.java:23)&lt;br/&gt;
	at org.apache.derbyTesting.junit.BaseTestSetup.run(BaseTestSetup.java:57)&lt;br/&gt;
	at junit.extensions.TestDecorator.basicRun(TestDecorator.java:22)&lt;br/&gt;
	at junit.extensions.TestSetup$1.protect(TestSetup.java:19)&lt;br/&gt;
	at junit.framework.TestResult.runProtected(TestResult.java:124)&lt;br/&gt;
	at junit.extensions.TestSetup.run(TestSetup.java:23)&lt;br/&gt;
	at junit.extensions.TestDecorator.basicRun(TestDecorator.java:22)&lt;br/&gt;
	at junit.extensions.TestSetup$1.protect(TestSetup.java:19)&lt;br/&gt;
	at junit.framework.TestResult.runProtected(TestResult.java:124)&lt;br/&gt;
	at junit.extensions.TestSetup.run(TestSetup.java:23)&lt;br/&gt;
	at org.apache.derbyTesting.junit.BaseTestSetup.run(BaseTestSetup.java:57)&lt;br/&gt;
	at junit.extensions.TestDecorator.basicRun(TestDecorator.java:22)&lt;br/&gt;
	at junit.extensions.TestSetup$1.protect(TestSetup.java:19)&lt;br/&gt;
	at junit.framework.TestResult.runProtected(TestResult.java:124)&lt;br/&gt;
	at junit.extensions.TestSetup.run(TestSetup.java:23)&lt;br/&gt;
	at junit.framework.TestSuite.runTest(TestSuite.java:208)&lt;br/&gt;
	at junit.framework.TestSuite.run(TestSuite.java:203)&lt;br/&gt;
	at junit.framework.TestSuite.runTest(TestSuite.java:208)&lt;br/&gt;
	at junit.framework.TestSuite.run(TestSuite.java:203)&lt;br/&gt;
	at junit.framework.TestSuite.runTest(TestSuite.java:208)&lt;br/&gt;
	at junit.framework.TestSuite.run(TestSuite.java:203)&lt;br/&gt;
	at TimeRunner.main(TimeRunner.java:31)&lt;br/&gt;
Caused by: java.sql.SQLException: Read endOfFile at unexpected place on line 7.&lt;br/&gt;
	at org.apache.derby.impl.jdbc.SQLExceptionFactory.getSQLException(SQLExceptionFactory.java:45)&lt;br/&gt;
	at org.apache.derby.impl.jdbc.Util.generateCsSQLException(Util.java:202)&lt;br/&gt;
	at org.apache.derby.impl.jdbc.TransactionResourceImpl.wrapInSQLException(TransactionResourceImpl.java:391)&lt;br/&gt;
	at org.apache.derby.impl.jdbc.TransactionResourceImpl.handleException(TransactionResourceImpl.java:346)&lt;br/&gt;
	at org.apache.derby.impl.jdbc.EmbedConnection.handleException(EmbedConnection.java:1572)&lt;br/&gt;
	at org.apache.derby.impl.jdbc.ConnectionChild.handleException(ConnectionChild.java:81)&lt;br/&gt;
	at org.apache.derby.impl.jdbc.EmbedStatement.executeStatement(EmbedStatement.java:1315)&lt;br/&gt;
	at org.apache.derby.impl.jdbc.EmbedPreparedStatement.executeStatement(EmbedPreparedStatement.java:1649)&lt;br/&gt;
	at org.apache.derby.impl.jdbc.EmbedPreparedStatement.executeUpdate(EmbedPreparedStatement.java:299)&lt;br/&gt;
	at org.apache.derby.impl.load.Import.performImport(Import.java:285)&lt;br/&gt;
	at org.apache.derby.impl.load.Import.importTable(Import.java:126)&lt;br/&gt;
	at org.apache.derby.catalog.SystemProcedures.SYSCS_IMPORT_TABLE(SystemProcedures.java:1254)&lt;br/&gt;
	at org.apache.derby.exe.ac5c8ad4b0x0114xd70dx30aax00003dcd3cb41f7.g0(Unknown Source)&lt;br/&gt;
	at java.lang.reflect.AccessibleObject.invokeV(AccessibleObject.java:205)&lt;br/&gt;
	at java.lang.reflect.Method.invoke(Method.java:253)&lt;br/&gt;
	at org.apache.derby.impl.services.reflect.ReflectMethod.invoke(ReflectMethod.java:46)&lt;br/&gt;
	at org.apache.derby.impl.sql.execute.CallStatementResultSet.open(CallStatementResultSet.java:57)&lt;br/&gt;
	at org.apache.derby.impl.sql.GenericPreparedStatement.execute(GenericPreparedStatement.java:370)&lt;br/&gt;
	at org.apache.derby.impl.jdbc.EmbedStatement.executeStatement(EmbedStatement.java:1225)&lt;br/&gt;
	... 74 more&lt;br/&gt;
Caused by: ERROR XIE0E: Read endOfFile at unexpected place on line 7.&lt;br/&gt;
	at org.apache.derby.iapi.error.StandardException.newException(StandardException.java:290)&lt;br/&gt;
	at org.apache.derby.impl.load.LoadError.unexpectedEndOfFile(LoadError.java:162)&lt;br/&gt;
	at org.apache.derby.impl.load.ImportReadData.readNextDelimitedRow(ImportReadData.java:746)&lt;br/&gt;
	at org.apache.derby.impl.load.ImportReadData.readNextRow(ImportReadData.java:655)&lt;br/&gt;
	at org.apache.derby.impl.load.ImportAbstract.next(ImportAbstract.java:124)&lt;br/&gt;
	at org.apache.derby.impl.sql.execute.VTIResultSet.getNextRowCore(VTIResultSet.java:325)&lt;br/&gt;
	at org.apache.derby.impl.sql.execute.ProjectRestrictResultSet.getNextRowCore(ProjectRestrictResultSet.java:255)&lt;br/&gt;
	at org.apache.derby.impl.sql.execute.NormalizeResultSet.getNextRowCore(NormalizeResultSet.java:186)&lt;br/&gt;
	at org.apache.derby.impl.sql.execute.NoPutResultSetImpl.getNextRowFromRowSource(NoPutResultSetImpl.java:205)&lt;br/&gt;
	at org.apache.derby.impl.store.access.heap.HeapController.load(HeapController.java:396)&lt;br/&gt;
	at org.apache.derby.impl.store.access.heap.Heap.load(Heap.java:649)&lt;br/&gt;
	at org.apache.derby.impl.store.access.RAMTransaction.loadConglomerate(RAMTransaction.java:1240)&lt;br/&gt;
	at org.apache.derby.impl.store.access.RAMTransaction.recreateAndLoadConglomerate(RAMTransaction.java:908)&lt;br/&gt;
	at org.apache.derby.impl.sql.execute.InsertResultSet.bulkInsertCore(InsertResultSet.java:1308)&lt;br/&gt;
	at org.apache.derby.impl.sql.execute.InsertResultSet.open(InsertResultSet.java:446)&lt;br/&gt;
	at org.apache.derby.impl.sql.GenericPreparedStatement.execute(GenericPreparedStatement.java:370)&lt;br/&gt;
	at org.apache.derby.impl.jdbc.EmbedStatement.executeStatement(EmbedStatement.java:1225)&lt;br/&gt;
	... 86 more&lt;br/&gt;
3907	testEnglishCollation(org.apache.derbyTesting.functionTests.tests.lang.CollationTest2)&lt;br/&gt;
start	testPolishCollation(org.apache.derbyTesting.functionTests.tests.lang.CollationTest2)&lt;br/&gt;
testPolishCollation(org.apache.derbyTesting.functionTests.tests.lang.CollationTest2) failed:&lt;br/&gt;
java.sql.SQLException: Import error on line 7 of file extinout\names.dat: Odczytano znak endOfFile w nieoczekiwanym miejscu w wierszu 7. &lt;br/&gt;
	at org.apache.derby.impl.jdbc.SQLExceptionFactory.getSQLException(SQLExceptionFactory.java:45)&lt;br/&gt;
	at org.apache.derby.impl.jdbc.Util.newEmbedSQLException(Util.java:88)&lt;br/&gt;
	at org.apache.derby.impl.jdbc.Util.seeNextException(Util.java:224)&lt;br/&gt;
	at org.apache.derby.impl.jdbc.TransactionResourceImpl.wrapInSQLException(TransactionResourceImpl.java:398)&lt;br/&gt;
	at org.apache.derby.impl.jdbc.TransactionResourceImpl.handleException(TransactionResourceImpl.java:346)&lt;br/&gt;
	at org.apache.derby.impl.jdbc.EmbedConnection.handleException(EmbedConnection.java:1572)&lt;br/&gt;
	at org.apache.derby.impl.jdbc.ConnectionChild.handleException(ConnectionChild.java:81)&lt;br/&gt;
	at org.apache.derby.impl.jdbc.EmbedStatement.executeStatement(EmbedStatement.java:1315)&lt;br/&gt;
	at org.apache.derby.impl.jdbc.EmbedPreparedStatement.executeStatement(EmbedPreparedStatement.java:1649)&lt;br/&gt;
	at org.apache.derby.impl.jdbc.EmbedCallableStatement.executeStatement(EmbedCallableStatement.java:116)&lt;br/&gt;
	at org.apache.derby.impl.jdbc.EmbedPreparedStatement.executeUpdate(EmbedPreparedStatement.java:299)&lt;br/&gt;
	at org.apache.derbyTesting.functionTests.tests.lang.CollationTest2.doImportTable(CollationTest2.java:694)&lt;br/&gt;
	at org.apache.derbyTesting.functionTests.tests.lang.CollationTest2.runBulkInsert(CollationTest2.java:1696)&lt;br/&gt;
	at org.apache.derbyTesting.functionTests.tests.lang.CollationTest2.runTestIter(CollationTest2.java:2031)&lt;br/&gt;
	at org.apache.derbyTesting.functionTests.tests.lang.CollationTest2.testPolishCollation(CollationTest2.java:2068)&lt;br/&gt;
	at java.lang.reflect.AccessibleObject.invokeV(AccessibleObject.java:205)&lt;br/&gt;
	at java.lang.reflect.Method.invoke(Method.java:253)&lt;br/&gt;
	at junit.framework.TestCase.runTest(TestCase.java:154)&lt;br/&gt;
	at junit.framework.TestCase.runBare(TestCase.java:127)&lt;br/&gt;
	at org.apache.derbyTesting.junit.BaseTestCase.runBare(BaseTestCase.java:95)&lt;br/&gt;
	at junit.framework.TestResult$1.protect(TestResult.java:106)&lt;br/&gt;
	at junit.framework.TestResult.runProtected(TestResult.java:124)&lt;br/&gt;
	at junit.framework.TestResult.run(TestResult.java:109)&lt;br/&gt;
	at junit.framework.TestCase.run(TestCase.java:118)&lt;br/&gt;
	at junit.framework.TestSuite.runTest(TestSuite.java:208)&lt;br/&gt;
	at junit.framework.TestSuite.run(TestSuite.java:203)&lt;br/&gt;
	at junit.extensions.TestDecorator.basicRun(TestDecorator.java:22)&lt;br/&gt;
	at junit.extensions.TestSetup$1.protect(TestSetup.java:19)&lt;br/&gt;
	at junit.framework.TestResult.runProtected(TestResult.java:124)&lt;br/&gt;
	at junit.extensions.TestSetup.run(TestSetup.java:23)&lt;br/&gt;
	at junit.extensions.TestDecorator.basicRun(TestDecorator.java:22)&lt;br/&gt;
	at junit.extensions.TestSetup$1.protect(TestSetup.java:19)&lt;br/&gt;
	at junit.framework.TestResult.runProtected(TestResult.java:124)&lt;br/&gt;
	at junit.extensions.TestSetup.run(TestSetup.java:23)&lt;br/&gt;
	at org.apache.derbyTesting.junit.BaseTestSetup.run(BaseTestSetup.java:57)&lt;br/&gt;
	at junit.extensions.TestDecorator.basicRun(TestDecorator.java:22)&lt;br/&gt;
	at junit.extensions.TestSetup$1.protect(TestSetup.java:19)&lt;br/&gt;
	at junit.framework.TestResult.runProtected(TestResult.java:124)&lt;br/&gt;
	at junit.extensions.TestSetup.run(TestSetup.java:23)&lt;br/&gt;
	at junit.extensions.TestDecorator.basicRun(TestDecorator.java:22)&lt;br/&gt;
	at junit.extensions.TestSetup$1.protect(TestSetup.java:19)&lt;br/&gt;
	at junit.framework.TestResult.runProtected(TestResult.java:124)&lt;br/&gt;
	at junit.extensions.TestSetup.run(TestSetup.java:23)&lt;br/&gt;
	at org.apache.derbyTesting.junit.BaseTestSetup.run(BaseTestSetup.java:57)&lt;br/&gt;
	at junit.extensions.TestDecorator.basicRun(TestDecorator.java:22)&lt;br/&gt;
	at junit.extensions.TestSetup$1.protect(TestSetup.java:19)&lt;br/&gt;
	at junit.framework.TestResult.runProtected(TestResult.java:124)&lt;br/&gt;
	at junit.extensions.TestSetup.run(TestSetup.java:23)&lt;br/&gt;
	at junit.extensions.TestDecorator.basicRun(TestDecorator.java:22)&lt;br/&gt;
	at junit.extensions.TestSetup$1.protect(TestSetup.java:19)&lt;br/&gt;
	at junit.framework.TestResult.runProtected(TestResult.java:124)&lt;br/&gt;
	at junit.extensions.TestSetup.run(TestSetup.java:23)&lt;br/&gt;
	at org.apache.derbyTesting.junit.BaseTestSetup.run(BaseTestSetup.java:57)&lt;br/&gt;
	at junit.extensions.TestDecorator.basicRun(TestDecorator.java:22)&lt;br/&gt;
	at junit.extensions.TestSetup$1.protect(TestSetup.java:19)&lt;br/&gt;
	at junit.framework.TestResult.runProtected(TestResult.java:124)&lt;br/&gt;
	at junit.extensions.TestSetup.run(TestSetup.java:23)&lt;br/&gt;
	at junit.extensions.TestDecorator.basicRun(TestDecorator.java:22)&lt;br/&gt;
	at junit.extensions.TestSetup$1.protect(TestSetup.java:19)&lt;br/&gt;
	at junit.framework.TestResult.runProtected(TestResult.java:124)&lt;br/&gt;
	at junit.extensions.TestSetup.run(TestSetup.java:23)&lt;br/&gt;
	at org.apache.derbyTesting.junit.BaseTestSetup.run(BaseTestSetup.java:57)&lt;br/&gt;
	at junit.extensions.TestDecorator.basicRun(TestDecorator.java:22)&lt;br/&gt;
	at junit.extensions.TestSetup$1.protect(TestSetup.java:19)&lt;br/&gt;
	at junit.framework.TestResult.runProtected(TestResult.java:124)&lt;br/&gt;
	at junit.extensions.TestSetup.run(TestSetup.java:23)&lt;br/&gt;
	at junit.extensions.TestDecorator.basicRun(TestDecorator.java:22)&lt;br/&gt;
	at junit.extensions.TestSetup$1.protect(TestSetup.java:19)&lt;br/&gt;
	at junit.framework.TestResult.runProtected(TestResult.java:124)&lt;br/&gt;
	at junit.extensions.TestSetup.run(TestSetup.java:23)&lt;br/&gt;
	at org.apache.derbyTesting.junit.BaseTestSetup.run(BaseTestSetup.java:57)&lt;br/&gt;
	at junit.extensions.TestDecorator.basicRun(TestDecorator.java:22)&lt;br/&gt;
	at junit.extensions.TestSetup$1.protect(TestSetup.java:19)&lt;br/&gt;
	at junit.framework.TestResult.runProtected(TestResult.java:124)&lt;br/&gt;
	at junit.extensions.TestSetup.run(TestSetup.java:23)&lt;br/&gt;
	at junit.framework.TestSuite.runTest(TestSuite.java:208)&lt;br/&gt;
	at junit.framework.TestSuite.run(TestSuite.java:203)&lt;br/&gt;
	at junit.framework.TestSuite.runTest(TestSuite.java:208)&lt;br/&gt;
	at junit.framework.TestSuite.run(TestSuite.java:203)&lt;br/&gt;
	at junit.framework.TestSuite.runTest(TestSuite.java:208)&lt;br/&gt;
	at junit.framework.TestSuite.run(TestSuite.java:203)&lt;br/&gt;
	at TimeRunner.main(TimeRunner.java:31)&lt;br/&gt;
Caused by: java.sql.SQLException: Odczytano znak endOfFile w nieoczekiwanym miejscu w wierszu 7.&lt;br/&gt;
	at org.apache.derby.impl.jdbc.SQLExceptionFactory.getSQLException(SQLExceptionFactory.java:45)&lt;br/&gt;
	at org.apache.derby.impl.jdbc.Util.generateCsSQLException(Util.java:202)&lt;br/&gt;
	at org.apache.derby.impl.jdbc.TransactionResourceImpl.wrapInSQLException(TransactionResourceImpl.java:391)&lt;br/&gt;
	at org.apache.derby.impl.jdbc.TransactionResourceImpl.handleException(TransactionResourceImpl.java:346)&lt;br/&gt;
	at org.apache.derby.impl.jdbc.EmbedConnection.handleException(EmbedConnection.java:1572)&lt;br/&gt;
	at org.apache.derby.impl.jdbc.ConnectionChild.handleException(ConnectionChild.java:81)&lt;br/&gt;
	at org.apache.derby.impl.jdbc.EmbedStatement.executeStatement(EmbedStatement.java:1315)&lt;br/&gt;
	at org.apache.derby.impl.jdbc.EmbedPreparedStatement.executeStatement(EmbedPreparedStatement.java:1649)&lt;br/&gt;
	at org.apache.derby.impl.jdbc.EmbedPreparedStatement.executeUpdate(EmbedPreparedStatement.java:299)&lt;br/&gt;
	at org.apache.derby.impl.load.Import.performImport(Import.java:285)&lt;br/&gt;
	at org.apache.derby.impl.load.Import.importTable(Import.java:126)&lt;br/&gt;
	at org.apache.derby.catalog.SystemProcedures.SYSCS_IMPORT_TABLE(SystemProcedures.java:1254)&lt;br/&gt;
	at org.apache.derby.exe.ac14001617x0114xd70dx30aax00003dcd3cb41f7.g0(Unknown Source)&lt;br/&gt;
	at java.lang.reflect.AccessibleObject.invokeV(AccessibleObject.java:205)&lt;br/&gt;
	at java.lang.reflect.Method.invoke(Method.java:253)&lt;br/&gt;
	at org.apache.derby.impl.services.reflect.ReflectMethod.invoke(ReflectMethod.java:46)&lt;br/&gt;
	at org.apache.derby.impl.sql.execute.CallStatementResultSet.open(CallStatementResultSet.java:57)&lt;br/&gt;
	at org.apache.derby.impl.sql.GenericPreparedStatement.execute(GenericPreparedStatement.java:370)&lt;br/&gt;
	at org.apache.derby.impl.jdbc.EmbedStatement.executeStatement(EmbedStatement.java:1225)&lt;br/&gt;
	... 74 more&lt;br/&gt;
Caused by: ERROR XIE0E: Odczytano znak endOfFile w nieoczekiwanym miejscu w wierszu 7.&lt;br/&gt;
	at org.apache.derby.iapi.error.StandardException.newException(StandardException.java:290)&lt;br/&gt;
	at org.apache.derby.impl.load.LoadError.unexpectedEndOfFile(LoadError.java:162)&lt;br/&gt;
	at org.apache.derby.impl.load.ImportReadData.readNextDelimitedRow(ImportReadData.java:746)&lt;br/&gt;
	at org.apache.derby.impl.load.ImportReadData.readNextRow(ImportReadData.java:655)&lt;br/&gt;
	at org.apache.derby.impl.load.ImportAbstract.next(ImportAbstract.java:124)&lt;br/&gt;
	at org.apache.derby.impl.sql.execute.VTIResultSet.getNextRowCore(VTIResultSet.java:325)&lt;br/&gt;
	at org.apache.derby.impl.sql.execute.ProjectRestrictResultSet.getNextRowCore(ProjectRestrictResultSet.java:255)&lt;br/&gt;
	at org.apache.derby.impl.sql.execute.NormalizeResultSet.getNextRowCore(NormalizeResultSet.java:186)&lt;br/&gt;
	at org.apache.derby.impl.sql.execute.NoPutResultSetImpl.getNextRowFromRowSource(NoPutResultSetImpl.java:205)&lt;br/&gt;
	at org.apache.derby.impl.store.access.heap.HeapController.load(HeapController.java:396)&lt;br/&gt;
	at org.apache.derby.impl.store.access.heap.Heap.load(Heap.java:649)&lt;br/&gt;
	at org.apache.derby.impl.store.access.RAMTransaction.loadConglomerate(RAMTransaction.java:1240)&lt;br/&gt;
	at org.apache.derby.impl.store.access.RAMTransaction.recreateAndLoadConglomerate(RAMTransaction.java:908)&lt;br/&gt;
	at org.apache.derby.impl.sql.execute.InsertResultSet.bulkInsertCore(InsertResultSet.java:1308)&lt;br/&gt;
	at org.apache.derby.impl.sql.execute.InsertResultSet.open(InsertResultSet.java:446)&lt;br/&gt;
	at org.apache.derby.impl.sql.GenericPreparedStatement.execute(GenericPreparedStatement.java:370)&lt;br/&gt;
	at org.apache.derby.impl.jdbc.EmbedStatement.executeStatement(EmbedStatement.java:1225)&lt;br/&gt;
	... 86 more&lt;br/&gt;
3859	testPolishCollation(org.apache.derbyTesting.functionTests.tests.lang.CollationTest2)&lt;br/&gt;
start	testNorwayCollation(org.apache.derbyTesting.functionTests.tests.lang.CollationTest2)&lt;br/&gt;
testNorwayCollation(org.apache.derbyTesting.functionTests.tests.lang.CollationTest2) failed:&lt;br/&gt;
java.sql.SQLException: Import error on line 7 of file extinout\names.dat: Read endOfFile at unexpected place on line 7. &lt;br/&gt;
	at org.apache.derby.impl.jdbc.SQLExceptionFactory.getSQLException(SQLExceptionFactory.java:45)&lt;br/&gt;
	at org.apache.derby.impl.jdbc.Util.newEmbedSQLException(Util.java:88)&lt;br/&gt;
	at org.apache.derby.impl.jdbc.Util.seeNextException(Util.java:224)&lt;br/&gt;
	at org.apache.derby.impl.jdbc.TransactionResourceImpl.wrapInSQLException(TransactionResourceImpl.java:398)&lt;br/&gt;
	at org.apache.derby.impl.jdbc.TransactionResourceImpl.handleException(TransactionResourceImpl.java:346)&lt;br/&gt;
	at org.apache.derby.impl.jdbc.EmbedConnection.handleException(EmbedConnection.java:1572)&lt;br/&gt;
	at org.apache.derby.impl.jdbc.ConnectionChild.handleException(ConnectionChild.java:81)&lt;br/&gt;
	at org.apache.derby.impl.jdbc.EmbedStatement.executeStatement(EmbedStatement.java:1315)&lt;br/&gt;
	at org.apache.derby.impl.jdbc.EmbedPreparedStatement.executeStatement(EmbedPreparedStatement.java:1649)&lt;br/&gt;
	at org.apache.derby.impl.jdbc.EmbedCallableStatement.executeStatement(EmbedCallableStatement.java:116)&lt;br/&gt;
	at org.apache.derby.impl.jdbc.EmbedPreparedStatement.executeUpdate(EmbedPreparedStatement.java:299)&lt;br/&gt;
	at org.apache.derbyTesting.functionTests.tests.lang.CollationTest2.doImportTable(CollationTest2.java:694)&lt;br/&gt;
	at org.apache.derbyTesting.functionTests.tests.lang.CollationTest2.runBulkInsert(CollationTest2.java:1696)&lt;br/&gt;
	at org.apache.derbyTesting.functionTests.tests.lang.CollationTest2.runTestIter(CollationTest2.java:2031)&lt;br/&gt;
	at org.apache.derbyTesting.functionTests.tests.lang.CollationTest2.testNorwayCollation(CollationTest2.java:2076)&lt;br/&gt;
	at java.lang.reflect.AccessibleObject.invokeV(AccessibleObject.java:205)&lt;br/&gt;
	at java.lang.reflect.Method.invoke(Method.java:253)&lt;br/&gt;
	at junit.framework.TestCase.runTest(TestCase.java:154)&lt;br/&gt;
	at junit.framework.TestCase.runBare(TestCase.java:127)&lt;br/&gt;
	at org.apache.derbyTesting.junit.BaseTestCase.runBare(BaseTestCase.java:95)&lt;br/&gt;
	at junit.framework.TestResult$1.protect(TestResult.java:106)&lt;br/&gt;
	at junit.framework.TestResult.runProtected(TestResult.java:124)&lt;br/&gt;
	at junit.framework.TestResult.run(TestResult.java:109)&lt;br/&gt;
	at junit.framework.TestCase.run(TestCase.java:118)&lt;br/&gt;
	at junit.framework.TestSuite.runTest(TestSuite.java:208)&lt;br/&gt;
	at junit.framework.TestSuite.run(TestSuite.java:203)&lt;br/&gt;
	at junit.extensions.TestDecorator.basicRun(TestDecorator.java:22)&lt;br/&gt;
	at junit.extensions.TestSetup$1.protect(TestSetup.java:19)&lt;br/&gt;
	at junit.framework.TestResult.runProtected(TestResult.java:124)&lt;br/&gt;
	at junit.extensions.TestSetup.run(TestSetup.java:23)&lt;br/&gt;
	at junit.extensions.TestDecorator.basicRun(TestDecorator.java:22)&lt;br/&gt;
	at junit.extensions.TestSetup$1.protect(TestSetup.java:19)&lt;br/&gt;
	at junit.framework.TestResult.runProtected(TestResult.java:124)&lt;br/&gt;
	at junit.extensions.TestSetup.run(TestSetup.java:23)&lt;br/&gt;
	at org.apache.derbyTesting.junit.BaseTestSetup.run(BaseTestSetup.java:57)&lt;br/&gt;
	at junit.extensions.TestDecorator.basicRun(TestDecorator.java:22)&lt;br/&gt;
	at junit.extensions.TestSetup$1.protect(TestSetup.java:19)&lt;br/&gt;
	at junit.framework.TestResult.runProtected(TestResult.java:124)&lt;br/&gt;
	at junit.extensions.TestSetup.run(TestSetup.java:23)&lt;br/&gt;
	at junit.extensions.TestDecorator.basicRun(TestDecorator.java:22)&lt;br/&gt;
	at junit.extensions.TestSetup$1.protect(TestSetup.java:19)&lt;br/&gt;
	at junit.framework.TestResult.runProtected(TestResult.java:124)&lt;br/&gt;
	at junit.extensions.TestSetup.run(TestSetup.java:23)&lt;br/&gt;
	at org.apache.derbyTesting.junit.BaseTestSetup.run(BaseTestSetup.java:57)&lt;br/&gt;
	at junit.extensions.TestDecorator.basicRun(TestDecorator.java:22)&lt;br/&gt;
	at junit.extensions.TestSetup$1.protect(TestSetup.java:19)&lt;br/&gt;
	at junit.framework.TestResult.runProtected(TestResult.java:124)&lt;br/&gt;
	at junit.extensions.TestSetup.run(TestSetup.java:23)&lt;br/&gt;
	at junit.extensions.TestDecorator.basicRun(TestDecorator.java:22)&lt;br/&gt;
	at junit.extensions.TestSetup$1.protect(TestSetup.java:19)&lt;br/&gt;
	at junit.framework.TestResult.runProtected(TestResult.java:124)&lt;br/&gt;
	at junit.extensions.TestSetup.run(TestSetup.java:23)&lt;br/&gt;
	at org.apache.derbyTesting.junit.BaseTestSetup.run(BaseTestSetup.java:57)&lt;br/&gt;
	at junit.extensions.TestDecorator.basicRun(TestDecorator.java:22)&lt;br/&gt;
	at junit.extensions.TestSetup$1.protect(TestSetup.java:19)&lt;br/&gt;
	at junit.framework.TestResult.runProtected(TestResult.java:124)&lt;br/&gt;
	at junit.extensions.TestSetup.run(TestSetup.java:23)&lt;br/&gt;
	at junit.extensions.TestDecorator.basicRun(TestDecorator.java:22)&lt;br/&gt;
	at junit.extensions.TestSetup$1.protect(TestSetup.java:19)&lt;br/&gt;
	at junit.framework.TestResult.runProtected(TestResult.java:124)&lt;br/&gt;
	at junit.extensions.TestSetup.run(TestSetup.java:23)&lt;br/&gt;
	at org.apache.derbyTesting.junit.BaseTestSetup.run(BaseTestSetup.java:57)&lt;br/&gt;
	at junit.extensions.TestDecorator.basicRun(TestDecorator.java:22)&lt;br/&gt;
	at junit.extensions.TestSetup$1.protect(TestSetup.java:19)&lt;br/&gt;
	at junit.framework.TestResult.runProtected(TestResult.java:124)&lt;br/&gt;
	at junit.extensions.TestSetup.run(TestSetup.java:23)&lt;br/&gt;
	at junit.extensions.TestDecorator.basicRun(TestDecorator.java:22)&lt;br/&gt;
	at junit.extensions.TestSetup$1.protect(TestSetup.java:19)&lt;br/&gt;
	at junit.framework.TestResult.runProtected(TestResult.java:124)&lt;br/&gt;
	at junit.extensions.TestSetup.run(TestSetup.java:23)&lt;br/&gt;
	at org.apache.derbyTesting.junit.BaseTestSetup.run(BaseTestSetup.java:57)&lt;br/&gt;
	at junit.extensions.TestDecorator.basicRun(TestDecorator.java:22)&lt;br/&gt;
	at junit.extensions.TestSetup$1.protect(TestSetup.java:19)&lt;br/&gt;
	at junit.framework.TestResult.runProtected(TestResult.java:124)&lt;br/&gt;
	at junit.extensions.TestSetup.run(TestSetup.java:23)&lt;br/&gt;
	at junit.framework.TestSuite.runTest(TestSuite.java:208)&lt;br/&gt;
	at junit.framework.TestSuite.run(TestSuite.java:203)&lt;br/&gt;
	at junit.framework.TestSuite.runTest(TestSuite.java:208)&lt;br/&gt;
	at junit.framework.TestSuite.run(TestSuite.java:203)&lt;br/&gt;
	at junit.framework.TestSuite.runTest(TestSuite.java:208)&lt;br/&gt;
	at junit.framework.TestSuite.run(TestSuite.java:203)&lt;br/&gt;
	at TimeRunner.main(TimeRunner.java:31)&lt;br/&gt;
Caused by: java.sql.SQLException: Read endOfFile at unexpected place on line 7.&lt;br/&gt;
	at org.apache.derby.impl.jdbc.SQLExceptionFactory.getSQLException(SQLExceptionFactory.java:45)&lt;br/&gt;
	at org.apache.derby.impl.jdbc.Util.generateCsSQLException(Util.java:202)&lt;br/&gt;
	at org.apache.derby.impl.jdbc.TransactionResourceImpl.wrapInSQLException(TransactionResourceImpl.java:391)&lt;br/&gt;
	at org.apache.derby.impl.jdbc.TransactionResourceImpl.handleException(TransactionResourceImpl.java:346)&lt;br/&gt;
	at org.apache.derby.impl.jdbc.EmbedConnection.handleException(EmbedConnection.java:1572)&lt;br/&gt;
	at org.apache.derby.impl.jdbc.ConnectionChild.handleException(ConnectionChild.java:81)&lt;br/&gt;
	at org.apache.derby.impl.jdbc.EmbedStatement.executeStatement(EmbedStatement.java:1315)&lt;br/&gt;
	at org.apache.derby.impl.jdbc.EmbedPreparedStatement.executeStatement(EmbedPreparedStatement.java:1649)&lt;br/&gt;
	at org.apache.derby.impl.jdbc.EmbedPreparedStatement.executeUpdate(EmbedPreparedStatement.java:299)&lt;br/&gt;
	at org.apache.derby.impl.load.Import.performImport(Import.java:285)&lt;br/&gt;
	at org.apache.derby.impl.load.Import.importTable(Import.java:126)&lt;br/&gt;
	at org.apache.derby.catalog.SystemProcedures.SYSCS_IMPORT_TABLE(SystemProcedures.java:1254)&lt;br/&gt;
	at org.apache.derby.exe.aca951977ex0114xd70dx30aax00003dcd3cb4224.g0(Unknown Source)&lt;br/&gt;
	at java.lang.reflect.AccessibleObject.invokeV(AccessibleObject.java:205)&lt;br/&gt;
	at java.lang.reflect.Method.invoke(Method.java:253)&lt;br/&gt;
	at org.apache.derby.impl.services.reflect.ReflectMethod.invoke(ReflectMethod.java:46)&lt;br/&gt;
	at org.apache.derby.impl.sql.execute.CallStatementResultSet.open(CallStatementResultSet.java:57)&lt;br/&gt;
	at org.apache.derby.impl.sql.GenericPreparedStatement.execute(GenericPreparedStatement.java:370)&lt;br/&gt;
	at org.apache.derby.impl.jdbc.EmbedStatement.executeStatement(EmbedStatement.java:1225)&lt;br/&gt;
	... 74 more&lt;br/&gt;
Caused by: ERROR XIE0E: Read endOfFile at unexpected place on line 7.&lt;br/&gt;
	at org.apache.derby.iapi.error.StandardException.newException(StandardException.java:290)&lt;br/&gt;
	at org.apache.derby.impl.load.LoadError.unexpectedEndOfFile(LoadError.java:162)&lt;br/&gt;
	at org.apache.derby.impl.load.ImportReadData.readNextDelimitedRow(ImportReadData.java:746)&lt;br/&gt;
	at org.apache.derby.impl.load.ImportReadData.readNextRow(ImportReadData.java:655)&lt;br/&gt;
	at org.apache.derby.impl.load.ImportAbstract.next(ImportAbstract.java:124)&lt;br/&gt;
	at org.apache.derby.impl.sql.execute.VTIResultSet.getNextRowCore(VTIResultSet.java:325)&lt;br/&gt;
	at org.apache.derby.impl.sql.execute.ProjectRestrictResultSet.getNextRowCore(ProjectRestrictResultSet.java:255)&lt;br/&gt;
	at org.apache.derby.impl.sql.execute.NormalizeResultSet.getNextRowCore(NormalizeResultSet.java:186)&lt;br/&gt;
	at org.apache.derby.impl.sql.execute.NoPutResultSetImpl.getNextRowFromRowSource(NoPutResultSetImpl.java:205)&lt;br/&gt;
	at org.apache.derby.impl.store.access.heap.HeapController.load(HeapController.java:396)&lt;br/&gt;
	at org.apache.derby.impl.store.access.heap.Heap.load(Heap.java:649)&lt;br/&gt;
	at org.apache.derby.impl.store.access.RAMTransaction.loadConglomerate(RAMTransaction.java:1240)&lt;br/&gt;
	at org.apache.derby.impl.store.access.RAMTransaction.recreateAndLoadConglomerate(RAMTransaction.java:908)&lt;br/&gt;
	at org.apache.derby.impl.sql.execute.InsertResultSet.bulkInsertCore(InsertResultSet.java:1308)&lt;br/&gt;
	at org.apache.derby.impl.sql.execute.InsertResultSet.open(InsertResultSet.java:446)&lt;br/&gt;
	at org.apache.derby.impl.sql.GenericPreparedStatement.execute(GenericPreparedStatement.java:370)&lt;br/&gt;
	at org.apache.derby.impl.jdbc.EmbedStatement.executeStatement(EmbedStatement.java:1225)&lt;br/&gt;
	... 86 more&lt;br/&gt;
4266	testNorwayCollation(org.apache.derbyTesting.functionTests.tests.lang.CollationTest2)&lt;br/&gt;
start	testDefaultJVMTerritoryCollation(org.apache.derbyTesting.functionTests.tests.lang.CollationTest2)&lt;br/&gt;
testDefaultJVMTerritoryCollation(org.apache.derbyTesting.functionTests.tests.lang.CollationTest2) failed:&lt;br/&gt;
java.sql.SQLException: Import error on line 7 of file extinout\names.dat: Read endOfFile at unexpected place on line 7. &lt;br/&gt;
	at org.apache.derby.impl.jdbc.SQLExceptionFactory.getSQLException(SQLExceptionFactory.java:45)&lt;br/&gt;
	at org.apache.derby.impl.jdbc.Util.newEmbedSQLException(Util.java:88)&lt;br/&gt;
	at org.apache.derby.impl.jdbc.Util.seeNextException(Util.java:224)&lt;br/&gt;
	at org.apache.derby.impl.jdbc.TransactionResourceImpl.wrapInSQLException(TransactionResourceImpl.java:398)&lt;br/&gt;
	at org.apache.derby.impl.jdbc.TransactionResourceImpl.handleException(TransactionResourceImpl.java:346)&lt;br/&gt;
	at org.apache.derby.impl.jdbc.EmbedConnection.handleException(EmbedConnection.java:1572)&lt;br/&gt;
	at org.apache.derby.impl.jdbc.ConnectionChild.handleException(ConnectionChild.java:81)&lt;br/&gt;
	at org.apache.derby.impl.jdbc.EmbedStatement.executeStatement(EmbedStatement.java:1315)&lt;br/&gt;
	at org.apache.derby.impl.jdbc.EmbedPreparedStatement.executeStatement(EmbedPreparedStatement.java:1649)&lt;br/&gt;
	at org.apache.derby.impl.jdbc.EmbedCallableStatement.executeStatement(EmbedCallableStatement.java:116)&lt;br/&gt;
	at org.apache.derby.impl.jdbc.EmbedPreparedStatement.executeUpdate(EmbedPreparedStatement.java:299)&lt;br/&gt;
	at org.apache.derbyTesting.functionTests.tests.lang.CollationTest2.doImportTable(CollationTest2.java:694)&lt;br/&gt;
	at org.apache.derbyTesting.functionTests.tests.lang.CollationTest2.runBulkInsert(CollationTest2.java:1696)&lt;br/&gt;
	at org.apache.derbyTesting.functionTests.tests.lang.CollationTest2.runTestIter(CollationTest2.java:2031)&lt;br/&gt;
	at org.apache.derbyTesting.functionTests.tests.lang.CollationTest2.testDefaultJVMTerritoryCollation(CollationTest2.java:2116)&lt;br/&gt;
	at java.lang.reflect.AccessibleObject.invokeV(AccessibleObject.java:205)&lt;br/&gt;
	at java.lang.reflect.Method.invoke(Method.java:253)&lt;br/&gt;
	at junit.framework.TestCase.runTest(TestCase.java:154)&lt;br/&gt;
	at junit.framework.TestCase.runBare(TestCase.java:127)&lt;br/&gt;
	at org.apache.derbyTesting.junit.BaseTestCase.runBare(BaseTestCase.java:95)&lt;br/&gt;
	at junit.framework.TestResult$1.protect(TestResult.java:106)&lt;br/&gt;
	at junit.framework.TestResult.runProtected(TestResult.java:124)&lt;br/&gt;
	at junit.framework.TestResult.run(TestResult.java:109)&lt;br/&gt;
	at junit.framework.TestCase.run(TestCase.java:118)&lt;br/&gt;
	at junit.framework.TestSuite.runTest(TestSuite.java:208)&lt;br/&gt;
	at junit.framework.TestSuite.run(TestSuite.java:203)&lt;br/&gt;
	at junit.extensions.TestDecorator.basicRun(TestDecorator.java:22)&lt;br/&gt;
	at junit.extensions.TestSetup$1.protect(TestSetup.java:19)&lt;br/&gt;
	at junit.framework.TestResult.runProtected(TestResult.java:124)&lt;br/&gt;
	at junit.extensions.TestSetup.run(TestSetup.java:23)&lt;br/&gt;
	at junit.extensions.TestDecorator.basicRun(TestDecorator.java:22)&lt;br/&gt;
	at junit.extensions.TestSetup$1.protect(TestSetup.java:19)&lt;br/&gt;
	at junit.framework.TestResult.runProtected(TestResult.java:124)&lt;br/&gt;
	at junit.extensions.TestSetup.run(TestSetup.java:23)&lt;br/&gt;
	at org.apache.derbyTesting.junit.BaseTestSetup.run(BaseTestSetup.java:57)&lt;br/&gt;
	at junit.extensions.TestDecorator.basicRun(TestDecorator.java:22)&lt;br/&gt;
	at junit.extensions.TestSetup$1.protect(TestSetup.java:19)&lt;br/&gt;
	at junit.framework.TestResult.runProtected(TestResult.java:124)&lt;br/&gt;
	at junit.extensions.TestSetup.run(TestSetup.java:23)&lt;br/&gt;
	at junit.extensions.TestDecorator.basicRun(TestDecorator.java:22)&lt;br/&gt;
	at junit.extensions.TestSetup$1.protect(TestSetup.java:19)&lt;br/&gt;
	at junit.framework.TestResult.runProtected(TestResult.java:124)&lt;br/&gt;
	at junit.extensions.TestSetup.run(TestSetup.java:23)&lt;br/&gt;
	at org.apache.derbyTesting.junit.BaseTestSetup.run(BaseTestSetup.java:57)&lt;br/&gt;
	at junit.extensions.TestDecorator.basicRun(TestDecorator.java:22)&lt;br/&gt;
	at junit.extensions.TestSetup$1.protect(TestSetup.java:19)&lt;br/&gt;
	at junit.framework.TestResult.runProtected(TestResult.java:124)&lt;br/&gt;
	at junit.extensions.TestSetup.run(TestSetup.java:23)&lt;br/&gt;
	at junit.extensions.TestDecorator.basicRun(TestDecorator.java:22)&lt;br/&gt;
	at junit.extensions.TestSetup$1.protect(TestSetup.java:19)&lt;br/&gt;
	at junit.framework.TestResult.runProtected(TestResult.java:124)&lt;br/&gt;
	at junit.extensions.TestSetup.run(TestSetup.java:23)&lt;br/&gt;
	at org.apache.derbyTesting.junit.BaseTestSetup.run(BaseTestSetup.java:57)&lt;br/&gt;
	at junit.extensions.TestDecorator.basicRun(TestDecorator.java:22)&lt;br/&gt;
	at junit.extensions.TestSetup$1.protect(TestSetup.java:19)&lt;br/&gt;
	at junit.framework.TestResult.runProtected(TestResult.java:124)&lt;br/&gt;
	at junit.extensions.TestSetup.run(TestSetup.java:23)&lt;br/&gt;
	at junit.extensions.TestDecorator.basicRun(TestDecorator.java:22)&lt;br/&gt;
	at junit.extensions.TestSetup$1.protect(TestSetup.java:19)&lt;br/&gt;
	at junit.framework.TestResult.runProtected(TestResult.java:124)&lt;br/&gt;
	at junit.extensions.TestSetup.run(TestSetup.java:23)&lt;br/&gt;
	at org.apache.derbyTesting.junit.BaseTestSetup.run(BaseTestSetup.java:57)&lt;br/&gt;
	at junit.extensions.TestDecorator.basicRun(TestDecorator.java:22)&lt;br/&gt;
	at junit.extensions.TestSetup$1.protect(TestSetup.java:19)&lt;br/&gt;
	at junit.framework.TestResult.runProtected(TestResult.java:124)&lt;br/&gt;
	at junit.extensions.TestSetup.run(TestSetup.java:23)&lt;br/&gt;
	at junit.extensions.TestDecorator.basicRun(TestDecorator.java:22)&lt;br/&gt;
	at junit.extensions.TestSetup$1.protect(TestSetup.java:19)&lt;br/&gt;
	at junit.framework.TestResult.runProtected(TestResult.java:124)&lt;br/&gt;
	at junit.extensions.TestSetup.run(TestSetup.java:23)&lt;br/&gt;
	at org.apache.derbyTesting.junit.BaseTestSetup.run(BaseTestSetup.java:57)&lt;br/&gt;
	at junit.extensions.TestDecorator.basicRun(TestDecorator.java:22)&lt;br/&gt;
	at junit.extensions.TestSetup$1.protect(TestSetup.java:19)&lt;br/&gt;
	at junit.framework.TestResult.runProtected(TestResult.java:124)&lt;br/&gt;
	at junit.extensions.TestSetup.run(TestSetup.java:23)&lt;br/&gt;
	at junit.framework.TestSuite.runTest(TestSuite.java:208)&lt;br/&gt;
	at junit.framework.TestSuite.run(TestSuite.java:203)&lt;br/&gt;
	at junit.framework.TestSuite.runTest(TestSuite.java:208)&lt;br/&gt;
	at junit.framework.TestSuite.run(TestSuite.java:203)&lt;br/&gt;
	at junit.framework.TestSuite.runTest(TestSuite.java:208)&lt;br/&gt;
	at junit.framework.TestSuite.run(TestSuite.java:203)&lt;br/&gt;
	at TimeRunner.main(TimeRunner.java:31)&lt;br/&gt;
Caused by: java.sql.SQLException: Read endOfFile at unexpected place on line 7.&lt;br/&gt;
	at org.apache.derby.impl.jdbc.SQLExceptionFactory.getSQLException(SQLExceptionFactory.java:45)&lt;br/&gt;
	at org.apache.derby.impl.jdbc.Util.generateCsSQLException(Util.java:202)&lt;br/&gt;
	at org.apache.derby.impl.jdbc.TransactionResourceImpl.wrapInSQLException(TransactionResourceImpl.java:391)&lt;br/&gt;
	at org.apache.derby.impl.jdbc.TransactionResourceImpl.handleException(TransactionResourceImpl.java:346)&lt;br/&gt;
	at org.apache.derby.impl.jdbc.EmbedConnection.handleException(EmbedConnection.java:1572)&lt;br/&gt;
	at org.apache.derby.impl.jdbc.ConnectionChild.handleException(ConnectionChild.java:81)&lt;br/&gt;
	at org.apache.derby.impl.jdbc.EmbedStatement.executeStatement(EmbedStatement.java:1315)&lt;br/&gt;
	at org.apache.derby.impl.jdbc.EmbedPreparedStatement.executeStatement(EmbedPreparedStatement.java:1649)&lt;br/&gt;
	at org.apache.derby.impl.jdbc.EmbedPreparedStatement.executeUpdate(EmbedPreparedStatement.java:299)&lt;br/&gt;
	at org.apache.derby.impl.load.Import.performImport(Import.java:285)&lt;br/&gt;
	at org.apache.derby.impl.load.Import.importTable(Import.java:126)&lt;br/&gt;
	at org.apache.derby.catalog.SystemProcedures.SYSCS_IMPORT_TABLE(SystemProcedures.java:1254)&lt;br/&gt;
	at org.apache.derby.exe.ac47a19903x0114xd70dx30aax00003dcd3cb41f7.g0(Unknown Source)&lt;br/&gt;
	at java.lang.reflect.AccessibleObject.invokeV(AccessibleObject.java:205)&lt;br/&gt;
	at java.lang.reflect.Method.invoke(Method.java:253)&lt;br/&gt;
	at org.apache.derby.impl.services.reflect.ReflectMethod.invoke(ReflectMethod.java:46)&lt;br/&gt;
	at org.apache.derby.impl.sql.execute.CallStatementResultSet.open(CallStatementResultSet.java:57)&lt;br/&gt;
	at org.apache.derby.impl.sql.GenericPreparedStatement.execute(GenericPreparedStatement.java:370)&lt;br/&gt;
	at org.apache.derby.impl.jdbc.EmbedStatement.executeStatement(EmbedStatement.java:1225)&lt;br/&gt;
	... 74 more&lt;br/&gt;
Caused by: ERROR XIE0E: Read endOfFile at unexpected place on line 7.&lt;br/&gt;
	at org.apache.derby.iapi.error.StandardException.newException(StandardException.java:290)&lt;br/&gt;
	at org.apache.derby.impl.load.LoadError.unexpectedEndOfFile(LoadError.java:162)&lt;br/&gt;
	at org.apache.derby.impl.load.ImportReadData.readNextDelimitedRow(ImportReadData.java:746)&lt;br/&gt;
	at org.apache.derby.impl.load.ImportReadData.readNextRow(ImportReadData.java:655)&lt;br/&gt;
	at org.apache.derby.impl.load.ImportAbstract.next(ImportAbstract.java:124)&lt;br/&gt;
	at org.apache.derby.impl.sql.execute.VTIResultSet.getNextRowCore(VTIResultSet.java:325)&lt;br/&gt;
	at org.apache.derby.impl.sql.execute.ProjectRestrictResultSet.getNextRowCore(ProjectRestrictResultSet.java:255)&lt;br/&gt;
	at org.apache.derby.impl.sql.execute.NormalizeResultSet.getNextRowCore(NormalizeResultSet.java:186)&lt;br/&gt;
	at org.apache.derby.impl.sql.execute.NoPutResultSetImpl.getNextRowFromRowSource(NoPutResultSetImpl.java:205)&lt;br/&gt;
	at org.apache.derby.impl.store.access.heap.HeapController.load(HeapController.java:396)&lt;br/&gt;
	at org.apache.derby.impl.store.access.heap.Heap.load(Heap.java:649)&lt;br/&gt;
	at org.apache.derby.impl.store.access.RAMTransaction.loadConglomerate(RAMTransaction.java:1240)&lt;br/&gt;
	at org.apache.derby.impl.store.access.RAMTransaction.recreateAndLoadConglomerate(RAMTransaction.java:908)&lt;br/&gt;
	at org.apache.derby.impl.sql.execute.InsertResultSet.bulkInsertCore(InsertResultSet.java:1308)&lt;br/&gt;
	at org.apache.derby.impl.sql.execute.InsertResultSet.open(InsertResultSet.java:446)&lt;br/&gt;
	at org.apache.derby.impl.sql.GenericPreparedStatement.execute(GenericPreparedStatement.java:370)&lt;br/&gt;
	at org.apache.derby.impl.jdbc.EmbedStatement.executeStatement(EmbedStatement.java:1225)&lt;br/&gt;
	... 86 more&lt;/p&gt;</description>
                <environment></environment>
        <key id="12377597">DERBY-3055</key>
            <summary>start CollationTest2 testDefaultCollation fails with java.sql.SQLException: Import error on line 7 of file extinout\names.dat: Read endOfFile at unexpected place on line 7. </summary>
                <type id="1" iconUrl="https://issues.apache.org/jira/images/icons/issuetypes/bug.png">Bug</type>
                                            <priority id="3" iconUrl="https://issues.apache.org/jira/images/icons/priorities/major.png">Major</priority>
                        <status id="6" iconUrl="https://issues.apache.org/jira/images/icons/statuses/closed.png" description="The issue is considered finished, the resolution is correct. Issues which are closed can be reopened.">Closed</status>
                    <statusCategory id="3" key="done" colorName="green"/>
                                    <resolution id="6">Invalid</resolution>
                                        <assignee username="-1">Unassigned</assignee>
                                    <reporter username="kmarsden">Kathey Marsden</reporter>
                        <labels>
                    </labels>
                <created>Wed, 5 Sep 2007 20:24:38 +0100</created>
                <updated>Mon, 29 Jun 2009 23:57:59 +0100</updated>
                            <resolved>Thu, 27 Sep 2007 00:43:50 +0100</resolved>
                                    <version>10.4.1.3</version>
                                                    <component>Test</component>
                        <due></due>
                            <votes>0</votes>
                                    <watches>0</watches>
                                                                <comments>
                            <comment id="12526551" author="myrna" created="Tue, 11 Sep 2007 19:37:10 +0100"  >&lt;p&gt;Note: this does &lt;b&gt;not&lt;/b&gt; occur with 10.3. because with 10.3 this test gets skipped. (See &lt;a href=&quot;https://issues.apache.org/jira/browse/DERBY-2703&quot; class=&quot;external-link&quot; rel=&quot;nofollow&quot;&gt;https://issues.apache.org/jira/browse/DERBY-2703&lt;/a&gt; related revisions 542697 and 555421 for the adding and removing of this skipping code. 555421 has not been backported, so in 10.3 this test is still skipped with jdk142 and j9).&lt;/p&gt;</comment>
                            <comment id="12530576" author="myrna" created="Wed, 26 Sep 2007 23:36:26 +0100"  >&lt;p&gt;Attaching a repro for this issue, using names.dat generated by the test.&lt;br/&gt;
Also attaching jdk14 output.&lt;/p&gt;</comment>
                            <comment id="12530580" author="myrna" created="Wed, 26 Sep 2007 23:40:01 +0100"  >&lt;p&gt;output of repro3055 with weme6.1. Comparing this with the jdk14 output shows that the problem is that the weme6.1 (a.k.a. &apos;j9&apos;) jvm does not handle all characters correctly.&lt;/p&gt;

&lt;p&gt;The problem does not occur when the Codeset used to create the InputStreamReader in the test case is null, but it does show up when it&apos;s set to UTF-16. UTF-16 is what it is set when we run the CollationTest2 (and I think otherwise also with Derby).&lt;/p&gt;</comment>
                            <comment id="12530582" author="myrna" created="Wed, 26 Sep 2007 23:43:42 +0100"  >&lt;p&gt;I have reported this issue to the jvm vendor (IBM).&lt;/p&gt;

&lt;p&gt;I will make this test case skip with JSR169.  &lt;/p&gt;</comment>
                            <comment id="12530583" author="myrna" created="Wed, 26 Sep 2007 23:46:13 +0100"  >&lt;p&gt;See also &lt;a href=&quot;https://issues.apache.org/jira/browse/DERBY-2546&quot; title=&quot;Failure in testImportTableExportTableLobsInUnqalifiedExtFile only weme6.1 since April 10th&quot; class=&quot;issue-link&quot; data-issue-key=&quot;DERBY-2546&quot;&gt;&lt;del&gt;DERBY-2546&lt;/del&gt;&lt;/a&gt; for another weme6.1 UTF-16 issue with import.&lt;/p&gt;</comment>
                            <comment id="12530600" author="myrna" created="Thu, 27 Sep 2007 00:43:50 +0100"  >&lt;p&gt;marking invalid as this is a jvm issue, not a derby bug.&lt;/p&gt;</comment>
                    </comments>
                <issuelinks>
                            <issuelinktype id="12310000">
                    <name>Duplicate</name>
                                                                <inwardlinks description="is duplicated by">
                                        <issuelink>
            <issuekey id="12377928">DERBY-3065</issuekey>
        </issuelink>
                            </inwardlinks>
                                    </issuelinktype>
                    </issuelinks>
                <attachments>
                            <attachment id="12366616" name="j923.out" size="62650" author="myrna" created="Wed, 26 Sep 2007 23:40:01 +0100"/>
                            <attachment id="12366615" name="jdk14.out" size="61999" author="myrna" created="Wed, 26 Sep 2007 23:36:26 +0100"/>
                            <attachment id="12366614" name="names.dat" size="8826" author="myrna" created="Wed, 26 Sep 2007 23:36:26 +0100"/>
                            <attachment id="12366613" name="repro3055.java" size="2475" author="myrna" created="Wed, 26 Sep 2007 23:36:26 +0100"/>
                    </attachments>
                <subtasks>
                    </subtasks>
                <customfields>
                                                <customfield id="customfield_12310310" key="com.atlassian.jira.toolkit:attachments">
                        <customfieldname>Attachment count</customfieldname>
                        <customfieldvalues>
                            <customfieldvalue>4.0</customfieldvalue>
                        </customfieldvalues>
                    </customfield>
                                                                                                                                                                                                                                                                                                                                                        <customfield id="customfield_12310200" key="com.atlassian.jira.plugin.system.customfieldtypes:multicheckboxes">
                        <customfieldname>Bug behavior facts</customfieldname>
                        <customfieldvalues>
                                <customfieldvalue key="10369"><![CDATA[Regression Test Failure]]></customfieldvalue>
    
                        </customfieldvalues>
                    </customfield>
                                                                                                                                                                                                                                                                    <customfield id="customfield_12310220" key="com.atlassian.jira.ext.charting:firstresponsedate">
                        <customfieldname>Date of First Response</customfieldname>
                        <customfieldvalues>
                            <customfieldvalue>Tue, 11 Sep 2007 18:37:10 +0000</customfieldvalue>

                        </customfieldvalues>
                    </customfield>
                                                                                                                                                                                                                                                                                                                                                                                    <customfield id="customfield_12310420" key="com.pyxis.greenhopper.jira:gh-global-rank">
                        <customfieldname>Global Rank</customfieldname>
                        <customfieldvalues>
                            <customfieldvalue>23400</customfieldvalue>
                        </customfieldvalues>
                    </customfield>
                                                                                                                                                                                <customfield id="customfield_12311820" key="com.pyxis.greenhopper.jira:gh-lexo-rank">
                        <customfieldname>Rank</customfieldname>
                        <customfieldvalues>
                            <customfieldvalue>2|hy0vmn:</customfieldvalue>

                        </customfieldvalues>
                    </customfield>
                                                                <customfield id="customfield_12310920" key="com.pyxis.greenhopper.jira:gh-global-rank">
                        <customfieldname>Rank (Obsolete)</customfieldname>
                        <customfieldvalues>
                            <customfieldvalue>38942</customfieldvalue>
                        </customfieldvalues>
                    </customfield>
                                                                                                                                                                                                                                        <customfield id="customfield_12310222" key="com.atlassian.jira.ext.charting:timeinstatus">
                        <customfieldname>Time in Status</customfieldname>
                        <customfieldvalues>
                            
                        </customfieldvalues>
                    </customfield>
                                                                                            </customfields>
    </item>
</channel>
</rss>