<!-- 
RSS generated by JIRA (6.3.4#6332-sha1:51bc225ef474afe3128b2f66878477f322397b16) at Sun May 17 03:08:35 UTC 2015

It is possible to restrict the fields that are returned in this document by specifying the 'field' parameter in your request.
For example, to request only the issue key and summary add field=key&field=summary to the URL of your request.
For example:
https://issues.apache.org/jira/si/jira.issueviews:issue-xml/DERBY-3519/DERBY-3519.xml?field=key&amp;field=summary
-->
<rss version="0.92" >
<channel>
    <title>ASF JIRA</title>
    <link>https://issues.apache.org/jira</link>
    <description>This file is an XML representation of an issue</description>
    <language>en-uk</language>    <build-info>
        <version>6.3.4</version>
        <build-number>6332</build-number>
        <build-date>15-08-2014</build-date>
    </build-info>

<item>
            <title>[DERBY-3519] junit regression test failure in testInertTime(org.apache.derbyTesting.functionTests.tests.lang.TimeHandlingTest)junit.framework.AssertionFailedError: expected:&lt;2&gt; but was:&lt;3&gt;</title>
                <link>https://issues.apache.org/jira/browse/DERBY-3519</link>
                <project id="10594" key="DERBY">Derby</project>
                    <description>&lt;p&gt;see ibm15 trunk testing:&lt;br/&gt;
&lt;a href=&quot;http://people.apache.org/~myrnavl/derby_test_results/main/windows/testlog/ibm15/635136-suites.All_diff.txt&quot; class=&quot;external-link&quot; rel=&quot;nofollow&quot;&gt;http://people.apache.org/~myrnavl/derby_test_results/main/windows/testlog/ibm15/635136-suites.All_diff.txt&lt;/a&gt;&lt;br/&gt;
There were 2 failures:&lt;br/&gt;
1) testInertTime(org.apache.derbyTesting.functionTests.tests.lang.TimeHandlingTest)junit.framework.AssertionFailedError: expected:&amp;lt;2&amp;gt; but was:&amp;lt;3&amp;gt;&lt;br/&gt;
	at org.apache.derbyTesting.functionTests.tests.lang.TimeHandlingTest.assertTimeEqual(TimeHandlingTest.java:927)&lt;br/&gt;
	at org.apache.derbyTesting.functionTests.tests.lang.TimeHandlingTest.checkTimeValue(TimeHandlingTest.java:647)&lt;br/&gt;
	at org.apache.derbyTesting.functionTests.tests.lang.TimeHandlingTest.testInertTime(TimeHandlingTest.java:208)&lt;br/&gt;
	at sun.reflect.NativeMethodAccessorImpl.invoke0(Native Method)&lt;br/&gt;
	at sun.reflect.NativeMethodAccessorImpl.invoke(NativeMethodAccessorImpl.java:64)&lt;br/&gt;
	at sun.reflect.DelegatingMethodAccessorImpl.invoke(DelegatingMethodAccessorImpl.java:43)&lt;br/&gt;
	at &amp;lt;unknown class&amp;gt;.&amp;lt;unknown method&amp;gt;(Unknown Source)&lt;br/&gt;
	at org.apache.derbyTesting.junit.BaseTestCase.runBare(BaseTestCase.java:101)&lt;br/&gt;
	at junit.extensions.TestDecorator.basicRun(TestDecorator.java:22)&lt;br/&gt;
	at junit.extensions.TestSetup$1.protect(TestSetup.java:19)&lt;br/&gt;
	at junit.extensions.TestSetup.run(TestSetup.java:23)&lt;br/&gt;
	at org.apache.derbyTesting.junit.BaseTestSetup.run(BaseTestSetup.java:57)&lt;br/&gt;
2) testInertTime(org.apache.derbyTesting.functionTests.tests.lang.TimeHandlingTest)junit.framework.AssertionFailedError: expected:&amp;lt;2&amp;gt; but was:&amp;lt;3&amp;gt;&lt;br/&gt;
	at org.apache.derbyTesting.functionTests.tests.lang.TimeHandlingTest.assertTimeEqual(TimeHandlingTest.java:927)&lt;br/&gt;
	at org.apache.derbyTesting.functionTests.tests.lang.TimeHandlingTest.checkTimeValue(TimeHandlingTest.java:647)&lt;br/&gt;
	at org.apache.derbyTesting.functionTests.tests.lang.TimeHandlingTest.testInertTime(TimeHandlingTest.java:208)&lt;br/&gt;
	at sun.reflect.NativeMethodAccessorImpl.invoke0(Native Method)&lt;br/&gt;
	at sun.reflect.NativeMethodAccessorImpl.invoke(NativeMethodAccessorImpl.java:64)&lt;br/&gt;
	at sun.reflect.DelegatingMethodAccessorImpl.invoke(DelegatingMethodAccessorImpl.java:43)&lt;br/&gt;
	at &amp;lt;unknown class&amp;gt;.&amp;lt;unknown method&amp;gt;(Unknown Source)&lt;br/&gt;
	at org.apache.derbyTesting.junit.BaseTestCase.runBare(BaseTestCase.java:101)&lt;br/&gt;
	at junit.extensions.TestDecorator.basicRun(TestDecorator.java:22)&lt;br/&gt;
	at junit.extensions.TestSetup$1.protect(TestSetup.java:19)&lt;br/&gt;
	at junit.extensions.TestSetup.run(TestSetup.java:23)&lt;br/&gt;
	at org.apache.derbyTesting.junit.BaseTestSetup.run(BaseTestSetup.java:57)&lt;br/&gt;
	at junit.extensions.TestDecorator.basicRun(TestDecorator.java:22)&lt;br/&gt;
	at junit.extensions.TestSetup$1.protect(TestSetup.java:19)&lt;br/&gt;
	at junit.extensions.TestSetup.run(TestSetup.java:23)&lt;br/&gt;
	at junit.extensions.TestDecorator.basicRun(TestDecorator.java:22)&lt;br/&gt;
	at junit.extensions.TestSetup$1.protect(TestSetup.java:19)&lt;br/&gt;
	at junit.extensions.TestSetup.run(TestSetup.java:23)&lt;br/&gt;
	at org.apache.derbyTesting.junit.BaseTestSetup.run(BaseTestSetup.java:57)&lt;/p&gt;

&lt;p&gt;FAILURES!!!&lt;br/&gt;
Tests run: 8740,  Failures: 2,  Errors: 6&lt;/p&gt;

&lt;p&gt;Also failed on j2me testing:&lt;br/&gt;
&lt;a href=&quot;http://people.apache.org/~myrnavl/derby_test_results/main/windows/testlog/weme6.1/635136-suites.All_diff.txt&quot; class=&quot;external-link&quot; rel=&quot;nofollow&quot;&gt;http://people.apache.org/~myrnavl/derby_test_results/main/windows/testlog/weme6.1/635136-suites.All_diff.txt&lt;/a&gt;&lt;/p&gt;

&lt;p&gt;There were 2 failures:&lt;br/&gt;
1) testInertTime(org.apache.derbyTesting.functionTests.tests.lang.TimeHandlingTest)junit.framework.AssertionFailedError: expected:&amp;lt;2&amp;gt; but was:&amp;lt;3&amp;gt;&lt;br/&gt;
	at org.apache.derbyTesting.functionTests.tests.lang.TimeHandlingTest.assertTimeEqual(TimeHandlingTest.java:927)&lt;br/&gt;
	at org.apache.derbyTesting.functionTests.tests.lang.TimeHandlingTest.checkTimeValue(TimeHandlingTest.java:647)&lt;br/&gt;
	at org.apache.derbyTesting.functionTests.tests.lang.TimeHandlingTest.testInertTime(TimeHandlingTest.java:208)&lt;br/&gt;
	at sun.reflect.NativeMethodAccessorImpl.invoke0(Native Method)&lt;br/&gt;
	at sun.reflect.NativeMethodAccessorImpl.invoke(NativeMethodAccessorImpl.java:64)&lt;br/&gt;
	at sun.reflect.DelegatingMethodAccessorImpl.invoke(DelegatingMethodAccessorImpl.java:43)&lt;br/&gt;
	at &amp;lt;unknown class&amp;gt;.&amp;lt;unknown method&amp;gt;(Unknown Source)&lt;br/&gt;
	at org.apache.derbyTesting.junit.BaseTestCase.runBare(BaseTestCase.java:101)&lt;br/&gt;
	at junit.extensions.TestDecorator.basicRun(TestDecorator.java:22)&lt;br/&gt;
	at junit.extensions.TestSetup$1.protect(TestSetup.java:19)&lt;br/&gt;
	at junit.extensions.TestSetup.run(TestSetup.java:23)&lt;br/&gt;
	at org.apache.derbyTesting.junit.BaseTestSetup.run(BaseTestSetup.java:57)&lt;br/&gt;
2) testInertTime(org.apache.derbyTesting.functionTests.tests.lang.TimeHandlingTest)junit.framework.AssertionFailedError: expected:&amp;lt;2&amp;gt; but was:&amp;lt;3&amp;gt;&lt;br/&gt;
	at org.apache.derbyTesting.functionTests.tests.lang.TimeHandlingTest.assertTimeEqual(TimeHandlingTest.java:927)&lt;br/&gt;
	at org.apache.derbyTesting.functionTests.tests.lang.TimeHandlingTest.checkTimeValue(TimeHandlingTest.java:647)&lt;br/&gt;
	at org.apache.derbyTesting.functionTests.tests.lang.TimeHandlingTest.testInertTime(TimeHandlingTest.java:208)&lt;br/&gt;
	at sun.reflect.NativeMethodAccessorImpl.invoke0(Native Method)&lt;br/&gt;
	at sun.reflect.NativeMethodAccessorImpl.invoke(NativeMethodAccessorImpl.java:64)&lt;br/&gt;
	at sun.reflect.DelegatingMethodAccessorImpl.invoke(DelegatingMethodAccessorImpl.java:43)&lt;br/&gt;
	at &amp;lt;unknown class&amp;gt;.&amp;lt;unknown method&amp;gt;(Unknown Source)&lt;br/&gt;
	at org.apache.derbyTesting.junit.BaseTestCase.runBare(BaseTestCase.java:101)&lt;br/&gt;
	at junit.extensions.TestDecorator.basicRun(TestDecorator.java:22)&lt;br/&gt;
	at junit.extensions.TestSetup$1.protect(TestSetup.java:19)&lt;br/&gt;
	at junit.extensions.TestSetup.run(TestSetup.java:23)&lt;br/&gt;
	at org.apache.derbyTesting.junit.BaseTestSetup.run(BaseTestSetup.java:57)&lt;br/&gt;
	at junit.extensions.TestDecorator.basicRun(TestDecorator.java:22)&lt;br/&gt;
	at junit.extensions.TestSetup$1.protect(TestSetup.java:19)&lt;br/&gt;
	at junit.extensions.TestSetup.run(TestSetup.java:23)&lt;br/&gt;
	at junit.extensions.TestDecorator.basicRun(TestDecorator.java:22)&lt;br/&gt;
	at junit.extensions.TestSetup$1.protect(TestSetup.java:19)&lt;br/&gt;
	at junit.extensions.TestSetup.run(TestSetup.java:23)&lt;br/&gt;
	at org.apache.derbyTesting.junit.BaseTestSetup.run(BaseTestSetup.java:57)&lt;/p&gt;

&lt;p&gt;FAILURES!!!&lt;br/&gt;
Tests run: 8740,  Failures: 2,  Errors: 6&lt;/p&gt;</description>
                <environment></environment>
        <key id="12390676">DERBY-3519</key>
            <summary>junit regression test failure in testInertTime(org.apache.derbyTesting.functionTests.tests.lang.TimeHandlingTest)junit.framework.AssertionFailedError: expected:&lt;2&gt; but was:&lt;3&gt;</summary>
                <type id="1" iconUrl="https://issues.apache.org/jira/images/icons/issuetypes/bug.png">Bug</type>
                                            <priority id="5" iconUrl="https://issues.apache.org/jira/images/icons/priorities/trivial.png">Trivial</priority>
                        <status id="6" iconUrl="https://issues.apache.org/jira/images/icons/statuses/closed.png" description="The issue is considered finished, the resolution is correct. Issues which are closed can be reopened.">Closed</status>
                    <statusCategory id="3" key="done" colorName="green"/>
                                    <resolution id="1">Fixed</resolution>
                                        <assignee username="knutanders">Knut Anders Hatlen</assignee>
                                    <reporter username="mikem">Mike Matrigali</reporter>
                        <labels>
                            <label>derby_triage10_8</label>
                    </labels>
                <created>Mon, 10 Mar 2008 16:08:33 +0000</created>
                <updated>Wed, 16 Apr 2014 03:41:06 +0100</updated>
                            <resolved>Thu, 4 Apr 2013 10:22:54 +0100</resolved>
                                    <version>10.3.3.0</version>
                    <version>10.4.1.3</version>
                    <version>10.5.1.1</version>
                    <version>10.8.3.0</version>
                    <version>10.9.1.0</version>
                                    <fixVersion>10.10.2.0</fixVersion>
                    <fixVersion>10.11.1.1</fixVersion>
                                    <component>Test</component>
                        <due></due>
                            <votes>0</votes>
                                    <watches>3</watches>
                                                                <comments>
                            <comment id="12577057" author="mikem" created="Mon, 10 Mar 2008 16:24:21 +0000"  >&lt;p&gt;I am also seeing these failures consistently in a sane, classes run against ibm15 on a laptop.  I saw it 9 out of 9 times running full suite in this environment.&lt;br/&gt;
There were 2 failures:&lt;br/&gt;
1) testInertTime(org.apache.derbyTesting.functionTests.tests.lang.TimeHandlingTe&lt;br/&gt;
st)junit.framework.AssertionFailedError: expected:&amp;lt;2&amp;gt; but was:&amp;lt;3&amp;gt;&lt;br/&gt;
    at org.apache.derbyTesting.functionTests.tests.lang.TimeHandlingTest.assertT&lt;br/&gt;
imeEqual(TimeHandlingTest.java:927)&lt;br/&gt;
    at org.apache.derbyTesting.functionTests.tests.lang.TimeHandlingTest.checkTi&lt;br/&gt;
meValue(TimeHandlingTest.java:647)&lt;br/&gt;
    at org.apache.derbyTesting.functionTests.tests.lang.TimeHandlingTest.testIne&lt;br/&gt;
rtTime(TimeHandlingTest.java:208)&lt;br/&gt;
    at sun.reflect.NativeMethodAccessorImpl.invoke0(Native Method)&lt;br/&gt;
    at sun.reflect.NativeMethodAccessorImpl.invoke(NativeMethodAccessorImpl.java&lt;br/&gt;
:64)&lt;br/&gt;
    at sun.reflect.DelegatingMethodAccessorImpl.invoke(DelegatingMethodAccessorI&lt;br/&gt;
mpl.java:43)&lt;br/&gt;
    at org.apache.derbyTesting.junit.BaseTestCase.runBare(BaseTestCase.java:101)&lt;br/&gt;
    at junit.extensions.TestDecorator.basicRun(TestDecorator.java:22)&lt;br/&gt;
    at junit.extensions.TestSetup$1.protect(TestSetup.java:19)&lt;br/&gt;
    at junit.extensions.TestSetup.run(TestSetup.java:23)&lt;br/&gt;
    at org.apache.derbyTesting.junit.BaseTestSetup.run(BaseTestSetup.java:57)&lt;br/&gt;
2) testInertTime(org.apache.derbyTesting.functionTests.tests.lang.TimeHandlingTe&lt;br/&gt;
st)junit.framework.AssertionFailedError: expected:&amp;lt;2&amp;gt; but was:&amp;lt;3&amp;gt;&lt;br/&gt;
    at org.apache.derbyTesting.functionTests.tests.lang.TimeHandlingTest.assertT&lt;br/&gt;
imeEqual(TimeHandlingTest.java:927)&lt;br/&gt;
    at org.apache.derbyTesting.functionTests.tests.lang.TimeHandlingTest.checkTi&lt;br/&gt;
meValue(TimeHandlingTest.java:647)&lt;br/&gt;
    at org.apache.derbyTesting.functionTests.tests.lang.TimeHandlingTest.testIne&lt;br/&gt;
rtTime(TimeHandlingTest.java:208)&lt;br/&gt;
    at sun.reflect.NativeMethodAccessorImpl.invoke0(Native Method)&lt;br/&gt;
    at sun.reflect.NativeMethodAccessorImpl.invoke(NativeMethodAccessorImpl.java&lt;br/&gt;
:64)&lt;br/&gt;
    at sun.reflect.DelegatingMethodAccessorImpl.invoke(DelegatingMethodAccessorI&lt;br/&gt;
mpl.java:43)&lt;br/&gt;
    at org.apache.derbyTesting.junit.BaseTestCase.runBare(BaseTestCase.java:101)&lt;br/&gt;
    at junit.extensions.TestDecorator.basicRun(TestDecorator.java:22)&lt;br/&gt;
    at junit.extensions.TestSetup$1.protect(TestSetup.java:19)&lt;br/&gt;
    at junit.extensions.TestSetup.run(TestSetup.java:23)&lt;br/&gt;
    at org.apache.derbyTesting.junit.BaseTestSetup.run(BaseTestSetup.java:57)&lt;br/&gt;
    at junit.extensions.TestDecorator.basicRun(TestDecorator.java:22)&lt;br/&gt;
    at junit.extensions.TestSetup$1.protect(TestSetup.java:19)&lt;br/&gt;
    at junit.extensions.TestSetup.run(TestSetup.java:23)&lt;br/&gt;
    at junit.extensions.TestDecorator.basicRun(TestDecorator.java:22)&lt;br/&gt;
    at junit.extensions.TestSetup$1.protect(TestSetup.java:19)&lt;br/&gt;
    at junit.extensions.TestSetup.run(TestSetup.java:23)&lt;br/&gt;
    at org.apache.derbyTesting.junit.BaseTestSetup.run(BaseTestSetup.java:57)&lt;/p&gt;</comment>
                            <comment id="12577063" author="djd" created="Mon, 10 Mar 2008 16:41:49 +0000"  >&lt;p&gt;I saw this on runs over the weekend but it seemed to only occur on Sunday, maybe related to the daylight savings change on Sunday in the US?&lt;/p&gt;</comment>
                            <comment id="12577067" author="mamtas" created="Mon, 10 Mar 2008 16:50:25 +0000"  >&lt;p&gt;I saw the same error on my 10.3 codeline yesterday and I agree with Dan, I think it may have been related to daylight savings change(although I haven&apos;t run the test today to verify that).&lt;/p&gt;</comment>
                            <comment id="12577217" author="mikem" created="Mon, 10 Mar 2008 21:52:02 +0000"  >&lt;p&gt;I have verified that test no longer fails on the Monday after daylight savings time change.  Lowering priority.&lt;/p&gt;</comment>
                            <comment id="12694006" author="knutanders" created="Tue, 31 Mar 2009 08:33:57 +0100"  >&lt;p&gt;Happened again when changing to daylight saving time in Europe:&lt;br/&gt;
&lt;a href=&quot;http://dbtg.thresher.com/derby/test/Daily/jvm1.6/testing/testlog/solN+1/759710-suitesAll_diff.txt&quot; class=&quot;external-link&quot; rel=&quot;nofollow&quot;&gt;http://dbtg.thresher.com/derby/test/Daily/jvm1.6/testing/testlog/solN+1/759710-suitesAll_diff.txt&lt;/a&gt;&lt;/p&gt;</comment>
                            <comment id="13230444" author="mikem" created="Thu, 15 Mar 2012 19:23:16 +0000"  >&lt;p&gt;Test again failed when the US changed over time, so problem still exists.  extremely dependent on exactly when test is run.&lt;br/&gt;
failed in trunk against ibm15, ibm16 and ibm17:&lt;br/&gt;
&lt;a href=&quot;http://people.apache.org/~myrnavl/derby_test_results/main/windows/testlog/ibm15/1299515-suites.All_diff.txt&quot; class=&quot;external-link&quot; rel=&quot;nofollow&quot;&gt;http://people.apache.org/~myrnavl/derby_test_results/main/windows/testlog/ibm15/1299515-suites.All_diff.txt&lt;/a&gt;&lt;br/&gt;
failed in 10.8 against ibm jvms also - here is an example:&lt;br/&gt;
&lt;a href=&quot;http://people.apache.org/~myrnavl/derby_test_results/v10_8/windows/testlog/ibm142/1299518-suites.All_diff.txt&quot; class=&quot;external-link&quot; rel=&quot;nofollow&quot;&gt;http://people.apache.org/~myrnavl/derby_test_results/v10_8/windows/testlog/ibm142/1299518-suites.All_diff.txt&lt;/a&gt;&lt;/p&gt;</comment>
                            <comment id="13618581" author="dagw" created="Mon, 1 Apr 2013 04:38:18 +0100"  >&lt;p&gt;I saw this again last night; test box switched to daylight savings time. Oracle Linux, JDK 1.7.0_13, x86_64.&lt;/p&gt;</comment>
                            <comment id="13620854" author="knutanders" created="Wed, 3 Apr 2013 12:30:26 +0100"  >&lt;p&gt;The problem happens around the day DST starts in the local timezone. The failing test inserts many random TIME values into a table and reads them back out. The failure happens when reading the TIME values using getTimestamp().&lt;/p&gt;

&lt;p&gt;When reading a TIME value with getTimestamp(), Derby fills the date component of the timestamp with the values of the current date. &lt;a href=&quot;https://issues.apache.org/jira/browse/DERBY-889&quot; title=&quot;with client getTimestamp on a TIME column will print the date  1900-01-01 instead of the current date&quot; class=&quot;issue-link&quot; data-issue-key=&quot;DERBY-889&quot;&gt;&lt;del&gt;DERBY-889&lt;/del&gt;&lt;/a&gt; discusses why that&apos;s the right thing to do.&lt;/p&gt;

&lt;p&gt;So, in the CET/CEST timezone at least, if the TIME value is between 2am and 3am, and getTimestamp() is called during the day DST starts, the hour component of the returned timestamp will be adjusted from 2 to 3, as there is no valid timestamp on that day for the hour between 2am and 3am. Since the test compares the time components of the timestamp and the original time value, and sees that they are different, it thinks the timestamp value was unexpected and fails.&lt;/p&gt;

&lt;p&gt;The attached patch makes the test calculate the existing timestamp using the same conversion rules as Derby&apos;s JDBC drivers. I&apos;ve verified that this makes the test pass when I change the time to March 31 (the day DST started in CET). It fails without the patch.&lt;/p&gt;

&lt;p&gt;I also took the opportunity to do some other cleanup in TimeHandlingTest:&lt;/p&gt;

&lt;ul class=&quot;alternate&quot; type=&quot;square&quot;&gt;
	&lt;li&gt;removed some unnecessary throws clauses&lt;/li&gt;
&lt;/ul&gt;


&lt;ul class=&quot;alternate&quot; type=&quot;square&quot;&gt;
	&lt;li&gt;simplified some of the calendar manipulation methods&lt;/li&gt;
&lt;/ul&gt;
</comment>
                            <comment id="13620861" author="knutanders" created="Wed, 3 Apr 2013 12:41:14 +0100"  >&lt;p&gt;Since the Derby code also lives on GitHub... Here&apos;s the patch with nice colours: &lt;a href=&quot;https://github.com/kahatlen/derby/commit/92dddea76269a2c44455d718c73d1213a4e1e326&quot; class=&quot;external-link&quot; rel=&quot;nofollow&quot;&gt;https://github.com/kahatlen/derby/commit/92dddea76269a2c44455d718c73d1213a4e1e326&lt;/a&gt;&lt;/p&gt;</comment>
                            <comment id="13621963" author="knutanders" created="Thu, 4 Apr 2013 10:22:54 +0100"  >&lt;p&gt;Committed revision 1464386.&lt;/p&gt;</comment>
                            <comment id="13683528" author="jira-bot" created="Fri, 14 Jun 2013 18:01:08 +0100"  >&lt;p&gt;Commit 1493156 from &lt;a href=&quot;https://issues.apache.org/jira/secure/ViewProfile.jspa?name=kmarsden&quot; class=&quot;user-hover&quot; rel=&quot;kmarsden&quot;&gt;Kathey Marsden&lt;/a&gt;&lt;br/&gt;
[ &lt;a href=&quot;https://svn.apache.org/r1493156&quot; class=&quot;external-link&quot; rel=&quot;nofollow&quot;&gt;https://svn.apache.org/r1493156&lt;/a&gt; ]&lt;/p&gt;

&lt;p&gt;&lt;a href=&quot;https://issues.apache.org/jira/browse/DERBY-3519&quot; title=&quot;junit regression test failure in testInertTime(org.apache.derbyTesting.functionTests.tests.lang.TimeHandlingTest)junit.framework.AssertionFailedError: expected:&amp;lt;2&amp;gt; but was:&amp;lt;3&amp;gt;&quot; class=&quot;issue-link&quot; data-issue-key=&quot;DERBY-3519&quot;&gt;&lt;del&gt;DERBY-3519&lt;/del&gt;&lt;/a&gt; junit regression test failure in testInertTime(org.apache.derbyTesting.functionTests.tests.lang.TimeHandlingTest)junit.framework.AssertionFailedError: expected:&amp;lt;2&amp;gt; but was:&amp;lt;3&amp;gt; &lt;/p&gt;

&lt;p&gt;merge from trunk revision  1464386.  Contributed by Knut Anders Hatlen&lt;/p&gt;</comment>
                    </comments>
                <issuelinks>
                            <issuelinktype id="10030">
                    <name>Reference</name>
                                                                <inwardlinks description="is related to">
                                        <issuelink>
            <issuekey id="12328223">DERBY-889</issuekey>
        </issuelink>
                            </inwardlinks>
                                    </issuelinktype>
                    </issuelinks>
                <attachments>
                            <attachment id="12576771" name="d3519-1a.diff" size="6100" author="knutanders" created="Wed, 3 Apr 2013 12:30:26 +0100"/>
                    </attachments>
                <subtasks>
                    </subtasks>
                <customfields>
                                                <customfield id="customfield_12310310" key="com.atlassian.jira.toolkit:attachments">
                        <customfieldname>Attachment count</customfieldname>
                        <customfieldvalues>
                            <customfieldvalue>1.0</customfieldvalue>
                        </customfieldvalues>
                    </customfield>
                                                                                                                                                                                                                                                                                                                                                        <customfield id="customfield_12310200" key="com.atlassian.jira.plugin.system.customfieldtypes:multicheckboxes">
                        <customfieldname>Bug behavior facts</customfieldname>
                        <customfieldvalues>
                                <customfieldvalue key="10369"><![CDATA[Regression Test Failure]]></customfieldvalue>
    
                        </customfieldvalues>
                    </customfield>
                                                                                                                                                                                                                                                                    <customfield id="customfield_12310220" key="com.atlassian.jira.ext.charting:firstresponsedate">
                        <customfieldname>Date of First Response</customfieldname>
                        <customfieldvalues>
                            <customfieldvalue>Mon, 10 Mar 2008 16:41:49 +0000</customfieldvalue>

                        </customfieldvalues>
                    </customfield>
                                                                                                                                                                                                                                                                                                                                                                                    <customfield id="customfield_12310420" key="com.pyxis.greenhopper.jira:gh-global-rank">
                        <customfieldname>Global Rank</customfieldname>
                        <customfieldvalues>
                            <customfieldvalue>23685</customfieldvalue>
                        </customfieldvalues>
                    </customfield>
                                                                                                                                                                                <customfield id="customfield_12311820" key="com.pyxis.greenhopper.jira:gh-lexo-rank">
                        <customfieldname>Rank</customfieldname>
                        <customfieldvalues>
                            <customfieldvalue>2|hy0cof:</customfieldvalue>

                        </customfieldvalues>
                    </customfield>
                                                                <customfield id="customfield_12310920" key="com.pyxis.greenhopper.jira:gh-global-rank">
                        <customfieldname>Rank (Obsolete)</customfieldname>
                        <customfieldvalues>
                            <customfieldvalue>35872</customfieldvalue>
                        </customfieldvalues>
                    </customfield>
                                                                                                                                                                                                                                        <customfield id="customfield_12310222" key="com.atlassian.jira.ext.charting:timeinstatus">
                        <customfieldname>Time in Status</customfieldname>
                        <customfieldvalues>
                            
                        </customfieldvalues>
                    </customfield>
                                                                                            <customfield id="customfield_12310050" key="com.atlassian.jira.plugin.system.customfieldtypes:select">
                        <customfieldname>Urgency</customfieldname>
                        <customfieldvalues>
                                <customfieldvalue key="10053"><![CDATA[Low]]></customfieldvalue>

                        </customfieldvalues>
                    </customfield>
                                    </customfields>
    </item>
</channel>
</rss>