<!-- 
RSS generated by JIRA (6.3.4#6332-sha1:51bc225ef474afe3128b2f66878477f322397b16) at Sun May 17 03:07:57 UTC 2015

It is possible to restrict the fields that are returned in this document by specifying the 'field' parameter in your request.
For example, to request only the issue key and summary add field=key&field=summary to the URL of your request.
For example:
https://issues.apache.org/jira/si/jira.issueviews:issue-xml/DERBY-3774/DERBY-3774.xml?field=key&amp;field=summary
-->
<rss version="0.92" >
<channel>
    <title>ASF JIRA</title>
    <link>https://issues.apache.org/jira</link>
    <description>This file is an XML representation of an issue</description>
    <language>en-uk</language>    <build-info>
        <version>6.3.4</version>
        <build-number>6332</build-number>
        <build-date>15-08-2014</build-date>
    </build-info>

<item>
            <title>[DERBY-3774] jdbc4/ClobTest fails on Zos with AssertionFailedError: Streams differ at index 0 expected:&lt;200&gt; but was:&lt;72&gt;</title>
                <link>https://issues.apache.org/jira/browse/DERBY-3774</link>
                <project id="10594" key="DERBY">Derby</project>
                    <description>&lt;p&gt;testGetAsciiStreamCreateClob(org.apache.derbyTesting.functionTes&lt;br/&gt;
ts.tests.jdbc4.ClobTest)junit.framework.AssertionFailedError: &lt;br/&gt;
Streams differ at index 0 expected:&amp;lt;200&amp;gt; but was:&amp;lt;72&amp;gt;&lt;br/&gt;
	at &lt;br/&gt;
org.apache.derbyTesting.junit.BaseTestCase.assertEquals(BaseTest&lt;br/&gt;
Case.java:341)&lt;br/&gt;
	at &lt;br/&gt;
org.apache.derbyTesting.functionTests.tests.jdbc4.ClobTest.testG&lt;br/&gt;
etAsciiStreamCreateClob(ClobTest.java:575)&lt;br/&gt;
	at sun.reflect.NativeMethodAccessorImpl.invoke0(Native &lt;br/&gt;
Method)&lt;br/&gt;
	at &lt;br/&gt;
sun.reflect.NativeMethodAccessorImpl.invoke(NativeMethodAccessor&lt;br/&gt;
Impl.java:59)&lt;br/&gt;
	at &lt;br/&gt;
sun.reflect.DelegatingMethodAccessorImpl.invoke(DelegatingMethod&lt;br/&gt;
AccessorImpl.java:39)&lt;br/&gt;
	at &lt;br/&gt;
org.apache.derbyTesting.junit.BaseTestCase.runBare(BaseTestCase.&lt;br/&gt;
java:101)&lt;br/&gt;
	at &lt;br/&gt;
junit.extensions.TestDecorator.basicRun(TestDecorator.java:22)&lt;br/&gt;
	at junit.extensions.TestSetup$1.protect(TestSetup.java:19)&lt;br/&gt;
	at junit.extensions.TestSetup.run(TestSetup.java:23)&lt;br/&gt;
	at &lt;br/&gt;
org.apache.derbyTesting.junit.BaseTestSetup.run(BaseTestSetup.ja&lt;br/&gt;
va:57)&lt;br/&gt;
	at &lt;br/&gt;
junit.extensions.TestDecorator.basicRun(TestDecorator.java:22)&lt;br/&gt;
	at junit.extensions.TestSetup$1.protect(TestSetup.java:19)&lt;br/&gt;
	at junit.extensions.TestSetup.run(TestSetup.java:23)&lt;br/&gt;
	at &lt;br/&gt;
junit.extensions.TestDecorator.basicRun(TestDecorator.java:22)&lt;br/&gt;
	at junit.extensions.TestSetup$1.protect(TestSetup.java:19)&lt;br/&gt;
	at junit.extensions.TestSetup.run(TestSetup.java:23)&lt;br/&gt;
	at &lt;br/&gt;
org.apache.derbyTesting.junit.BaseTestSetup.run(BaseTestSetup.ja&lt;br/&gt;
va:57)&lt;br/&gt;
	at &lt;br/&gt;
junit.extensions.TestDecorator.basicRun(TestDecorator.java:22)&lt;br/&gt;
	at junit.extensions.TestSetup$1.protect(TestSetup.java:19)&lt;br/&gt;
	at junit.extensions.TestSetup.run(TestSetup.java:23)&lt;br/&gt;
	at &lt;br/&gt;
org.apache.derbyTesting.junit.BaseTestSetup.run(BaseTestSetup.ja&lt;br/&gt;
va:57)&lt;/p&gt;

&lt;p&gt;I was able to reproduce this on Windows with slightly different errors running with -Dfile.encoding=&quot;UTF-16&quot;&lt;/p&gt;

&lt;p&gt;There were 2 errors:&lt;br/&gt;
) testGetCharacterStreamClobUpdates(org.apache.derbyTesting.functionTests.tests.jdbc4.ClobTest)java.sql.SQLException: T&lt;br/&gt;
e position argument &apos;53&apos; exceeds the size of the BLOB/CLOB.&lt;br/&gt;
       at org.apache.derby.impl.jdbc.SQLExceptionFactory40.getSQLException(SQLExceptionFactory40.java:95)&lt;br/&gt;
       at org.apache.derby.impl.jdbc.Util.newEmbedSQLException(Util.java:87)&lt;br/&gt;
       at org.apache.derby.impl.jdbc.Util.newEmbedSQLException(Util.java:93)&lt;br/&gt;
       at org.apache.derby.impl.jdbc.Util.generateCsSQLException(Util.java:172)&lt;br/&gt;
       at org.apache.derby.impl.jdbc.EmbedClob.setString(EmbedClob.java:559)&lt;br/&gt;
       at org.apache.derby.impl.jdbc.EmbedClob.setString(EmbedClob.java:525)&lt;br/&gt;
       at org.apache.derbyTesting.functionTests.tests.jdbc4.ClobTest.testGetCharacterStreamClobUpdates(ClobTest.java:69&lt;br/&gt;
)&lt;br/&gt;
       at sun.reflect.NativeMethodAccessorImpl.invoke0(Native Method)&lt;br/&gt;
       at sun.reflect.NativeMethodAccessorImpl.invoke(NativeMethodAccessorImpl.java:39)&lt;br/&gt;
       at sun.reflect.DelegatingMethodAccessorImpl.invoke(DelegatingMethodAccessorImpl.java:25)&lt;br/&gt;
       at org.apache.derbyTesting.junit.BaseTestCase.runBare(BaseTestCase.java:104)&lt;br/&gt;
       at junit.extensions.TestDecorator.basicRun(TestDecorator.java:22)&lt;br/&gt;
       at junit.extensions.TestSetup$1.protect(TestSetup.java:19)&lt;br/&gt;
       at junit.extensions.TestSetup.run(TestSetup.java:23)&lt;br/&gt;
       at org.apache.derbyTesting.junit.BaseTestSetup.run(BaseTestSetup.java:57)&lt;br/&gt;
       at junit.extensions.TestDecorator.basicRun(TestDecorator.java:22)&lt;br/&gt;
       at junit.extensions.TestSetup$1.protect(TestSetup.java:19)&lt;br/&gt;
       at junit.extensions.TestSetup.run(TestSetup.java:23)&lt;br/&gt;
       at org.apache.derbyTesting.junit.BaseTestSetup.run(BaseTestSetup.java:57)&lt;br/&gt;
aused by: java.sql.SQLException: The position argument &apos;53&apos; exceeds the size of the BLOB/CLOB.&lt;br/&gt;
       at org.apache.derby.impl.jdbc.SQLExceptionFactory.getSQLException(SQLExceptionFactory.java:45)&lt;br/&gt;
       at org.apache.derby.impl.jdbc.SQLExceptionFactory40.wrapArgsForTransportAcrossDRDA(SQLExceptionFactory40.java:11&lt;br/&gt;
)&lt;br/&gt;
       at org.apache.derby.impl.jdbc.SQLExceptionFactory40.getSQLException(SQLExceptionFactory40.java:70)&lt;br/&gt;
       ... 34 more&lt;br/&gt;
) testGetCharacterStreamClobUpdates(org.apache.derbyTesting.functionTests.tests.jdbc4.ClobTest)java.sql.SQLException: T&lt;br/&gt;
e position argument &apos;53&apos; exceeds the size of the BLOB/CLOB.&lt;br/&gt;
       at org.apache.derby.client.am.SQLExceptionFactory40.getSQLException(SQLExceptionFactory40.java:96)&lt;br/&gt;
       at org.apache.derby.client.am.SqlException.getSQLException(SqlException.java:362)&lt;br/&gt;
       at org.apache.derby.client.am.Clob.setString(Clob.java:588)&lt;br/&gt;
       at org.apache.derbyTesting.functionTests.tests.jdbc4.ClobTest.testGetCharacterStreamClobUpdates(ClobTest.java:69&lt;br/&gt;
)&lt;br/&gt;
       at sun.reflect.NativeMethodAccessorImpl.invoke0(Native Method)&lt;br/&gt;
       at sun.reflect.NativeMethodAccessorImpl.invoke(NativeMethodAccessorImpl.java:39)&lt;br/&gt;
       at sun.reflect.DelegatingMethodAccessorImpl.invoke(DelegatingMethodAccessorImpl.java:25)&lt;br/&gt;
       at org.apache.derbyTesting.junit.BaseTestCase.runBare(BaseTestCase.java:104)&lt;br/&gt;
       at junit.extensions.TestDecorator.basicRun(TestDecorator.java:22)&lt;br/&gt;
       at junit.extensions.TestSetup$1.protect(TestSetup.java:19)&lt;br/&gt;
       at junit.extensions.TestSetup.run(TestSetup.java:23)&lt;br/&gt;
       at org.apache.derbyTesting.junit.BaseTestSetup.run(BaseTestSetup.java:57)&lt;br/&gt;
       at junit.extensions.TestDecorator.basicRun(TestDecorator.java:22)&lt;br/&gt;
       at junit.extensions.TestSetup$1.protect(TestSetup.java:19)&lt;br/&gt;
       at junit.extensions.TestSetup.run(TestSetup.java:23)&lt;br/&gt;
       at junit.extensions.TestDecorator.basicRun(TestDecorator.java:22)&lt;br/&gt;
       at junit.extensions.TestSetup$1.protect(TestSetup.java:19)&lt;br/&gt;
       at junit.extensions.TestSetup.run(TestSetup.java:23)&lt;br/&gt;
       at org.apache.derbyTesting.junit.BaseTestSetup.run(BaseTestSetup.java:57)&lt;br/&gt;
       at junit.extensions.TestDecorator.basicRun(TestDecorator.java:22)&lt;br/&gt;
       at junit.extensions.TestSetup$1.protect(TestSetup.java:19)&lt;br/&gt;
       at junit.extensions.TestSetup.run(TestSetup.java:23)&lt;br/&gt;
       at org.apache.derbyTesting.junit.BaseTestSetup.run(BaseTestSetup.java:57)&lt;br/&gt;
aused by: org.apache.derby.client.am.SqlException: The position argument &apos;53&apos; exceeds the size of the BLOB/CLOB.&lt;br/&gt;
       at org.apache.derby.client.am.Clob.setStringX(Clob.java:624)&lt;br/&gt;
       at org.apache.derby.client.am.Clob.setString(Clob.java:579)&lt;br/&gt;
       ... 38 more&lt;br/&gt;
here were 2 failures:&lt;br/&gt;
) testGetAsciiStreamCreateClob(org.apache.derbyTesting.functionTests.tests.jdbc4.ClobTest)junit.framework.AssertionFail&lt;br/&gt;
dError: Streams differ at index 0 expected:&amp;lt;254&amp;gt; but was:&amp;lt;72&amp;gt;&lt;br/&gt;
       at org.apache.derbyTesting.junit.BaseTestCase.assertEquals(BaseTestCase.java:343)&lt;br/&gt;
       at org.apache.derbyTesting.functionTests.tests.jdbc4.ClobTest.testGetAsciiStreamCreateClob(ClobTest.java:575)&lt;br/&gt;
       at sun.reflect.NativeMethodAccessorImpl.invoke0(Native Method)&lt;br/&gt;
       at sun.reflect.NativeMethodAccessorImpl.invoke(NativeMethodAccessorImpl.java:39)&lt;br/&gt;
       at sun.reflect.DelegatingMethodAccessorImpl.invoke(DelegatingMethodAccessorImpl.java:25)&lt;br/&gt;
       at org.apache.derbyTesting.junit.BaseTestCase.runBare(BaseTestCase.java:104)&lt;br/&gt;
       at junit.extensions.TestDecorator.basicRun(TestDecorator.java:22)&lt;br/&gt;
       at junit.extensions.TestSetup$1.protect(TestSetup.java:19)&lt;br/&gt;
       at junit.extensions.TestSetup.run(TestSetup.java:23)&lt;br/&gt;
       at org.apache.derbyTesting.junit.BaseTestSetup.run(BaseTestSetup.java:57)&lt;br/&gt;
       at junit.extensions.TestDecorator.basicRun(TestDecorator.java:22)&lt;br/&gt;
       at junit.extensions.TestSetup$1.protect(TestSetup.java:19)&lt;br/&gt;
       at junit.extensions.TestSetup.run(TestSetup.java:23)&lt;br/&gt;
       at org.apache.derbyTesting.junit.BaseTestSetup.run(BaseTestSetup.java:57)&lt;br/&gt;
) testGetAsciiStreamCreateClob(org.apache.derbyTesting.functionTests.tests.jdbc4.ClobTest)junit.framework.AssertionFail&lt;br/&gt;
dError: Streams differ at index 0 expected:&amp;lt;254&amp;gt; but was:&amp;lt;72&amp;gt;&lt;br/&gt;
       at org.apache.derbyTesting.junit.BaseTestCase.assertEquals(BaseTestCase.java:343)&lt;br/&gt;
       at org.apache.derbyTesting.functionTests.tests.jdbc4.ClobTest.testGetAsciiStreamCreateClob(ClobTest.java:575)&lt;br/&gt;
       at sun.reflect.NativeMethodAccessorImpl.invoke0(Native Method)&lt;br/&gt;
       at sun.reflect.NativeMethodAccessorImpl.invoke(NativeMethodAccessorImpl.java:39)&lt;br/&gt;
       at sun.reflect.DelegatingMethodAccessorImpl.invoke(DelegatingMethodAccessorImpl.java:25)&lt;br/&gt;
       at org.apache.derbyTesting.junit.BaseTestCase.runBare(BaseTestCase.java:104)&lt;br/&gt;
       at junit.extensions.TestDecorator.basicRun(TestDecorator.java:22)&lt;br/&gt;
       at junit.extensions.TestSetup$1.protect(TestSetup.java:19)&lt;br/&gt;
       at junit.extensions.TestSetup.run(TestSetup.java:23)&lt;br/&gt;
       at org.apache.derbyTesting.junit.BaseTestSetup.run(BaseTestSetup.java:57)&lt;br/&gt;
       at junit.extensions.TestDecorator.basicRun(TestDecorator.java:22)&lt;br/&gt;
       at junit.extensions.TestSetup$1.protect(TestSetup.java:19)&lt;br/&gt;
       at junit.extensions.TestSetup.run(TestSetup.java:23)&lt;br/&gt;
       at junit.extensions.TestDecorator.basicRun(TestDecorator.java:22)&lt;br/&gt;
       at junit.extensions.TestSetup$1.protect(TestSetup.java:19)&lt;br/&gt;
       at junit.extensions.TestSetup.run(TestSetup.java:23)&lt;br/&gt;
       at org.apache.derbyTesting.junit.BaseTestSetup.run(BaseTestSetup.java:57)&lt;br/&gt;
       at junit.extensions.TestDecorator.basicRun(TestDecorator.java:22)&lt;br/&gt;
       at junit.extensions.TestSetup$1.protect(TestSetup.java:19)&lt;br/&gt;
       at junit.extensions.TestSetup.run(TestSetup.java:23)&lt;br/&gt;
       at org.apache.derbyTesting.junit.BaseTestSetup.run(BaseTestSetup.java:57)&lt;/p&gt;

&lt;p&gt;FAILURES!!!&lt;br/&gt;
Tests run: 22,  Failures: 2,  Errors: 2&lt;/p&gt;</description>
                <environment></environment>
        <key id="12399954">DERBY-3774</key>
            <summary>jdbc4/ClobTest fails on Zos with AssertionFailedError: Streams differ at index 0 expected:&lt;200&gt; but was:&lt;72&gt;</summary>
                <type id="1" iconUrl="https://issues.apache.org/jira/images/icons/issuetypes/bug.png">Bug</type>
                                            <priority id="3" iconUrl="https://issues.apache.org/jira/images/icons/priorities/major.png">Major</priority>
                        <status id="6" iconUrl="https://issues.apache.org/jira/images/icons/statuses/closed.png" description="The issue is considered finished, the resolution is correct. Issues which are closed can be reopened.">Closed</status>
                    <statusCategory id="3" key="done" colorName="green"/>
                                    <resolution id="1">Fixed</resolution>
                                        <assignee username="kmarsden">Kathey Marsden</assignee>
                                    <reporter username="kmarsden">Kathey Marsden</reporter>
                        <labels>
                    </labels>
                <created>Wed, 9 Jul 2008 21:19:12 +0100</created>
                <updated>Mon, 4 May 2009 19:22:20 +0100</updated>
                            <resolved>Fri, 11 Jul 2008 16:27:22 +0100</resolved>
                                    <version>10.5.1.1</version>
                                    <fixVersion>10.4.2.0</fixVersion>
                    <fixVersion>10.5.1.1</fixVersion>
                                    <component>JDBC</component>
                        <due></due>
                            <votes>0</votes>
                                    <watches>0</watches>
                                                                        <attachments>
                    </attachments>
                <subtasks>
                    </subtasks>
                <customfields>
                                                <customfield id="customfield_12310310" key="com.atlassian.jira.toolkit:attachments">
                        <customfieldname>Attachment count</customfieldname>
                        <customfieldvalues>
                            <customfieldvalue>0.0</customfieldvalue>
                        </customfieldvalues>
                    </customfield>
                                                                                                                                                                                                                                                                                                                                                                                                                                                                                                                                                                                                                                                                                                                                                                                                                                                                                                                                        <customfield id="customfield_12310420" key="com.pyxis.greenhopper.jira:gh-global-rank">
                        <customfieldname>Global Rank</customfieldname>
                        <customfieldvalues>
                            <customfieldvalue>23835</customfieldvalue>
                        </customfieldvalues>
                    </customfield>
                                                                                                                                                                                <customfield id="customfield_12311820" key="com.pyxis.greenhopper.jira:gh-lexo-rank">
                        <customfieldname>Rank</customfieldname>
                        <customfieldvalues>
                            <customfieldvalue>2|hy0xqn:</customfieldvalue>

                        </customfieldvalues>
                    </customfield>
                                                                <customfield id="customfield_12310920" key="com.pyxis.greenhopper.jira:gh-global-rank">
                        <customfieldname>Rank (Obsolete)</customfieldname>
                        <customfieldvalues>
                            <customfieldvalue>39284</customfieldvalue>
                        </customfieldvalues>
                    </customfield>
                                                                                                                                                                                                                                        <customfield id="customfield_12310222" key="com.atlassian.jira.ext.charting:timeinstatus">
                        <customfieldname>Time in Status</customfieldname>
                        <customfieldvalues>
                            
                        </customfieldvalues>
                    </customfield>
                                                                                            </customfields>
    </item>
</channel>
</rss>