<!-- 
RSS generated by JIRA (6.3.4#6332-sha1:51bc225ef474afe3128b2f66878477f322397b16) at Sun May 17 03:34:09 UTC 2015

It is possible to restrict the fields that are returned in this document by specifying the 'field' parameter in your request.
For example, to request only the issue key and summary add field=key&field=summary to the URL of your request.
For example:
https://issues.apache.org/jira/si/jira.issueviews:issue-xml/DERBY-4540/DERBY-4540.xml?field=key&amp;field=summary
-->
<rss version="0.92" >
<channel>
    <title>ASF JIRA</title>
    <link>https://issues.apache.org/jira</link>
    <description>This file is an XML representation of an issue</description>
    <language>en-uk</language>    <build-info>
        <version>6.3.4</version>
        <build-number>6332</build-number>
        <build-date>15-08-2014</build-date>
    </build-info>

<item>
            <title>[DERBY-4540] &apos;AssertionFailedError&apos; in &apos;store.AccessTest.testCS4595B_UniqueIndex(AccessTest.java:1729)&apos; on SUSE Linux / IBM JIT  - r9</title>
                <link>https://issues.apache.org/jira/browse/DERBY-4540</link>
                <project id="10594" key="DERBY">Derby</project>
                    <description>&lt;p&gt;See&lt;/p&gt;

&lt;p&gt;&lt;a href=&quot;http://dbtg.foundry.sun.com/derby/test/trunk16/jvmAll/testing/testlog/JDK16_IBM60Linux-2.6.16.60-0.21-bigsmp_i686-i686/907276-org.apache.derbyTesting.functionTests.suites.All_diff.txt&quot; class=&quot;external-link&quot; rel=&quot;nofollow&quot;&gt;http://dbtg.foundry.sun.com/derby/test/trunk16/jvmAll/testing/testlog/JDK16_IBM60Linux-2.6.16.60-0.21-bigsmp_i686-i686/907276-org.apache.derbyTesting.functionTests.suites.All_diff.txt&lt;/a&gt; :&lt;/p&gt;

&lt;p&gt;There was 1 failure:&lt;br/&gt;
1) testCS4595B_UniqueIndex(org.apache.derbyTesting.functionTests.tests.store.AccessTest)junit.framework.AssertionFailedError&lt;br/&gt;
	at org.apache.derbyTesting.functionTests.tests.store.AccessTest.assertStatsOK(AccessTest.java:363)&lt;br/&gt;
	at org.apache.derbyTesting.functionTests.tests.store.AccessTest.doTestCaseCS4595B(AccessTest.java:1669)&lt;br/&gt;
	at org.apache.derbyTesting.functionTests.tests.store.AccessTest.testCS4595B_UniqueIndex(AccessTest.java:1729)&lt;br/&gt;
	at sun.reflect.NativeMethodAccessorImpl.invoke0(Native Method)&lt;br/&gt;
	at sun.reflect.NativeMethodAccessorImpl.invoke(NativeMethodAccessorImpl.java:39)&lt;br/&gt;
	at sun.reflect.DelegatingMethodAccessorImpl.invoke(DelegatingMethodAccessorImpl.java:37)&lt;br/&gt;
	at org.apache.derbyTesting.junit.BaseTestCase.runBare(BaseTestCase.java:109)&lt;br/&gt;
	at junit.extensions.TestDecorator.basicRun(TestDecorator.java:24)&lt;br/&gt;
	at junit.extensions.TestSetup$1.protect(TestSetup.java:21)&lt;br/&gt;
	at junit.extensions.TestSetup.run(TestSetup.java:25)&lt;br/&gt;
	at junit.extensions.TestDecorator.basicRun(TestDecorator.java:24)&lt;br/&gt;
	at junit.extensions.TestSetup$1.protect(TestSetup.java:21)&lt;br/&gt;
	at junit.extensions.TestSetup.run(TestSetup.java:25)&lt;br/&gt;
	at org.apache.derbyTesting.junit.BaseTestSetup.run(BaseTestSetup.java:57)&lt;/p&gt;</description>
                <environment>OS:&lt;br/&gt;
SUSE Linux Enterprise Server 10 (i586) [Version 10 / Patchlevel 2] 32bits&lt;br/&gt;
Linux 2.6.16.60-0.21-bigsmp #1 SMP Tue May 6 12:41:02 UTC 2008 GNU/Linux&lt;br/&gt;
&lt;br/&gt;
JVM:&lt;br/&gt;
IBM Corporation&lt;br/&gt;
JIT  - r9_20090518_2017&lt;br/&gt;
GC   - 20090417_AA)&lt;br/&gt;
JCL  - 20090529_01&lt;br/&gt;
</environment>
        <key id="12455608">DERBY-4540</key>
            <summary>&apos;AssertionFailedError&apos; in &apos;store.AccessTest.testCS4595B_UniqueIndex(AccessTest.java:1729)&apos; on SUSE Linux / IBM JIT  - r9</summary>
                <type id="1" iconUrl="https://issues.apache.org/jira/images/icons/issuetypes/bug.png">Bug</type>
                                            <priority id="3" iconUrl="https://issues.apache.org/jira/images/icons/priorities/major.png">Major</priority>
                        <status id="6" iconUrl="https://issues.apache.org/jira/images/icons/statuses/closed.png" description="The issue is considered finished, the resolution is correct. Issues which are closed can be reopened.">Closed</status>
                    <statusCategory id="3" key="done" colorName="green"/>
                                    <resolution id="3">Duplicate</resolution>
                                        <assignee username="-1">Unassigned</assignee>
                                    <reporter username="olesolberg">Ole Solberg</reporter>
                        <labels>
                            <label>derby_triage10_8</label>
                    </labels>
                <created>Mon, 8 Feb 2010 08:50:33 +0000</created>
                <updated>Fri, 15 Nov 2013 08:15:12 +0000</updated>
                            <resolved>Wed, 28 Mar 2012 23:14:34 +0100</resolved>
                                    <version>10.6.1.0</version>
                    <version>10.8.3.0</version>
                                                    <component>Test</component>
                        <due></due>
                            <votes>0</votes>
                                    <watches>2</watches>
                                                                <comments>
                            <comment id="12831018" author="myrna" created="Mon, 8 Feb 2010 17:57:55 +0000"  >&lt;p&gt;This test was recently converted to junit...The original had some instability in it, which was weeded out over time...Perhaps that&apos;s all this is also.&lt;/p&gt;</comment>
                            <comment id="12865507" author="dagw" created="Sat, 8 May 2010 23:10:35 +0100"  >&lt;p&gt;Just saw this on Vista/Sun JRE 1.6 as well (&lt;a href=&quot;http://dbtg.foundry.sun.com/derby/test/Daily/jvm1.6/testing/Limited/testSummary-942136.html&quot; class=&quot;external-link&quot; rel=&quot;nofollow&quot;&gt;http://dbtg.foundry.sun.com/derby/test/Daily/jvm1.6/testing/Limited/testSummary-942136.html&lt;/a&gt; )&lt;/p&gt;</comment>
                            <comment id="12980574" author="myrna" created="Wed, 12 Jan 2011 06:03:59 +0000"  >&lt;p&gt;I ran tests with10.8.0.0 alpha (1057502) with IBM 1.6 SR9 on windows XP and saw this same error. So, still there...&lt;/p&gt;</comment>
                            <comment id="13004733" author="kmarsden" created="Wed, 9 Mar 2011 19:04:51 +0000"  >&lt;p&gt;I saw this on IBM 1.6 on 2011-03-08&lt;br/&gt;
There was 1 failure:&lt;br/&gt;
1) testCaseCS4595B_NonUniqueIndex(org.apache.derbyTesting.functionTests.tests.store.AccessTest)junit.framework.AssertionFailedError&lt;br/&gt;
	at org.apache.derbyTesting.functionTests.tests.store.AccessTest.assertStatsOK(AccessTest.java:363)&lt;br/&gt;
	at org.apache.derbyTesting.functionTests.tests.store.AccessTest.doTestCaseCS4595B(AccessTest.java:1669)&lt;br/&gt;
	at org.apache.derbyTesting.functionTests.tests.store.AccessTest.testCaseCS4595B_NonUniqueIndex(AccessTest.java:1791)&lt;br/&gt;
	at sun.reflect.NativeMethodAccessorImpl.invoke0(Native Method)&lt;br/&gt;
	at sun.reflect.NativeMethodAccessorImpl.invoke(NativeMethodAccessorImpl.java:60)&lt;br/&gt;
	at sun.reflect.DelegatingMethodAccessorImpl.invoke(DelegatingMethodAccessorImpl.java:37)&lt;br/&gt;
	at org.apache.derbyTesting.junit.BaseTestCase.runBare(BaseTestCase.java:112)&lt;br/&gt;
	at junit.extensions.TestDecorator.basicRun(TestDecorator.java:22)&lt;br/&gt;
	at junit.extensions.TestSetup$1.protect(TestSetup.java:19)&lt;br/&gt;
	at junit.extensions.TestSetup.run(TestSetup.java:16)&lt;br/&gt;
	at junit.extensions.TestDecorator.basicRun(TestDecorator.java:22)&lt;br/&gt;
	at junit.extensions.TestSetup$1.protect(TestSetup.java:19)&lt;br/&gt;
	at junit.extensions.TestSetup.run(TestSetup.java:23)&lt;br/&gt;
	at org.apache.derbyTesting.junit.BaseTestSetup.run(BaseTestSetup.java:51)&lt;br/&gt;
	at junit.extensions.TestDecorator.basicRun(TestDecorator.java:22)&lt;br/&gt;
	at junit.extensions.TestSetup$1.protect(TestSetup.java:19)&lt;br/&gt;
	at junit.extensions.TestSetup.run(TestSetup.java:16)&lt;/p&gt;

&lt;p&gt;There was a prior failure in the same test. I am not sure if that is related but well could be.&lt;/p&gt;

&lt;p&gt;1) testQualifiers(org.apache.derbyTesting.functionTests.tests.store.AccessTest)java.sql.SQLException: Table/View &apos;FOO&apos; already exists in Schema &apos;APP&apos;.&lt;br/&gt;
	at java.lang.Throwable.&amp;lt;init&amp;gt;(Throwable.java:80)&lt;br/&gt;
	at java.sql.SQLException.&amp;lt;init&amp;gt;(SQLException.java:153)&lt;br/&gt;
	at java.sql.SQLException.&amp;lt;init&amp;gt;(SQLException.java:176)&lt;br/&gt;
	at org.apache.derby.impl.jdbc.SQLExceptionFactory40.getSQLException(Unknown Source)&lt;br/&gt;
	at org.apache.derby.impl.jdbc.Util.generateCsSQLException(Unknown Source)&lt;br/&gt;
	at org.apache.derby.impl.jdbc.TransactionResourceImpl.wrapInSQLException(Unknown Source)&lt;br/&gt;
	at org.apache.derby.impl.jdbc.TransactionResourceImpl.handleException(Unknown Source)&lt;br/&gt;
	at org.apache.derby.impl.jdbc.EmbedConnection.handleException(Unknown Source)&lt;br/&gt;
	at org.apache.derby.impl.jdbc.ConnectionChild.handleException(Unknown Source)&lt;br/&gt;
	at org.apache.derby.impl.jdbc.EmbedStatement.executeStatement(Unknown Source)&lt;br/&gt;
	at org.apache.derby.impl.jdbc.EmbedStatement.execute(Unknown Source)&lt;br/&gt;
	at org.apache.derby.impl.jdbc.EmbedStatement.executeUpdate(Unknown Source)&lt;br/&gt;
	at org.apache.derbyTesting.functionTests.tests.store.AccessTest.testQualifiers(AccessTest.java:1807)&lt;br/&gt;
	at sun.reflect.NativeMethodAccessorImpl.invoke0(Native Method)&lt;br/&gt;
	at sun.reflect.NativeMethodAccessorImpl.invoke(NativeMethodAccessorImpl.java:60)&lt;br/&gt;
	at sun.reflect.DelegatingMethodAccessorImpl.invoke(DelegatingMethodAccessorImpl.java:37)&lt;br/&gt;
	at org.apache.derbyTesting.junit.BaseTestCase.runBare(BaseTestCase.java:112)&lt;br/&gt;
	at junit.extensions.TestDecorator.basicRun(TestDecorator.java:22)&lt;br/&gt;
	at junit.extensions.TestSetup$1.protect(TestSetup.java:19)&lt;br/&gt;
	at junit.extensions.TestSetup.run(TestSetup.java:16)&lt;br/&gt;
	at junit.extensions.TestDecorator.basicRun(TestDecorator.java:22)&lt;br/&gt;
	at junit.extensions.TestSetup$1.protect(TestSetup.java:19)&lt;br/&gt;
	at junit.extensions.TestSetup.run(TestSetup.java:23)&lt;br/&gt;
	at org.apache.derbyTesting.junit.BaseTestSetup.run(BaseTestSetup.java:51)&lt;br/&gt;
	at junit.extensions.TestDecorator.basicRun(TestDecorator.java:22)&lt;br/&gt;
	at junit.extensions.TestSetup$1.protect(TestSetup.java:19)&lt;br/&gt;
	at junit.extensions.TestSetup.run(TestSetup.java:16)&lt;br/&gt;
Caused by: java.sql.SQLException: Table/View &apos;FOO&apos; already exists in Schema &apos;APP&apos;.&lt;br/&gt;
	at org.apache.derby.impl.jdbc.SQLExceptionFactory.getSQLException(Unknown Source)&lt;br/&gt;
	at org.apache.derby.impl.jdbc.SQLExceptionFactory40.wrapArgsForTransportAcrossDRDA(Unknown Source)&lt;br/&gt;
	... 47 more&lt;br/&gt;
Caused by: ERROR X0Y32: Table/View &apos;FOO&apos; already exists in Schema &apos;APP&apos;.&lt;br/&gt;
	at org.apache.derby.iapi.error.StandardException.newException(Unknown Source)&lt;br/&gt;
	at org.apache.derby.impl.sql.catalog.DataDictionaryImpl.duplicateDescriptorException(Unknown Source)&lt;br/&gt;
	at org.apache.derby.impl.sql.catalog.DataDictionaryImpl.addDescriptor(Unknown Source)&lt;br/&gt;
	at org.apache.derby.impl.sql.execute.CreateTableConstantAction.executeConstantAction(Unknown Source)&lt;br/&gt;
	at org.apache.derby.impl.sql.execute.MiscResultSet.open(Unknown Source)&lt;br/&gt;
	at org.apache.derby.impl.sql.GenericPreparedStatement.executeStmt(Unknown Source)&lt;br/&gt;
	at org.apache.derby.impl.sql.GenericPreparedStatement.execute(Unknown Source)&lt;br/&gt;
	... 41 more&lt;br/&gt;
There was 1 failure:&lt;/p&gt;
</comment>
                            <comment id="13006655" author="kmarsden" created="Mon, 14 Mar 2011 21:48:10 +0000"  >&lt;p&gt;So the assertion that fails is:&lt;br/&gt;
      assertTrue(rtsp.findString(&quot;Number of pages visited=&quot;+expPages, 1));&lt;/p&gt;

&lt;p&gt;One nice improvement to the test would be for the expected and actual value to print.&lt;br/&gt;
Tracing back I think here we are expecting to visit just one page, so presumably it is something more than that when we fail.&lt;/p&gt;

&lt;p&gt;In &lt;a href=&quot;https://issues.apache.org/jira/browse/DERBY-5113&quot; title=&quot;Intermittent failure in BlobSetMethodsTest on Java 7: Unable to set stream: &amp;#39;Reached EOF prematurely; expected 1,024, got 0.&amp;#39;&quot; class=&quot;issue-link&quot; data-issue-key=&quot;DERBY-5113&quot;&gt;&lt;del&gt;DERBY-5113&lt;/del&gt;&lt;/a&gt; Knut mentioned that there might be scenarios where derby.storage.pageSize  is not reset properly between fixtures.  I wonder if that is what happens with this failure as a wrong pageSize could certainly cause this problem.   I think there is a pretty good chance this won&apos;t happen again now that the property reset code has been added to tearDown in the test.  I think we should wait a month and see if it happens again and if not resolve this issue.&lt;/p&gt;



</comment>
                            <comment id="13006706" author="kmarsden" created="Mon, 14 Mar 2011 23:05:43 +0000"  >&lt;p&gt;On second thought I think I will go ahead and resolve this issue and assume the property reset of &lt;a href=&quot;https://issues.apache.org/jira/browse/DERBY-5113&quot; title=&quot;Intermittent failure in BlobSetMethodsTest on Java 7: Unable to set stream: &amp;#39;Reached EOF prematurely; expected 1,024, got 0.&amp;#39;&quot; class=&quot;issue-link&quot; data-issue-key=&quot;DERBY-5113&quot;&gt;&lt;del&gt;DERBY-5113&lt;/del&gt;&lt;/a&gt; fixed the issue. We can reopen the issue if that was not it.&lt;/p&gt;</comment>
                            <comment id="13104672" author="mamtas" created="Wed, 14 Sep 2011 18:10:52 +0100"  >&lt;p&gt;I am trying to backport &lt;a href=&quot;https://issues.apache.org/jira/browse/DERBY-5044&quot; title=&quot;ALTER TABLE DROP COLUMN will not detect triggers defined on other tables with their trigger action using the column being dropped&quot; class=&quot;issue-link&quot; data-issue-key=&quot;DERBY-5044&quot;&gt;&lt;del&gt;DERBY-5044&lt;/del&gt;&lt;/a&gt; to 10.8 in my client. When I ran the junite suite with the backport on 10.8.1.6 with IBM 1.6 SR6 on my windows XP laptop, the following error showed up&lt;br/&gt;
testCS4595B_UniqueIndex(org.apache.derbyTesting.functionTests.tests.store.AccessTest)junit.framework.AssertionFailedError&lt;br/&gt;
	at org.apache.derbyTesting.functionTests.tests.store.AccessTest.assertStatsOK(AccessTest.java:402)&lt;br/&gt;
	at org.apache.derbyTesting.functionTests.tests.store.AccessTest.doTestCaseCS4595B(AccessTest.java:1708)&lt;br/&gt;
	at org.apache.derbyTesting.functionTests.tests.store.AccessTest.testCS4595B_UniqueIndex(AccessTest.java:1768)&lt;br/&gt;
	at sun.reflect.NativeMethodAccessorImpl.invoke0(Native Method)&lt;br/&gt;
	at sun.reflect.NativeMethodAccessorImpl.invoke(NativeMethodAccessorImpl.java:48)&lt;br/&gt;
	at sun.reflect.DelegatingMethodAccessorImpl.invoke(DelegatingMethodAccessorImpl.java:37)&lt;br/&gt;
	at org.apache.derbyTesting.junit.BaseTestCase.runBare(BaseTestCase.java:113)&lt;br/&gt;
	at junit.extensions.TestDecorator.basicRun(TestDecorator.java:22)&lt;br/&gt;
	at junit.extensions.TestSetup$1.protect(TestSetup.java:19)&lt;br/&gt;
	at junit.extensions.TestSetup.run(TestSetup.java:16)&lt;br/&gt;
	at junit.extensions.TestDecorator.basicRun(TestDecorator.java:22)&lt;br/&gt;
	at junit.extensions.TestSetup$1.protect(TestSetup.java:19)&lt;br/&gt;
	at junit.extensions.TestSetup.run(TestSetup.java:23)&lt;br/&gt;
	at org.apache.derbyTesting.junit.BaseTestSetup.run(BaseTestSetup.java:51)&lt;br/&gt;
	at junit.extensions.TestDecorator.basicRun(TestDecorator.java:22)&lt;br/&gt;
	at junit.extensions.TestSetup$1.protect(TestSetup.java:19)&lt;br/&gt;
	at junit.extensions.TestSetup.run(TestSetup.java:16)&lt;/p&gt;</comment>
                            <comment id="13168275" author="knutanders" created="Tue, 13 Dec 2011 10:07:19 +0000"  >&lt;p&gt;Seen again on trunk: &lt;a href=&quot;http://dbtg.foundry.sun.com/derby/test/Daily/jvm1.5/testing/testlog/vista/1211980-suitesAll_diff.txt&quot; class=&quot;external-link&quot; rel=&quot;nofollow&quot;&gt;http://dbtg.foundry.sun.com/derby/test/Daily/jvm1.5/testing/testlog/vista/1211980-suitesAll_diff.txt&lt;/a&gt;&lt;/p&gt;

&lt;p&gt;Reopening since it looks like &lt;a href=&quot;https://issues.apache.org/jira/browse/DERBY-5113&quot; title=&quot;Intermittent failure in BlobSetMethodsTest on Java 7: Unable to set stream: &amp;#39;Reached EOF prematurely; expected 1,024, got 0.&amp;#39;&quot; class=&quot;issue-link&quot; data-issue-key=&quot;DERBY-5113&quot;&gt;&lt;del&gt;DERBY-5113&lt;/del&gt;&lt;/a&gt; did not fix this issue.&lt;/p&gt;</comment>
                            <comment id="13188728" author="mikem" created="Wed, 18 Jan 2012 21:54:46 +0000"  >&lt;p&gt;saw it in nightly&apos;s, windows, ibm16 jvm, head of 10.8 branch&lt;/p&gt;

&lt;p&gt;&lt;a href=&quot;http://people.apache.org/~myrnavl/derby_test_results/v10_8/windows/testlog/ibm16/1232727-suites.All_diff.txt&quot; class=&quot;external-link&quot; rel=&quot;nofollow&quot;&gt;http://people.apache.org/~myrnavl/derby_test_results/v10_8/windows/testlog/ibm16/1232727-suites.All_diff.txt&lt;/a&gt;&lt;br/&gt;
There was 1 failure:&lt;br/&gt;
1) testCS4595B_UniqueIndex(org.apache.derbyTesting.functionTests.tests.store.AccessTest)junit.framework.AssertionFailedError&lt;br/&gt;
	at org.apache.derbyTesting.functionTests.tests.store.AccessTest.assertStatsOK(AccessTest.java:402)&lt;br/&gt;
	at org.apache.derbyTesting.functionTests.tests.store.AccessTest.doTestCaseCS4595B(AccessTest.java:1708)&lt;br/&gt;
	at org.apache.derbyTesting.functionTests.tests.store.AccessTest.testCS4595B_UniqueIndex(AccessTest.java:1768)&lt;br/&gt;
	at sun.reflect.NativeMethodAccessorImpl.invoke0(Native Method)&lt;br/&gt;
	at sun.reflect.NativeMethodAccessorImpl.invoke(NativeMethodAccessorImpl.java:60)&lt;br/&gt;
	at sun.reflect.DelegatingMethodAccessorImpl.invoke(DelegatingMethodAccessorImpl.java:37)&lt;br/&gt;
	at org.apache.derbyTesting.junit.BaseTestCase.runBare(BaseTestCase.java:113)&lt;br/&gt;
	at junit.extensions.TestDecorator.basicRun(TestDecorator.java:24)&lt;br/&gt;
	at junit.extensions.TestSetup$1.protect(TestSetup.java:21)&lt;br/&gt;
	at junit.extensions.TestSetup.run(TestSetup.java:18)&lt;br/&gt;
	at junit.extensions.TestDecorator.basicRun(TestDecorator.java:24)&lt;br/&gt;
	at junit.extensions.TestSetup$1.protect(TestSetup.java:21)&lt;br/&gt;
	at junit.extensions.TestSetup.run(TestSetup.java:25)&lt;br/&gt;
	at org.apache.derbyTesting.junit.BaseTestSetup.run(BaseTestSetup.java:51)&lt;br/&gt;
	at junit.extensions.TestDecorator.basicRun(TestDecorator.java:24)&lt;br/&gt;
	at junit.extensions.TestSetup$1.protect(TestSetup.java:21)&lt;br/&gt;
	at junit.extensions.TestSetup.run(TestSetup.java:18)&lt;/p&gt;</comment>
                            <comment id="13188729" author="mikem" created="Wed, 18 Jan 2012 21:55:46 +0000"  >&lt;p&gt;it looks like this has never been fixed, so removing fixed version and adding last version where it was seen.&lt;/p&gt;</comment>
                            <comment id="13188744" author="mikem" created="Wed, 18 Jan 2012 22:11:51 +0000"  >&lt;p&gt;In the latest example of the problem the following line at AccessTest.java:402 is the problem:&lt;br/&gt;
            assertTrue(rtsp.findString(&quot;Number of pages visited=&quot;+expPages, 1));&lt;/p&gt;
</comment>
                            <comment id="13189418" author="mikem" created="Thu, 19 Jan 2012 22:05:00 +0000"  >&lt;p&gt;failed in nightly&apos;s, 10.8 branch, windows, ibm142&lt;/p&gt;

&lt;p&gt;From new diagnostics, the test is expecting 1 page visited but query visited 2 pages.  Maybe this is some kind of background task&lt;br/&gt;
cleanup issue where there are still some deleted rows in the btree.  query plan looks like it is using index correctly.&lt;/p&gt;

&lt;p&gt;&lt;a href=&quot;http://people.apache.org/~myrnavl/derby_test_results/v10_8/windows/testlog/ibm142/1233151-suites.All_diff.txt&quot; class=&quot;external-link&quot; rel=&quot;nofollow&quot;&gt;http://people.apache.org/~myrnavl/derby_test_results/v10_8/windows/testlog/ibm142/1233151-suites.All_diff.txt&lt;/a&gt;&lt;/p&gt;

&lt;p&gt;There was 1 failure:&lt;br/&gt;
1) testCS4595B_UniqueIndex(org.apache.derbyTesting.functionTests.tests.store.AccessTest)junit.framework.AssertionFailedError: RuntimeStatisticsParser.findstring(Number of pages visited= 1) returned falsefull runtime statistics = Statement Name: &lt;br/&gt;
	null&lt;br/&gt;
Statement Text: &lt;br/&gt;
	select * from foo where a = 2&lt;br/&gt;
Parse Time: 0&lt;br/&gt;
Bind Time: 0&lt;br/&gt;
Optimize Time: 0&lt;br/&gt;
Generate Time: 0&lt;br/&gt;
Compile Time: 0&lt;br/&gt;
Execute Time: 0&lt;br/&gt;
Begin Compilation Timestamp : null&lt;br/&gt;
End Compilation Timestamp : null&lt;br/&gt;
Begin Execution Timestamp : null&lt;br/&gt;
End Execution Timestamp : null&lt;br/&gt;
Statement Execution Plan Text: &lt;br/&gt;
Index Row to Base Row ResultSet for FOO:&lt;br/&gt;
Number of opens = 1&lt;br/&gt;
Rows seen = 0&lt;br/&gt;
Columns accessed from heap = &lt;/p&gt;
{1}
&lt;p&gt;	constructor time (milliseconds) = 0&lt;br/&gt;
	open time (milliseconds) = 0&lt;br/&gt;
	next time (milliseconds) = 0&lt;br/&gt;
	close time (milliseconds) = 0&lt;br/&gt;
	optimizer estimated row count: 1.00&lt;br/&gt;
	optimizer estimated cost: 20.96&lt;br/&gt;
	Index Scan ResultSet for FOO using index FOOX at serializable isolation level using share row locking chosen by the optimizer&lt;br/&gt;
	Number of opens = 1&lt;br/&gt;
	Rows seen = 0&lt;br/&gt;
	Rows filtered = 0&lt;br/&gt;
	Fetch Size = 1&lt;br/&gt;
		constructor time (milliseconds) = 0&lt;br/&gt;
		open time (milliseconds) = 0&lt;br/&gt;
		next time (milliseconds) = 0&lt;br/&gt;
		close time (milliseconds) = 0&lt;/p&gt;

&lt;p&gt;	scan information:&lt;br/&gt;
		Bit set of columns fetched=All&lt;br/&gt;
		Number of columns fetched=2&lt;br/&gt;
		Number of deleted rows visited=0&lt;br/&gt;
		Number of pages visited=2&lt;br/&gt;
		Number of rows qualified=0&lt;br/&gt;
		Number of rows visited=0&lt;br/&gt;
		Scan type=btree&lt;br/&gt;
		Tree height=-1&lt;br/&gt;
		start position:&lt;br/&gt;
			&amp;gt;= on first 1 column(s).&lt;br/&gt;
			Ordered null semantics on the following columns: &lt;br/&gt;
		stop position:&lt;br/&gt;
			&amp;gt; on first 1 column(s).&lt;br/&gt;
			Ordered null semantics on the following columns: &lt;br/&gt;
		qualifiers:&lt;br/&gt;
			None&lt;br/&gt;
		optimizer estimated row count: 1.00&lt;br/&gt;
		optimizer estimated cost: 20.96&lt;/p&gt;

&lt;p&gt;	at org.apache.derbyTesting.functionTests.tests.store.AccessTest.assertStatsOK(AccessTest.java:404)&lt;br/&gt;
	at org.apache.derbyTesting.functionTests.tests.store.AccessTest.doTestCaseCS4595B(AccessTest.java:1715)&lt;br/&gt;
	at org.apache.derbyTesting.functionTests.tests.store.AccessTest.testCS4595B_UniqueIndex(AccessTest.java:1775)&lt;br/&gt;
	at sun.reflect.NativeMethodAccessorImpl.invoke0(Native Method)&lt;br/&gt;
	at sun.reflect.NativeMethodAccessorImpl.invoke(NativeMethodAccessorImpl.java(Compiled Code))&lt;br/&gt;
	at sun.reflect.NativeMethodAccessorImpl.invoke(NativeMethodAccessorImpl.java(Compiled Code))&lt;br/&gt;
	at sun.reflect.DelegatingMethodAccessorImpl.invoke(DelegatingMethodAccessorImpl.java(Compiled Code))&lt;br/&gt;
	at org.apache.derbyTesting.junit.BaseTestCase.runBare(BaseTestCase.java(Compiled Code))&lt;br/&gt;
	at junit.extensions.TestDecorator.basicRun(TestDecorator.java(Inlined Compiled Code))&lt;br/&gt;
	at junit.extensions.TestSetup$1.protect(TestSetup.java(Inlined Compiled Code))&lt;br/&gt;
	at junit.extensions.TestSetup.run(TestSetup.java(Compiled Code))&lt;br/&gt;
	at junit.extensions.TestDecorator.basicRun(TestDecorator.java(Inlined Compiled Code))&lt;br/&gt;
	at junit.extensions.TestSetup$1.protect(TestSetup.java(Inlined Compiled Code))&lt;br/&gt;
	at junit.extensions.TestSetup.run(TestSetup.java(Compiled Code))&lt;br/&gt;
	at org.apache.derbyTesting.junit.BaseTestSetup.run(BaseTestSetup.java:57)&lt;br/&gt;
	at junit.extensions.TestDecorator.basicRun(TestDecorator.java(Inlined Compiled Code))&lt;br/&gt;
	at junit.extensions.TestSetup$1.protect(TestSetup.java(Inlined Compiled Code))&lt;br/&gt;
	at junit.extensions.TestSetup.run(TestSetup.java(Compiled Code))&lt;/p&gt;

&lt;p&gt;FAILURES!!!&lt;br/&gt;
Tests run: 11966,  Failures: 1,  Errors: 0&lt;/p&gt;
</comment>
                            <comment id="13240783" author="myrna" created="Wed, 28 Mar 2012 23:14:34 +0100"  >&lt;p&gt;Marking this as a duplicate of &lt;a href=&quot;https://issues.apache.org/jira/browse/DERBY-5377&quot; title=&quot;AssertionFailedError in testCaseCS4595B_NonUniqueIndex in AccessTest&quot; class=&quot;issue-link&quot; data-issue-key=&quot;DERBY-5377&quot;&gt;&lt;del&gt;DERBY-5377&lt;/del&gt;&lt;/a&gt;.&lt;/p&gt;</comment>
                            <comment id="13823420" author="knutanders" created="Fri, 15 Nov 2013 08:15:12 +0000"  >&lt;p&gt;&lt;span class=&quot;error&quot;&gt;&amp;#91;bulk update: close all resolved issues that haven&amp;#39;t had any activity the last year&amp;#93;&lt;/span&gt;&lt;/p&gt;</comment>
                    </comments>
                <issuelinks>
                            <issuelinktype id="10030">
                    <name>Reference</name>
                                                                <inwardlinks description="is related to">
                                        <issuelink>
            <issuekey id="12518211">DERBY-5377</issuekey>
        </issuelink>
                            </inwardlinks>
                                    </issuelinktype>
                    </issuelinks>
                <attachments>
                    </attachments>
                <subtasks>
                    </subtasks>
                <customfields>
                                                <customfield id="customfield_12310310" key="com.atlassian.jira.toolkit:attachments">
                        <customfieldname>Attachment count</customfieldname>
                        <customfieldvalues>
                            <customfieldvalue>0.0</customfieldvalue>
                        </customfieldvalues>
                    </customfield>
                                                                                                                                                                                                                                                                                                                                                        <customfield id="customfield_12310200" key="com.atlassian.jira.plugin.system.customfieldtypes:multicheckboxes">
                        <customfieldname>Bug behavior facts</customfieldname>
                        <customfieldvalues>
                                <customfieldvalue key="10369"><![CDATA[Regression Test Failure]]></customfieldvalue>
    
                        </customfieldvalues>
                    </customfield>
                                                                                                                                                                                                                                                                    <customfield id="customfield_12310220" key="com.atlassian.jira.ext.charting:firstresponsedate">
                        <customfieldname>Date of First Response</customfieldname>
                        <customfieldvalues>
                            <customfieldvalue>Mon, 8 Feb 2010 17:57:55 +0000</customfieldvalue>

                        </customfieldvalues>
                    </customfield>
                                                                                                                                                                                                                                                                                                                                                                                    <customfield id="customfield_12310420" key="com.pyxis.greenhopper.jira:gh-global-rank">
                        <customfieldname>Global Rank</customfieldname>
                        <customfieldvalues>
                            <customfieldvalue>24326</customfieldvalue>
                        </customfieldvalues>
                    </customfield>
                                                                                                                                                                                <customfield id="customfield_12311820" key="com.pyxis.greenhopper.jira:gh-lexo-rank">
                        <customfieldname>Rank</customfieldname>
                        <customfieldvalues>
                            <customfieldvalue>2|hy0ci7:</customfieldvalue>

                        </customfieldvalues>
                    </customfield>
                                                                <customfield id="customfield_12310920" key="com.pyxis.greenhopper.jira:gh-global-rank">
                        <customfieldname>Rank (Obsolete)</customfieldname>
                        <customfieldvalues>
                            <customfieldvalue>35844</customfieldvalue>
                        </customfieldvalues>
                    </customfield>
                                                                                                                                                                                                                                        <customfield id="customfield_12310222" key="com.atlassian.jira.ext.charting:timeinstatus">
                        <customfieldname>Time in Status</customfieldname>
                        <customfieldvalues>
                            
                        </customfieldvalues>
                    </customfield>
                                                                                            <customfield id="customfield_12310050" key="com.atlassian.jira.plugin.system.customfieldtypes:select">
                        <customfieldname>Urgency</customfieldname>
                        <customfieldvalues>
                                <customfieldvalue key="10052"><![CDATA[Normal]]></customfieldvalue>

                        </customfieldvalues>
                    </customfield>
                                    </customfields>
    </item>
</channel>
</rss>