<!-- 
RSS generated by JIRA (6.3.4#6332-sha1:51bc225ef474afe3128b2f66878477f322397b16) at Sun May 17 03:16:45 UTC 2015

It is possible to restrict the fields that are returned in this document by specifying the 'field' parameter in your request.
For example, to request only the issue key and summary add field=key&field=summary to the URL of your request.
For example:
https://issues.apache.org/jira/si/jira.issueviews:issue-xml/DERBY-4603/DERBY-4603.xml?field=key&amp;field=summary
-->
<rss version="0.92" >
<channel>
    <title>ASF JIRA</title>
    <link>https://issues.apache.org/jira</link>
    <description>This file is an XML representation of an issue</description>
    <language>en-uk</language>    <build-info>
        <version>6.3.4</version>
        <build-number>6332</build-number>
        <build-date>15-08-2014</build-date>
    </build-info>

<item>
            <title>[DERBY-4603] test testBuiltinAuthenticationWithConfigurableHash fails from upgradeTests.Changes10_6 with ibm&apos;s j9</title>
                <link>https://issues.apache.org/jira/browse/DERBY-4603</link>
                <project id="10594" key="DERBY">Derby</project>
                    <description>&lt;p&gt;With the patch for &lt;a href=&quot;https://issues.apache.org/jira/browse/DERBY-4602&quot; title=&quot;10 failures and 11 errors with IBM weme6.2/j9/cdc-foundation after revision 922304 for DERBY-4483&quot; class=&quot;issue-link&quot; data-issue-key=&quot;DERBY-4602&quot;&gt;&lt;del&gt;DERBY-4602&lt;/del&gt;&lt;/a&gt; I saw one error with IBM&apos;s weme 6.2:&lt;/p&gt;

&lt;p&gt;1) testBuiltinAuthenticationWithConfigurableHash(org.apache.derbyTesting.functionTests.tests.upgradeTests.Changes10_6)java.sql.SQLException: The message digest algorithm &apos;SHA-256&apos; is not supported by any of the available cryptography providers. Please install a cryptography provider that supports that algorithm, or specify another algorithm in the derby.authentication.builtin.algorithm property.&lt;br/&gt;
	at org.apache.derby.impl.jdbc.SQLExceptionFactory.getSQLException(SQLExceptionFactory.java:45)&lt;br/&gt;
	at org.apache.derby.impl.jdbc.Util.newEmbedSQLException(Util.java:142)&lt;br/&gt;
	at org.apache.derby.impl.jdbc.Util.seeNextException(Util.java:278)&lt;br/&gt;
	at org.apache.derby.impl.jdbc.TransactionResourceImpl.wrapInSQLException(TransactionResourceImpl.java:398)&lt;br/&gt;
	at org.apache.derby.impl.jdbc.TransactionResourceImpl.handleException(TransactionResourceImpl.java:346)&lt;br/&gt;
	at org.apache.derby.impl.jdbc.EmbedConnection.handleException(EmbedConnection.java:2269)&lt;br/&gt;
	at org.apache.derby.impl.jdbc.ConnectionChild.handleException(ConnectionChild.java:81)&lt;br/&gt;
	at org.apache.derby.impl.jdbc.EmbedStatement.executeStatement(EmbedStatement.java:1321)&lt;br/&gt;
	at org.apache.derby.impl.jdbc.EmbedPreparedStatement.executeStatement(EmbedPreparedStatement.java:1673)&lt;br/&gt;
	at org.apache.derby.impl.jdbc.EmbedCallableStatement.executeStatement(EmbedCallableStatement.java:117)&lt;br/&gt;
	at org.apache.derby.impl.jdbc.EmbedPreparedStatement.execute(EmbedPreparedStatement.java:1328)&lt;br/&gt;
	at org.apache.derbyTesting.functionTests.tests.upgradeTests.Changes10_6.setPasswords(Changes10_6.java:442)&lt;br/&gt;
	at org.apache.derbyTesting.functionTests.tests.upgradeTests.Changes10_6.testBuiltinAuthenticationWithConfigurableHash(Changes10_6.java:384)&lt;br/&gt;
	at java.lang.reflect.AccessibleObject.invokeV(AccessibleObject.java:195)&lt;br/&gt;
	at org.apache.derbyTesting.junit.BaseTestCase.runBare(BaseTestCase.java:109)&lt;br/&gt;
	at junit.extensions.TestDecorator.basicRun(TestDecorator.java:22)&lt;br/&gt;
	at junit.extensions.TestSetup$1.protect(TestSetup.java:19)&lt;br/&gt;
	at junit.extensions.TestSetup.run(TestSetup.java:23)&lt;br/&gt;
	at junit.extensions.TestDecorator.basicRun(TestDecorator.java:22)&lt;br/&gt;
	at junit.extensions.TestSetup$1.protect(TestSetup.java:19)&lt;br/&gt;
	at junit.extensions.TestSetup.run(TestSetup.java:23)&lt;br/&gt;
	at junit.extensions.TestDecorator.basicRun(TestDecorator.java:22)&lt;br/&gt;
	at junit.extensions.TestSetup$1.protect(TestSetup.java:19)&lt;br/&gt;
	at junit.extensions.TestSetup.run(TestSetup.java:23)&lt;br/&gt;
	at org.apache.derbyTesting.junit.BaseTestSetup.run(BaseTestSetup.java:57)&lt;br/&gt;
	at junit.extensions.TestDecorator.basicRun(TestDecorator.java:22)&lt;br/&gt;
	at junit.extensions.TestSetup$1.protect(TestSetup.java:19)&lt;br/&gt;
	at junit.extensions.TestSetup.run(TestSetup.java:23)&lt;br/&gt;
	at org.apache.derbyTesting.junit.BaseTestSetup.run(BaseTestSetup.java:57)&lt;br/&gt;
	at junit.extensions.TestDecorator.basicRun(TestDecorator.java:22)&lt;br/&gt;
	at junit.extensions.TestSetup$1.protect(TestSetup.java:19)&lt;br/&gt;
	at junit.extensions.TestSetup.run(TestSetup.java:23)&lt;br/&gt;
	at junit.extensions.TestDecorator.basicRun(TestDecorator.java:22)&lt;br/&gt;
	at junit.extensions.TestSetup$1.protect(TestSetup.java:19)&lt;br/&gt;
	at junit.extensions.TestSetup.run(TestSetup.java:23)&lt;br/&gt;
	at org.apache.derbyTesting.junit.BaseTestSetup.run(BaseTestSetup.java:57)&lt;br/&gt;
	at junit.extensions.TestDecorator.basicRun(TestDecorator.java:22)&lt;br/&gt;
	at junit.extensions.TestSetup$1.protect(TestSetup.java:19)&lt;br/&gt;
	at junit.extensions.TestSetup.run(TestSetup.java:23)&lt;br/&gt;
	at junit.extensions.TestDecorator.basicRun(TestDecorator.java:22)&lt;br/&gt;
	at junit.extensions.TestSetup$1.protect(TestSetup.java:19)&lt;br/&gt;
	at junit.extensions.TestSetup.run(TestSetup.java:23)&lt;br/&gt;
	at org.apache.derbyTesting.junit.BaseTestSetup.run(BaseTestSetup.java:57)&lt;br/&gt;
	at junit.extensions.TestDecorator.basicRun(TestDecorator.java:22)&lt;br/&gt;
	at junit.extensions.TestSetup$1.protect(TestSetup.java:19)&lt;br/&gt;
	at junit.extensions.TestSetup.run(TestSetup.java:23)&lt;br/&gt;
	at junit.extensions.TestDecorator.basicRun(TestDecorator.java:22)&lt;br/&gt;
	at junit.extensions.TestSetup$1.protect(TestSetup.java:19)&lt;br/&gt;
	at junit.extensions.TestSetup.run(TestSetup.java:23)&lt;br/&gt;
	at org.apache.derbyTesting.junit.BaseTestSetup.run(BaseTestSetup.java:57)&lt;br/&gt;
	at junit.extensions.TestDecorator.basicRun(TestDecorator.java:22)&lt;br/&gt;
	at junit.extensions.TestSetup$1.protect(TestSetup.java:19)&lt;br/&gt;
	at junit.extensions.TestSetup.run(TestSetup.java:23)&lt;br/&gt;
	at junit.extensions.TestDecorator.basicRun(TestDecorator.java:22)&lt;br/&gt;
	at junit.extensions.TestSetup$1.protect(TestSetup.java:19)&lt;br/&gt;
	at junit.extensions.TestSetup.run(TestSetup.java:23)&lt;br/&gt;
	at org.apache.derbyTesting.junit.BaseTestSetup.run(BaseTestSetup.java:57)&lt;br/&gt;
	at junit.extensions.TestDecorator.basicRun(TestDecorator.java:22)&lt;br/&gt;
	at junit.extensions.TestSetup$1.protect(TestSetup.java:19)&lt;br/&gt;
	at junit.extensions.TestSetup.run(TestSetup.java:23)&lt;br/&gt;
	at junit.extensions.TestDecorator.basicRun(TestDecorator.java:22)&lt;br/&gt;
	at junit.extensions.TestSetup$1.protect(TestSetup.java:19)&lt;br/&gt;
	at junit.extensions.TestSetup.run(TestSetup.java:23)&lt;br/&gt;
	at org.apache.derbyTesting.junit.BaseTestSetup.run(BaseTestSetup.java:57)&lt;br/&gt;
	at junit.extensions.TestDecorator.basicRun(TestDecorator.java:22)&lt;br/&gt;
	at junit.extensions.TestSetup$1.protect(TestSetup.java:19)&lt;br/&gt;
	at junit.extensions.TestSetup.run(TestSetup.java:23)&lt;br/&gt;
	at junit.extensions.TestDecorator.basicRun(TestDecorator.java:22)&lt;br/&gt;
	at junit.extensions.TestSetup$1.protect(TestSetup.java:19)&lt;br/&gt;
	at junit.extensions.TestSetup.run(TestSetup.java:23)&lt;br/&gt;
	at junit.extensions.TestDecorator.basicRun(TestDecorator.java:22)&lt;br/&gt;
	at junit.extensions.TestSetup$1.protect(TestSetup.java:19)&lt;br/&gt;
	at junit.extensions.TestSetup.run(TestSetup.java:23)&lt;br/&gt;
Caused by: java.sql.SQLException: Java exception: &apos;SHA-256: java.security.NoSuchAlgorithmException&apos;.&lt;br/&gt;
	at org.apache.derby.impl.jdbc.SQLExceptionFactory.getSQLException(SQLExceptionFactory.java:45)&lt;br/&gt;
	at org.apache.derby.impl.jdbc.Util.newEmbedSQLException(Util.java:142)&lt;br/&gt;
	at org.apache.derby.impl.jdbc.Util.javaException(Util.java:299)&lt;br/&gt;
	at org.apache.derby.impl.jdbc.TransactionResourceImpl.wrapInSQLException(TransactionResourceImpl.java:403)&lt;br/&gt;
	... 111 more&lt;br/&gt;
Caused by: java.security.NoSuchAlgorithmException: SHA-256&lt;br/&gt;
	at java.lang.Throwable.&amp;lt;init&amp;gt;(Throwable.java:67)&lt;br/&gt;
	at java.security.MessageDigest.getInstance(MessageDigest.java:204)&lt;br/&gt;
	at org.apache.derby.impl.jdbc.authentication.AuthenticationServiceBase.encryptPasswordConfigurableScheme(AuthenticationServiceBase.java:549)&lt;br/&gt;
	at org.apache.derby.impl.jdbc.authentication.AuthenticationServiceBase.encryptUsingDefaultAlgorithm(AuthenticationServiceBase.java:615)&lt;br/&gt;
	at org.apache.derby.impl.jdbc.authentication.AuthenticationServiceBase.map(AuthenticationServiceBase.java:411)&lt;br/&gt;
	at org.apache.derby.iapi.services.property.PropertyValidation.doValidateApplyAndMap(PropertyValidation.java:81)&lt;br/&gt;
	at org.apache.derby.impl.store.access.PropertyConglomerate.validateApplyAndMap(PropertyConglomerate.java:384)&lt;br/&gt;
	at org.apache.derby.impl.store.access.PropertyConglomerate.setProperty(PropertyConglomerate.java:513)&lt;br/&gt;
	at org.apache.derby.impl.store.access.RAMTransaction.setProperty(RAMTransaction.java:1795)&lt;br/&gt;
	at org.apache.derby.iapi.db.PropertyInfo.setDatabaseProperty(PropertyInfo.java:108)&lt;br/&gt;
	at org.apache.derby.catalog.SystemProcedures.SYSCS_SET_DATABASE_PROPERTY(SystemProcedures.java:686)&lt;br/&gt;
	at org.apache.derby.exe.ac75629305x0127xb63ax3d55xfffff5235db30.g0(Unknown Source)&lt;br/&gt;
	at java.lang.reflect.AccessibleObject.invokeV(AccessibleObject.java:195)&lt;br/&gt;
	at org.apache.derby.impl.services.reflect.ReflectMethod.invoke(ReflectMethod.java:46)&lt;br/&gt;
	at org.apache.derby.impl.sql.execute.CallStatementResultSet.open(CallStatementResultSet.java:75)&lt;br/&gt;
	at org.apache.derby.impl.sql.GenericPreparedStatement.executeStmt(GenericPreparedStatement.java:436)&lt;br/&gt;
	at org.apache.derby.impl.sql.GenericPreparedStatement.execute(GenericPreparedStatement.java:317)&lt;br/&gt;
	at org.apache.derby.impl.jdbc.EmbedStatement.executeStatement(EmbedStatement.java:1232)&lt;/p&gt;
</description>
                <environment>ibm&amp;#39;s weme6.2 (j2ME/CDC/Foundation 1.1 profile)</environment>
        <key id="12460868">DERBY-4603</key>
            <summary>test testBuiltinAuthenticationWithConfigurableHash fails from upgradeTests.Changes10_6 with ibm&apos;s j9</summary>
                <type id="1" iconUrl="https://issues.apache.org/jira/images/icons/issuetypes/bug.png">Bug</type>
                                            <priority id="3" iconUrl="https://issues.apache.org/jira/images/icons/priorities/major.png">Major</priority>
                        <status id="6" iconUrl="https://issues.apache.org/jira/images/icons/statuses/closed.png" description="The issue is considered finished, the resolution is correct. Issues which are closed can be reopened.">Closed</status>
                    <statusCategory id="3" key="done" colorName="green"/>
                                    <resolution id="1">Fixed</resolution>
                                        <assignee username="knutanders">Knut Anders Hatlen</assignee>
                                    <reporter username="myrna">Myrna van Lunteren</reporter>
                        <labels>
                    </labels>
                <created>Wed, 31 Mar 2010 23:27:24 +0100</created>
                <updated>Mon, 5 Apr 2010 18:48:04 +0100</updated>
                            <resolved>Thu, 1 Apr 2010 10:14:05 +0100</resolved>
                                    <version>10.6.1.0</version>
                                    <fixVersion>10.6.1.0</fixVersion>
                                    <component>Test</component>
                        <due></due>
                            <votes>0</votes>
                                    <watches>0</watches>
                                                                <comments>
                            <comment id="12852297" author="knutanders" created="Thu, 1 Apr 2010 10:10:54 +0100"  >&lt;p&gt;The failing upgrade test case explicitly sets the hash algorithm to SHA-256, but for the test it doesn&apos;t really matter which algorithm is used, as long as it&apos;s not null. The attached patch makes the test use SHA-1 instead, so that it also passes on platforms without built-in support for SHA-256.&lt;/p&gt;</comment>
                            <comment id="12852299" author="knutanders" created="Thu, 1 Apr 2010 10:14:05 +0100"  >&lt;p&gt;Committed revision 929891.&lt;/p&gt;</comment>
                            <comment id="12853459" author="myrna" created="Mon, 5 Apr 2010 18:48:04 +0100"  >&lt;p&gt;Test passes again with weme 6.2.&lt;/p&gt;</comment>
                    </comments>
                    <attachments>
                            <attachment id="12440481" name="upgrade_sha1.diff" size="900" author="knutanders" created="Thu, 1 Apr 2010 10:10:54 +0100"/>
                    </attachments>
                <subtasks>
                    </subtasks>
                <customfields>
                                                <customfield id="customfield_12310310" key="com.atlassian.jira.toolkit:attachments">
                        <customfieldname>Attachment count</customfieldname>
                        <customfieldvalues>
                            <customfieldvalue>1.0</customfieldvalue>
                        </customfieldvalues>
                    </customfield>
                                                                                                                                                                                                                                                                                                                                                        <customfield id="customfield_12310200" key="com.atlassian.jira.plugin.system.customfieldtypes:multicheckboxes">
                        <customfieldname>Bug behavior facts</customfieldname>
                        <customfieldvalues>
                                <customfieldvalue key="10369"><![CDATA[Regression Test Failure]]></customfieldvalue>
    
                        </customfieldvalues>
                    </customfield>
                                                                                                                                                                                                                                                                    <customfield id="customfield_12310220" key="com.atlassian.jira.ext.charting:firstresponsedate">
                        <customfieldname>Date of First Response</customfieldname>
                        <customfieldvalues>
                            <customfieldvalue>Thu, 1 Apr 2010 09:10:54 +0000</customfieldvalue>

                        </customfieldvalues>
                    </customfield>
                                                                                                                                                                                                                                                                                                                                                                                    <customfield id="customfield_12310420" key="com.pyxis.greenhopper.jira:gh-global-rank">
                        <customfieldname>Global Rank</customfieldname>
                        <customfieldvalues>
                            <customfieldvalue>24361</customfieldvalue>
                        </customfieldvalues>
                    </customfield>
                                                                                                                                                                                <customfield id="customfield_12311820" key="com.pyxis.greenhopper.jira:gh-lexo-rank">
                        <customfieldname>Rank</customfieldname>
                        <customfieldvalues>
                            <customfieldvalue>2|hy0qvz:</customfieldvalue>

                        </customfieldvalues>
                    </customfield>
                                                                <customfield id="customfield_12310920" key="com.pyxis.greenhopper.jira:gh-global-rank">
                        <customfieldname>Rank (Obsolete)</customfieldname>
                        <customfieldvalues>
                            <customfieldvalue>38174</customfieldvalue>
                        </customfieldvalues>
                    </customfield>
                                                                                                                                                                                                                                        <customfield id="customfield_12310222" key="com.atlassian.jira.ext.charting:timeinstatus">
                        <customfieldname>Time in Status</customfieldname>
                        <customfieldvalues>
                            
                        </customfieldvalues>
                    </customfield>
                                                                                            </customfields>
    </item>
</channel>
</rss>