<!-- 
RSS generated by JIRA (6.3.4#6332-sha1:51bc225ef474afe3128b2f66878477f322397b16) at Sun May 17 03:14:39 UTC 2015

It is possible to restrict the fields that are returned in this document by specifying the 'field' parameter in your request.
For example, to request only the issue key and summary add field=key&field=summary to the URL of your request.
For example:
https://issues.apache.org/jira/si/jira.issueviews:issue-xml/DERBY-4951/DERBY-4951.xml?field=key&amp;field=summary
-->
<rss version="0.92" >
<channel>
    <title>ASF JIRA</title>
    <link>https://issues.apache.org/jira</link>
    <description>This file is an XML representation of an issue</description>
    <language>en-uk</language>    <build-info>
        <version>6.3.4</version>
        <build-number>6332</build-number>
        <build-date>15-08-2014</build-date>
    </build-info>

<item>
            <title>[DERBY-4951] test failure in jdbc4.ResultSetTest:testJDBC4_1 with ibm 1.6 jvm</title>
                <link>https://issues.apache.org/jira/browse/DERBY-4951</link>
                <project id="10594" key="DERBY">Derby</project>
                    <description>&lt;p&gt;since tests with revision 1052140 I see the following failure when suites.All tests are run with IBM 1.6 jvm:&lt;/p&gt;

&lt;p&gt;console output of junit.textui.TestRunner run:&lt;br/&gt;
1) testJDBC4_1(org.apache.derbyTesting.functionTests.tests.jdbc4.ResultSetTest)junit.framework.ComparisonFailure: [B expected:&amp;lt;?&amp;gt; but was:&amp;lt;&amp;gt;&lt;br/&gt;
	at java.lang.Throwable.&amp;lt;init&amp;gt;(Throwable.java:67)&lt;br/&gt;
	at junit.framework.AssertionFailedError.&amp;lt;init&amp;gt;(AssertionFailedError.java:11)&lt;br/&gt;
	at junit.framework.ComparisonFailure.&amp;lt;init&amp;gt;(ComparisonFailure.java:19)&lt;br/&gt;
	at org.apache.derbyTesting.functionTests.tests.jdbc4.ResultSetTest.vetCandidate(ResultSetTest.java:2604)&lt;br/&gt;
	at org.apache.derbyTesting.functionTests.tests.jdbc4.ResultSetTest.vetWrapperOK(ResultSetTest.java:2571)&lt;br/&gt;
	at org.apache.derbyTesting.functionTests.tests.jdbc4.ResultSetTest.vetWrappedBinary(ResultSetTest.java:2363)&lt;br/&gt;
	at org.apache.derbyTesting.functionTests.tests.jdbc4.ResultSetTest.examineJDBC4_1extensions(ResultSetTest.java:2161)&lt;br/&gt;
	at org.apache.derbyTesting.functionTests.tests.jdbc4.ResultSetTest.testJDBC4_1(ResultSetTest.java:2123)&lt;br/&gt;
	at sun.reflect.NativeMethodAccessorImpl.invoke0(Native Method)&lt;br/&gt;
	at sun.reflect.NativeMethodAccessorImpl.invoke(NativeMethodAccessorImpl.java:48)&lt;br/&gt;
	at sun.reflect.DelegatingMethodAccessorImpl.invoke(DelegatingMethodAccessorImpl.java:25)&lt;br/&gt;
	at org.apache.derbyTesting.junit.BaseTestCase.runBare(BaseTestCase.java:109)&lt;br/&gt;
	at junit.extensions.TestDecorator.basicRun(TestDecorator.java:22)&lt;br/&gt;
	at junit.extensions.TestSetup$1.protect(TestSetup.java:19)&lt;br/&gt;
	at junit.extensions.TestSetup.run(TestSetup.java:23)&lt;br/&gt;
	at org.apache.derbyTesting.junit.BaseTestSetup.run(BaseTestSetup.java:51)&lt;/p&gt;

&lt;p&gt;contents of error.stacktrace in fail dir:&lt;br/&gt;
&lt;span class=&quot;error&quot;&gt;&amp;#91;Error/failure logged at Mon Dec 27 12:46:23 PST 2010&amp;#93;&lt;/span&gt;&lt;br/&gt;
junit.framework.ComparisonFailure: [B expected:&amp;lt;?&amp;gt; but was:&amp;lt;&amp;gt;&lt;br/&gt;
	at junit.framework.Assert.assertEquals(Assert.java:81)&lt;br/&gt;
	at org.apache.derbyTesting.functionTests.tests.jdbc4.ResultSetTest.vetCandidate(ResultSetTest.java:2604)&lt;br/&gt;
	at org.apache.derbyTesting.functionTests.tests.jdbc4.ResultSetTest.vetWrapperOK(ResultSetTest.java:2571)&lt;br/&gt;
	at org.apache.derbyTesting.functionTests.tests.jdbc4.ResultSetTest.vetWrappedBinary(ResultSetTest.java:2363)&lt;br/&gt;
	at org.apache.derbyTesting.functionTests.tests.jdbc4.ResultSetTest.examineJDBC4_1extensions(ResultSetTest.java:2161)&lt;br/&gt;
	at org.apache.derbyTesting.functionTests.tests.jdbc4.ResultSetTest.testJDBC4_1(ResultSetTest.java:2123)&lt;br/&gt;
	at sun.reflect.NativeMethodAccessorImpl.invoke0(Native Method)&lt;br/&gt;
	at sun.reflect.NativeMethodAccessorImpl.invoke(NativeMethodAccessorImpl.java:48)&lt;br/&gt;
	at sun.reflect.DelegatingMethodAccessorImpl.invoke(DelegatingMethodAccessorImpl.java:25)&lt;br/&gt;
	at java.lang.reflect.Method.invoke(Method.java:600)&lt;br/&gt;
	at junit.framework.TestCase.runTest(TestCase.java:154)&lt;br/&gt;
	at junit.framework.TestCase.runBare(TestCase.java:127)&lt;br/&gt;
	at org.apache.derbyTesting.junit.BaseTestCase.runBare(BaseTestCase.java:109)&lt;br/&gt;
	at junit.framework.TestResult$1.protect(TestResult.java:106)&lt;br/&gt;
	at junit.framework.TestResult.runProtected(TestResult.java:124)&lt;br/&gt;
	at junit.framework.TestResult.run(TestResult.java:109)&lt;br/&gt;
	at junit.framework.TestCase.run(TestCase.java:118)&lt;br/&gt;
	at junit.framework.TestSuite.runTest(TestSuite.java:208)&lt;br/&gt;
	at junit.framework.TestSuite.run(TestSuite.java:203)&lt;br/&gt;
	at junit.framework.TestSuite.runTest(TestSuite.java:208)&lt;br/&gt;
	at junit.framework.TestSuite.run(TestSuite.java:203)&lt;br/&gt;
	at junit.extensions.TestDecorator.basicRun(TestDecorator.java:22)&lt;br/&gt;
	at junit.extensions.TestSetup$1.protect(TestSetup.java:19)&lt;br/&gt;
	at junit.framework.TestResult.runProtected(TestResult.java:124)&lt;br/&gt;
	at junit.extensions.TestSetup.run(TestSetup.java:23)&lt;br/&gt;
	at org.apache.derbyTesting.junit.BaseTestSetup.run(BaseTestSetup.java:57)&lt;br/&gt;
	at junit.framework.TestSuite.runTest(TestSuite.java:208)&lt;br/&gt;
	at junit.framework.TestSuite.run(TestSuite.java:203)&lt;br/&gt;
	at junit.textui.TestRunner.doRun(TestRunner.java:116)&lt;br/&gt;
	at junit.textui.TestRunner.start(TestRunner.java:172)&lt;br/&gt;
	at junit.textui.TestRunner.main(TestRunner.java:138)&lt;/p&gt;

&lt;p&gt;I believe lack of clean-up after this failure is the result of the error in this test for networkserver:&lt;br/&gt;
1) testJDBC4_1(org.apache.derbyTesting.functionTests.tests.jdbc4.ResultSetTest)java.sql.SQLException: FUNCTION &apos;MAKEBLOB&apos; already exists.&lt;br/&gt;
	at org.apache.derby.client.am.SQLExceptionFactory40.getSQLException(Unknown Source)&lt;br/&gt;
	at org.apache.derby.client.am.SqlException.getSQLException(Unknown Source)&lt;br/&gt;
	at org.apache.derby.client.am.PreparedStatement.execute(Unknown Source)&lt;br/&gt;
	at org.apache.derbyTesting.functionTests.tests.jdbc4.ResultSetTest.testJDBC4_1(ResultSetTest.java:2035)&lt;br/&gt;
	at sun.reflect.NativeMethodAccessorImpl.invoke0(Native Method)&lt;br/&gt;
	at sun.reflect.NativeMethodAccessorImpl.invoke(NativeMethodAccessorImpl.java:48)&lt;br/&gt;
	at sun.reflect.DelegatingMethodAccessorImpl.invoke(DelegatingMethodAccessorImpl.java:25)&lt;br/&gt;
	at org.apache.derbyTesting.junit.BaseTestCase.runBare(BaseTestCase.java:109)&lt;br/&gt;
	at junit.extensions.TestDecorator.basicRun(TestDecorator.java:22)&lt;br/&gt;
	at junit.extensions.TestSetup$1.protect(TestSetup.java:19)&lt;br/&gt;
	at junit.extensions.TestSetup.run(TestSetup.java:23)&lt;br/&gt;
	at org.apache.derbyTesting.junit.BaseTestSetup.run(BaseTestSetup.java:57)&lt;br/&gt;
	at junit.extensions.TestDecorator.basicRun(TestDecorator.java:22)&lt;br/&gt;
	at junit.extensions.TestSetup$1.protect(TestSetup.java:19)&lt;br/&gt;
	at junit.extensions.TestSetup.run(TestSetup.java:23)&lt;br/&gt;
	at junit.extensions.TestDecorator.basicRun(TestDecorator.java:22)&lt;br/&gt;
	at junit.extensions.TestSetup$1.protect(TestSetup.java:19)&lt;br/&gt;
	at junit.extensions.TestSetup.run(TestSetup.java:23)&lt;br/&gt;
	at org.apache.derbyTesting.junit.BaseTestSetup.run(BaseTestSetup.java:57)&lt;br/&gt;
Caused by: org.apache.derby.client.am.SqlException: FUNCTION &apos;MAKEBLOB&apos; already exists.&lt;br/&gt;
	at org.apache.derby.client.am.Statement.completeExecute(Unknown Source)&lt;br/&gt;
	at org.apache.derby.client.net.NetStatementReply.parseEXCSQLSTTreply(Unknown Source)&lt;br/&gt;
	at org.apache.derby.client.net.NetStatementReply.readExecute(Unknown Source)&lt;br/&gt;
	at org.apache.derby.client.net.StatementReply.readExecute(Unknown Source)&lt;br/&gt;
	at org.apache.derby.client.net.NetPreparedStatement.readExecute_(Unknown Source)&lt;br/&gt;
	at org.apache.derby.client.am.PreparedStatement.readExecute(Unknown Source)&lt;br/&gt;
	at org.apache.derby.client.am.PreparedStatement.flowExecute(Unknown Source)&lt;br/&gt;
	at org.apache.derby.client.am.PreparedStatement.executeX(Unknown Source)&lt;br/&gt;
	... 36 more&lt;/p&gt;</description>
                <environment>IBM 1.6 jvms (both on Linux and windows XP)</environment>
        <key id="12494143">DERBY-4951</key>
            <summary>test failure in jdbc4.ResultSetTest:testJDBC4_1 with ibm 1.6 jvm</summary>
                <type id="1" iconUrl="https://issues.apache.org/jira/images/icons/issuetypes/bug.png">Bug</type>
                                            <priority id="3" iconUrl="https://issues.apache.org/jira/images/icons/priorities/major.png">Major</priority>
                        <status id="6" iconUrl="https://issues.apache.org/jira/images/icons/statuses/closed.png" description="The issue is considered finished, the resolution is correct. Issues which are closed can be reopened.">Closed</status>
                    <statusCategory id="3" key="done" colorName="green"/>
                                    <resolution id="1">Fixed</resolution>
                                        <assignee username="rhillegas">Rick Hillegas</assignee>
                                    <reporter username="myrna">Myrna van Lunteren</reporter>
                        <labels>
                    </labels>
                <created>Mon, 27 Dec 2010 22:03:11 +0000</created>
                <updated>Tue, 19 Apr 2011 13:39:20 +0100</updated>
                            <resolved>Tue, 4 Jan 2011 00:10:28 +0000</resolved>
                                    <version>10.8.1.2</version>
                                    <fixVersion>10.8.1.2</fixVersion>
                                    <component>Test</component>
                        <due></due>
                            <votes>0</votes>
                                    <watches>0</watches>
                                                                <comments>
                            <comment id="12975356" author="myrna" created="Mon, 27 Dec 2010 22:12:45 +0000"  >&lt;p&gt;The build for this picked up the following changes since the previous build that did not have this test failure:&lt;/p&gt;

&lt;p&gt;SUBVERSION LOG FROM 1051736 TO 1052140:&lt;br/&gt;
------------------------------------------------------------------------&lt;br/&gt;
r1052044 | rhillegas | 2010-12-22 11:36:04 -0800 (Wed, 22 Dec 2010) | 1 line&lt;/p&gt;

&lt;p&gt;&lt;a href=&quot;https://issues.apache.org/jira/browse/DERBY-4869&quot; title=&quot;Implement JDBC 4.1, the api increment introduced by Java 7&quot; class=&quot;issue-link&quot; data-issue-key=&quot;DERBY-4869&quot;&gt;&lt;del&gt;DERBY-4869&lt;/del&gt;&lt;/a&gt;: Correct error messages returned by ResultSet.getObject(int,Class).&lt;br/&gt;
------------------------------------------------------------------------&lt;br/&gt;
r1051947 | rhillegas | 2010-12-22 07:21:48 -0800 (Wed, 22 Dec 2010) | 1 line&lt;/p&gt;

&lt;p&gt;&lt;a href=&quot;https://issues.apache.org/jira/browse/DERBY-4869&quot; title=&quot;Implement JDBC 4.1, the api increment introduced by Java 7&quot; class=&quot;issue-link&quot; data-issue-key=&quot;DERBY-4869&quot;&gt;&lt;del&gt;DERBY-4869&lt;/del&gt;&lt;/a&gt;: Suppress compiler warning introduced by previous submission.&lt;br/&gt;
------------------------------------------------------------------------&lt;br/&gt;
r1051937 | rhillegas | 2010-12-22 07:02:57 -0800 (Wed, 22 Dec 2010) | 1 line&lt;/p&gt;

&lt;p&gt;&lt;a href=&quot;https://issues.apache.org/jira/browse/DERBY-4869&quot; title=&quot;Implement JDBC 4.1, the api increment introduced by Java 7&quot; class=&quot;issue-link&quot; data-issue-key=&quot;DERBY-4869&quot;&gt;&lt;del&gt;DERBY-4869&lt;/del&gt;&lt;/a&gt;: JDBC 4.1: Add new getObject() overloads to ResultSet implementations.&lt;br/&gt;
------------------------------------------------------------------------&lt;br/&gt;
r1051890 | rhillegas | 2010-12-22 05:34:15 -0800 (Wed, 22 Dec 2010) | 1 line&lt;/p&gt;

&lt;p&gt;&lt;a href=&quot;https://issues.apache.org/jira/browse/DERBY-4869&quot; title=&quot;Implement JDBC 4.1, the api increment introduced by Java 7&quot; class=&quot;issue-link&quot; data-issue-key=&quot;DERBY-4869&quot;&gt;&lt;del&gt;DERBY-4869&lt;/del&gt;&lt;/a&gt;: JDBC 4.1 spec clarification that addBatch(String) should fail on prepared and callable statements.&lt;br/&gt;
------------------------------------------------------------------------&lt;/p&gt;</comment>
                            <comment id="12976765" author="rhillegas" created="Mon, 3 Jan 2011 14:49:45 +0000"  >&lt;p&gt;Thanks for finding this problem, Myrna. I am in the middle of refactoring this test code so that I can use it for testing the new JDBC 4.1 overload of getObject() in CallableStatement. When I&apos;m done with that refactoring, I will look into fixing this bug. It appears to me that there is some sort of platform-specific string encoding problem here and the solution is probably to eliminate the string encoding. Thanks.&lt;/p&gt;</comment>
                            <comment id="12976874" author="rhillegas" created="Mon, 3 Jan 2011 18:55:56 +0000"  >&lt;p&gt;I have just committed my refactoring of the test logic for getObject(): subversion revision 1054708. I expect that this will introduce a similar test failure in CallableStatementTest. I will look into fixing these failures now.&lt;/p&gt;</comment>
                            <comment id="12976941" author="rhillegas" created="Mon, 3 Jan 2011 20:29:24 +0000"  >&lt;p&gt;Attaching derby-4951-01-aa-binaryTypes.diff. Hopefully this improves the situation. Committed at subversion revision 1054734.&lt;/p&gt;

&lt;p&gt;Myrna, could you let me know whether this improves your results for ResultSetTest and CallableStatementTest?&lt;/p&gt;

&lt;p&gt;Touches the following files:&lt;/p&gt;

&lt;p&gt;M      java/testing/org/apache/derbyTesting/functionTests/tests/jdbc4/CallableStatementTest.java&lt;br/&gt;
M      java/testing/org/apache/derbyTesting/functionTests/tests/jdbc4/Wrapper41Test.java&lt;br/&gt;
M      java/testing/org/apache/derbyTesting/functionTests/tests/jdbc4/ResultSetTest.java&lt;/p&gt;</comment>
                            <comment id="12976959" author="lilywei" created="Mon, 3 Jan 2011 21:13:44 +0000"  >&lt;p&gt;I was running jdbc4.ResultSetTest against svn 1054737 with ibm 1.6 jvm. The test passed for me. Thanks, Lily&lt;/p&gt;</comment>
                            <comment id="12977030" author="myrna" created="Tue, 4 Jan 2011 00:10:27 +0000"  >&lt;p&gt;I sync-ed up (to 1054834) and both jdbc4.ResultSetTest and jdbc4.CallableStatementTest pass for me also. Thanks Rick. &lt;br/&gt;
Closing.&lt;/p&gt;</comment>
                    </comments>
                    <attachments>
                            <attachment id="12467357" name="derby-4951-01-aa-binaryTypes.diff" size="7031" author="rhillegas" created="Mon, 3 Jan 2011 20:29:24 +0000"/>
                    </attachments>
                <subtasks>
                    </subtasks>
                <customfields>
                                                <customfield id="customfield_12310310" key="com.atlassian.jira.toolkit:attachments">
                        <customfieldname>Attachment count</customfieldname>
                        <customfieldvalues>
                            <customfieldvalue>1.0</customfieldvalue>
                        </customfieldvalues>
                    </customfield>
                                                                                                                                                                                                                                                                                                                                                        <customfield id="customfield_12310200" key="com.atlassian.jira.plugin.system.customfieldtypes:multicheckboxes">
                        <customfieldname>Bug behavior facts</customfieldname>
                        <customfieldvalues>
                                <customfieldvalue key="10369"><![CDATA[Regression Test Failure]]></customfieldvalue>
    
                        </customfieldvalues>
                    </customfield>
                                                                                                                                                                                                                                                                    <customfield id="customfield_12310220" key="com.atlassian.jira.ext.charting:firstresponsedate">
                        <customfieldname>Date of First Response</customfieldname>
                        <customfieldvalues>
                            <customfieldvalue>Mon, 3 Jan 2011 14:49:45 +0000</customfieldvalue>

                        </customfieldvalues>
                    </customfield>
                                                                                                                                                                                                                                                                                                                                                                                    <customfield id="customfield_12310420" key="com.pyxis.greenhopper.jira:gh-global-rank">
                        <customfieldname>Global Rank</customfieldname>
                        <customfieldvalues>
                            <customfieldvalue>24551</customfieldvalue>
                        </customfieldvalues>
                    </customfield>
                                                                                                                                                                                <customfield id="customfield_12311820" key="com.pyxis.greenhopper.jira:gh-lexo-rank">
                        <customfieldname>Rank</customfieldname>
                        <customfieldvalues>
                            <customfieldvalue>2|hy0gkv:</customfieldvalue>

                        </customfieldvalues>
                    </customfield>
                                                                <customfield id="customfield_12310920" key="com.pyxis.greenhopper.jira:gh-global-rank">
                        <customfieldname>Rank (Obsolete)</customfieldname>
                        <customfieldvalues>
                            <customfieldvalue>36504</customfieldvalue>
                        </customfieldvalues>
                    </customfield>
                                                                                                                                                                                                                                        <customfield id="customfield_12310222" key="com.atlassian.jira.ext.charting:timeinstatus">
                        <customfieldname>Time in Status</customfieldname>
                        <customfieldvalues>
                            
                        </customfieldvalues>
                    </customfield>
                                                                                            </customfields>
    </item>
</channel>
</rss>