<!-- 
RSS generated by JIRA (6.3.4#6332-sha1:51bc225ef474afe3128b2f66878477f322397b16) at Sun May 17 03:20:45 UTC 2015

It is possible to restrict the fields that are returned in this document by specifying the 'field' parameter in your request.
For example, to request only the issue key and summary add field=key&field=summary to the URL of your request.
For example:
https://issues.apache.org/jira/si/jira.issueviews:issue-xml/DERBY-5074/DERBY-5074.xml?field=key&amp;field=summary
-->
<rss version="0.92" >
<channel>
    <title>ASF JIRA</title>
    <link>https://issues.apache.org/jira</link>
    <description>This file is an XML representation of an issue</description>
    <language>en-uk</language>    <build-info>
        <version>6.3.4</version>
        <build-number>6332</build-number>
        <build-date>15-08-2014</build-date>
    </build-info>

<item>
            <title>[DERBY-5074] test failure(s) with IBM 1.4.2 in store.InterruptResilienceTest.testRAFWriteInterrupted: java.sql.SQLException: The exception &apos;junit.framework.AssertionFailedError: interrupt flag lost&apos; was thrown while evaluating an expression. </title>
                <link>https://issues.apache.org/jira/browse/DERBY-5074</link>
                <project id="10594" key="DERBY">Derby</project>
                    <description>&lt;p&gt;Since February 17, I see this failure:&lt;/p&gt;

&lt;p&gt;1) testRAFWriteInterrupted(org.apache.derbyTesting.functionTests.tests.store.InterruptResilienceTest) java.sql.SQLException: The exception &apos;junit.framework.AssertionFailedError: interrupt flag lost&apos; was thrown while evaluating an expression.&lt;br/&gt;
	at org.apache.derby.impl.jdbc.SQLExceptionFactory.getSQLException(Unknown Source)&lt;br/&gt;
	at org.apache.derby.impl.jdbc.Util.newEmbedSQLException(Unknown Source)&lt;br/&gt;
	at org.apache.derby.impl.jdbc.Util.seeNextException(Unknown Source)&lt;br/&gt;
	at org.apache.derby.impl.jdbc.TransactionResourceImpl.wrapInSQLException(Unknown Source)&lt;br/&gt;
	at org.apache.derby.impl.jdbc.TransactionResourceImpl.handleException(Unknown Source)&lt;br/&gt;
	at org.apache.derby.impl.jdbc.EmbedConnection.handleException(Unknown Source)&lt;br/&gt;
	at org.apache.derby.impl.jdbc.ConnectionChild.handleException(Unknown Source)&lt;br/&gt;
	at org.apache.derby.impl.jdbc.EmbedStatement.executeStatement(Unknown Source)&lt;br/&gt;
	at org.apache.derby.impl.jdbc.EmbedStatement.execute(Unknown Source)&lt;br/&gt;
	at org.apache.derby.impl.jdbc.EmbedStatement.executeUpdate(Unknown Source)&lt;br/&gt;
	at org.apache.derbyTesting.functionTests.tests.store.InterruptResilienceTest.testRAFWriteInterrupted(InterruptResilienceTest.java:204)&lt;br/&gt;
	at sun.reflect.NativeMethodAccessorImpl.invoke0(Native Method)&lt;br/&gt;
	at sun.reflect.NativeMethodAccessorImpl.invoke(NativeMethodAccessorImpl.java(Compiled Code))&lt;br/&gt;
	at sun.reflect.NativeMethodAccessorImpl.invoke(NativeMethodAccessorImpl.java(Compiled Code))&lt;br/&gt;
	at sun.reflect.DelegatingMethodAccessorImpl.invoke(DelegatingMethodAccessorImpl.java(Compiled Code))&lt;br/&gt;
	at org.apache.derbyTesting.junit.BaseTestCase.runBare(BaseTestCase.java(Compiled Code))&lt;br/&gt;
	at junit.extensions.TestDecorator.basicRun(TestDecorator.java:22)&lt;br/&gt;
	at junit.extensions.TestSetup$1.protect(TestSetup.java:19)&lt;br/&gt;
	at junit.extensions.TestSetup.run(TestSetup.java:23)&lt;br/&gt;
	at org.apache.derbyTesting.junit.BaseTestSetup.run(BaseTestSetup.java:57)&lt;br/&gt;
	at junit.extensions.TestDecorator.basicRun(TestDecorator.java:22)&lt;br/&gt;
	at junit.extensions.TestSetup$1.protect(TestSetup.java:19)&lt;br/&gt;
	at junit.extensions.TestSetup.run(TestSetup.java:23)&lt;br/&gt;
	at junit.extensions.TestDecorator.basicRun(TestDecorator.java:22)&lt;br/&gt;
	at junit.extensions.TestSetup$1.protect(TestSetup.java:19)&lt;br/&gt;
	at junit.extensions.TestSetup.run(TestSetup.java:23)&lt;br/&gt;
Caused by: java.sql.SQLException: Java exception: &apos;interrupt flag lost: junit.framework.AssertionFailedError&apos;.&lt;br/&gt;
	at org.apache.derby.impl.jdbc.SQLExceptionFactory.getSQLException(Unknown Source)&lt;br/&gt;
	at org.apache.derby.impl.jdbc.Util.newEmbedSQLException(Unknown Source)&lt;br/&gt;
	at org.apache.derby.impl.jdbc.Util.javaException(Unknown Source)&lt;br/&gt;
	at org.apache.derby.impl.jdbc.TransactionResourceImpl.wrapInSQLException(Unknown Source)&lt;br/&gt;
	... 46 more&lt;br/&gt;
Caused by: junit.framework.AssertionFailedError: interrupt flag lost&lt;br/&gt;
	at org.apache.derbyTesting.functionTests.tests.store.InterruptResilienceTest.tstRAFwriteInterrupted(InterruptResilienceTest.java(Compiled Code))&lt;br/&gt;
	at org.apache.derby.exe.ac0b5b0099x012ex376dx55e3x00000a2ef4be0.g0(Unknown Source)&lt;br/&gt;
	at sun.reflect.NativeMethodAccessorImpl.invoke0(Native Method)&lt;br/&gt;
	at sun.reflect.NativeMethodAccessorImpl.invoke(NativeMethodAccessorImpl.java(Compiled Code))&lt;br/&gt;
	at sun.reflect.NativeMethodAccessorImpl.invoke(NativeMethodAccessorImpl.java(Compiled Code))&lt;br/&gt;
	at sun.reflect.DelegatingMethodAccessorImpl.invoke(DelegatingMethodAccessorImpl.java(Compiled Code))&lt;br/&gt;
	at org.apache.derby.impl.services.reflect.ReflectMethod.invoke(Unknown Source)&lt;br/&gt;
	at org.apache.derby.impl.sql.execute.CallStatementResultSet.open(Unknown Source)&lt;br/&gt;
	at org.apache.derby.impl.sql.GenericPreparedStatement.executeStmt(Unknown Source)&lt;br/&gt;
	at org.apache.derby.impl.sql.GenericPreparedStatement.execute(Unknown Source)&lt;br/&gt;
	... 42 more&lt;/p&gt;

&lt;p&gt;twice (February 20 and February 25) this was followed by a second test failure:&lt;/p&gt;

&lt;p&gt;2) testRAFReadWriteMultipleThreads(org.apache.derbyTesting.functionTests.tests.store.InterruptResilienceTest)java.sql.SQLException: The exception &apos;junit.framework.AssertionFailedError: Column value mismatch @ column &apos;1&apos;, row 1:&lt;br/&gt;
    Expected: &amp;gt;30000&amp;lt;&lt;br/&gt;
    Found:    &amp;gt;29999&amp;lt;&apos; was thrown while evaluating an expression.&lt;br/&gt;
	at org.apache.derby.impl.jdbc.SQLExceptionFactory.getSQLException(Unknown Source)&lt;br/&gt;
	at org.apache.derby.impl.jdbc.Util.newEmbedSQLException(Unknown Source)&lt;br/&gt;
	at org.apache.derby.impl.jdbc.Util.seeNextException(Unknown Source)&lt;br/&gt;
	at org.apache.derby.impl.jdbc.TransactionResourceImpl.wrapInSQLException(Unknown Source)&lt;br/&gt;
	at org.apache.derby.impl.jdbc.TransactionResourceImpl.handleException(Unknown Source)&lt;br/&gt;
	at org.apache.derby.impl.jdbc.EmbedConnection.handleException(Unknown Source)&lt;br/&gt;
	at org.apache.derby.impl.jdbc.ConnectionChild.handleException(Unknown Source)&lt;br/&gt;
	at org.apache.derby.impl.jdbc.EmbedStatement.executeStatement(Unknown Source)&lt;br/&gt;
	at org.apache.derby.impl.jdbc.EmbedStatement.execute(Unknown Source)&lt;br/&gt;
	at org.apache.derby.impl.jdbc.EmbedStatement.executeUpdate(Unknown Source)&lt;br/&gt;
	at org.apache.derbyTesting.functionTests.tests.store.InterruptResilienceTest.testRAFReadWriteMultipleThreads(InterruptResilienceTest.java:515)&lt;br/&gt;
	at sun.reflect.NativeMethodAccessorImpl.invoke0(Native Method)&lt;br/&gt;
	at sun.reflect.NativeMethodAccessorImpl.invoke(NativeMethodAccessorImpl.java(Compiled Code))&lt;br/&gt;
	at sun.reflect.NativeMethodAccessorImpl.invoke(NativeMethodAccessorImpl.java(Compiled Code))&lt;br/&gt;
	at sun.reflect.DelegatingMethodAccessorImpl.invoke(DelegatingMethodAccessorImpl.java(Compiled Code))&lt;br/&gt;
	at org.apache.derbyTesting.junit.BaseTestCase.runBare(BaseTestCase.java(Compiled Code))&lt;br/&gt;
	at junit.extensions.TestDecorator.basicRun(TestDecorator.java:22)&lt;br/&gt;
	at junit.extensions.TestSetup$1.protect(TestSetup.java:19)&lt;br/&gt;
	at junit.extensions.TestSetup.run(TestSetup.java:23)&lt;br/&gt;
	at org.apache.derbyTesting.junit.BaseTestSetup.run(BaseTestSetup.java:57)&lt;br/&gt;
	at junit.extensions.TestDecorator.basicRun(TestDecorator.java:22)&lt;br/&gt;
	at junit.extensions.TestSetup$1.protect(TestSetup.java:19)&lt;br/&gt;
	at junit.extensions.TestSetup.run(TestSetup.java:23)&lt;br/&gt;
	at junit.extensions.TestDecorator.basicRun(TestDecorator.java:22)&lt;br/&gt;
	at junit.extensions.TestSetup$1.protect(TestSetup.java:19)&lt;br/&gt;
	at junit.extensions.TestSetup.run(TestSetup.java:23)&lt;br/&gt;
Caused by: java.sql.SQLException: Java exception: &apos;Column value mismatch @ column &apos;1&apos;, row 1:&lt;br/&gt;
    Expected: &amp;gt;30000&amp;lt;&lt;br/&gt;
    Found:    &amp;gt;29999&amp;lt;: junit.framework.AssertionFailedError&apos;.&lt;br/&gt;
	at org.apache.derby.impl.jdbc.SQLExceptionFactory.getSQLException(Unknown Source)&lt;br/&gt;
	at org.apache.derby.impl.jdbc.Util.newEmbedSQLException(Unknown Source)&lt;br/&gt;
	at org.apache.derby.impl.jdbc.Util.javaException(Unknown Source)&lt;br/&gt;
	at org.apache.derby.impl.jdbc.TransactionResourceImpl.wrapInSQLException(Unknown Source)&lt;br/&gt;
	... 46 more&lt;br/&gt;
Caused by: junit.framework.AssertionFailedError: Column value mismatch @ column &apos;1&apos;, row 1:&lt;br/&gt;
    Expected: &amp;gt;30000&amp;lt;&lt;br/&gt;
    Found:    &amp;gt;29999&amp;lt;&lt;br/&gt;
	at org.apache.derbyTesting.junit.JDBC.assertRowInResultSet(JDBC.java(Compiled Code))&lt;br/&gt;
	at org.apache.derbyTesting.junit.JDBC.assertRowInResultSet(JDBC.java(Inlined Compiled Code))&lt;br/&gt;
	at org.apache.derbyTesting.junit.JDBC.assertFullResultSetMinion(JDBC.java(Compiled Code))&lt;br/&gt;
	at org.apache.derbyTesting.junit.JDBC.assertFullResultSet(JDBC.java(Inlined Compiled Code))&lt;br/&gt;
	at org.apache.derbyTesting.junit.JDBC.assertFullResultSet(JDBC.java(Inlined Compiled Code))&lt;br/&gt;
	at org.apache.derbyTesting.junit.JDBC.assertFullResultSet(JDBC.java(Inlined Compiled Code))&lt;br/&gt;
	at org.apache.derbyTesting.junit.JDBC.assertSingleValueResultSet(JDBC.java(Compiled Code))&lt;br/&gt;
	at org.apache.derbyTesting.functionTests.tests.store.InterruptResilienceTest.tstRAFReadWriteMultipleThreads(InterruptResilienceTest.java:265)&lt;br/&gt;
	at org.apache.derby.exe.ac070a00b0x012ex46e5x5b33x0000368ebfa60.g0(Unknown Source)&lt;br/&gt;
	at sun.reflect.NativeMethodAccessorImpl.invoke0(Native Method)&lt;br/&gt;
	at sun.reflect.NativeMethodAccessorImpl.invoke(NativeMethodAccessorImpl.java(Compiled Code))&lt;br/&gt;
	at sun.reflect.NativeMethodAccessorImpl.invoke(NativeMethodAccessorImpl.java(Compiled Code))&lt;br/&gt;
	at sun.reflect.DelegatingMethodAccessorImpl.invoke(DelegatingMethodAccessorImpl.java(Compiled Code))&lt;br/&gt;
	at org.apache.derby.impl.services.reflect.ReflectMethod.invoke(Unknown Source)&lt;br/&gt;
	at org.apache.derby.impl.sql.execute.CallStatementResultSet.open(Unknown Source)&lt;br/&gt;
	at org.apache.derby.impl.sql.GenericPreparedStatement.executeStmt(Unknown Source)&lt;br/&gt;
	at org.apache.derby.impl.sql.GenericPreparedStatement.execute(Unknown Source)&lt;br/&gt;
	... 42 more&lt;/p&gt;

&lt;p&gt;See for instance: &lt;a href=&quot;http://people.apache.org/~myrnavl/derby_test_results/main/linux/testlog/ibm142/1071866-suites.All_diff.txt&quot; class=&quot;external-link&quot; rel=&quot;nofollow&quot;&gt;http://people.apache.org/~myrnavl/derby_test_results/main/linux/testlog/ibm142/1071866-suites.All_diff.txt&lt;/a&gt;&lt;br/&gt;
and:&lt;br/&gt;
&lt;a href=&quot;http://people.apache.org/~myrnavl/derby_test_results/main/linux/testlog/ibm142/1072825-suites.All_diff.txt&quot; class=&quot;external-link&quot; rel=&quot;nofollow&quot;&gt;http://people.apache.org/~myrnavl/derby_test_results/main/linux/testlog/ibm142/1072825-suites.All_diff.txt&lt;/a&gt;&lt;/p&gt;

&lt;p&gt;I can reproduce the first failure on my laptop with Windows XP with ibm 1.4.2 (in fact, I got the same failure twice, I assume once with NetworkServer/client, once with embedded) by just running the test.&lt;/p&gt;

&lt;p&gt;This popping up on the 17th is because this test didn&apos;t run with ibm 1.4.2 for a while before revision 1071754 (see &lt;a href=&quot;https://issues.apache.org/jira/browse/DERBY-4463&quot; title=&quot;JMX test in nightly test suite failed with:  JMXTest:clientjava.lang.InterruptedException:  &quot; class=&quot;issue-link&quot; data-issue-key=&quot;DERBY-4463&quot;&gt;&lt;del&gt;DERBY-4463&lt;/del&gt;&lt;/a&gt;, but this is a different problem.)&lt;/p&gt;

&lt;p&gt;I marked this &apos;store&apos;, but this test doesn&apos;t fail with Sun&apos;s 1.4.2 jvm, judging from the results at &lt;a href=&quot;http://dbtg.foundry.sun.com/derby/test/Daily/jvm1.4/testing/Limited/&quot; class=&quot;external-link&quot; rel=&quot;nofollow&quot;&gt;http://dbtg.foundry.sun.com/derby/test/Daily/jvm1.4/testing/Limited/&lt;/a&gt; , so it&apos;s possible there&apos;s a jvm issue here.&lt;/p&gt;</description>
                <environment>windows XP and Suse Linux with ibm 1.4.2.</environment>
        <key id="12499897">DERBY-5074</key>
            <summary>test failure(s) with IBM 1.4.2 in store.InterruptResilienceTest.testRAFWriteInterrupted: java.sql.SQLException: The exception &apos;junit.framework.AssertionFailedError: interrupt flag lost&apos; was thrown while evaluating an expression. </summary>
                <type id="1" iconUrl="https://issues.apache.org/jira/images/icons/issuetypes/bug.png">Bug</type>
                                            <priority id="4" iconUrl="https://issues.apache.org/jira/images/icons/priorities/minor.png">Minor</priority>
                        <status id="6" iconUrl="https://issues.apache.org/jira/images/icons/statuses/closed.png" description="The issue is considered finished, the resolution is correct. Issues which are closed can be reopened.">Closed</status>
                    <statusCategory id="3" key="done" colorName="green"/>
                                    <resolution id="1">Fixed</resolution>
                                        <assignee username="dagw">Dag H. Wanvik</assignee>
                                    <reporter username="myrna">Myrna van Lunteren</reporter>
                        <labels>
                            <label>backport_reject_10_7</label>
                            <label>derby_triage10_8</label>
                    </labels>
                <created>Mon, 28 Feb 2011 08:21:15 +0000</created>
                <updated>Mon, 17 Jun 2013 10:19:23 +0100</updated>
                            <resolved>Sat, 17 Mar 2012 01:18:34 +0000</resolved>
                                    <version>10.8.1.2</version>
                                    <fixVersion>10.8.1.2</fixVersion>
                                    <component>Store</component>
                    <component>Test</component>
                        <due></due>
                            <votes>0</votes>
                                    <watches>1</watches>
                                                                <comments>
                            <comment id="13000875" author="dagw" created="Tue, 1 Mar 2011 13:48:11 +0000"  >&lt;p&gt;I saw the error also on Sun jvm 1.6 on Vista:&lt;/p&gt;

&lt;p&gt;&lt;a href=&quot;http://dbtg.foundry.sun.com/derby/test/Daily/jvm1.6/testing/testlog/vista/1074632-suitesAll_diff.txt&quot; class=&quot;external-link&quot; rel=&quot;nofollow&quot;&gt;http://dbtg.foundry.sun.com/derby/test/Daily/jvm1.6/testing/testlog/vista/1074632-suitesAll_diff.txt&lt;/a&gt;&lt;/p&gt;</comment>
                            <comment id="13000879" author="dagw" created="Tue, 1 Mar 2011 13:55:23 +0000"  >&lt;p&gt;This is a test error: when the insert occasionally gets interrupted while waiting for a lock it can throw in the test code (the original code didn&apos;t see this - it was retrofitted), and miss one or more inserts, making the assert on the number of rows inserted fail. The fix will be to just note how many times we missed an insert and change the loops control somewhat,&lt;/p&gt;</comment>
                            <comment id="13001201" author="dagw" created="Wed, 2 Mar 2011 00:06:16 +0000"  >&lt;p&gt;Uploading a patch which hopefully fixes this issue. Running regressions. I&apos;ll commit it if it passes, so we should see soon if the intermittents go away.&lt;/p&gt;</comment>
                            <comment id="13001318" author="dagw" created="Wed, 2 Mar 2011 07:15:58 +0000"  >&lt;p&gt;Regressions ran ok modulo an error in dblook. Committed as svn 1076117. Let me know if you see further occurrences of this bug after this fix went in, hopefully it should be fixed. Resolving for now.&lt;/p&gt;</comment>
                            <comment id="13229387" author="kmarsden" created="Wed, 14 Mar 2012 17:19:49 +0000"  >&lt;p&gt;Reopen for 10.5 backport consideration. If working on the backport for this issue. Temporarily assign yourself and add a comment that you are working on it. When finished, reresolve with the new fix versions or label backport_reject_10_x as appropriate.&lt;/p&gt;</comment>
                            <comment id="13231782" author="mikem" created="Sat, 17 Mar 2012 01:18:24 +0000"  >&lt;p&gt;this should not be backported farther than 10.8, the test was added in 10.8.  And all the improvements to make the test pass were in 10.8.  Those&lt;br/&gt;
changes are feature level and should not be backported.  I was unable to reset the affects version back to where problem showed up, so just set it to most recent release as that was the oldest 10.8 that dropdown error checking would allow.&lt;/p&gt;</comment>
                            <comment id="13685222" author="knutanders" created="Mon, 17 Jun 2013 10:19:23 +0100"  >&lt;p&gt;&lt;span class=&quot;error&quot;&gt;&amp;#91;bulk update&amp;#93;&lt;/span&gt; Close all resolved issues that haven&apos;t been updated for more than one year.&lt;/p&gt;</comment>
                    </comments>
                <issuelinks>
                            <issuelinktype id="10030">
                    <name>Reference</name>
                                            <outwardlinks description="relates to">
                                        <issuelink>
            <issuekey id="12500791">DERBY-5109</issuekey>
        </issuelink>
                            </outwardlinks>
                                                        </issuelinktype>
                    </issuelinks>
                <attachments>
                            <attachment id="12472376" name="fix-retry-counting.diff" size="1589" author="dagw" created="Wed, 2 Mar 2011 00:06:16 +0000"/>
                    </attachments>
                <subtasks>
                    </subtasks>
                <customfields>
                                                <customfield id="customfield_12310310" key="com.atlassian.jira.toolkit:attachments">
                        <customfieldname>Attachment count</customfieldname>
                        <customfieldvalues>
                            <customfieldvalue>1.0</customfieldvalue>
                        </customfieldvalues>
                    </customfield>
                                                                                                                                                                                                                                                                                                                                                        <customfield id="customfield_12310200" key="com.atlassian.jira.plugin.system.customfieldtypes:multicheckboxes">
                        <customfieldname>Bug behavior facts</customfieldname>
                        <customfieldvalues>
                                <customfieldvalue key="10369"><![CDATA[Regression Test Failure]]></customfieldvalue>
    
                        </customfieldvalues>
                    </customfield>
                                                                                                                                                                                                                                                                    <customfield id="customfield_12310220" key="com.atlassian.jira.ext.charting:firstresponsedate">
                        <customfieldname>Date of First Response</customfieldname>
                        <customfieldvalues>
                            <customfieldvalue>Tue, 1 Mar 2011 13:48:11 +0000</customfieldvalue>

                        </customfieldvalues>
                    </customfield>
                                                                                                                                                                                                                                                                                                                                                                                    <customfield id="customfield_12310420" key="com.pyxis.greenhopper.jira:gh-global-rank">
                        <customfieldname>Global Rank</customfieldname>
                        <customfieldvalues>
                            <customfieldvalue>24633</customfieldvalue>
                        </customfieldvalues>
                    </customfield>
                                                                                                                        <customfield id="customfield_12310090" key="com.atlassian.jira.plugin.system.customfieldtypes:multicheckboxes">
                        <customfieldname>Issue &amp; fix info</customfieldname>
                        <customfieldvalues>
                                <customfieldvalue key="10426"><![CDATA[Known fix]]></customfieldvalue>
    
                        </customfieldvalues>
                    </customfield>
                                                                                            <customfield id="customfield_12311820" key="com.pyxis.greenhopper.jira:gh-lexo-rank">
                        <customfieldname>Rank</customfieldname>
                        <customfieldvalues>
                            <customfieldvalue>2|hy0cjz:</customfieldvalue>

                        </customfieldvalues>
                    </customfield>
                                                                <customfield id="customfield_12310920" key="com.pyxis.greenhopper.jira:gh-global-rank">
                        <customfieldname>Rank (Obsolete)</customfieldname>
                        <customfieldvalues>
                            <customfieldvalue>35852</customfieldvalue>
                        </customfieldvalues>
                    </customfield>
                                                                                                                                                                                                                                        <customfield id="customfield_12310222" key="com.atlassian.jira.ext.charting:timeinstatus">
                        <customfieldname>Time in Status</customfieldname>
                        <customfieldvalues>
                            
                        </customfieldvalues>
                    </customfield>
                                                                                            <customfield id="customfield_12310050" key="com.atlassian.jira.plugin.system.customfieldtypes:select">
                        <customfieldname>Urgency</customfieldname>
                        <customfieldvalues>
                                <customfieldvalue key="10052"><![CDATA[Normal]]></customfieldvalue>

                        </customfieldvalues>
                    </customfield>
                                    </customfields>
    </item>
</channel>
</rss>