<!-- 
RSS generated by JIRA (6.3.4#6332-sha1:51bc225ef474afe3128b2f66878477f322397b16) at Sun May 17 03:18:20 UTC 2015

It is possible to restrict the fields that are returned in this document by specifying the 'field' parameter in your request.
For example, to request only the issue key and summary add field=key&field=summary to the URL of your request.
For example:
https://issues.apache.org/jira/si/jira.issueviews:issue-xml/DERBY-5263/DERBY-5263.xml?field=key&amp;field=summary
-->
<rss version="0.92" >
<channel>
    <title>ASF JIRA</title>
    <link>https://issues.apache.org/jira</link>
    <description>This file is an XML representation of an issue</description>
    <language>en-uk</language>    <build-info>
        <version>6.3.4</version>
        <build-number>6332</build-number>
        <build-date>15-08-2014</build-date>
    </build-info>

<item>
            <title>[DERBY-5263] xmlTestTriggerWithXMLOperators(org.apache.derbyTesting.functionTests.tests.upgradeTests.BasicSetup) fails with java.lang.NoSuchMethodError</title>
                <link>https://issues.apache.org/jira/browse/DERBY-5263</link>
                <project id="10594" key="DERBY">Derby</project>
                    <description>&lt;p&gt;On the 10.8 branch, xmlTestTriggerWithXMLOperators is failing with revision 1132702 possibly after the following checkin:&lt;br/&gt;
&lt;a href=&quot;https://issues.apache.org/jira/browse/DERBY-3870&quot; title=&quot;Concurrent Inserts of rows with XML data results in an exception&quot; class=&quot;issue-link&quot; data-issue-key=&quot;DERBY-3870&quot;&gt;&lt;del&gt;DERBY-3870&lt;/del&gt;&lt;/a&gt;: Concurrent Inserts of rows with XML data results in an exception&lt;/p&gt;

&lt;p&gt;Merged fix from trunk (revisions 1101839, 1125305, 1126358, 1127883&lt;br/&gt;
and 1132546).&lt;/p&gt;

&lt;p&gt;Bumped last digit in version number on the branch so that stored&lt;br/&gt;
prepared statements will be invalidated (needed in case they use XML&lt;br/&gt;
operators since the format of query plans using those operators has&lt;br/&gt;
changed).&lt;/p&gt;


&lt;p&gt;It looks like the behavior if the version were not bumped, but it actually was, so not sure what the issue is.&lt;/p&gt;


&lt;p&gt;There were 4 errors:&lt;br/&gt;
1) xmlTestTriggerWithXMLOperators(org.apache.derbyTesting.functionTests.tests.upgradeTests.BasicSetup)java.sql.SQLException: Java exception: &apos;org/apache/derby/iapi/sql/execute/ResultSetFactory.getBulkTableScanResultSet(Lorg/apache/derby/iapi/sql/Activation;JILorg/apache/derby/iapi/services/loader/GeneratedMethod;ILorg/apache/derby/iapi/services/loader/GeneratedMethod;ILorg/apache/derby/iapi/services/loader/GeneratedMethod;IZ[[Lorg/apache/derby/iapi/store/access/Qualifier;Ljava/lang/String;Ljava/lang/String;Ljava/lang/String;ZZIIIZIIZZDD)Lorg/apache/derby/iapi/sql/execute/NoPutResultSet;: java.lang.NoSuchMethodError&apos;.&lt;br/&gt;
    at org.apache.derby.impl.jdbc.SQLExceptionFactory40.getSQLException(Unknown Source)&lt;br/&gt;
    at org.apache.derby.impl.jdbc.Util.newEmbedSQLException(Unknown Source)&lt;br/&gt;
    at org.apache.derby.impl.jdbc.Util.javaException(Unknown Source)&lt;br/&gt;
    at org.apache.derby.impl.jdbc.TransactionResourceImpl.wrapInSQLException(Unknown Source)&lt;br/&gt;
    at org.apache.derby.impl.jdbc.TransactionResourceImpl.handleException(Unknown Source)&lt;br/&gt;
    at org.apache.derby.impl.jdbc.EmbedConnection.handleException(Unknown Source)&lt;br/&gt;
    at org.apache.derby.impl.jdbc.ConnectionChild.handleException(Unknown Source)&lt;br/&gt;
    at org.apache.derby.impl.jdbc.EmbedStatement.executeStatement(Unknown Source)&lt;br/&gt;
    at org.apache.derby.impl.jdbc.EmbedStatement.execute(Unknown Source)&lt;br/&gt;
    at org.apache.derby.impl.jdbc.EmbedStatement.execute(Unknown Source)&lt;br/&gt;
    at org.apache.derbyTesting.functionTests.tests.upgradeTests.BasicSetup.xmlTestTriggerWithXMLOperators(BasicSetup.java:832)&lt;br/&gt;
    at sun.reflect.GeneratedMethodAccessor1855.invoke(Unknown Source)&lt;br/&gt;
    at sun.reflect.DelegatingMethodAccessorImpl.invoke(DelegatingMethodAccessorImpl.java:37)&lt;br/&gt;
    at org.apache.derbyTesting.junit.BaseTestCase.runBare(BaseTestCase.java:112)&lt;br/&gt;
    at junit.extensions.TestDecorator.basicRun(TestDecorator.java:22)&lt;br/&gt;
    at junit.extensions.TestSetup$1.protect(TestSetup.java:19)&lt;br/&gt;
    at junit.extensions.TestSetup.run(TestSetup.java:23)&lt;br/&gt;
    at junit.extensions.TestDecorator.basicRun(TestDecorator.java:22)&lt;br/&gt;
    at junit.extensions.TestSetup$1.protect(TestSetup.java:19)&lt;br/&gt;
    at junit.extensions.TestSetup.run(TestSetup.java:23)&lt;br/&gt;
    at org.apache.derbyTesting.junit.BaseTestSetup.run(BaseTestSetup.java:57)&lt;br/&gt;
    at junit.extensions.TestDecorator.basicRun(TestDecorator.java:22)&lt;br/&gt;
    at junit.extensions.TestSetup$1.protect(TestSetup.java:19)&lt;br/&gt;
    at junit.extensions.TestSetup.run(TestSetup.java:23)&lt;br/&gt;
    at org.apache.derbyTesting.junit.BaseTestSetup.run(BaseTestSetup.java:57)&lt;br/&gt;
    at junit.extensions.TestDecorator.basicRun(TestDecorator.java:22)&lt;br/&gt;
    at junit.extensions.TestSetup$1.protect(TestSetup.java:19)&lt;br/&gt;
    at junit.extensions.TestSetup.run(TestSetup.java:23)&lt;br/&gt;
    at junit.extensions.TestDecorator.basicRun(TestDecorator.java:22)&lt;br/&gt;
    at junit.extensions.TestSetup$1.protect(TestSetup.java:19)&lt;br/&gt;
    at junit.extensions.TestSetup.run(TestSetup.java:23)&lt;br/&gt;
    at org.apache.derbyTesting.junit.BaseTestSetup.run(BaseTestSetup.java:57)&lt;br/&gt;
    at junit.extensions.TestDecorator.basicRun(TestDecorator.java:22)&lt;br/&gt;
    at junit.extensions.TestSetup$1.protect(TestSetup.java:19)&lt;br/&gt;
    at junit.extensions.TestSetup.run(TestSetup.java:23)&lt;br/&gt;
    at junit.extensions.TestDecorator.basicRun(TestDecorator.java:22)&lt;br/&gt;
    at junit.extensions.TestSetup$1.protect(TestSetup.java:19)&lt;br/&gt;
    at junit.extensions.TestSetup.run(TestSetup.java:23)&lt;br/&gt;
    at org.apache.derbyTesting.junit.BaseTestSetup.run(BaseTestSetup.java:57)&lt;br/&gt;
    at junit.extensions.TestDecorator.basicRun(TestDecorator.java:22)&lt;br/&gt;
    at junit.extensions.TestSetup$1.protect(TestSetup.java:19)&lt;br/&gt;
    at junit.extensions.TestSetup.run(TestSetup.java:23)&lt;br/&gt;
    at junit.extensions.TestDecorator.basicRun(TestDecorator.java:22)&lt;br/&gt;
    at junit.extensions.TestSetup$1.protect(TestSetup.java:19)&lt;br/&gt;
    at junit.extensions.TestSetup.run(TestSetup.java:23)&lt;br/&gt;
    at org.apache.derbyTesting.junit.BaseTestSetup.run(BaseTestSetup.java:57)&lt;br/&gt;
    at junit.extensions.TestDecorator.basicRun(TestDecorator.java:22)&lt;br/&gt;
    at junit.extensions.TestSetup$1.protect(TestSetup.java:19)&lt;br/&gt;
    at junit.extensions.TestSetup.run(TestSetup.java:23)&lt;br/&gt;
    at junit.extensions.TestDecorator.basicRun(TestDecorator.java:22)&lt;br/&gt;
    at junit.extensions.TestSetup$1.protect(TestSetup.java:19)&lt;br/&gt;
    at junit.extensions.TestSetup.run(TestSetup.java:23)&lt;br/&gt;
    at org.apache.derbyTesting.junit.BaseTestSetup.run(BaseTestSetup.java:57)&lt;br/&gt;
    at junit.extensions.TestDecorator.basicRun(TestDecorator.java:22)&lt;br/&gt;
    at junit.extensions.TestSetup$1.protect(TestSetup.java:19)&lt;br/&gt;
    at junit.extensions.TestSetup.run(TestSetup.java:23)&lt;br/&gt;
    at junit.extensions.TestDecorator.basicRun(TestDecorator.java:22)&lt;br/&gt;
    at junit.extensions.TestSetup$1.protect(TestSetup.java:19)&lt;br/&gt;
    at junit.extensions.TestSetup.run(TestSetup.java:23)&lt;br/&gt;
    at org.apache.derbyTesting.junit.BaseTestSetup.run(BaseTestSetup.java:57)&lt;br/&gt;
    at junit.extensions.TestDecorator.basicRun(TestDecorator.java:22)&lt;br/&gt;
    at junit.extensions.TestSetup$1.protect(TestSetup.java:19)&lt;br/&gt;
    at junit.extensions.TestSetup.run(TestSetup.java:23)&lt;br/&gt;
    at junit.extensions.TestDecorator.basicRun(TestDecorator.java:22)&lt;br/&gt;
    at junit.extensions.TestSetup$1.protect(TestSetup.java:19)&lt;br/&gt;
    at junit.extensions.TestSetup.run(TestSetup.java:23)&lt;br/&gt;
    at junit.extensions.TestDecorator.basicRun(TestDecorator.java:22)&lt;br/&gt;
    at junit.extensions.TestSetup$1.protect(TestSetup.java:19)&lt;br/&gt;
    at junit.extensions.TestSetup.run(TestSetup.java:23)&lt;br/&gt;
Caused by: java.sql.SQLException: Java exception: &apos;org/apache/derby/iapi/sql/execute/ResultSetFactory.getBulkTableScanResultSet(Lorg/apache/derby/iapi/sql/Activation;JILorg/apache/derby/iapi/services/loader/GeneratedMethod;ILorg/apache/derby/iapi/services/loader/GeneratedMethod;ILorg/apache/derby/iapi/services/loader/GeneratedMethod;IZ[[Lorg/apache/derby/iapi/store/access/Qualifier;Ljava/lang/String;Ljava/lang/String;Ljava/lang/String;ZZIIIZIIZZDD)Lorg/apache/derby/iapi/sql/execute/NoPutResultSet;: java.lang.NoSuchMethodError&apos;.&lt;br/&gt;
    at org.apache.derby.impl.jdbc.SQLExceptionFactory.getSQLException(Unknown Source)&lt;br/&gt;
    at org.apache.derby.impl.jdbc.SQLExceptionFactory40.wrapArgsForTransportAcrossDRDA(Unknown Source)&lt;br/&gt;
    ... 103 more&lt;br/&gt;
Caused by: java.lang.NoSuchMethodError: org/apache/derby/iapi/sql/execute/ResultSetFactory.getBulkTableScanResultSet(Lorg/apache/derby/iapi/sql/Activation;JILorg/apache/derby/iapi/services/loader/GeneratedMethod;ILorg/apache/derby/iapi/services/loader/GeneratedMethod;ILorg/apache/derby/iapi/services/loader/GeneratedMethod;IZ[[Lorg/apache/derby/iapi/store/access/Qualifier;Ljava/lang/String;Ljava/lang/String;Ljava/lang/String;ZZIIIZIIZZDD)Lorg/apache/derby/iapi/sql/execute/NoPutResultSet;&lt;br/&gt;
    at org.apache.derby.exe.aca44f56b0x0130x65f4xef99x0000549f72364.fillResultSet(Unknown Source)&lt;br/&gt;
    at org.apache.derby.exe.aca44f56b0x0130x65f4xef99x0000549f72364.execute(Unknown Source)&lt;br/&gt;
    at org.apache.derby.impl.sql.GenericActivationHolder.execute(Unknown Source)&lt;br/&gt;
    at org.apache.derby.impl.sql.GenericPreparedStatement.executeStmt(Unknown Source)&lt;br/&gt;
    at org.apache.derby.impl.sql.GenericPreparedStatement.executeSubStatement(Unknown Source)&lt;br/&gt;
    at org.apache.derby.impl.sql.execute.GenericTriggerExecutor.executeSPS(Unknown Source)&lt;br/&gt;
    at org.apache.derby.impl.sql.execute.StatementTriggerExecutor.fireTrigger(Unknown Source)&lt;br/&gt;
    at org.apache.derby.impl.sql.execute.TriggerEventActivator.notifyEvent(Unknown Source)&lt;br/&gt;
    at org.apache.derby.impl.sql.execute.InsertResultSet.normalInsertCore(Unknown Source)&lt;br/&gt;
    at org.apache.derby.impl.sql.execute.InsertResultSet.open(Unknown Source)&lt;br/&gt;
    at org.apache.derby.impl.sql.GenericPreparedStatement.executeStmt(Unknown Source)&lt;br/&gt;
    at org.apache.derby.impl.sql.GenericPreparedStatement.execute(Unknown Source)&lt;br/&gt;
    ... 96 more&lt;br/&gt;
2) xmlTestTriggerWithXMLOperators(org.apache.derbyTesting.functionTests.tests.upgradeTests.BasicSetup)java.sql.SQLException: Java exception: &apos;org/apache/derby/iapi/sql/execute/ResultSetFactory.getBulkTableScanResultSet(Lorg/apache/derby/iapi/sql/Activation;JILorg/apache/derby/iapi/services/loader/GeneratedMethod;ILorg/apache/derby/iapi/services/loader/GeneratedMethod;ILorg/apache/derby/iapi/services/loader/GeneratedMethod;IZ[[Lorg/apache/derby/iapi/store/access/Qualifier;Ljava/lang/String;Ljava/lang/String;Ljava/lang/String;ZZIIIZIIZZDD)Lorg/apache/derby/iapi/sql/execute/NoPutResultSet;: java.lang.NoSuchMethodError&apos;.&lt;br/&gt;
    at org.apache.derby.impl.jdbc.SQLExceptionFactory40.getSQLException(Unknown Source)&lt;br/&gt;
    at org.apache.derby.impl.jdbc.Util.newEmbedSQLException(Unknown Source)&lt;br/&gt;
    at org.apache.derby.impl.jdbc.Util.javaException(Unknown Source)&lt;br/&gt;
    at org.apache.derby.impl.jdbc.TransactionResourceImpl.wrapInSQLException(Unknown Source)&lt;br/&gt;
    at org.apache.derby.impl.jdbc.TransactionResourceImpl.handleException(Unknown Source)&lt;br/&gt;
    at org.apache.derby.impl.jdbc.EmbedConnection.handleException(Unknown Source)&lt;br/&gt;
    at org.apache.derby.impl.jdbc.ConnectionChild.handleException(Unknown Source)&lt;br/&gt;
    at org.apache.derby.impl.jdbc.EmbedStatement.executeStatement(Unknown Source)&lt;br/&gt;
    at org.apache.derby.impl.jdbc.EmbedStatement.execute(Unknown Source)&lt;br/&gt;
    at org.apache.derby.impl.jdbc.EmbedStatement.execute(Unknown Source)&lt;br/&gt;
    at org.apache.derbyTesting.functionTests.tests.upgradeTests.BasicSetup.xmlTestTriggerWithXMLOperators(BasicSetup.java:832)&lt;br/&gt;
    at sun.reflect.GeneratedMethodAccessor1855.invoke(Unknown Source)&lt;br/&gt;
    at sun.reflect.DelegatingMethodAccessorImpl.invoke(DelegatingMethodAccessorImpl.java:37)&lt;br/&gt;
    at org.apache.derbyTesting.junit.BaseTestCase.runBare(BaseTestCase.java:112)&lt;br/&gt;
    at junit.extensions.TestDecorator.basicRun(TestDecorator.java:22)&lt;br/&gt;
    at junit.extensions.TestSetup$1.protect(TestSetup.java:19)&lt;br/&gt;
    at junit.extensions.TestSetup.run(TestSetup.java:23)&lt;br/&gt;
    at junit.extensions.TestDecorator.basicRun(TestDecorator.java:22)&lt;br/&gt;
    at junit.extensions.TestSetup$1.protect(TestSetup.java:19)&lt;br/&gt;
    at junit.extensions.TestSetup.run(TestSetup.java:23)&lt;br/&gt;
    at org.apache.derbyTesting.junit.BaseTestSetup.run(BaseTestSetup.java:57)&lt;br/&gt;
    at junit.extensions.TestDecorator.basicRun(TestDecorator.java:22)&lt;br/&gt;
    at junit.extensions.TestSetup$1.protect(TestSetup.java:19)&lt;br/&gt;
    at junit.extensions.TestSetup.run(TestSetup.java:23)&lt;br/&gt;
    at org.apache.derbyTesting.junit.BaseTestSetup.run(BaseTestSetup.java:57)&lt;br/&gt;
    at junit.extensions.TestDecorator.basicRun(TestDecorator.java:22)&lt;br/&gt;
    at junit.extensions.TestSetup$1.protect(TestSetup.java:19)&lt;br/&gt;
    at junit.extensions.TestSetup.run(TestSetup.java:23)&lt;br/&gt;
    at junit.extensions.TestDecorator.basicRun(TestDecorator.java:22)&lt;br/&gt;
    at junit.extensions.TestSetup$1.protect(TestSetup.java:19)&lt;br/&gt;
    at junit.extensions.TestSetup.run(TestSetup.java:23)&lt;br/&gt;
    at org.apache.derbyTesting.junit.BaseTestSetup.run(BaseTestSetup.java:57)&lt;br/&gt;
    at junit.extensions.TestDecorator.basicRun(TestDecorator.java:22)&lt;br/&gt;
    at junit.extensions.TestSetup$1.protect(TestSetup.java:19)&lt;br/&gt;
    at junit.extensions.TestSetup.run(TestSetup.java:23)&lt;br/&gt;
    at junit.extensions.TestDecorator.basicRun(TestDecorator.java:22)&lt;br/&gt;
    at junit.extensions.TestSetup$1.protect(TestSetup.java:19)&lt;br/&gt;
    at junit.extensions.TestSetup.run(TestSetup.java:23)&lt;br/&gt;
    at org.apache.derbyTesting.junit.BaseTestSetup.run(BaseTestSetup.java:57)&lt;br/&gt;
    at junit.extensions.TestDecorator.basicRun(TestDecorator.java:22)&lt;br/&gt;
    at junit.extensions.TestSetup$1.protect(TestSetup.java:19)&lt;br/&gt;
    at junit.extensions.TestSetup.run(TestSetup.java:23)&lt;br/&gt;
    at junit.extensions.TestDecorator.basicRun(TestDecorator.java:22)&lt;br/&gt;
    at junit.extensions.TestSetup$1.protect(TestSetup.java:19)&lt;br/&gt;
    at junit.extensions.TestSetup.run(TestSetup.java:23)&lt;br/&gt;
    at org.apache.derbyTesting.junit.BaseTestSetup.run(BaseTestSetup.java:57)&lt;br/&gt;
    at junit.extensions.TestDecorator.basicRun(TestDecorator.java:22)&lt;br/&gt;
    at junit.extensions.TestSetup$1.protect(TestSetup.java:19)&lt;br/&gt;
    at junit.extensions.TestSetup.run(TestSetup.java:23)&lt;br/&gt;
    at junit.extensions.TestDecorator.basicRun(TestDecorator.java:22)&lt;br/&gt;
    at junit.extensions.TestSetup$1.protect(TestSetup.java:19)&lt;br/&gt;
    at junit.extensions.TestSetup.run(TestSetup.java:23)&lt;br/&gt;
    at org.apache.derbyTesting.junit.BaseTestSetup.run(BaseTestSetup.java:57)&lt;br/&gt;
    at junit.extensions.TestDecorator.basicRun(TestDecorator.java:22)&lt;br/&gt;
    at junit.extensions.TestSetup$1.protect(TestSetup.java:19)&lt;br/&gt;
    at junit.extensions.TestSetup.run(TestSetup.java:23)&lt;br/&gt;
    at junit.extensions.TestDecorator.basicRun(TestDecorator.java:22)&lt;br/&gt;
    at junit.extensions.TestSetup$1.protect(TestSetup.java:19)&lt;br/&gt;
    at junit.extensions.TestSetup.run(TestSetup.java:23)&lt;br/&gt;
    at org.apache.derbyTesting.junit.BaseTestSetup.run(BaseTestSetup.java:57)&lt;br/&gt;
    at junit.extensions.TestDecorator.basicRun(TestDecorator.java:22)&lt;br/&gt;
    at junit.extensions.TestSetup$1.protect(TestSetup.java:19)&lt;br/&gt;
    at junit.extensions.TestSetup.run(TestSetup.java:23)&lt;br/&gt;
    at junit.extensions.TestDecorator.basicRun(TestDecorator.java:22)&lt;br/&gt;
    at junit.extensions.TestSetup$1.protect(TestSetup.java:19)&lt;br/&gt;
    at junit.extensions.TestSetup.run(TestSetup.java:23)&lt;br/&gt;
    at junit.extensions.TestDecorator.basicRun(TestDecorator.java:22)&lt;br/&gt;
    at junit.extensions.TestSetup$1.protect(TestSetup.java:19)&lt;br/&gt;
    at junit.extensions.TestSetup.run(TestSetup.java:23)&lt;br/&gt;
Caused by: java.sql.SQLException: Java exception: &apos;org/apache/derby/iapi/sql/execute/ResultSetFactory.getBulkTableScanResultSet(Lorg/apache/derby/iapi/sql/Activation;JILorg/apache/derby/iapi/services/loader/GeneratedMethod;ILorg/apache/derby/iapi/services/loader/GeneratedMethod;ILorg/apache/derby/iapi/services/loader/GeneratedMethod;IZ[[Lorg/apache/derby/iapi/store/access/Qualifier;Ljava/lang/String;Ljava/lang/String;Ljava/lang/String;ZZIIIZIIZZDD)Lorg/apache/derby/iapi/sql/execute/NoPutResultSet;: java.lang.NoSuchMethodError&apos;.&lt;br/&gt;
    at org.apache.derby.impl.jdbc.SQLExceptionFactory.getSQLException(Unknown Source)&lt;br/&gt;
    at org.apache.derby.impl.jdbc.SQLExceptionFactory40.wrapArgsForTransportAcrossDRDA(Unknown Source)&lt;br/&gt;
    ... 103 more&lt;br/&gt;
Caused by: java.lang.NoSuchMethodError: org/apache/derby/iapi/sql/execute/ResultSetFactory.getBulkTableScanResultSet(Lorg/apache/derby/iapi/sql/Activation;JILorg/apache/derby/iapi/services/loader/GeneratedMethod;ILorg/apache/derby/iapi/services/loader/GeneratedMethod;ILorg/apache/derby/iapi/services/loader/GeneratedMethod;IZ[[Lorg/apache/derby/iapi/store/access/Qualifier;Ljava/lang/String;Ljava/lang/String;Ljava/lang/String;ZZIIIZIIZZDD)Lorg/apache/derby/iapi/sql/execute/NoPutResultSet;&lt;br/&gt;
    at org.apache.derby.exe.ac83e5596dx0130x65f4xef99x0000549f72364.fillResultSet(Unknown Source)&lt;br/&gt;
    at org.apache.derby.exe.ac83e5596dx0130x65f4xef99x0000549f72364.execute(Unknown Source)&lt;br/&gt;
    at org.apache.derby.impl.sql.GenericActivationHolder.execute(Unknown Source)&lt;br/&gt;
    at org.apache.derby.impl.sql.GenericPreparedStatement.executeStmt(Unknown Source)&lt;br/&gt;
    at org.apache.derby.impl.sql.GenericPreparedStatement.executeSubStatement(Unknown Source)&lt;br/&gt;
    at org.apache.derby.impl.sql.execute.GenericTriggerExecutor.executeSPS(Unknown Source)&lt;br/&gt;
    at org.apache.derby.impl.sql.execute.StatementTriggerExecutor.fireTrigger(Unknown Source)&lt;br/&gt;
    at org.apache.derby.impl.sql.execute.TriggerEventActivator.notifyEvent(Unknown Source)&lt;br/&gt;
    at org.apache.derby.impl.sql.execute.InsertResultSet.normalInsertCore(Unknown Source)&lt;br/&gt;
    at org.apache.derby.impl.sql.execute.InsertResultSet.open(Unknown Source)&lt;br/&gt;
    at org.apache.derby.impl.sql.GenericPreparedStatement.executeStmt(Unknown Source)&lt;br/&gt;
    at org.apache.derby.impl.sql.GenericPreparedStatement.execute(Unknown Source)&lt;br/&gt;
    ... 96 more&lt;br/&gt;
3) xmlTestTriggerWithXMLOperators(org.apache.derbyTesting.functionTests.tests.upgradeTests.BasicSetup)java.sql.SQLException: Java exception: &apos;org/apache/derby/iapi/sql/execute/ResultSetFactory.getBulkTableScanResultSet(Lorg/apache/derby/iapi/sql/Activation;JILorg/apache/derby/iapi/services/loader/GeneratedMethod;ILorg/apache/derby/iapi/services/loader/GeneratedMethod;ILorg/apache/derby/iapi/services/loader/GeneratedMethod;IZ[[Lorg/apache/derby/iapi/store/access/Qualifier;Ljava/lang/String;Ljava/lang/String;Ljava/lang/String;ZZIIIZIIZZDD)Lorg/apache/derby/iapi/sql/execute/NoPutResultSet;: java.lang.NoSuchMethodError&apos;.&lt;br/&gt;
    at org.apache.derby.impl.jdbc.SQLExceptionFactory40.getSQLException(Unknown Source)&lt;br/&gt;
    at org.apache.derby.impl.jdbc.Util.newEmbedSQLException(Unknown Source)&lt;br/&gt;
    at org.apache.derby.impl.jdbc.Util.javaException(Unknown Source)&lt;br/&gt;
    at org.apache.derby.impl.jdbc.TransactionResourceImpl.wrapInSQLException(Unknown Source)&lt;br/&gt;
    at org.apache.derby.impl.jdbc.TransactionResourceImpl.handleException(Unknown Source)&lt;br/&gt;
    at org.apache.derby.impl.jdbc.EmbedConnection.handleException(Unknown Source)&lt;br/&gt;
    at org.apache.derby.impl.jdbc.ConnectionChild.handleException(Unknown Source)&lt;br/&gt;
    at org.apache.derby.impl.jdbc.EmbedStatement.executeStatement(Unknown Source)&lt;br/&gt;
    at org.apache.derby.impl.jdbc.EmbedStatement.execute(Unknown Source)&lt;br/&gt;
    at org.apache.derby.impl.jdbc.EmbedStatement.execute(Unknown Source)&lt;br/&gt;
    at org.apache.derbyTesting.functionTests.tests.upgradeTests.BasicSetup.xmlTestTriggerWithXMLOperators(BasicSetup.java:832)&lt;br/&gt;
    at sun.reflect.GeneratedMethodAccessor1855.invoke(Unknown Source)&lt;br/&gt;
    at sun.reflect.DelegatingMethodAccessorImpl.invoke(DelegatingMethodAccessorImpl.java:37)&lt;br/&gt;
    at org.apache.derbyTesting.junit.BaseTestCase.runBare(BaseTestCase.java:112)&lt;br/&gt;
    at junit.extensions.TestDecorator.basicRun(TestDecorator.java:22)&lt;br/&gt;
    at junit.extensions.TestSetup$1.protect(TestSetup.java:19)&lt;br/&gt;
    at junit.extensions.TestSetup.run(TestSetup.java:23)&lt;br/&gt;
    at junit.extensions.TestDecorator.basicRun(TestDecorator.java:22)&lt;br/&gt;
    at junit.extensions.TestSetup$1.protect(TestSetup.java:19)&lt;br/&gt;
    at junit.extensions.TestSetup.run(TestSetup.java:23)&lt;br/&gt;
    at org.apache.derbyTesting.junit.BaseTestSetup.run(BaseTestSetup.java:57)&lt;br/&gt;
    at junit.extensions.TestDecorator.basicRun(TestDecorator.java:22)&lt;br/&gt;
    at junit.extensions.TestSetup$1.protect(TestSetup.java:19)&lt;br/&gt;
    at junit.extensions.TestSetup.run(TestSetup.java:23)&lt;br/&gt;
    at org.apache.derbyTesting.junit.BaseTestSetup.run(BaseTestSetup.java:57)&lt;br/&gt;
    at junit.extensions.TestDecorator.basicRun(TestDecorator.java:22)&lt;br/&gt;
    at junit.extensions.TestSetup$1.protect(TestSetup.java:19)&lt;br/&gt;
    at junit.extensions.TestSetup.run(TestSetup.java:23)&lt;br/&gt;
    at junit.extensions.TestDecorator.basicRun(TestDecorator.java:22)&lt;br/&gt;
    at junit.extensions.TestSetup$1.protect(TestSetup.java:19)&lt;br/&gt;
    at junit.extensions.TestSetup.run(TestSetup.java:23)&lt;br/&gt;
    at org.apache.derbyTesting.junit.BaseTestSetup.run(BaseTestSetup.java:57)&lt;br/&gt;
    at junit.extensions.TestDecorator.basicRun(TestDecorator.java:22)&lt;br/&gt;
    at junit.extensions.TestSetup$1.protect(TestSetup.java:19)&lt;br/&gt;
    at junit.extensions.TestSetup.run(TestSetup.java:23)&lt;br/&gt;
    at junit.extensions.TestDecorator.basicRun(TestDecorator.java:22)&lt;br/&gt;
    at junit.extensions.TestSetup$1.protect(TestSetup.java:19)&lt;br/&gt;
    at junit.extensions.TestSetup.run(TestSetup.java:23)&lt;br/&gt;
    at org.apache.derbyTesting.junit.BaseTestSetup.run(BaseTestSetup.java:57)&lt;br/&gt;
    at junit.extensions.TestDecorator.basicRun(TestDecorator.java:22)&lt;br/&gt;
    at junit.extensions.TestSetup$1.protect(TestSetup.java:19)&lt;br/&gt;
    at junit.extensions.TestSetup.run(TestSetup.java:23)&lt;br/&gt;
    at junit.extensions.TestDecorator.basicRun(TestDecorator.java:22)&lt;br/&gt;
    at junit.extensions.TestSetup$1.protect(TestSetup.java:19)&lt;br/&gt;
    at junit.extensions.TestSetup.run(TestSetup.java:23)&lt;br/&gt;
    at org.apache.derbyTesting.junit.BaseTestSetup.run(BaseTestSetup.java:57)&lt;br/&gt;
    at junit.extensions.TestDecorator.basicRun(TestDecorator.java:22)&lt;br/&gt;
    at junit.extensions.TestSetup$1.protect(TestSetup.java:19)&lt;br/&gt;
    at junit.extensions.TestSetup.run(TestSetup.java:23)&lt;br/&gt;
    at junit.extensions.TestDecorator.basicRun(TestDecorator.java:22)&lt;br/&gt;
    at junit.extensions.TestSetup$1.protect(TestSetup.java:19)&lt;br/&gt;
    at junit.extensions.TestSetup.run(TestSetup.java:23)&lt;br/&gt;
    at org.apache.derbyTesting.junit.BaseTestSetup.run(BaseTestSetup.java:57)&lt;br/&gt;
    at junit.extensions.TestDecorator.basicRun(TestDecorator.java:22)&lt;br/&gt;
    at junit.extensions.TestSetup$1.protect(TestSetup.java:19)&lt;br/&gt;
    at junit.extensions.TestSetup.run(TestSetup.java:23)&lt;br/&gt;
    at junit.extensions.TestDecorator.basicRun(TestDecorator.java:22)&lt;br/&gt;
    at junit.extensions.TestSetup$1.protect(TestSetup.java:19)&lt;br/&gt;
    at junit.extensions.TestSetup.run(TestSetup.java:23)&lt;br/&gt;
    at org.apache.derbyTesting.junit.BaseTestSetup.run(BaseTestSetup.java:57)&lt;br/&gt;
    at junit.extensions.TestDecorator.basicRun(TestDecorator.java:22)&lt;br/&gt;
    at junit.extensions.TestSetup$1.protect(TestSetup.java:19)&lt;br/&gt;
    at junit.extensions.TestSetup.run(TestSetup.java:23)&lt;br/&gt;
    at junit.extensions.TestDecorator.basicRun(TestDecorator.java:22)&lt;br/&gt;
    at junit.extensions.TestSetup$1.protect(TestSetup.java:19)&lt;br/&gt;
    at junit.extensions.TestSetup.run(TestSetup.java:23)&lt;br/&gt;
    at junit.extensions.TestDecorator.basicRun(TestDecorator.java:22)&lt;br/&gt;
    at junit.extensions.TestSetup$1.protect(TestSetup.java:19)&lt;br/&gt;
    at junit.extensions.TestSetup.run(TestSetup.java:23)&lt;br/&gt;
Caused by: java.sql.SQLException: Java exception: &apos;org/apache/derby/iapi/sql/execute/ResultSetFactory.getBulkTableScanResultSet(Lorg/apache/derby/iapi/sql/Activation;JILorg/apache/derby/iapi/services/loader/GeneratedMethod;ILorg/apache/derby/iapi/services/loader/GeneratedMethod;ILorg/apache/derby/iapi/services/loader/GeneratedMethod;IZ[[Lorg/apache/derby/iapi/store/access/Qualifier;Ljava/lang/String;Ljava/lang/String;Ljava/lang/String;ZZIIIZIIZZDD)Lorg/apache/derby/iapi/sql/execute/NoPutResultSet;: java.lang.NoSuchMethodError&apos;.&lt;br/&gt;
    at org.apache.derby.impl.jdbc.SQLExceptionFactory.getSQLException(Unknown Source)&lt;br/&gt;
    at org.apache.derby.impl.jdbc.SQLExceptionFactory40.wrapArgsForTransportAcrossDRDA(Unknown Source)&lt;br/&gt;
    ... 103 more&lt;br/&gt;
Caused by: java.lang.NoSuchMethodError: org/apache/derby/iapi/sql/execute/ResultSetFactory.getBulkTableScanResultSet(Lorg/apache/derby/iapi/sql/Activation;JILorg/apache/derby/iapi/services/loader/GeneratedMethod;ILorg/apache/derby/iapi/services/loader/GeneratedMethod;ILorg/apache/derby/iapi/services/loader/GeneratedMethod;IZ[[Lorg/apache/derby/iapi/store/access/Qualifier;Ljava/lang/String;Ljava/lang/String;Ljava/lang/String;ZZIIIZIIZZDD)Lorg/apache/derby/iapi/sql/execute/NoPutResultSet;&lt;br/&gt;
    at org.apache.derby.exe.acb1601b16x0130x65f4xef99x0000549f72364.fillResultSet(Unknown Source)&lt;br/&gt;
    at org.apache.derby.exe.acb1601b16x0130x65f4xef99x0000549f72364.execute(Unknown Source)&lt;br/&gt;
    at org.apache.derby.impl.sql.GenericActivationHolder.execute(Unknown Source)&lt;br/&gt;
    at org.apache.derby.impl.sql.GenericPreparedStatement.executeStmt(Unknown Source)&lt;br/&gt;
    at org.apache.derby.impl.sql.GenericPreparedStatement.executeSubStatement(Unknown Source)&lt;br/&gt;
    at org.apache.derby.impl.sql.execute.GenericTriggerExecutor.executeSPS(Unknown Source)&lt;br/&gt;
    at org.apache.derby.impl.sql.execute.StatementTriggerExecutor.fireTrigger(Unknown Source)&lt;br/&gt;
    at org.apache.derby.impl.sql.execute.TriggerEventActivator.notifyEvent(Unknown Source)&lt;br/&gt;
    at org.apache.derby.impl.sql.execute.InsertResultSet.normalInsertCore(Unknown Source)&lt;br/&gt;
    at org.apache.derby.impl.sql.execute.InsertResultSet.open(Unknown Source)&lt;br/&gt;
    at org.apache.derby.impl.sql.GenericPreparedStatement.executeStmt(Unknown Source)&lt;br/&gt;
    at org.apache.derby.impl.sql.GenericPreparedStatement.execute(Unknown Source)&lt;br/&gt;
    ... 96 more&lt;br/&gt;
4) xmlTestTriggerWithXMLOperators(org.apache.derbyTesting.functionTests.tests.upgradeTests.BasicSetup)java.sql.SQLException: Java exception: &apos;org/apache/derby/iapi/sql/execute/ResultSetFactory.getBulkTableScanResultSet(Lorg/apache/derby/iapi/sql/Activation;JILorg/apache/derby/iapi/services/loader/GeneratedMethod;ILorg/apache/derby/iapi/services/loader/GeneratedMethod;ILorg/apache/derby/iapi/services/loader/GeneratedMethod;IZ[[Lorg/apache/derby/iapi/store/access/Qualifier;Ljava/lang/String;Ljava/lang/String;Ljava/lang/String;ZZIIIZIIZZDD)Lorg/apache/derby/iapi/sql/execute/NoPutResultSet;: java.lang.NoSuchMethodError&apos;.&lt;br/&gt;
    at org.apache.derby.impl.jdbc.SQLExceptionFactory40.getSQLException(Unknown Source)&lt;br/&gt;
    at org.apache.derby.impl.jdbc.Util.newEmbedSQLException(Unknown Source)&lt;br/&gt;
    at org.apache.derby.impl.jdbc.Util.javaException(Unknown Source)&lt;br/&gt;
    at org.apache.derby.impl.jdbc.TransactionResourceImpl.wrapInSQLException(Unknown Source)&lt;br/&gt;
    at org.apache.derby.impl.jdbc.TransactionResourceImpl.handleException(Unknown Source)&lt;br/&gt;
    at org.apache.derby.impl.jdbc.EmbedConnection.handleException(Unknown Source)&lt;br/&gt;
    at org.apache.derby.impl.jdbc.ConnectionChild.handleException(Unknown Source)&lt;br/&gt;
    at org.apache.derby.impl.jdbc.EmbedStatement.executeStatement(Unknown Source)&lt;br/&gt;
    at org.apache.derby.impl.jdbc.EmbedStatement.execute(Unknown Source)&lt;br/&gt;
    at org.apache.derby.impl.jdbc.EmbedStatement.execute(Unknown Source)&lt;br/&gt;
    at org.apache.derbyTesting.functionTests.tests.upgradeTests.BasicSetup.xmlTestTriggerWithXMLOperators(BasicSetup.java:832)&lt;br/&gt;
    at sun.reflect.GeneratedMethodAccessor1855.invoke(Unknown Source)&lt;br/&gt;
    at sun.reflect.DelegatingMethodAccessorImpl.invoke(DelegatingMethodAccessorImpl.java:37)&lt;br/&gt;
    at org.apache.derbyTesting.junit.BaseTestCase.runBare(BaseTestCase.java:112)&lt;br/&gt;
    at junit.extensions.TestDecorator.basicRun(TestDecorator.java:22)&lt;br/&gt;
    at junit.extensions.TestSetup$1.protect(TestSetup.java:19)&lt;br/&gt;
    at junit.extensions.TestSetup.run(TestSetup.java:23)&lt;br/&gt;
    at junit.extensions.TestDecorator.basicRun(TestDecorator.java:22)&lt;br/&gt;
    at junit.extensions.TestSetup$1.protect(TestSetup.java:19)&lt;br/&gt;
    at junit.extensions.TestSetup.run(TestSetup.java:23)&lt;br/&gt;
    at org.apache.derbyTesting.junit.BaseTestSetup.run(BaseTestSetup.java:57)&lt;br/&gt;
    at junit.extensions.TestDecorator.basicRun(TestDecorator.java:22)&lt;br/&gt;
    at junit.extensions.TestSetup$1.protect(TestSetup.java:19)&lt;br/&gt;
    at junit.extensions.TestSetup.run(TestSetup.java:23)&lt;br/&gt;
    at org.apache.derbyTesting.junit.BaseTestSetup.run(BaseTestSetup.java:57)&lt;br/&gt;
    at junit.extensions.TestDecorator.basicRun(TestDecorator.java:22)&lt;br/&gt;
    at junit.extensions.TestSetup$1.protect(TestSetup.java:19)&lt;br/&gt;
    at junit.extensions.TestSetup.run(TestSetup.java:23)&lt;br/&gt;
    at junit.extensions.TestDecorator.basicRun(TestDecorator.java:22)&lt;br/&gt;
    at junit.extensions.TestSetup$1.protect(TestSetup.java:19)&lt;br/&gt;
    at junit.extensions.TestSetup.run(TestSetup.java:23)&lt;br/&gt;
    at org.apache.derbyTesting.junit.BaseTestSetup.run(BaseTestSetup.java:57)&lt;br/&gt;
    at junit.extensions.TestDecorator.basicRun(TestDecorator.java:22)&lt;br/&gt;
    at junit.extensions.TestSetup$1.protect(TestSetup.java:19)&lt;br/&gt;
    at junit.extensions.TestSetup.run(TestSetup.java:23)&lt;br/&gt;
    at junit.extensions.TestDecorator.basicRun(TestDecorator.java:22)&lt;br/&gt;
    at junit.extensions.TestSetup$1.protect(TestSetup.java:19)&lt;br/&gt;
    at junit.extensions.TestSetup.run(TestSetup.java:23)&lt;br/&gt;
    at org.apache.derbyTesting.junit.BaseTestSetup.run(BaseTestSetup.java:57)&lt;br/&gt;
    at junit.extensions.TestDecorator.basicRun(TestDecorator.java:22)&lt;br/&gt;
    at junit.extensions.TestSetup$1.protect(TestSetup.java:19)&lt;br/&gt;
    at junit.extensions.TestSetup.run(TestSetup.java:23)&lt;br/&gt;
    at junit.extensions.TestDecorator.basicRun(TestDecorator.java:22)&lt;br/&gt;
    at junit.extensions.TestSetup$1.protect(TestSetup.java:19)&lt;br/&gt;
    at junit.extensions.TestSetup.run(TestSetup.java:23)&lt;br/&gt;
    at org.apache.derbyTesting.junit.BaseTestSetup.run(BaseTestSetup.java:57)&lt;br/&gt;
    at junit.extensions.TestDecorator.basicRun(TestDecorator.java:22)&lt;br/&gt;
    at junit.extensions.TestSetup$1.protect(TestSetup.java:19)&lt;br/&gt;
    at junit.extensions.TestSetup.run(TestSetup.java:23)&lt;br/&gt;
    at junit.extensions.TestDecorator.basicRun(TestDecorator.java:22)&lt;br/&gt;
    at junit.extensions.TestSetup$1.protect(TestSetup.java:19)&lt;br/&gt;
    at junit.extensions.TestSetup.run(TestSetup.java:23)&lt;br/&gt;
    at org.apache.derbyTesting.junit.BaseTestSetup.run(BaseTestSetup.java:57)&lt;br/&gt;
    at junit.extensions.TestDecorator.basicRun(TestDecorator.java:22)&lt;br/&gt;
    at junit.extensions.TestSetup$1.protect(TestSetup.java:19)&lt;br/&gt;
    at junit.extensions.TestSetup.run(TestSetup.java:23)&lt;br/&gt;
    at junit.extensions.TestDecorator.basicRun(TestDecorator.java:22)&lt;br/&gt;
    at junit.extensions.TestSetup$1.protect(TestSetup.java:19)&lt;br/&gt;
    at junit.extensions.TestSetup.run(TestSetup.java:23)&lt;br/&gt;
    at org.apache.derbyTesting.junit.BaseTestSetup.run(BaseTestSetup.java:57)&lt;br/&gt;
    at junit.extensions.TestDecorator.basicRun(TestDecorator.java:22)&lt;br/&gt;
    at junit.extensions.TestSetup$1.protect(TestSetup.java:19)&lt;br/&gt;
    at junit.extensions.TestSetup.run(TestSetup.java:23)&lt;br/&gt;
    at junit.extensions.TestDecorator.basicRun(TestDecorator.java:22)&lt;br/&gt;
    at junit.extensions.TestSetup$1.protect(TestSetup.java:19)&lt;br/&gt;
    at junit.extensions.TestSetup.run(TestSetup.java:23)&lt;br/&gt;
    at junit.extensions.TestDecorator.basicRun(TestDecorator.java:22)&lt;br/&gt;
    at junit.extensions.TestSetup$1.protect(TestSetup.java:19)&lt;br/&gt;
    at junit.extensions.TestSetup.run(TestSetup.java:23)&lt;br/&gt;
Caused by: java.sql.SQLException: Java exception: &apos;org/apache/derby/iapi/sql/execute/ResultSetFactory.getBulkTableScanResultSet(Lorg/apache/derby/iapi/sql/Activation;JILorg/apache/derby/iapi/services/loader/GeneratedMethod;ILorg/apache/derby/iapi/services/loader/GeneratedMethod;ILorg/apache/derby/iapi/services/loader/GeneratedMethod;IZ[[Lorg/apache/derby/iapi/store/access/Qualifier;Ljava/lang/String;Ljava/lang/String;Ljava/lang/String;ZZIIIZIIZZDD)Lorg/apache/derby/iapi/sql/execute/NoPutResultSet;: java.lang.NoSuchMethodError&apos;.&lt;br/&gt;
    at org.apache.derby.impl.jdbc.SQLExceptionFactory.getSQLException(Unknown Source)&lt;br/&gt;
    at org.apache.derby.impl.jdbc.SQLExceptionFactory40.wrapArgsForTransportAcrossDRDA(Unknown Source)&lt;br/&gt;
    ... 103 more&lt;br/&gt;
Caused by: java.lang.NoSuchMethodError: org/apache/derby/iapi/sql/execute/ResultSetFactory.getBulkTableScanResultSet(Lorg/apache/derby/iapi/sql/Activation;JILorg/apache/derby/iapi/services/loader/GeneratedMethod;ILorg/apache/derby/iapi/services/loader/GeneratedMethod;ILorg/apache/derby/iapi/services/loader/GeneratedMethod;IZ[[Lorg/apache/derby/iapi/store/access/Qualifier;Ljava/lang/String;Ljava/lang/String;Ljava/lang/String;ZZIIIZIIZZDD)Lorg/apache/derby/iapi/sql/execute/NoPutResultSet;&lt;br/&gt;
    at org.apache.derby.exe.acd6c75975x0130x65f4xef99x0000549f72364.fillResultSet(Unknown Source)&lt;br/&gt;
    at org.apache.derby.exe.acd6c75975x0130x65f4xef99x0000549f72364.execute(Unknown Source)&lt;br/&gt;
    at org.apache.derby.impl.sql.GenericActivationHolder.execute(Unknown Source)&lt;br/&gt;
    at org.apache.derby.impl.sql.GenericPreparedStatement.executeStmt(Unknown Source)&lt;br/&gt;
    at org.apache.derby.impl.sql.GenericPreparedStatement.executeSubStatement(Unknown Source)&lt;br/&gt;
    at org.apache.derby.impl.sql.execute.GenericTriggerExecutor.executeSPS(Unknown Source)&lt;br/&gt;
    at org.apache.derby.impl.sql.execute.StatementTriggerExecutor.fireTrigger(Unknown Source)&lt;br/&gt;
    at org.apache.derby.impl.sql.execute.TriggerEventActivator.notifyEvent(Unknown Source)&lt;br/&gt;
    at org.apache.derby.impl.sql.execute.InsertResultSet.normalInsertCore(Unknown Source)&lt;br/&gt;
    at org.apache.derby.impl.sql.execute.InsertResultSet.open(Unknown Source)&lt;br/&gt;
    at org.apache.derby.impl.sql.GenericPreparedStatement.executeStmt(Unknown Source)&lt;br/&gt;
    at org.apache.derby.impl.sql.GenericPreparedStatement.execute(Unknown Source)&lt;br/&gt;
    ... 96 more&lt;/p&gt;

&lt;p&gt;FAILURES!!!&lt;br/&gt;
Tests run: 3005,  Failures: 0,  Errors: 4&lt;/p&gt;

</description>
                <environment></environment>
        <key id="12509398">DERBY-5263</key>
            <summary>xmlTestTriggerWithXMLOperators(org.apache.derbyTesting.functionTests.tests.upgradeTests.BasicSetup) fails with java.lang.NoSuchMethodError</summary>
                <type id="1" iconUrl="https://issues.apache.org/jira/images/icons/issuetypes/bug.png">Bug</type>
                                            <priority id="3" iconUrl="https://issues.apache.org/jira/images/icons/priorities/major.png">Major</priority>
                        <status id="6" iconUrl="https://issues.apache.org/jira/images/icons/statuses/closed.png" description="The issue is considered finished, the resolution is correct. Issues which are closed can be reopened.">Closed</status>
                    <statusCategory id="3" key="done" colorName="green"/>
                                    <resolution id="2">Won&apos;t Fix</resolution>
                                        <assignee username="knutanders">Knut Anders Hatlen</assignee>
                                    <reporter username="kmarsden">Kathey Marsden</reporter>
                        <labels>
                    </labels>
                <created>Mon, 6 Jun 2011 23:29:24 +0100</created>
                <updated>Mon, 17 Jun 2013 10:19:30 +0100</updated>
                            <resolved>Tue, 7 Jun 2011 11:34:12 +0100</resolved>
                                    <version>10.8.1.2</version>
                                                    <component>SQL</component>
                        <due></due>
                            <votes>0</votes>
                                    <watches>1</watches>
                                                                <comments>
                            <comment id="13045321" author="knutanders" created="Tue, 7 Jun 2011 09:28:45 +0100"  >&lt;p&gt;I am able to reproduce this on both trunk and 10.8 if I run the tests with java.endorsed.dirs pointing to a directory containing the Xalan jars. The errors happen in the post soft upgrade phase with the 10.5.x and 10.6.x versions. Upgrade from earlier or later versions than 10.5/10.6 seems to work fine. Given that it only seems to be a problem with 10.5 and 10.6, I suspect that the root cause is similar to or somehow related to &lt;a href=&quot;https://issues.apache.org/jira/browse/DERBY-4835&quot; title=&quot;Trigger plan does not recompile with upgrade from 10.5.3.0 to 10.6.1.0 causing  java.lang.NoSuchMethodError&quot; class=&quot;issue-link&quot; data-issue-key=&quot;DERBY-4835&quot;&gt;&lt;del&gt;DERBY-4835&lt;/del&gt;&lt;/a&gt;, which was a problem with trigger plans not getting recompiled after upgrade from 10.5/10.6.&lt;/p&gt;</comment>
                            <comment id="13045325" author="knutanders" created="Tue, 7 Jun 2011 09:43:37 +0100"  >&lt;p&gt;The problem we see probably is &lt;a href=&quot;https://issues.apache.org/jira/browse/DERBY-4835&quot; title=&quot;Trigger plan does not recompile with upgrade from 10.5.3.0 to 10.6.1.0 causing  java.lang.NoSuchMethodError&quot; class=&quot;issue-link&quot; data-issue-key=&quot;DERBY-4835&quot;&gt;&lt;del&gt;DERBY-4835&lt;/del&gt;&lt;/a&gt;. A similar failure was reported in &lt;a href=&quot;https://issues.apache.org/jira/browse/DERBY-5105&quot; title=&quot;NoSuchMethodError in upgrade tests (testTriggerBasic)&quot; class=&quot;issue-link&quot; data-issue-key=&quot;DERBY-5105&quot;&gt;&lt;del&gt;DERBY-5105&lt;/del&gt;&lt;/a&gt; and fixed by disabling testing in the soft upgrade phase for the versions that suffer from &lt;a href=&quot;https://issues.apache.org/jira/browse/DERBY-4835&quot; title=&quot;Trigger plan does not recompile with upgrade from 10.5.3.0 to 10.6.1.0 causing  java.lang.NoSuchMethodError&quot; class=&quot;issue-link&quot; data-issue-key=&quot;DERBY-4835&quot;&gt;&lt;del&gt;DERBY-4835&lt;/del&gt;&lt;/a&gt;. I think we can fix this failure the same way.&lt;/p&gt;</comment>
                            <comment id="13045343" author="knutanders" created="Tue, 7 Jun 2011 10:53:38 +0100"  >&lt;p&gt;Attaching a patch that disables testing in the post soft upgrade test if the old version suffers from &lt;a href=&quot;https://issues.apache.org/jira/browse/DERBY-4835&quot; title=&quot;Trigger plan does not recompile with upgrade from 10.5.3.0 to 10.6.1.0 causing  java.lang.NoSuchMethodError&quot; class=&quot;issue-link&quot; data-issue-key=&quot;DERBY-4835&quot;&gt;&lt;del&gt;DERBY-4835&lt;/del&gt;&lt;/a&gt;. All the upgrade tests ran cleanly on 10.8 and trunk with the patch, in an environment that showed the problem without the patch.&lt;/p&gt;

&lt;p&gt;Committed to trunk with revision 1132928.&lt;br/&gt;
Committed to 10.8 with revision 1132929.&lt;/p&gt;</comment>
                            <comment id="13045353" author="knutanders" created="Tue, 7 Jun 2011 11:34:12 +0100"  >&lt;p&gt;Resolving the issue as &quot;Won&apos;t fix&quot; since fixing the actual problem in the already released versions would require time travel. The committed fix just skipped testing the versions that have this problem and didn&apos;t address the underlying problem.&lt;/p&gt;

&lt;p&gt;If someone comes across this issue in the wild, they can use one of the workarounds outlined in &lt;a href=&quot;https://issues.apache.org/jira/browse/DERBY-5105&quot; title=&quot;NoSuchMethodError in upgrade tests (testTriggerBasic)&quot; class=&quot;issue-link&quot; data-issue-key=&quot;DERBY-5105&quot;&gt;&lt;del&gt;DERBY-5105&lt;/del&gt;&lt;/a&gt;:&lt;/p&gt;

&lt;p&gt;Workaround 1: Reboot the database using Derby 10.7.1.1 or later. Simply connect to the database and then disconnect without doing any other operations. When reverting to the old version again, the triggers should work correctly.&lt;/p&gt;

&lt;p&gt;Workaround 2: After reverting to the old version, drop and recreate the affected triggers.&lt;/p&gt;</comment>
                            <comment id="13685262" author="knutanders" created="Mon, 17 Jun 2013 10:19:30 +0100"  >&lt;p&gt;&lt;span class=&quot;error&quot;&gt;&amp;#91;bulk update&amp;#93;&lt;/span&gt; Close all resolved issues that haven&apos;t been updated for more than one year.&lt;/p&gt;</comment>
                    </comments>
                <issuelinks>
                            <issuelinktype id="10030">
                    <name>Reference</name>
                                            <outwardlinks description="relates to">
                                        <issuelink>
            <issuekey id="12404018">DERBY-3870</issuekey>
        </issuelink>
            <issuelink>
            <issuekey id="12476689">DERBY-4835</issuekey>
        </issuelink>
            <issuelink>
            <issuekey id="12500771">DERBY-5105</issuekey>
        </issuelink>
                            </outwardlinks>
                                                        </issuelinktype>
                    </issuelinks>
                <attachments>
                            <attachment id="12481675" name="skip-test.diff" size="789" author="knutanders" created="Tue, 7 Jun 2011 10:53:38 +0100"/>
                    </attachments>
                <subtasks>
                    </subtasks>
                <customfields>
                                                <customfield id="customfield_12310310" key="com.atlassian.jira.toolkit:attachments">
                        <customfieldname>Attachment count</customfieldname>
                        <customfieldvalues>
                            <customfieldvalue>1.0</customfieldvalue>
                        </customfieldvalues>
                    </customfield>
                                                                                                                                                                                                                                                                                                                                                        <customfield id="customfield_12310200" key="com.atlassian.jira.plugin.system.customfieldtypes:multicheckboxes">
                        <customfieldname>Bug behavior facts</customfieldname>
                        <customfieldvalues>
                                <customfieldvalue key="10369"><![CDATA[Regression Test Failure]]></customfieldvalue>
    
                        </customfieldvalues>
                    </customfield>
                                                                                                                                                                                                                                                                    <customfield id="customfield_12310220" key="com.atlassian.jira.ext.charting:firstresponsedate">
                        <customfieldname>Date of First Response</customfieldname>
                        <customfieldvalues>
                            <customfieldvalue>Tue, 7 Jun 2011 08:28:45 +0000</customfieldvalue>

                        </customfieldvalues>
                    </customfield>
                                                                                                                                                                                                                                                                                                                                                                                    <customfield id="customfield_12310420" key="com.pyxis.greenhopper.jira:gh-global-rank">
                        <customfieldname>Global Rank</customfieldname>
                        <customfieldvalues>
                            <customfieldvalue>24745</customfieldvalue>
                        </customfieldvalues>
                    </customfield>
                                                                                                                        <customfield id="customfield_12310090" key="com.atlassian.jira.plugin.system.customfieldtypes:multicheckboxes">
                        <customfieldname>Issue &amp; fix info</customfieldname>
                        <customfieldvalues>
                                <customfieldvalue key="10422"><![CDATA[High Value Fix]]></customfieldvalue>
    
                        </customfieldvalues>
                    </customfield>
                                                                                            <customfield id="customfield_12311820" key="com.pyxis.greenhopper.jira:gh-lexo-rank">
                        <customfieldname>Rank</customfieldname>
                        <customfieldvalues>
                            <customfieldvalue>2|hy0g33:</customfieldvalue>

                        </customfieldvalues>
                    </customfield>
                                                                <customfield id="customfield_12310920" key="com.pyxis.greenhopper.jira:gh-global-rank">
                        <customfieldname>Rank (Obsolete)</customfieldname>
                        <customfieldvalues>
                            <customfieldvalue>36424</customfieldvalue>
                        </customfieldvalues>
                    </customfield>
                                                                                                                                                                                                                                        <customfield id="customfield_12310222" key="com.atlassian.jira.ext.charting:timeinstatus">
                        <customfieldname>Time in Status</customfieldname>
                        <customfieldvalues>
                            
                        </customfieldvalues>
                    </customfield>
                                                                                            </customfields>
    </item>
</channel>
</rss>