<!-- 
RSS generated by JIRA (6.3.4#6332-sha1:51bc225ef474afe3128b2f66878477f322397b16) at Sun May 17 03:39:53 UTC 2015

It is possible to restrict the fields that are returned in this document by specifying the 'field' parameter in your request.
For example, to request only the issue key and summary add field=key&field=summary to the URL of your request.
For example:
https://issues.apache.org/jira/si/jira.issueviews:issue-xml/DERBY-5379/DERBY-5379.xml?field=key&amp;field=summary
-->
<rss version="0.92" >
<channel>
    <title>ASF JIRA</title>
    <link>https://issues.apache.org/jira</link>
    <description>This file is an XML representation of an issue</description>
    <language>en-uk</language>    <build-info>
        <version>6.3.4</version>
        <build-number>6332</build-number>
        <build-date>15-08-2014</build-date>
    </build-info>

<item>
            <title>[DERBY-5379] testDERBY5120NumRowsInSydependsForTrigger - The number of values assigned is not the same as the number of specified or implied columns.</title>
                <link>https://issues.apache.org/jira/browse/DERBY-5379</link>
                <project id="10594" key="DERBY">Derby</project>
                    <description>&lt;p&gt;Cf. nightly here: &lt;a href=&quot;http://dbtg.foundry.sun.com/derby/test/Daily/jvm1.5/testing/testlog/vista/1154999-derbyall_diff.txt&quot; class=&quot;external-link&quot; rel=&quot;nofollow&quot;&gt;http://dbtg.foundry.sun.com/derby/test/Daily/jvm1.5/testing/testlog/vista/1154999-derbyall_diff.txt&lt;/a&gt;&lt;/p&gt;

&lt;p&gt;1) testDERBY5120NumRowsInSydependsForTrigger(org.apache.derbyTesting.functionTests.tests.upgradeTests.BasicSetup)java.sql.SQLException: The number of values assigned is not the same as the number of specified or implied columns.&lt;br/&gt;
	at org.apache.derby.impl.jdbc.SQLExceptionFactory.getSQLException(Unknown Source)&lt;br/&gt;
	at org.apache.derby.impl.jdbc.Util.generateCsSQLException(Unknown Source)&lt;br/&gt;
	at org.apache.derby.impl.jdbc.TransactionResourceImpl.wrapInSQLException(Unknown Source)&lt;br/&gt;
	at org.apache.derby.impl.jdbc.TransactionResourceImpl.handleException(Unknown Source)&lt;br/&gt;
	at org.apache.derby.impl.jdbc.EmbedConnection.handleException(Unknown Source)&lt;br/&gt;
	at org.apache.derby.impl.jdbc.ConnectionChild.handleException(Unknown Source)&lt;br/&gt;
	at org.apache.derby.impl.jdbc.EmbedStatement.executeStatement(Unknown Source)&lt;br/&gt;
	at org.apache.derby.impl.jdbc.EmbedStatement.execute(Unknown Source)&lt;br/&gt;
	at org.apache.derby.impl.jdbc.EmbedStatement.execute(Unknown Source)&lt;br/&gt;
	at org.apache.derbyTesting.functionTests.tests.upgradeTests.BasicSetup.testDERBY5120NumRowsInSydependsForTrigger(BasicSetup.java:455)&lt;br/&gt;
	at sun.reflect.NativeMethodAccessorImpl.invoke0(Native Method)&lt;br/&gt;
	at sun.reflect.NativeMethodAccessorImpl.invoke(NativeMethodAccessorImpl.java:39)&lt;br/&gt;
	at sun.reflect.DelegatingMethodAccessorImpl.invoke(DelegatingMethodAccessorImpl.java:25)&lt;br/&gt;
	at org.apache.derbyTesting.junit.BaseTestCase.runBare(BaseTestCase.java:112)&lt;br/&gt;
	at junit.extensions.TestDecorator.basicRun(TestDecorator.java:24)&lt;br/&gt;
	at junit.extensions.TestSetup$1.protect(TestSetup.java:21)&lt;br/&gt;
	at junit.extensions.TestSetup.run(TestSetup.java:25)&lt;br/&gt;
	at junit.extensions.TestDecorator.basicRun(TestDecorator.java:24)&lt;br/&gt;
	at junit.extensions.TestSetup$1.protect(TestSetup.java:21)&lt;br/&gt;
	at junit.extensions.TestSetup.run(TestSetup.java:25)&lt;br/&gt;
	at org.apache.derbyTesting.junit.BaseTestSetup.run(BaseTestSetup.java:57)&lt;br/&gt;
	at junit.extensions.TestDecorator.basicRun(TestDecorator.java:24)&lt;br/&gt;
	at junit.extensions.TestSetup$1.protect(TestSetup.java:21)&lt;br/&gt;
	at junit.extensions.TestSetup.run(TestSetup.java:25)&lt;br/&gt;
	at org.apache.derbyTesting.junit.BaseTestSetup.run(BaseTestSetup.java:57)&lt;br/&gt;
	at junit.extensions.TestDecorator.basicRun(TestDecorator.java:24)&lt;br/&gt;
	at junit.extensions.TestSetup$1.protect(TestSetup.java:21)&lt;br/&gt;
	at junit.extensions.TestSetup.run(TestSetup.java:25)&lt;br/&gt;
	at junit.extensions.TestDecorator.basicRun(TestDecorator.java:24)&lt;br/&gt;
	at junit.extensions.TestSetup$1.protect(TestSetup.java:21)&lt;br/&gt;
	at junit.extensions.TestSetup.run(TestSetup.java:25)&lt;br/&gt;
	at org.apache.derbyTesting.junit.BaseTestSetup.run(BaseTestSetup.java:57)&lt;br/&gt;
	at junit.extensions.TestDecorator.basicRun(TestDecorator.java:24)&lt;br/&gt;
	at junit.extensions.TestSetup$1.protect(TestSetup.java:21)&lt;br/&gt;
	at junit.extensions.TestSetup.run(TestSetup.java:25)&lt;br/&gt;
	at junit.extensions.TestDecorator.basicRun(TestDecorator.java:24)&lt;br/&gt;
	at junit.extensions.TestSetup$1.protect(TestSetup.java:21)&lt;br/&gt;
	at junit.extensions.TestSetup.run(TestSetup.java:25)&lt;br/&gt;
	at org.apache.derbyTesting.junit.BaseTestSetup.run(BaseTestSetup.java:57)&lt;br/&gt;
	at junit.extensions.TestDecorator.basicRun(TestDecorator.java:24)&lt;br/&gt;
	at junit.extensions.TestSetup$1.protect(TestSetup.java:21)&lt;br/&gt;
	at junit.extensions.TestSetup.run(TestSetup.java:25)&lt;br/&gt;
	at junit.extensions.TestDecorator.basicRun(TestDecorator.java:24)&lt;br/&gt;
	at junit.extensions.TestSetup$1.protect(TestSetup.java:21)&lt;br/&gt;
	at junit.extensions.TestSetup.run(TestSetup.java:25)&lt;br/&gt;
	at org.apache.derbyTesting.junit.BaseTestSetup.run(BaseTestSetup.java:57)&lt;br/&gt;
	at junit.extensions.TestDecorator.basicRun(TestDecorator.java:24)&lt;br/&gt;
	at junit.extensions.TestSetup$1.protect(TestSetup.java:21)&lt;br/&gt;
	at junit.extensions.TestSetup.run(TestSetup.java:25)&lt;br/&gt;
	at junit.extensions.TestDecorator.basicRun(TestDecorator.java:24)&lt;br/&gt;
	at junit.extensions.TestSetup$1.protect(TestSetup.java:21)&lt;br/&gt;
	at junit.extensions.TestSetup.run(TestSetup.java:25)&lt;br/&gt;
	at org.apache.derbyTesting.junit.BaseTestSetup.run(BaseTestSetup.java:57)&lt;br/&gt;
	at junit.extensions.TestDecorator.basicRun(TestDecorator.java:24)&lt;br/&gt;
	at junit.extensions.TestSetup$1.protect(TestSetup.java:21)&lt;br/&gt;
	at junit.extensions.TestSetup.run(TestSetup.java:25)&lt;br/&gt;
	at junit.extensions.TestDecorator.basicRun(TestDecorator.java:24)&lt;br/&gt;
	at junit.extensions.TestSetup$1.protect(TestSetup.java:21)&lt;br/&gt;
	at junit.extensions.TestSetup.run(TestSetup.java:25)&lt;br/&gt;
	at org.apache.derbyTesting.junit.BaseTestSetup.run(BaseTestSetup.java:57)&lt;br/&gt;
	at junit.extensions.TestDecorator.basicRun(TestDecorator.java:24)&lt;br/&gt;
	at junit.extensions.TestSetup$1.protect(TestSetup.java:21)&lt;br/&gt;
	at junit.extensions.TestSetup.run(TestSetup.java:25)&lt;br/&gt;
	at junit.extensions.TestDecorator.basicRun(TestDecorator.java:24)&lt;br/&gt;
	at junit.extensions.TestSetup$1.protect(TestSetup.java:21)&lt;br/&gt;
	at junit.extensions.TestSetup.run(TestSetup.java:25)&lt;br/&gt;
	at junit.extensions.TestDecorator.basicRun(TestDecorator.java:24)&lt;br/&gt;
	at junit.extensions.TestSetup$1.protect(TestSetup.java:21)&lt;br/&gt;
	at junit.extensions.TestSetup.run(TestSetup.java:25)&lt;br/&gt;
Caused by: ERROR 42802: The number of values assigned is not the same as the number of specified or implied columns.&lt;br/&gt;
	at org.apache.derby.iapi.error.StandardException.newException(Unknown Source)&lt;br/&gt;
	at org.apache.derby.impl.sql.compile.InsertNode.bindStatement(Unknown Source)&lt;br/&gt;
	at org.apache.derby.impl.sql.GenericStatement.prepMinion(Unknown Source)&lt;br/&gt;
	at org.apache.derby.impl.sql.GenericStatement.prepareStorable(Unknown Source)&lt;br/&gt;
	at org.apache.derby.iapi.sql.dictionary.SPSDescriptor.compileStatement(Unknown Source)&lt;br/&gt;
	at org.apache.derby.iapi.sql.dictionary.SPSDescriptor.prepareAndRelease(Unknown Source)&lt;br/&gt;
	at org.apache.derby.iapi.sql.dictionary.SPSDescriptor.getPreparedStatement(Unknown Source)&lt;br/&gt;
	at org.apache.derby.iapi.sql.dictionary.SPSDescriptor.getPreparedStatement(Unknown Source)&lt;br/&gt;
	at org.apache.derby.impl.sql.execute.GenericTriggerExecutor.executeSPS(Unknown Source)&lt;br/&gt;
	at org.apache.derby.impl.sql.execute.StatementTriggerExecutor.fireTrigger(Unknown Source)&lt;br/&gt;
	at org.apache.derby.impl.sql.execute.TriggerEventActivator.notifyEvent(Unknown Source)&lt;br/&gt;
	at org.apache.derby.impl.sql.execute.UpdateResultSet.fireAfterTriggers(Unknown Source)&lt;br/&gt;
	at org.apache.derby.impl.sql.execute.UpdateResultSet.open(Unknown Source)&lt;br/&gt;
	at org.apache.derby.impl.sql.GenericPreparedStatement.executeStmt(Unknown Source)&lt;br/&gt;
	at org.apache.derby.impl.sql.GenericPreparedStatement.execute(Unknown Source)&lt;br/&gt;
	... 103 more&lt;/p&gt;</description>
                <environment>Vista, Sun Java 1.5</environment>
        <key id="12518545">DERBY-5379</key>
            <summary>testDERBY5120NumRowsInSydependsForTrigger - The number of values assigned is not the same as the number of specified or implied columns.</summary>
                <type id="1" iconUrl="https://issues.apache.org/jira/images/icons/issuetypes/bug.png">Bug</type>
                                            <priority id="3" iconUrl="https://issues.apache.org/jira/images/icons/priorities/major.png">Major</priority>
                        <status id="6" iconUrl="https://issues.apache.org/jira/images/icons/statuses/closed.png" description="The issue is considered finished, the resolution is correct. Issues which are closed can be reopened.">Closed</status>
                    <statusCategory id="3" key="done" colorName="green"/>
                                    <resolution id="1">Fixed</resolution>
                                        <assignee username="mamtas">Mamta A. Satoor</assignee>
                                    <reporter username="dagw">Dag H. Wanvik</reporter>
                        <labels>
                    </labels>
                <created>Thu, 11 Aug 2011 02:20:38 +0100</created>
                <updated>Thu, 1 Nov 2012 21:10:43 +0000</updated>
                            <resolved>Sun, 27 Nov 2011 18:31:26 +0000</resolved>
                                    <version>10.9.1.0</version>
                                    <fixVersion>10.8.3.0</fixVersion>
                    <fixVersion>10.9.1.0</fixVersion>
                                    <component>SQL</component>
                        <due></due>
                            <votes>0</votes>
                                    <watches>1</watches>
                                                                <comments>
                            <comment id="13082904" author="dagw" created="Thu, 11 Aug 2011 05:31:55 +0100"  >&lt;p&gt;I have a zip file (&quot;nanna31.zip&quot;)  of ca 80Mb of the db files from this test including the contents of the fail directory, please request it if you want to look at this issue.&lt;/p&gt;</comment>
                            <comment id="13088517" author="rsjay1976" created="Mon, 22 Aug 2011 03:57:53 +0100"  >&lt;p&gt;Hi&lt;br/&gt;
I did a search for testDERBY5120NumRowsInSydependsForTrigger in trunk and its subfolders but couldnt locate it. Is this in a different location&lt;/p&gt;</comment>
                            <comment id="13088518" author="rsjay1976" created="Mon, 22 Aug 2011 04:03:35 +0100"  >&lt;p&gt;Sorry. I did find it in functionTests.tests.upgradeTest.BasicSetup&lt;br/&gt;
public void testDERBY5120NumRowsInSydependsForTrigger() throws Exception&lt;/p&gt;</comment>
                            <comment id="13094270" author="rsjay1976" created="Wed, 31 Aug 2011 04:00:20 +0100"  >&lt;p&gt;Hi Dag,&lt;br/&gt;
I am trying to replicate this issue by trying to do  java -Dderby.tests.trace=true junit.textui.TestRunner org.apache.derbyTesting.functionTests.tests.upgradeTests._Suite &amp;gt; runoutputAug30.out 2&amp;gt;&amp;amp;1.&lt;/p&gt;

&lt;p&gt;But the tests are running ok so far.... Is there any particular version or particular phase of upgrade this test fails?&lt;/p&gt;</comment>
                            <comment id="13096541" author="dagw" created="Sat, 3 Sep 2011 02:06:49 +0100"  >&lt;p&gt;Jayaram, I only saw this once in the regression tests. I can send you the zip file I saved away from that run, maybe you can glean something from it. It&apos;s a bit large (80Mb), so I&apos;m not sure which is the best way for get that to you. Mail is probably difficult... Are you on any IM that can send/receive files? If so, send me your nick and we can agree to exchange the file.&lt;/p&gt;</comment>
                            <comment id="13096562" author="rsjay1976" created="Sat, 3 Sep 2011 03:46:00 +0100"  >&lt;p&gt;Thanks Dag.  I am not aware of any IM with 80 mb attachment facility.. One option is we can try file splitting an upload in 8 individual chunks if possible&lt;/p&gt;</comment>
                            <comment id="13148721" author="kmarsden" created="Fri, 11 Nov 2011 20:43:00 +0000"  >&lt;p&gt;I just started running tests on a new machine with Windows 7 64bit i7 CPU and saw this failure in 2/2 runs of suites.All followed by various failures that I think just cascade because of this one.  Let me know if there is any there is any debugging code you would like me to add for my next run,&lt;/p&gt;


&lt;p&gt;1) testDERBY5120NumRowsInSydependsForTrigger(org.apache.derbyTesting.functionTests.tests.upgradeTest&lt;br/&gt;
l.SQLSyntaxErrorException: The number of values assigned is not the same as the number of specified&lt;br/&gt;
        at org.apache.derby.impl.jdbc.SQLExceptionFactory40.getSQLException(Unknown Source)&lt;br/&gt;
        at org.apache.derby.impl.jdbc.Util.generateCsSQLException(Unknown Source)&lt;br/&gt;
        at org.apache.derby.impl.jdbc.TransactionResourceImpl.wrapInSQLException(Unknown Source)&lt;br/&gt;
        at org.apache.derby.impl.jdbc.TransactionResourceImpl.handleException(Unknown Source)&lt;br/&gt;
        at org.apache.derby.impl.jdbc.EmbedConnection.handleException(Unknown Source)&lt;br/&gt;
        at org.apache.derby.impl.jdbc.ConnectionChild.handleException(Unknown Source)&lt;br/&gt;
        at org.apache.derby.impl.jdbc.EmbedStatement.executeStatement(Unknown Source)&lt;br/&gt;
        at org.apache.derby.impl.jdbc.EmbedStatement.execute(Unknown Source)&lt;br/&gt;
        at org.apache.derby.impl.jdbc.EmbedStatement.execute(Unknown Source)&lt;br/&gt;
        at org.apache.derbyTesting.functionTests.tests.upgradeTests.BasicSetup.testDERBY5120NumRowsI&lt;br/&gt;
(BasicSetup.java:455)&lt;br/&gt;
        at sun.reflect.NativeMethodAccessorImpl.invoke0(Native Method)&lt;br/&gt;
        at sun.reflect.NativeMethodAccessorImpl.invoke(NativeMethodAccessorImpl.java:60)&lt;br/&gt;
        at sun.reflect.DelegatingMethodAccessorImpl.invoke(DelegatingMethodAccessorImpl.java:37)&lt;br/&gt;
        at org.apache.derbyTesting.junit.BaseTestCase.runBare(BaseTestCase.java:116)&lt;br/&gt;
        at junit.extensions.TestDecorator.basicRun(TestDecorator.java:24)&lt;br/&gt;
        at junit.extensions.TestSetup$1.protect(TestSetup.java:21)&lt;br/&gt;
        at junit.extensions.TestSetup.run(TestSetup.java:18)&lt;br/&gt;
        at junit.extensions.TestDecorator.basicRun(TestDecorator.java:24)&lt;br/&gt;
        at junit.extensions.TestSetup$1.protect(TestSetup.java:21)&lt;br/&gt;
        at junit.extensions.TestSetup.run(TestSetup.java:25)&lt;br/&gt;
        at org.apache.derbyTesting.junit.BaseTestSetup.run(BaseTestSetup.java:51)&lt;br/&gt;
        at junit.extensions.TestDecorator.basicRun(TestDecorator.java:24)&lt;br/&gt;
        at junit.extensions.TestSetup$1.protect(TestSetup.java:21)&lt;br/&gt;
        at junit.extensions.TestSetup.run(TestSetup.java:25)&lt;br/&gt;
        at org.apache.derbyTesting.junit.BaseTestSetup.run(BaseTestSetup.java:51)&lt;br/&gt;
        at junit.extensions.TestDecorator.basicRun(TestDecorator.java:24)&lt;br/&gt;
        at junit.extensions.TestSetup$1.protect(TestSetup.java:21)&lt;br/&gt;
        at junit.extensions.TestSetup.run(TestSetup.java:18)&lt;br/&gt;
        at junit.extensions.TestDecorator.basicRun(TestDecorator.java:24)&lt;br/&gt;
        at junit.extensions.TestSetup$1.protect(TestSetup.java:21)&lt;br/&gt;
        at junit.extensions.TestSetup.run(TestSetup.java:25)&lt;br/&gt;
        at org.apache.derbyTesting.junit.BaseTestSetup.run(BaseTestSetup.java:51)&lt;br/&gt;
        at junit.extensions.TestDecorator.basicRun(TestDecorator.java:24)&lt;br/&gt;
        at junit.extensions.TestSetup$1.protect(TestSetup.java:21)&lt;br/&gt;
        at junit.extensions.TestSetup.run(TestSetup.java:18)&lt;br/&gt;
        at junit.extensions.TestDecorator.basicRun(TestDecorator.java:24)&lt;br/&gt;
        at junit.extensions.TestSetup$1.protect(TestSetup.java:21)&lt;br/&gt;
        at junit.extensions.TestSetup.run(TestSetup.java:25)&lt;br/&gt;
        at org.apache.derbyTesting.junit.BaseTestSetup.run(BaseTestSetup.java:51)&lt;br/&gt;
        at junit.extensions.TestDecorator.basicRun(TestDecorator.java:24)&lt;br/&gt;
        at junit.extensions.TestSetup$1.protect(TestSetup.java:21)&lt;br/&gt;
        at junit.extensions.TestSetup.run(TestSetup.java:18)&lt;br/&gt;
        at junit.extensions.TestDecorator.basicRun(TestDecorator.java:24)&lt;br/&gt;
        at junit.extensions.TestSetup$1.protect(TestSetup.java:21)&lt;br/&gt;
        at junit.extensions.TestSetup.run(TestSetup.java:25)&lt;br/&gt;
        at org.apache.derbyTesting.junit.BaseTestSetup.run(BaseTestSetup.java:51)&lt;br/&gt;
        at junit.extensions.TestDecorator.basicRun(TestDecorator.java:24)&lt;br/&gt;
        at junit.extensions.TestSetup$1.protect(TestSetup.java:21)&lt;br/&gt;
        at junit.extensions.TestSetup.run(TestSetup.java:18)&lt;br/&gt;
        at junit.extensions.TestDecorator.basicRun(TestDecorator.java:24)&lt;br/&gt;
        at junit.extensions.TestSetup$1.protect(TestSetup.java:21)&lt;br/&gt;
        at junit.extensions.TestSetup.run(TestSetup.java:25)&lt;br/&gt;
        at org.apache.derbyTesting.junit.BaseTestSetup.run(BaseTestSetup.java:51)&lt;br/&gt;
        at junit.extensions.TestDecorator.basicRun(TestDecorator.java:24)&lt;br/&gt;
        at junit.extensions.TestSetup$1.protect(TestSetup.java:21)&lt;br/&gt;
        at junit.extensions.TestSetup.run(TestSetup.java:18)&lt;br/&gt;
        at junit.extensions.TestDecorator.basicRun(TestDecorator.java:24)&lt;br/&gt;
        at junit.extensions.TestSetup$1.protect(TestSetup.java:21)&lt;br/&gt;
        at junit.extensions.TestSetup.run(TestSetup.java:25)&lt;br/&gt;
        at org.apache.derbyTesting.junit.BaseTestSetup.run(BaseTestSetup.java:51)&lt;br/&gt;
        at junit.extensions.TestDecorator.basicRun(TestDecorator.java:24)&lt;br/&gt;
        at junit.extensions.TestSetup$1.protect(TestSetup.java:21)&lt;br/&gt;
        at junit.extensions.TestSetup.run(TestSetup.java:18)&lt;br/&gt;
        at junit.extensions.TestDecorator.basicRun(TestDecorator.java:24)&lt;br/&gt;
        at junit.extensions.TestSetup$1.protect(TestSetup.java:21)&lt;br/&gt;
        at junit.extensions.TestSetup.run(TestSetup.java:18)&lt;br/&gt;
        at junit.extensions.TestDecorator.basicRun(TestDecorator.java:24)&lt;br/&gt;
        at junit.extensions.TestSetup$1.protect(TestSetup.java:21)&lt;br/&gt;
        at junit.extensions.TestSetup.run(TestSetup.java:18)&lt;br/&gt;
Caused by: java.sql.SQLException: The number of values assigned is not the same as the number of spe&lt;br/&gt;
lumns.&lt;br/&gt;
        at org.apache.derby.impl.jdbc.SQLExceptionFactory.getSQLException(Unknown Source)&lt;br/&gt;
        at org.apache.derby.impl.jdbc.SQLExceptionFactory40.wrapArgsForTransportAcrossDRDA(Unknown S&lt;br/&gt;
        ... 109 more&lt;br/&gt;
Caused by: ERROR 42802: The number of values assigned is not the same as the number of specified or&lt;br/&gt;
        at org.apache.derby.iapi.error.StandardException.newException(Unknown Source)&lt;br/&gt;
        at org.apache.derby.impl.sql.compile.InsertNode.bindStatement(Unknown Source)&lt;br/&gt;
        at org.apache.derby.impl.sql.GenericStatement.prepMinion(Unknown Source)&lt;br/&gt;
        at org.apache.derby.impl.sql.GenericStatement.prepareStorable(Unknown Source)&lt;br/&gt;
        at org.apache.derby.iapi.sql.dictionary.SPSDescriptor.compileStatement(Unknown Source)&lt;br/&gt;
        at org.apache.derby.iapi.sql.dictionary.SPSDescriptor.prepareAndRelease(Unknown Source)&lt;br/&gt;
        at org.apache.derby.iapi.sql.dictionary.SPSDescriptor.getPreparedStatement(Unknown Source)&lt;br/&gt;
        at org.apache.derby.iapi.sql.dictionary.SPSDescriptor.getPreparedStatement(Unknown Source)&lt;br/&gt;
        at org.apache.derby.impl.sql.execute.GenericTriggerExecutor.executeSPS(Unknown Source)&lt;br/&gt;
        at org.apache.derby.impl.sql.execute.StatementTriggerExecutor.fireTrigger(Unknown Source)&lt;br/&gt;
        at org.apache.derby.impl.sql.execute.TriggerEventActivator.notifyEvent(Unknown Source)&lt;br/&gt;
        at org.apache.derby.impl.sql.execute.UpdateResultSet.fireAfterTriggers(Unknown Source)&lt;br/&gt;
        at org.apache.derby.impl.sql.execute.UpdateResultSet.open(Unknown Source)&lt;br/&gt;
        at org.apache.derby.impl.sql.GenericPreparedStatement.executeStmt(Unknown Source)&lt;br/&gt;
        at org.apache.derby.impl.sql.GenericPreparedStatement.execute(Unknown Source)&lt;br/&gt;
        ... 103 more&lt;br/&gt;
2) testDERBY5044AlterTableDropColumn(org.apache.derbyTesting.functionTests.tests.upgradeTests.BasicS&lt;br/&gt;
eption: Operation &apos;DROP COLUMN&apos; cannot be performed on object &apos;C22&apos; because TRIGGER &apos;ATDC_13_TAB1_TR&lt;br/&gt;
that object.&lt;br/&gt;
        at org.apache.derby.impl.jdbc.SQLExceptionFactory40.getSQLException(Unknown Source)&lt;br/&gt;
        at org.apache.derby.impl.jdbc.Util.generateCsSQLException(Unknown Source)&lt;br/&gt;
        at org.apache.derby.impl.jdbc.TransactionResourceImpl.wrapInSQLException(Unknown Source)&lt;br/&gt;
        at org.apache.derby.impl.jdbc.TransactionResourceImpl.handleException(Unknown Source)&lt;br/&gt;
        at org.apache.derby.impl.jdbc.EmbedConnection.handleException(Unknown Source)&lt;br/&gt;
        at org.apache.derby.impl.jdbc.ConnectionChild.handleException(Unknown Source)&lt;br/&gt;
        at org.apache.derby.impl.jdbc.EmbedStatement.executeStatement(Unknown Source)&lt;br/&gt;
        at org.apache.derby.impl.jdbc.EmbedStatement.execute(Unknown Source)&lt;br/&gt;
        at org.apache.derby.impl.jdbc.EmbedStatement.executeUpdate(Unknown Source)&lt;br/&gt;
        at org.apache.derbyTesting.functionTests.tests.upgradeTests.BasicSetup.testDERBY5044AlterTab&lt;br/&gt;
tup.java:733)&lt;br/&gt;
        at sun.reflect.NativeMethodAccessorImpl.invoke0(Native Method)&lt;br/&gt;
        at sun.reflect.NativeMethodAccessorImpl.invoke(NativeMethodAccessorImpl.java:60)&lt;br/&gt;
        at sun.reflect.DelegatingMethodAccessorImpl.invoke(DelegatingMethodAccessorImpl.java:37)&lt;br/&gt;
        at org.apache.derbyTesting.junit.BaseTestCase.runBare(BaseTestCase.java:116)&lt;br/&gt;
        at junit.extensions.TestDecorator.basicRun(TestDecorator.java:24)&lt;br/&gt;
        at junit.extensions.TestSetup$1.protect(TestSetup.java:21)&lt;br/&gt;
        at junit.extensions.TestSetup.run(TestSetup.java:18)&lt;br/&gt;
        at junit.extensions.TestDecorator.basicRun(TestDecorator.java:24)&lt;br/&gt;
        at junit.extensions.TestSetup$1.protect(TestSetup.java:21)&lt;br/&gt;
        at junit.extensions.TestSetup.run(TestSetup.java:25)&lt;br/&gt;
        at org.apache.derbyTesting.junit.BaseTestSetup.run(BaseTestSetup.java:51)&lt;br/&gt;
        at junit.extensions.TestDecorator.basicRun(TestDecorator.java:24)&lt;br/&gt;
        at junit.extensions.TestSetup$1.protect(TestSetup.java:21)&lt;br/&gt;
        at junit.extensions.TestSetup.run(TestSetup.java:25)&lt;br/&gt;
        at org.apache.derbyTesting.junit.BaseTestSetup.run(BaseTestSetup.java:51)&lt;br/&gt;
        at junit.extensions.TestDecorator.basicRun(TestDecorator.java:24)&lt;br/&gt;
        at junit.extensions.TestSetup$1.protect(TestSetup.java:21)&lt;br/&gt;
        at junit.extensions.TestSetup.run(TestSetup.java:18)&lt;br/&gt;
        at junit.extensions.TestDecorator.basicRun(TestDecorator.java:24)&lt;br/&gt;
        at junit.extensions.TestSetup$1.protect(TestSetup.java:21)&lt;br/&gt;
        at junit.extensions.TestSetup.run(TestSetup.java:25)&lt;br/&gt;
        at org.apache.derbyTesting.junit.BaseTestSetup.run(BaseTestSetup.java:51)&lt;br/&gt;
        at junit.extensions.TestDecorator.basicRun(TestDecorator.java:24)&lt;br/&gt;
        at junit.extensions.TestSetup$1.protect(TestSetup.java:21)&lt;br/&gt;
        at junit.extensions.TestSetup.run(TestSetup.java:18)&lt;br/&gt;
        at junit.extensions.TestDecorator.basicRun(TestDecorator.java:24)&lt;br/&gt;
        at junit.extensions.TestSetup$1.protect(TestSetup.java:21)&lt;br/&gt;
        at junit.extensions.TestSetup.run(TestSetup.java:25)&lt;br/&gt;
        at org.apache.derbyTesting.junit.BaseTestSetup.run(BaseTestSetup.java:51)&lt;br/&gt;
        at junit.extensions.TestDecorator.basicRun(TestDecorator.java:24)&lt;br/&gt;
        at junit.extensions.TestSetup$1.protect(TestSetup.java:21)&lt;br/&gt;
        at junit.extensions.TestSetup.run(TestSetup.java:18)&lt;br/&gt;
        at junit.extensions.TestDecorator.basicRun(TestDecorator.java:24)&lt;br/&gt;
        at junit.extensions.TestSetup$1.protect(TestSetup.java:21)&lt;br/&gt;
        at junit.extensions.TestSetup.run(TestSetup.java:25)&lt;br/&gt;
        at org.apache.derbyTesting.junit.BaseTestSetup.run(BaseTestSetup.java:51)&lt;br/&gt;
        at junit.extensions.TestDecorator.basicRun(TestDecorator.java:24)&lt;br/&gt;
        at junit.extensions.TestSetup$1.protect(TestSetup.java:21)&lt;br/&gt;
        at junit.extensions.TestSetup.run(TestSetup.java:18)&lt;br/&gt;
        at junit.extensions.TestDecorator.basicRun(TestDecorator.java:24)&lt;br/&gt;
        at junit.extensions.TestSetup$1.protect(TestSetup.java:21)&lt;br/&gt;
        at junit.extensions.TestSetup.run(TestSetup.java:25)&lt;br/&gt;
        at org.apache.derbyTesting.junit.BaseTestSetup.run(BaseTestSetup.java:51)&lt;br/&gt;
        at junit.extensions.TestDecorator.basicRun(TestDecorator.java:24)&lt;br/&gt;
        at junit.extensions.TestSetup$1.protect(TestSetup.java:21)&lt;br/&gt;
        at junit.extensions.TestSetup.run(TestSetup.java:18)&lt;br/&gt;
        at junit.extensions.TestDecorator.basicRun(TestDecorator.java:24)&lt;br/&gt;
        at junit.extensions.TestSetup$1.protect(TestSetup.java:21)&lt;br/&gt;
        at junit.extensions.TestSetup.run(TestSetup.java:25)&lt;br/&gt;
        at org.apache.derbyTesting.junit.BaseTestSetup.run(BaseTestSetup.java:51)&lt;br/&gt;
        at junit.extensions.TestDecorator.basicRun(TestDecorator.java:24)&lt;br/&gt;
        at junit.extensions.TestSetup$1.protect(TestSetup.java:21)&lt;br/&gt;
        at junit.extensions.TestSetup.run(TestSetup.java:18)&lt;br/&gt;
        at junit.extensions.TestDecorator.basicRun(TestDecorator.java:24)&lt;br/&gt;
        at junit.extensions.TestSetup$1.protect(TestSetup.java:21)&lt;br/&gt;
        at junit.extensions.TestSetup.run(TestSetup.java:18)&lt;br/&gt;
        at junit.extensions.TestDecorator.basicRun(TestDecorator.java:24)&lt;br/&gt;
        at junit.extensions.TestSetup$1.protect(TestSetup.java:21)&lt;br/&gt;
        at junit.extensions.TestSetup.run(TestSetup.java:18)&lt;br/&gt;
Caused by: java.sql.SQLException: Operation &apos;DROP COLUMN&apos; cannot be performed on object &apos;C22&apos; becaus&lt;br/&gt;
AB1_TRG2&apos; is dependent on that object.&lt;br/&gt;
        at org.apache.derby.impl.jdbc.SQLExceptionFactory.getSQLException(Unknown Source)&lt;br/&gt;
        at org.apache.derby.impl.jdbc.SQLExceptionFactory40.wrapArgsForTransportAcrossDRDA(Unknown S&lt;br/&gt;
        ... 109 more&lt;br/&gt;
Caused by: ERROR X0Y25: Operation &apos;DROP COLUMN&apos; cannot be performed on object &apos;C22&apos; because TRIGGER&lt;br/&gt;
is dependent on that object.&lt;br/&gt;
        at org.apache.derby.iapi.error.StandardException.newException(Unknown Source)&lt;br/&gt;
        at org.apache.derby.impl.sql.execute.AlterTableConstantAction.columnDroppedAndTriggerDepende&lt;br/&gt;
)&lt;br/&gt;
        at org.apache.derby.impl.sql.execute.AlterTableConstantAction.dropColumnFromTable(Unknown So&lt;br/&gt;
        at org.apache.derby.impl.sql.execute.AlterTableConstantAction.executeConstantActionBody(Unkn&lt;br/&gt;
        at org.apache.derby.impl.sql.execute.AlterTableConstantAction.executeConstantAction(Unknown&lt;br/&gt;
        at org.apache.derby.impl.sql.execute.MiscResultSet.open(Unknown Source)&lt;br/&gt;
        at org.apache.derby.impl.sql.GenericPreparedStatement.executeStmt(Unknown Source)&lt;br/&gt;
        at org.apache.derby.impl.sql.GenericPreparedStatement.execute(Unknown Source)&lt;br/&gt;
        ... 103 more&lt;br/&gt;
3) testDERBY5044_And_DERBY5120_DropColumn(org.apache.derbyTesting.functionTests.tests.upgradeTests.B&lt;br/&gt;
QLSyntaxErrorException: &apos;C112&apos; is not a column in table or VTI &apos;BKUP1_5044_5120&apos;.&lt;br/&gt;
        at java.lang.Throwable.&amp;lt;init&amp;gt;(Throwable.java:80)&lt;br/&gt;
        at java.sql.SQLException.&amp;lt;init&amp;gt;(SQLException.java:153)&lt;br/&gt;
        at java.sql.SQLException.&amp;lt;init&amp;gt;(SQLException.java:176)&lt;br/&gt;
        at org.apache.derby.impl.jdbc.SQLExceptionFactory40.getSQLException(SQLExceptionFactory40.ja&lt;br/&gt;
        at org.apache.derby.impl.jdbc.Util.generateCsSQLException(Util.java:256)&lt;br/&gt;
        at org.apache.derby.impl.jdbc.TransactionResourceImpl.wrapInSQLException(TransactionResource&lt;br/&gt;
        at org.apache.derby.impl.jdbc.TransactionResourceImpl.handleException(TransactionResourceImp&lt;br/&gt;
        at org.apache.derby.impl.jdbc.EmbedConnection.handleException(EmbedConnection.java:2290)&lt;br/&gt;
        at org.apache.derby.impl.jdbc.ConnectionChild.handleException(ConnectionChild.java:82)&lt;br/&gt;
        at org.apache.derby.impl.jdbc.EmbedStatement.execute(EmbedStatement.java:619)&lt;br/&gt;
        at org.apache.derby.impl.jdbc.EmbedStatement.executeUpdate(EmbedStatement.java:179)&lt;br/&gt;
        at org.apache.derbyTesting.functionTests.tests.upgradeTests.BasicSetup.dropColumn_triggersql&lt;br/&gt;
5120(BasicSetup.java:613)&lt;br/&gt;
        at org.apache.derbyTesting.functionTests.tests.upgradeTests.BasicSetup.testDERBY5044_And_DER&lt;br/&gt;
sicSetup.java:544)&lt;br/&gt;
        at sun.reflect.NativeMethodAccessorImpl.invoke0(Native Method)&lt;br/&gt;
        at sun.reflect.NativeMethodAccessorImpl.invoke(NativeMethodAccessorImpl.java:60)&lt;br/&gt;
        at sun.reflect.DelegatingMethodAccessorImpl.invoke(DelegatingMethodAccessorImpl.java:37)&lt;br/&gt;
        at org.apache.derbyTesting.junit.BaseTestCase.runBare(BaseTestCase.java:116)&lt;br/&gt;
        at junit.extensions.TestDecorator.basicRun(TestDecorator.java:24)&lt;br/&gt;
        at junit.extensions.TestSetup$1.protect(TestSetup.java:21)&lt;br/&gt;
        at junit.extensions.TestSetup.run(TestSetup.java:18)&lt;br/&gt;
        at junit.extensions.TestDecorator.basicRun(TestDecorator.java:24)&lt;br/&gt;
        at junit.extensions.TestSetup$1.protect(TestSetup.java:21)&lt;br/&gt;
        at junit.extensions.TestSetup.run(TestSetup.java:25)&lt;br/&gt;
        at org.apache.derbyTesting.junit.BaseTestSetup.run(BaseTestSetup.java:51)&lt;br/&gt;
        at junit.extensions.TestDecorator.basicRun(TestDecorator.java:24)&lt;br/&gt;
        at junit.extensions.TestSetup$1.protect(TestSetup.java:21)&lt;br/&gt;
        at junit.extensions.TestSetup.run(TestSetup.java:25)&lt;br/&gt;
        at org.apache.derbyTesting.junit.BaseTestSetup.run(BaseTestSetup.java:51)&lt;br/&gt;
        at junit.extensions.TestDecorator.basicRun(TestDecorator.java:24)&lt;br/&gt;
        at junit.extensions.TestSetup$1.protect(TestSetup.java:21)&lt;br/&gt;
        at junit.extensions.TestSetup.run(TestSetup.java:18)&lt;br/&gt;
        at junit.extensions.TestDecorator.basicRun(TestDecorator.java:24)&lt;br/&gt;
        at junit.extensions.TestSetup$1.protect(TestSetup.java:21)&lt;br/&gt;
        at junit.extensions.TestSetup.run(TestSetup.java:25)&lt;br/&gt;
        at org.apache.derbyTesting.junit.BaseTestSetup.run(BaseTestSetup.java:51)&lt;br/&gt;
        at junit.extensions.TestDecorator.basicRun(TestDecorator.java:24)&lt;br/&gt;
        at junit.extensions.TestSetup$1.protect(TestSetup.java:21)&lt;br/&gt;
        at junit.extensions.TestSetup.run(TestSetup.java:18)&lt;br/&gt;
        at junit.extensions.TestDecorator.basicRun(TestDecorator.java:24)&lt;br/&gt;
        at junit.extensions.TestSetup$1.protect(TestSetup.java:21)&lt;br/&gt;
        at junit.extensions.TestSetup.run(TestSetup.java:25)&lt;br/&gt;
        at org.apache.derbyTesting.junit.BaseTestSetup.run(BaseTestSetup.java:51)&lt;br/&gt;
        at junit.extensions.TestDecorator.basicRun(TestDecorator.java:24)&lt;br/&gt;
        at junit.extensions.TestSetup$1.protect(TestSetup.java:21)&lt;br/&gt;
        at junit.extensions.TestSetup.run(TestSetup.java:18)&lt;br/&gt;
        at junit.extensions.TestDecorator.basicRun(TestDecorator.java:24)&lt;br/&gt;
        at junit.extensions.TestSetup$1.protect(TestSetup.java:21)&lt;br/&gt;
        at junit.extensions.TestSetup.run(TestSetup.java:25)&lt;br/&gt;
        at org.apache.derbyTesting.junit.BaseTestSetup.run(BaseTestSetup.java:51)&lt;br/&gt;
        at junit.extensions.TestDecorator.basicRun(TestDecorator.java:24)&lt;br/&gt;
        at junit.extensions.TestSetup$1.protect(TestSetup.java:21)&lt;br/&gt;
        at junit.extensions.TestSetup.run(TestSetup.java:18)&lt;br/&gt;
        at junit.extensions.TestDecorator.basicRun(TestDecorator.java:24)&lt;br/&gt;
        at junit.extensions.TestSetup$1.protect(TestSetup.java:21)&lt;br/&gt;
        at junit.extensions.TestSetup.run(TestSetup.java:25)&lt;br/&gt;
        at org.apache.derbyTesting.junit.BaseTestSetup.run(BaseTestSetup.java:51)&lt;br/&gt;
        at junit.extensions.TestDecorator.basicRun(TestDecorator.java:24)&lt;br/&gt;
        at junit.extensions.TestSetup$1.protect(TestSetup.java:21)&lt;br/&gt;
        at junit.extensions.TestSetup.run(TestSetup.java:18)&lt;br/&gt;
        at junit.extensions.TestDecorator.basicRun(TestDecorator.java:24)&lt;br/&gt;
        at junit.extensions.TestSetup$1.protect(TestSetup.java:21)&lt;br/&gt;
        at junit.extensions.TestSetup.run(TestSetup.java:25)&lt;br/&gt;
        at org.apache.derbyTesting.junit.BaseTestSetup.run(BaseTestSetup.java:51)&lt;br/&gt;
        at junit.extensions.TestDecorator.basicRun(TestDecorator.java:24)&lt;br/&gt;
        at junit.extensions.TestSetup$1.protect(TestSetup.java:21)&lt;br/&gt;
        at junit.extensions.TestSetup.run(TestSetup.java:18)&lt;br/&gt;
        at junit.extensions.TestDecorator.basicRun(TestDecorator.java:24)&lt;br/&gt;
        at junit.extensions.TestSetup$1.protect(TestSetup.java:21)&lt;br/&gt;
        at junit.extensions.TestSetup.run(TestSetup.java:18)&lt;br/&gt;
        at junit.extensions.TestDecorator.basicRun(TestDecorator.java:24)&lt;br/&gt;
        at junit.extensions.TestSetup$1.protect(TestSetup.java:21)&lt;br/&gt;
        at junit.extensions.TestSetup.run(TestSetup.java:18)&lt;br/&gt;
Caused by: java.sql.SQLException: &apos;C112&apos; is not a column in table or VTI &apos;BKUP1_5044_5120&apos;.&lt;br/&gt;
        at org.apache.derby.impl.jdbc.SQLExceptionFactory.getSQLException(SQLExceptionFactory.java:4&lt;br/&gt;
        at org.apache.derby.impl.jdbc.SQLExceptionFactory40.wrapArgsForTransportAcrossDRDA(SQLExcept&lt;br/&gt;
2)&lt;br/&gt;
        at org.apache.derby.impl.jdbc.SQLExceptionFactory40.getSQLException(SQLExceptionFactory40.ja&lt;br/&gt;
        ... 108 more&lt;br/&gt;
Caused by: ERROR 42X14: &apos;C112&apos; is not a column in table or VTI &apos;BKUP1_5044_5120&apos;.&lt;br/&gt;
        at org.apache.derby.iapi.error.StandardException.newException(StandardException.java:295)&lt;br/&gt;
        at org.apache.derby.impl.sql.compile.ModifyColumnNode.bindAndValidateDefault(ModifyColumnNod&lt;br/&gt;
        at org.apache.derby.impl.sql.compile.TableElementList.validate(TableElementList.java:218)&lt;br/&gt;
        at org.apache.derby.impl.sql.compile.AlterTableNode.bindStatement(AlterTableNode.java:376)&lt;br/&gt;
        at org.apache.derby.impl.sql.GenericStatement.prepMinion(GenericStatement.java:373)&lt;br/&gt;
        at org.apache.derby.impl.sql.GenericStatement.prepare(GenericStatement.java:97)&lt;br/&gt;
        at org.apache.derby.impl.sql.conn.GenericLanguageConnectionContext.prepareInternalStatement(&lt;br/&gt;
ctionContext.java:1103)&lt;br/&gt;
        at org.apache.derby.impl.jdbc.EmbedStatement.execute(EmbedStatement.java:610)&lt;br/&gt;
        ... 102 more&lt;br/&gt;
4) testDERBY5120NumRowsInSydependsForTrigger(org.apache.derbyTesting.functionTests.tests.upgradeTest&lt;br/&gt;
l.SQLSyntaxErrorException: The number of values assigned is not the same as the number of specified&lt;br/&gt;
        at org.apache.derby.impl.jdbc.SQLExceptionFactory40.getSQLException(Unknown Source)&lt;br/&gt;
        at org.apache.derby.impl.jdbc.Util.generateCsSQLException(Unknown Source)&lt;br/&gt;
        at org.apache.derby.impl.jdbc.TransactionResourceImpl.wrapInSQLException(Unknown Source)&lt;br/&gt;
        at org.apache.derby.impl.jdbc.TransactionResourceImpl.handleException(Unknown Source)&lt;br/&gt;
        at org.apache.derby.impl.jdbc.EmbedConnection.handleException(Unknown Source)&lt;br/&gt;
        at org.apache.derby.impl.jdbc.ConnectionChild.handleException(Unknown Source)&lt;br/&gt;
        at org.apache.derby.impl.jdbc.EmbedStatement.executeStatement(Unknown Source)&lt;br/&gt;
        at org.apache.derby.impl.jdbc.EmbedStatement.execute(Unknown Source)&lt;br/&gt;
        at org.apache.derby.impl.jdbc.EmbedStatement.execute(Unknown Source)&lt;br/&gt;
        at org.apache.derbyTesting.functionTests.tests.upgradeTests.BasicSetup.testDERBY5120NumRowsI&lt;br/&gt;
(BasicSetup.java:479)&lt;br/&gt;
        at sun.reflect.NativeMethodAccessorImpl.invoke0(Native Method)&lt;br/&gt;
        at sun.reflect.NativeMethodAccessorImpl.invoke(NativeMethodAccessorImpl.java:60)&lt;br/&gt;
        at sun.reflect.DelegatingMethodAccessorImpl.invoke(DelegatingMethodAccessorImpl.java:37)&lt;br/&gt;
        at org.apache.derbyTesting.junit.BaseTestCase.runBare(BaseTestCase.java:116)&lt;br/&gt;
        at junit.extensions.TestDecorator.basicRun(TestDecorator.java:24)&lt;br/&gt;
        at junit.extensions.TestSetup$1.protect(TestSetup.java:21)&lt;br/&gt;
        at junit.extensions.TestSetup.run(TestSetup.java:18)&lt;br/&gt;
        at junit.extensions.TestDecorator.basicRun(TestDecorator.java:24)&lt;br/&gt;
        at junit.extensions.TestSetup$1.protect(TestSetup.java:21)&lt;br/&gt;
        at junit.extensions.TestSetup.run(TestSetup.java:25)&lt;br/&gt;
        at org.apache.derbyTesting.junit.BaseTestSetup.run(BaseTestSetup.java:51)&lt;br/&gt;
        at junit.extensions.TestDecorator.basicRun(TestDecorator.java:24)&lt;br/&gt;
        at junit.extensions.TestSetup$1.protect(TestSetup.java:21)&lt;br/&gt;
        at junit.extensions.TestSetup.run(TestSetup.java:25)&lt;br/&gt;
        at org.apache.derbyTesting.junit.BaseTestSetup.run(BaseTestSetup.java:51)&lt;br/&gt;
        at junit.extensions.TestDecorator.basicRun(TestDecorator.java:24)&lt;br/&gt;
        at junit.extensions.TestSetup$1.protect(TestSetup.java:21)&lt;br/&gt;
        at junit.extensions.TestSetup.run(TestSetup.java:18)&lt;br/&gt;
        at junit.extensions.TestDecorator.basicRun(TestDecorator.java:24)&lt;br/&gt;
        at junit.extensions.TestSetup$1.protect(TestSetup.java:21)&lt;br/&gt;
        at junit.extensions.TestSetup.run(TestSetup.java:25)&lt;br/&gt;
        at org.apache.derbyTesting.junit.BaseTestSetup.run(BaseTestSetup.java:51)&lt;br/&gt;
        at junit.extensions.TestDecorator.basicRun(TestDecorator.java:24)&lt;br/&gt;
        at junit.extensions.TestSetup$1.protect(TestSetup.java:21)&lt;br/&gt;
        at junit.extensions.TestSetup.run(TestSetup.java:18)&lt;br/&gt;
        at junit.extensions.TestDecorator.basicRun(TestDecorator.java:24)&lt;br/&gt;
        at junit.extensions.TestSetup$1.protect(TestSetup.java:21)&lt;br/&gt;
        at junit.extensions.TestSetup.run(TestSetup.java:25)&lt;br/&gt;
        at org.apache.derbyTesting.junit.BaseTestSetup.run(BaseTestSetup.java:51)&lt;br/&gt;
        at junit.extensions.TestDecorator.basicRun(TestDecorator.java:24)&lt;br/&gt;
        at junit.extensions.TestSetup$1.protect(TestSetup.java:21)&lt;br/&gt;
        at junit.extensions.TestSetup.run(TestSetup.java:18)&lt;br/&gt;
        at junit.extensions.TestDecorator.basicRun(TestDecorator.java:24)&lt;br/&gt;
        at junit.extensions.TestSetup$1.protect(TestSetup.java:21)&lt;br/&gt;
        at junit.extensions.TestSetup.run(TestSetup.java:25)&lt;br/&gt;
        at org.apache.derbyTesting.junit.BaseTestSetup.run(BaseTestSetup.java:51)&lt;br/&gt;
        at junit.extensions.TestDecorator.basicRun(TestDecorator.java:24)&lt;br/&gt;
        at junit.extensions.TestSetup$1.protect(TestSetup.java:21)&lt;br/&gt;
        at junit.extensions.TestSetup.run(TestSetup.java:18)&lt;br/&gt;
        at junit.extensions.TestDecorator.basicRun(TestDecorator.java:24)&lt;br/&gt;
        at junit.extensions.TestSetup$1.protect(TestSetup.java:21)&lt;br/&gt;
        at junit.extensions.TestSetup.run(TestSetup.java:25)&lt;br/&gt;
        at org.apache.derbyTesting.junit.BaseTestSetup.run(BaseTestSetup.java:51)&lt;br/&gt;
        at junit.extensions.TestDecorator.basicRun(TestDecorator.java:24)&lt;br/&gt;
        at junit.extensions.TestSetup$1.protect(TestSetup.java:21)&lt;br/&gt;
        at junit.extensions.TestSetup.run(TestSetup.java:18)&lt;br/&gt;
        at junit.extensions.TestDecorator.basicRun(TestDecorator.java:24)&lt;br/&gt;
        at junit.extensions.TestSetup$1.protect(TestSetup.java:21)&lt;br/&gt;
        at junit.extensions.TestSetup.run(TestSetup.java:25)&lt;br/&gt;
        at org.apache.derbyTesting.junit.BaseTestSetup.run(BaseTestSetup.java:51)&lt;br/&gt;
        at junit.extensions.TestDecorator.basicRun(TestDecorator.java:24)&lt;br/&gt;
        at junit.extensions.TestSetup$1.protect(TestSetup.java:21)&lt;br/&gt;
        at junit.extensions.TestSetup.run(TestSetup.java:18)&lt;br/&gt;
        at junit.extensions.TestDecorator.basicRun(TestDecorator.java:24)&lt;br/&gt;
        at junit.extensions.TestSetup$1.protect(TestSetup.java:21)&lt;br/&gt;
        at junit.extensions.TestSetup.run(TestSetup.java:18)&lt;br/&gt;
        at junit.extensions.TestDecorator.basicRun(TestDecorator.java:24)&lt;br/&gt;
        at junit.extensions.TestSetup$1.protect(TestSetup.java:21)&lt;br/&gt;
        at junit.extensions.TestSetup.run(TestSetup.java:18)&lt;br/&gt;
Caused by: java.sql.SQLException: The number of values assigned is not the same as the number of spe&lt;br/&gt;
lumns.&lt;br/&gt;
        at org.apache.derby.impl.jdbc.SQLExceptionFactory.getSQLException(Unknown Source)&lt;br/&gt;
        at org.apache.derby.impl.jdbc.SQLExceptionFactory40.wrapArgsForTransportAcrossDRDA(Unknown S&lt;br/&gt;
        ... 109 more&lt;br/&gt;
Caused by: ERROR 42802: The number of values assigned is not the same as the number of specified or&lt;br/&gt;
        at org.apache.derby.iapi.error.StandardException.newException(Unknown Source)&lt;br/&gt;
        at org.apache.derby.impl.sql.compile.InsertNode.bindStatement(Unknown Source)&lt;br/&gt;
        at org.apache.derby.impl.sql.GenericStatement.prepMinion(Unknown Source)&lt;br/&gt;
        at org.apache.derby.impl.sql.GenericStatement.prepareStorable(Unknown Source)&lt;br/&gt;
        at org.apache.derby.iapi.sql.dictionary.SPSDescriptor.compileStatement(Unknown Source)&lt;br/&gt;
        at org.apache.derby.iapi.sql.dictionary.SPSDescriptor.prepareAndRelease(Unknown Source)&lt;br/&gt;
        at org.apache.derby.iapi.sql.dictionary.SPSDescriptor.getPreparedStatement(Unknown Source)&lt;br/&gt;
        at org.apache.derby.iapi.sql.dictionary.SPSDescriptor.getPreparedStatement(Unknown Source)&lt;br/&gt;
        at org.apache.derby.impl.sql.execute.GenericTriggerExecutor.executeSPS(Unknown Source)&lt;br/&gt;
        at org.apache.derby.impl.sql.execute.StatementTriggerExecutor.fireTrigger(Unknown Source)&lt;br/&gt;
        at org.apache.derby.impl.sql.execute.TriggerEventActivator.notifyEvent(Unknown Source)&lt;br/&gt;
        at org.apache.derby.impl.sql.execute.UpdateResultSet.fireAfterTriggers(Unknown Source)&lt;br/&gt;
        at org.apache.derby.impl.sql.execute.UpdateResultSet.open(Unknown Source)&lt;br/&gt;
        at org.apache.derby.impl.sql.GenericPreparedStatement.executeStmt(Unknown Source)&lt;br/&gt;
        at org.apache.derby.impl.sql.GenericPreparedStatement.execute(Unknown Source)&lt;br/&gt;
        ... 103 more&lt;br/&gt;
5) testDERBY5044_And_DERBY5120_DropColumn(org.apache.derbyTesting.functionTests.tests.upgradeTests.B&lt;br/&gt;
QLSyntaxErrorException: &apos;C112&apos; is not a column in table or VTI &apos;BKUP1_5044_5120&apos;.&lt;br/&gt;
        at org.apache.derby.impl.jdbc.SQLExceptionFactory40.getSQLException(Unknown Source)&lt;br/&gt;
        at org.apache.derby.impl.jdbc.Util.generateCsSQLException(Unknown Source)&lt;br/&gt;
        at org.apache.derby.impl.jdbc.TransactionResourceImpl.wrapInSQLException(Unknown Source)&lt;br/&gt;
        at org.apache.derby.impl.jdbc.TransactionResourceImpl.handleException(Unknown Source)&lt;br/&gt;
        at org.apache.derby.impl.jdbc.EmbedConnection.handleException(Unknown Source)&lt;br/&gt;
        at org.apache.derby.impl.jdbc.ConnectionChild.handleException(Unknown Source)&lt;br/&gt;
        at org.apache.derby.impl.jdbc.EmbedStatement.execute(Unknown Source)&lt;br/&gt;
        at org.apache.derby.impl.jdbc.EmbedStatement.executeUpdate(Unknown Source)&lt;br/&gt;
        at org.apache.derbyTesting.functionTests.tests.upgradeTests.BasicSetup.dropColumn_triggersql&lt;br/&gt;
5120(BasicSetup.java:592)&lt;br/&gt;
        at org.apache.derbyTesting.functionTests.tests.upgradeTests.BasicSetup.testDERBY5044_And_DER&lt;br/&gt;
sicSetup.java:544)&lt;br/&gt;
        at sun.reflect.NativeMethodAccessorImpl.invoke0(Native Method)&lt;br/&gt;
        at sun.reflect.NativeMethodAccessorImpl.invoke(NativeMethodAccessorImpl.java:60)&lt;br/&gt;
        at sun.reflect.DelegatingMethodAccessorImpl.invoke(DelegatingMethodAccessorImpl.java:37)&lt;br/&gt;
        at org.apache.derbyTesting.junit.BaseTestCase.runBare(BaseTestCase.java:116)&lt;br/&gt;
        at junit.extensions.TestDecorator.basicRun(TestDecorator.java:24)&lt;br/&gt;
        at junit.extensions.TestSetup$1.protect(TestSetup.java:21)&lt;br/&gt;
        at junit.extensions.TestSetup.run(TestSetup.java:18)&lt;br/&gt;
        at junit.extensions.TestDecorator.basicRun(TestDecorator.java:24)&lt;br/&gt;
        at junit.extensions.TestSetup$1.protect(TestSetup.java:21)&lt;br/&gt;
        at junit.extensions.TestSetup.run(TestSetup.java:25)&lt;br/&gt;
        at org.apache.derbyTesting.junit.BaseTestSetup.run(BaseTestSetup.java:51)&lt;br/&gt;
        at junit.extensions.TestDecorator.basicRun(TestDecorator.java:24)&lt;br/&gt;
        at junit.extensions.TestSetup$1.protect(TestSetup.java:21)&lt;br/&gt;
        at junit.extensions.TestSetup.run(TestSetup.java:25)&lt;br/&gt;
        at org.apache.derbyTesting.junit.BaseTestSetup.run(BaseTestSetup.java:51)&lt;br/&gt;
        at junit.extensions.TestDecorator.basicRun(TestDecorator.java:24)&lt;br/&gt;
        at junit.extensions.TestSetup$1.protect(TestSetup.java:21)&lt;br/&gt;
        at junit.extensions.TestSetup.run(TestSetup.java:18)&lt;br/&gt;
        at junit.extensions.TestDecorator.basicRun(TestDecorator.java:24)&lt;br/&gt;
        at junit.extensions.TestSetup$1.protect(TestSetup.java:21)&lt;br/&gt;
        at junit.extensions.TestSetup.run(TestSetup.java:25)&lt;br/&gt;
        at org.apache.derbyTesting.junit.BaseTestSetup.run(BaseTestSetup.java:51)&lt;br/&gt;
        at junit.extensions.TestDecorator.basicRun(TestDecorator.java:24)&lt;br/&gt;
        at junit.extensions.TestSetup$1.protect(TestSetup.java:21)&lt;br/&gt;
        at junit.extensions.TestSetup.run(TestSetup.java:18)&lt;br/&gt;
        at junit.extensions.TestDecorator.basicRun(TestDecorator.java:24)&lt;br/&gt;
        at junit.extensions.TestSetup$1.protect(TestSetup.java:21)&lt;br/&gt;
        at junit.extensions.TestSetup.run(TestSetup.java:25)&lt;br/&gt;
        at org.apache.derbyTesting.junit.BaseTestSetup.run(BaseTestSetup.java:51)&lt;br/&gt;
        at junit.extensions.TestDecorator.basicRun(TestDecorator.java:24)&lt;br/&gt;
        at junit.extensions.TestSetup$1.protect(TestSetup.java:21)&lt;br/&gt;
        at junit.extensions.TestSetup.run(TestSetup.java:18)&lt;br/&gt;
        at junit.extensions.TestDecorator.basicRun(TestDecorator.java:24)&lt;br/&gt;
        at junit.extensions.TestSetup$1.protect(TestSetup.java:21)&lt;br/&gt;
        at junit.extensions.TestSetup.run(TestSetup.java:25)&lt;br/&gt;
        at org.apache.derbyTesting.junit.BaseTestSetup.run(BaseTestSetup.java:51)&lt;br/&gt;
        at junit.extensions.TestDecorator.basicRun(TestDecorator.java:24)&lt;br/&gt;
        at junit.extensions.TestSetup$1.protect(TestSetup.java:21)&lt;br/&gt;
        at junit.extensions.TestSetup.run(TestSetup.java:18)&lt;br/&gt;
        at junit.extensions.TestDecorator.basicRun(TestDecorator.java:24)&lt;br/&gt;
        at junit.extensions.TestSetup$1.protect(TestSetup.java:21)&lt;br/&gt;
        at junit.extensions.TestSetup.run(TestSetup.java:25)&lt;br/&gt;
        at org.apache.derbyTesting.junit.BaseTestSetup.run(BaseTestSetup.java:51)&lt;br/&gt;
        at junit.extensions.TestDecorator.basicRun(TestDecorator.java:24)&lt;br/&gt;
        at junit.extensions.TestSetup$1.protect(TestSetup.java:21)&lt;br/&gt;
        at junit.extensions.TestSetup.run(TestSetup.java:18)&lt;br/&gt;
        at junit.extensions.TestDecorator.basicRun(TestDecorator.java:24)&lt;br/&gt;
        at junit.extensions.TestSetup$1.protect(TestSetup.java:21)&lt;br/&gt;
        at junit.extensions.TestSetup.run(TestSetup.java:25)&lt;br/&gt;
        at org.apache.derbyTesting.junit.BaseTestSetup.run(BaseTestSetup.java:51)&lt;br/&gt;
        at junit.extensions.TestDecorator.basicRun(TestDecorator.java:24)&lt;br/&gt;
        at junit.extensions.TestSetup$1.protect(TestSetup.java:21)&lt;br/&gt;
        at junit.extensions.TestSetup.run(TestSetup.java:18)&lt;br/&gt;
        at junit.extensions.TestDecorator.basicRun(TestDecorator.java:24)&lt;br/&gt;
        at junit.extensions.TestSetup$1.protect(TestSetup.java:21)&lt;br/&gt;
        at junit.extensions.TestSetup.run(TestSetup.java:18)&lt;br/&gt;
        at junit.extensions.TestDecorator.basicRun(TestDecorator.java:24)&lt;br/&gt;
        at junit.extensions.TestSetup$1.protect(TestSetup.java:21)&lt;br/&gt;
        at junit.extensions.TestSetup.run(TestSetup.java:18)&lt;br/&gt;
Caused by: java.sql.SQLException: &apos;C112&apos; is not a column in table or VTI &apos;BKUP1_5044_5120&apos;.&lt;br/&gt;
        at org.apache.derby.impl.jdbc.SQLExceptionFactory.getSQLException(Unknown Source)&lt;br/&gt;
        at org.apache.derby.impl.jdbc.SQLExceptionFactory40.wrapArgsForTransportAcrossDRDA(Unknown S&lt;br/&gt;
        ... 109 more&lt;br/&gt;
Caused by: ERROR 42X14: &apos;C112&apos; is not a column in table or VTI &apos;BKUP1_5044_5120&apos;.&lt;br/&gt;
        at org.apache.derby.iapi.error.StandardException.newException(Unknown Source)&lt;br/&gt;
        at org.apache.derby.impl.sql.compile.ModifyColumnNode.bindAndValidateDefault(Unknown Source)&lt;br/&gt;
        at org.apache.derby.impl.sql.compile.TableElementList.validate(Unknown Source)&lt;br/&gt;
        at org.apache.derby.impl.sql.compile.AlterTableNode.bindStatement(Unknown Source)&lt;br/&gt;
        at org.apache.derby.impl.sql.GenericStatement.prepMinion(Unknown Source)&lt;br/&gt;
        at org.apache.derby.impl.sql.GenericStatement.prepare(Unknown Source)&lt;br/&gt;
        at org.apache.derby.impl.sql.conn.GenericLanguageConnectionContext.prepareInternalStatement(&lt;br/&gt;
        ... 103 more&lt;br/&gt;
6) testDERBY5044AlterTableDropColumn(org.apache.derbyTesting.functionTests.tests.upgradeTests.BasicS&lt;br/&gt;
eption: Operation &apos;DROP COLUMN&apos; cannot be performed on object &apos;C22&apos; because TRIGGER &apos;ATDC_13_TAB1_TR&lt;br/&gt;
that object.&lt;br/&gt;
        at org.apache.derby.impl.jdbc.SQLExceptionFactory40.getSQLException(Unknown Source)&lt;br/&gt;
        at org.apache.derby.impl.jdbc.Util.generateCsSQLException(Unknown Source)&lt;br/&gt;
        at org.apache.derby.impl.jdbc.TransactionResourceImpl.wrapInSQLException(Unknown Source)&lt;br/&gt;
        at org.apache.derby.impl.jdbc.TransactionResourceImpl.handleException(Unknown Source)&lt;br/&gt;
        at org.apache.derby.impl.jdbc.EmbedConnection.handleException(Unknown Source)&lt;br/&gt;
        at org.apache.derby.impl.jdbc.ConnectionChild.handleException(Unknown Source)&lt;br/&gt;
        at org.apache.derby.impl.jdbc.EmbedStatement.executeStatement(Unknown Source)&lt;br/&gt;
        at org.apache.derby.impl.jdbc.EmbedStatement.execute(Unknown Source)&lt;br/&gt;
        at org.apache.derby.impl.jdbc.EmbedStatement.executeUpdate(Unknown Source)&lt;br/&gt;
        at org.apache.derbyTesting.functionTests.tests.upgradeTests.BasicSetup.testDERBY5044AlterTab&lt;br/&gt;
tup.java:733)&lt;br/&gt;
        at sun.reflect.NativeMethodAccessorImpl.invoke0(Native Method)&lt;br/&gt;
        at sun.reflect.NativeMethodAccessorImpl.invoke(NativeMethodAccessorImpl.java:60)&lt;br/&gt;
        at sun.reflect.DelegatingMethodAccessorImpl.invoke(DelegatingMethodAccessorImpl.java:37)&lt;br/&gt;
        at org.apache.derbyTesting.junit.BaseTestCase.runBare(BaseTestCase.java:116)&lt;br/&gt;
        at junit.extensions.TestDecorator.basicRun(TestDecorator.java:24)&lt;br/&gt;
        at junit.extensions.TestSetup$1.protect(TestSetup.java:21)&lt;br/&gt;
        at junit.extensions.TestSetup.run(TestSetup.java:18)&lt;br/&gt;
        at junit.extensions.TestDecorator.basicRun(TestDecorator.java:24)&lt;br/&gt;
        at junit.extensions.TestSetup$1.protect(TestSetup.java:21)&lt;br/&gt;
        at junit.extensions.TestSetup.run(TestSetup.java:25)&lt;br/&gt;
        at org.apache.derbyTesting.junit.BaseTestSetup.run(BaseTestSetup.java:51)&lt;br/&gt;
        at junit.extensions.TestDecorator.basicRun(TestDecorator.java:24)&lt;br/&gt;
        at junit.extensions.TestSetup$1.protect(TestSetup.java:21)&lt;br/&gt;
        at junit.extensions.TestSetup.run(TestSetup.java:25)&lt;br/&gt;
        at org.apache.derbyTesting.junit.BaseTestSetup.run(BaseTestSetup.java:51)&lt;br/&gt;
        at junit.extensions.TestDecorator.basicRun(TestDecorator.java:24)&lt;br/&gt;
        at junit.extensions.TestSetup$1.protect(TestSetup.java:21)&lt;br/&gt;
        at junit.extensions.TestSetup.run(TestSetup.java:18)&lt;br/&gt;
        at junit.extensions.TestDecorator.basicRun(TestDecorator.java:24)&lt;br/&gt;
        at junit.extensions.TestSetup$1.protect(TestSetup.java:21)&lt;br/&gt;
        at junit.extensions.TestSetup.run(TestSetup.java:25)&lt;br/&gt;
        at org.apache.derbyTesting.junit.BaseTestSetup.run(BaseTestSetup.java:51)&lt;br/&gt;
        at junit.extensions.TestDecorator.basicRun(TestDecorator.java:24)&lt;br/&gt;
        at junit.extensions.TestSetup$1.protect(TestSetup.java:21)&lt;br/&gt;
        at junit.extensions.TestSetup.run(TestSetup.java:18)&lt;br/&gt;
        at junit.extensions.TestDecorator.basicRun(TestDecorator.java:24)&lt;br/&gt;
        at junit.extensions.TestSetup$1.protect(TestSetup.java:21)&lt;br/&gt;
        at junit.extensions.TestSetup.run(TestSetup.java:25)&lt;br/&gt;
        at org.apache.derbyTesting.junit.BaseTestSetup.run(BaseTestSetup.java:51)&lt;br/&gt;
        at junit.extensions.TestDecorator.basicRun(TestDecorator.java:24)&lt;br/&gt;
        at junit.extensions.TestSetup$1.protect(TestSetup.java:21)&lt;br/&gt;
        at junit.extensions.TestSetup.run(TestSetup.java:18)&lt;br/&gt;
        at junit.extensions.TestDecorator.basicRun(TestDecorator.java:24)&lt;br/&gt;
        at junit.extensions.TestSetup$1.protect(TestSetup.java:21)&lt;br/&gt;
        at junit.extensions.TestSetup.run(TestSetup.java:25)&lt;br/&gt;
        at org.apache.derbyTesting.junit.BaseTestSetup.run(BaseTestSetup.java:51)&lt;br/&gt;
        at junit.extensions.TestDecorator.basicRun(TestDecorator.java:24)&lt;br/&gt;
        at junit.extensions.TestSetup$1.protect(TestSetup.java:21)&lt;br/&gt;
        at junit.extensions.TestSetup.run(TestSetup.java:18)&lt;br/&gt;
        at junit.extensions.TestDecorator.basicRun(TestDecorator.java:24)&lt;br/&gt;
        at junit.extensions.TestSetup$1.protect(TestSetup.java:21)&lt;br/&gt;
        at junit.extensions.TestSetup.run(TestSetup.java:25)&lt;br/&gt;
        at org.apache.derbyTesting.junit.BaseTestSetup.run(BaseTestSetup.java:51)&lt;br/&gt;
        at junit.extensions.TestDecorator.basicRun(TestDecorator.java:24)&lt;br/&gt;
        at junit.extensions.TestSetup$1.protect(TestSetup.java:21)&lt;br/&gt;
        at junit.extensions.TestSetup.run(TestSetup.java:18)&lt;br/&gt;
        at junit.extensions.TestDecorator.basicRun(TestDecorator.java:24)&lt;br/&gt;
        at junit.extensions.TestSetup$1.protect(TestSetup.java:21)&lt;br/&gt;
        at junit.extensions.TestSetup.run(TestSetup.java:25)&lt;br/&gt;
        at org.apache.derbyTesting.junit.BaseTestSetup.run(BaseTestSetup.java:51)&lt;br/&gt;
        at junit.extensions.TestDecorator.basicRun(TestDecorator.java:24)&lt;br/&gt;
        at junit.extensions.TestSetup$1.protect(TestSetup.java:21)&lt;br/&gt;
        at junit.extensions.TestSetup.run(TestSetup.java:18)&lt;br/&gt;
        at junit.extensions.TestDecorator.basicRun(TestDecorator.java:24)&lt;br/&gt;
        at junit.extensions.TestSetup$1.protect(TestSetup.java:21)&lt;br/&gt;
        at junit.extensions.TestSetup.run(TestSetup.java:18)&lt;br/&gt;
        at junit.extensions.TestDecorator.basicRun(TestDecorator.java:24)&lt;br/&gt;
        at junit.extensions.TestSetup$1.protect(TestSetup.java:21)&lt;br/&gt;
        at junit.extensions.TestSetup.run(TestSetup.java:18)&lt;br/&gt;
Caused by: java.sql.SQLException: Operation &apos;DROP COLUMN&apos; cannot be performed on object &apos;C22&apos; becaus&lt;br/&gt;
AB1_TRG2&apos; is dependent on that object.&lt;br/&gt;
        at org.apache.derby.impl.jdbc.SQLExceptionFactory.getSQLException(Unknown Source)&lt;br/&gt;
        at org.apache.derby.impl.jdbc.SQLExceptionFactory40.wrapArgsForTransportAcrossDRDA(Unknown S&lt;br/&gt;
        ... 109 more&lt;br/&gt;
Caused by: ERROR X0Y25: Operation &apos;DROP COLUMN&apos; cannot be performed on object &apos;C22&apos; because TRIGGER&lt;br/&gt;
is dependent on that object.&lt;br/&gt;
        at org.apache.derby.iapi.error.StandardException.newException(Unknown Source)&lt;br/&gt;
        at org.apache.derby.impl.sql.execute.AlterTableConstantAction.columnDroppedAndTriggerDepende&lt;br/&gt;
)&lt;br/&gt;
        at org.apache.derby.impl.sql.execute.AlterTableConstantAction.dropColumnFromTable(Unknown So&lt;br/&gt;
        at org.apache.derby.impl.sql.execute.AlterTableConstantAction.executeConstantActionBody(Unkn&lt;br/&gt;
        at org.apache.derby.impl.sql.execute.AlterTableConstantAction.executeConstantAction(Unknown&lt;br/&gt;
        at org.apache.derby.impl.sql.execute.MiscResultSet.open(Unknown Source)&lt;br/&gt;
        at org.apache.derby.impl.sql.GenericPreparedStatement.executeStmt(Unknown Source)&lt;br/&gt;
        at org.apache.derby.impl.sql.GenericPreparedStatement.execute(Unknown Source)&lt;br/&gt;
        ... 103 more&lt;br/&gt;
7) testDERBY5044_And_DERBY5120_DropColumn(org.apache.derbyTesting.functionTests.tests.upgradeTests.B&lt;br/&gt;
QLSyntaxErrorException: &apos;C112&apos; is not a column in table or VTI &apos;BKUP1_5044_5120&apos;.&lt;br/&gt;
        at java.lang.Throwable.&amp;lt;init&amp;gt;(Throwable.java:80)&lt;br/&gt;
        at java.sql.SQLException.&amp;lt;init&amp;gt;(SQLException.java:153)&lt;br/&gt;
        at java.sql.SQLException.&amp;lt;init&amp;gt;(SQLException.java:176)&lt;br/&gt;
        at org.apache.derby.impl.jdbc.SQLExceptionFactory40.getSQLException(SQLExceptionFactory40.ja&lt;br/&gt;
        at org.apache.derby.impl.jdbc.Util.generateCsSQLException(Util.java:256)&lt;br/&gt;
        at org.apache.derby.impl.jdbc.TransactionResourceImpl.wrapInSQLException(TransactionResource&lt;br/&gt;
        at org.apache.derby.impl.jdbc.TransactionResourceImpl.handleException(TransactionResourceImp&lt;br/&gt;
        at org.apache.derby.impl.jdbc.EmbedConnection.handleException(EmbedConnection.java:2290)&lt;br/&gt;
        at org.apache.derby.impl.jdbc.ConnectionChild.handleException(ConnectionChild.java:82)&lt;br/&gt;
        at org.apache.derby.impl.jdbc.EmbedStatement.execute(EmbedStatement.java:619)&lt;br/&gt;
        at org.apache.derby.impl.jdbc.EmbedStatement.executeUpdate(EmbedStatement.java:179)&lt;br/&gt;
        at org.apache.derbyTesting.functionTests.tests.upgradeTests.BasicSetup.dropColumn_triggersql&lt;br/&gt;
5120(BasicSetup.java:613)&lt;br/&gt;
        at org.apache.derbyTesting.functionTests.tests.upgradeTests.BasicSetup.testDERBY5044_And_DER&lt;br/&gt;
sicSetup.java:544)&lt;br/&gt;
        at sun.reflect.NativeMethodAccessorImpl.invoke0(Native Method)&lt;br/&gt;
        at sun.reflect.NativeMethodAccessorImpl.invoke(NativeMethodAccessorImpl.java:60)&lt;br/&gt;
        at sun.reflect.DelegatingMethodAccessorImpl.invoke(DelegatingMethodAccessorImpl.java:37)&lt;br/&gt;
        at org.apache.derbyTesting.junit.BaseTestCase.runBare(BaseTestCase.java:116)&lt;br/&gt;
        at junit.extensions.TestDecorator.basicRun(TestDecorator.java:24)&lt;br/&gt;
        at junit.extensions.TestSetup$1.protect(TestSetup.java:21)&lt;br/&gt;
        at junit.extensions.TestSetup.run(TestSetup.java:18)&lt;br/&gt;
        at junit.extensions.TestDecorator.basicRun(TestDecorator.java:24)&lt;br/&gt;
        at junit.extensions.TestSetup$1.protect(TestSetup.java:21)&lt;br/&gt;
        at junit.extensions.TestSetup.run(TestSetup.java:25)&lt;br/&gt;
        at org.apache.derbyTesting.junit.BaseTestSetup.run(BaseTestSetup.java:51)&lt;br/&gt;
        at junit.extensions.TestDecorator.basicRun(TestDecorator.java:24)&lt;br/&gt;
        at junit.extensions.TestSetup$1.protect(TestSetup.java:21)&lt;br/&gt;
        at junit.extensions.TestSetup.run(TestSetup.java:25)&lt;br/&gt;
        at org.apache.derbyTesting.junit.BaseTestSetup.run(BaseTestSetup.java:51)&lt;br/&gt;
        at junit.extensions.TestDecorator.basicRun(TestDecorator.java:24)&lt;br/&gt;
        at junit.extensions.TestSetup$1.protect(TestSetup.java:21)&lt;br/&gt;
        at junit.extensions.TestSetup.run(TestSetup.java:18)&lt;br/&gt;
        at junit.extensions.TestDecorator.basicRun(TestDecorator.java:24)&lt;br/&gt;
        at junit.extensions.TestSetup$1.protect(TestSetup.java:21)&lt;br/&gt;
        at junit.extensions.TestSetup.run(TestSetup.java:25)&lt;br/&gt;
        at org.apache.derbyTesting.junit.BaseTestSetup.run(BaseTestSetup.java:51)&lt;br/&gt;
        at junit.extensions.TestDecorator.basicRun(TestDecorator.java:24)&lt;br/&gt;
        at junit.extensions.TestSetup$1.protect(TestSetup.java:21)&lt;br/&gt;
        at junit.extensions.TestSetup.run(TestSetup.java:18)&lt;br/&gt;
        at junit.extensions.TestDecorator.basicRun(TestDecorator.java:24)&lt;br/&gt;
        at junit.extensions.TestSetup$1.protect(TestSetup.java:21)&lt;br/&gt;
        at junit.extensions.TestSetup.run(TestSetup.java:25)&lt;br/&gt;
        at org.apache.derbyTesting.junit.BaseTestSetup.run(BaseTestSetup.java:51)&lt;br/&gt;
        at junit.extensions.TestDecorator.basicRun(TestDecorator.java:24)&lt;br/&gt;
        at junit.extensions.TestSetup$1.protect(TestSetup.java:21)&lt;br/&gt;
        at junit.extensions.TestSetup.run(TestSetup.java:18)&lt;br/&gt;
        at junit.extensions.TestDecorator.basicRun(TestDecorator.java:24)&lt;br/&gt;
        at junit.extensions.TestSetup$1.protect(TestSetup.java:21)&lt;br/&gt;
        at junit.extensions.TestSetup.run(TestSetup.java:25)&lt;br/&gt;
        at org.apache.derbyTesting.junit.BaseTestSetup.run(BaseTestSetup.java:51)&lt;br/&gt;
        at junit.extensions.TestDecorator.basicRun(TestDecorator.java:24)&lt;br/&gt;
        at junit.extensions.TestSetup$1.protect(TestSetup.java:21)&lt;br/&gt;
        at junit.extensions.TestSetup.run(TestSetup.java:18)&lt;br/&gt;
        at junit.extensions.TestDecorator.basicRun(TestDecorator.java:24)&lt;br/&gt;
        at junit.extensions.TestSetup$1.protect(TestSetup.java:21)&lt;br/&gt;
        at junit.extensions.TestSetup.run(TestSetup.java:25)&lt;br/&gt;
        at org.apache.derbyTesting.junit.BaseTestSetup.run(BaseTestSetup.java:51)&lt;br/&gt;
        at junit.extensions.TestDecorator.basicRun(TestDecorator.java:24)&lt;br/&gt;
        at junit.extensions.TestSetup$1.protect(TestSetup.java:21)&lt;br/&gt;
        at junit.extensions.TestSetup.run(TestSetup.java:18)&lt;br/&gt;
        at junit.extensions.TestDecorator.basicRun(TestDecorator.java:24)&lt;br/&gt;
        at junit.extensions.TestSetup$1.protect(TestSetup.java:21)&lt;br/&gt;
        at junit.extensions.TestSetup.run(TestSetup.java:25)&lt;br/&gt;
        at org.apache.derbyTesting.junit.BaseTestSetup.run(BaseTestSetup.java:51)&lt;br/&gt;
        at junit.extensions.TestDecorator.basicRun(TestDecorator.java:24)&lt;br/&gt;
        at junit.extensions.TestSetup$1.protect(TestSetup.java:21)&lt;br/&gt;
        at junit.extensions.TestSetup.run(TestSetup.java:18)&lt;br/&gt;
        at junit.extensions.TestDecorator.basicRun(TestDecorator.java:24)&lt;br/&gt;
        at junit.extensions.TestSetup$1.protect(TestSetup.java:21)&lt;br/&gt;
        at junit.extensions.TestSetup.run(TestSetup.java:18)&lt;br/&gt;
        at junit.extensions.TestDecorator.basicRun(TestDecorator.java:24)&lt;br/&gt;
        at junit.extensions.TestSetup$1.protect(TestSetup.java:21)&lt;br/&gt;
        at junit.extensions.TestSetup.run(TestSetup.java:18)&lt;br/&gt;
Caused by: java.sql.SQLException: &apos;C112&apos; is not a column in table or VTI &apos;BKUP1_5044_5120&apos;.&lt;br/&gt;
        at org.apache.derby.impl.jdbc.SQLExceptionFactory.getSQLException(SQLExceptionFactory.java:4&lt;br/&gt;
        at org.apache.derby.impl.jdbc.SQLExceptionFactory40.wrapArgsForTransportAcrossDRDA(SQLExcept&lt;br/&gt;
2)&lt;br/&gt;
        at org.apache.derby.impl.jdbc.SQLExceptionFactory40.getSQLException(SQLExceptionFactory40.ja&lt;br/&gt;
        ... 108 more&lt;br/&gt;
Caused by: ERROR 42X14: &apos;C112&apos; is not a column in table or VTI &apos;BKUP1_5044_5120&apos;.&lt;br/&gt;
        at org.apache.derby.iapi.error.StandardException.newException(StandardException.java:295)&lt;br/&gt;
        at org.apache.derby.impl.sql.compile.ModifyColumnNode.bindAndValidateDefault(ModifyColumnNod&lt;br/&gt;
        at org.apache.derby.impl.sql.compile.TableElementList.validate(TableElementList.java:218)&lt;br/&gt;
        at org.apache.derby.impl.sql.compile.AlterTableNode.bindStatement(AlterTableNode.java:376)&lt;br/&gt;
        at org.apache.derby.impl.sql.GenericStatement.prepMinion(GenericStatement.java:373)&lt;br/&gt;
        at org.apache.derby.impl.sql.GenericStatement.prepare(GenericStatement.java:97)&lt;br/&gt;
        at org.apache.derby.impl.sql.conn.GenericLanguageConnectionContext.prepareInternalStatement(&lt;br/&gt;
ctionContext.java:1103)&lt;br/&gt;
        at org.apache.derby.impl.jdbc.EmbedStatement.execute(EmbedStatement.java:610)&lt;br/&gt;
        ... 102 more&lt;br/&gt;
There were 2 failures:&lt;br/&gt;
1) test_notBooted(org.apache.derbyTesting.functionTests.tests.jdbc4.Driver40UnbootedTest)junit.frame&lt;br/&gt;
Error: expected:&amp;lt;0&amp;gt; but was:&amp;lt;1&amp;gt;&lt;br/&gt;
        at org.apache.derbyTesting.functionTests.tests.jdbc4.Driver40UnbootedTest.test_notBooted(Dri&lt;br/&gt;
va:159)&lt;br/&gt;
        at sun.reflect.NativeMethodAccessorImpl.invoke0(Native Method)&lt;br/&gt;
        at sun.reflect.NativeMethodAccessorImpl.invoke(NativeMethodAccessorImpl.java:60)&lt;br/&gt;
        at sun.reflect.DelegatingMethodAccessorImpl.invoke(DelegatingMethodAccessorImpl.java:37)&lt;br/&gt;
        at org.apache.derbyTesting.junit.BaseTestCase.runBare(BaseTestCase.java:116)&lt;br/&gt;
        at junit.extensions.TestDecorator.basicRun(TestDecorator.java:24)&lt;br/&gt;
        at junit.extensions.TestSetup$1.protect(TestSetup.java:21)&lt;br/&gt;
        at junit.extensions.TestSetup.run(TestSetup.java:18)&lt;br/&gt;
2) testDERBY5044_And_DERBY5120_DropColumn(org.apache.derbyTesting.functionTests.tests.upgradeTests.B&lt;br/&gt;
ework.AssertionFailedError: Expected error(s) &apos; 42802&apos; but no error was thrown.&lt;br/&gt;
        at org.apache.derbyTesting.junit.BaseJDBCTestCase.assertStatementErrorMinion(BaseJDBCTestCas&lt;br/&gt;
        at org.apache.derbyTesting.junit.BaseJDBCTestCase.assertStatementError(BaseJDBCTestCase.java&lt;br/&gt;
        at org.apache.derbyTesting.junit.BaseJDBCTestCase.assertStatementError(BaseJDBCTestCase.java&lt;br/&gt;
        at org.apache.derbyTesting.functionTests.tests.upgradeTests.BasicSetup.dropColumn_triggersql&lt;br/&gt;
5120(BasicSetup.java:597)&lt;br/&gt;
        at org.apache.derbyTesting.functionTests.tests.upgradeTests.BasicSetup.testDERBY5044_And_DER&lt;br/&gt;
sicSetup.java:558)&lt;br/&gt;
        at sun.reflect.NativeMethodAccessorImpl.invoke0(Native Method)&lt;br/&gt;
        at sun.reflect.NativeMethodAccessorImpl.invoke(NativeMethodAccessorImpl.java:60)&lt;br/&gt;
        at sun.reflect.DelegatingMethodAccessorImpl.invoke(DelegatingMethodAccessorImpl.java:37)&lt;br/&gt;
        at org.apache.derbyTesting.junit.BaseTestCase.runBare(BaseTestCase.java:116)&lt;br/&gt;
        at junit.extensions.TestDecorator.basicRun(TestDecorator.java:24)&lt;br/&gt;
        at junit.extensions.TestSetup$1.protect(TestSetup.java:21)&lt;br/&gt;
        at junit.extensions.TestSetup.run(TestSetup.java:18)&lt;br/&gt;
        at junit.extensions.TestDecorator.basicRun(TestDecorator.java:24)&lt;br/&gt;
        at junit.extensions.TestSetup$1.protect(TestSetup.java:21)&lt;br/&gt;
        at junit.extensions.TestSetup.run(TestSetup.java:25)&lt;br/&gt;
        at org.apache.derbyTesting.junit.BaseTestSetup.run(BaseTestSetup.java:51)&lt;br/&gt;
        at junit.extensions.TestDecorator.basicRun(TestDecorator.java:24)&lt;br/&gt;
        at junit.extensions.TestSetup$1.protect(TestSetup.java:21)&lt;br/&gt;
        at junit.extensions.TestSetup.run(TestSetup.java:25)&lt;br/&gt;
        at org.apache.derbyTesting.junit.BaseTestSetup.run(BaseTestSetup.java:51)&lt;br/&gt;
        at junit.extensions.TestDecorator.basicRun(TestDecorator.java:24)&lt;br/&gt;
        at junit.extensions.TestSetup$1.protect(TestSetup.java:21)&lt;br/&gt;
        at junit.extensions.TestSetup.run(TestSetup.java:18)&lt;br/&gt;
        at junit.extensions.TestDecorator.basicRun(TestDecorator.java:24)&lt;br/&gt;
        at junit.extensions.TestSetup$1.protect(TestSetup.java:21)&lt;br/&gt;
        at junit.extensions.TestSetup.run(TestSetup.java:25)&lt;br/&gt;
        at org.apache.derbyTesting.junit.BaseTestSetup.run(BaseTestSetup.java:51)&lt;br/&gt;
        at junit.extensions.TestDecorator.basicRun(TestDecorator.java:24)&lt;br/&gt;
        at junit.extensions.TestSetup$1.protect(TestSetup.java:21)&lt;br/&gt;
        at junit.extensions.TestSetup.run(TestSetup.java:18)&lt;br/&gt;
        at junit.extensions.TestDecorator.basicRun(TestDecorator.java:24)&lt;br/&gt;
        at junit.extensions.TestSetup$1.protect(TestSetup.java:21)&lt;br/&gt;
        at junit.extensions.TestSetup.run(TestSetup.java:25)&lt;br/&gt;
        at org.apache.derbyTesting.junit.BaseTestSetup.run(BaseTestSetup.java:51)&lt;br/&gt;
        at junit.extensions.TestDecorator.basicRun(TestDecorator.java:24)&lt;br/&gt;
        at junit.extensions.TestSetup$1.protect(TestSetup.java:21)&lt;br/&gt;
        at junit.extensions.TestSetup.run(TestSetup.java:18)&lt;br/&gt;
        at junit.extensions.TestDecorator.basicRun(TestDecorator.java:24)&lt;br/&gt;
        at junit.extensions.TestSetup$1.protect(TestSetup.java:21)&lt;br/&gt;
        at junit.extensions.TestSetup.run(TestSetup.java:25)&lt;br/&gt;
        at org.apache.derbyTesting.junit.BaseTestSetup.run(BaseTestSetup.java:51)&lt;br/&gt;
        at junit.extensions.TestDecorator.basicRun(TestDecorator.java:24)&lt;br/&gt;
        at junit.extensions.TestSetup$1.protect(TestSetup.java:21)&lt;br/&gt;
        at junit.extensions.TestSetup.run(TestSetup.java:18)&lt;br/&gt;
        at junit.extensions.TestDecorator.basicRun(TestDecorator.java:24)&lt;br/&gt;
        at junit.extensions.TestSetup$1.protect(TestSetup.java:21)&lt;br/&gt;
        at junit.extensions.TestSetup.run(TestSetup.java:25)&lt;br/&gt;
        at org.apache.derbyTesting.junit.BaseTestSetup.run(BaseTestSetup.java:51)&lt;br/&gt;
        at junit.extensions.TestDecorator.basicRun(TestDecorator.java:24)&lt;br/&gt;
        at junit.extensions.TestSetup$1.protect(TestSetup.java:21)&lt;br/&gt;
        at junit.extensions.TestSetup.run(TestSetup.java:18)&lt;br/&gt;
        at junit.extensions.TestDecorator.basicRun(TestDecorator.java:24)&lt;br/&gt;
        at junit.extensions.TestSetup$1.protect(TestSetup.java:21)&lt;br/&gt;
        at junit.extensions.TestSetup.run(TestSetup.java:25)&lt;br/&gt;
        at org.apache.derbyTesting.junit.BaseTestSetup.run(BaseTestSetup.java:51)&lt;br/&gt;
        at junit.extensions.TestDecorator.basicRun(TestDecorator.java:24)&lt;br/&gt;
        at junit.extensions.TestSetup$1.protect(TestSetup.java:21)&lt;br/&gt;
        at junit.extensions.TestSetup.run(TestSetup.java:18)&lt;br/&gt;
        at junit.extensions.TestDecorator.basicRun(TestDecorator.java:24)&lt;br/&gt;
        at junit.extensions.TestSetup$1.protect(TestSetup.java:21)&lt;br/&gt;
        at junit.extensions.TestSetup.run(TestSetup.java:18)&lt;br/&gt;
        at junit.extensions.TestDecorator.basicRun(TestDecorator.java:24)&lt;br/&gt;
        at junit.extensions.TestSetup$1.protect(TestSetup.java:21)&lt;br/&gt;
        at junit.extensions.TestSetup.run(TestSetup.java:18)&lt;/p&gt;

&lt;p&gt;FAILURES!!!&lt;br/&gt;
Tests run: 14497,  Failures: 2,  Errors: 7&lt;/p&gt;
</comment>
                            <comment id="13149176" author="kmarsden" created="Sat, 12 Nov 2011 22:45:52 +0000"  >&lt;p&gt;I neglected to mention.  I saw this on trunk 10.9.0.0 alpha - (1198002) with clean trunk and 10.9.0.0 alpha - (1200994M) with a few local unrelated changes. &lt;/p&gt;</comment>
                            <comment id="13150060" author="mamtas" created="Mon, 14 Nov 2011 23:10:40 +0000"  >&lt;p&gt;I am looking at this to see what the cause might be.&lt;/p&gt;</comment>
                            <comment id="13150756" author="mamtas" created="Tue, 15 Nov 2011 20:47:06 +0000"  >&lt;p&gt;After debugging this a little, I believe it is a test issue and not Derby engine code issue. I am able to reproduce it consistently on my trunk client with ibm jdk 1.6. I think I should have a fix for the errors I see by tomorrow evening.&lt;/p&gt;

&lt;p&gt;Myrna, I am not sure why it is not showing consistently on your runs. One reason could be that the newest 10.8 release jars are not one of the candidate jars being used for upgrade tests but then it won&apos;t explain why it shows at other times on your runs. Let&apos;s see what my proposed fix handles the errors and how it works on your upgrade test runs. I plan on fixing this hopefully by tomorrow.&lt;/p&gt;</comment>
                            <comment id="13150912" author="kmarsden" created="Tue, 15 Nov 2011 23:58:55 +0000"  >&lt;p&gt;Thanks Mamta. I am looking forward to hearing what it is.   I was wondering do you also see the other errors  I reported in my 11/11/11 comment? Do they cascade from the test error you found?&lt;/p&gt;</comment>
                            <comment id="13151296" author="mamtas" created="Wed, 16 Nov 2011 16:20:28 +0000"  >&lt;p&gt;Hi Kathey, yes, I see all the errors you saw except test_notBooted(org.apache.derbyTesting.functionTests.tests.jdbc4.Driver40UnbootedTest)junit.frame &lt;br/&gt;
Error: expected:&amp;lt;0&amp;gt; but was:&amp;lt;1&amp;gt; &lt;br/&gt;
I am running only the upgrade tests(not the whole junite suite) and probably test_notBooted is not even one of the tests that got run as part of upgrade suite. I am not sure about the cause of test_notBooted&lt;/p&gt;</comment>
                            <comment id="13152262" author="mamtas" created="Thu, 17 Nov 2011 19:28:25 +0000"  >&lt;p&gt;I have checked in a fix for these test failures into trunk. The commit comments were as follows&lt;br/&gt;
********&lt;br/&gt;
&lt;a href=&quot;https://issues.apache.org/jira/browse/DERBY-5379&quot; title=&quot;testDERBY5120NumRowsInSydependsForTrigger - The number of values assigned is not the same as the number of specified or implied columns.&quot; class=&quot;issue-link&quot; data-issue-key=&quot;DERBY-5379&quot;&gt;&lt;del&gt;DERBY-5379&lt;/del&gt;&lt;/a&gt; testDERBY5120NumRowsInSydependsForTrigger - The number of values assigned is not the same as the number of specified or implied columns.&lt;br/&gt;
&lt;a href=&quot;https://issues.apache.org/jira/browse/DERBY-5484&quot; title=&quot;Upgradetest fails with upgrade from 10.8.2.2 (7 errors, 1 failure) on trunk&quot; class=&quot;issue-link&quot; data-issue-key=&quot;DERBY-5484&quot;&gt;&lt;del&gt;DERBY-5484&lt;/del&gt;&lt;/a&gt; Upgradetest fails with upgrade from 10.8.2.2 (7 errors, 1 failure) on trunk&lt;/p&gt;

&lt;p&gt;The above 2 jiras are duplicates. The upgrade tests are failing when doing an upgrade from 10.8.2.2 to trunk.&lt;/p&gt;

&lt;p&gt;The tests that are failing were written for &lt;a href=&quot;https://issues.apache.org/jira/browse/DERBY-5120&quot; title=&quot;Row from SYSDEPENDS gets deleted when a table has update triggers defined on it and an upate is made to the table&quot; class=&quot;issue-link&quot; data-issue-key=&quot;DERBY-5120&quot;&gt;&lt;del&gt;DERBY-5120&lt;/del&gt;&lt;/a&gt;, &lt;a href=&quot;https://issues.apache.org/jira/browse/DERBY-5044&quot; title=&quot;ALTER TABLE DROP COLUMN will not detect triggers defined on other tables with their trigger action using the column being dropped&quot; class=&quot;issue-link&quot; data-issue-key=&quot;DERBY-5044&quot;&gt;&lt;del&gt;DERBY-5044&lt;/del&gt;&lt;/a&gt;. Both these bugs got fixed in 10.8.2.2 and higher.&lt;/p&gt;

&lt;p&gt;The purpose of these tests is to show that when the tests are done with a release with those fixes missing, we will see the incorrect behavior but once the database is upgraded to 10.8.2.2 and higher, the tests will start functioning correctly. The problem is that we do not recognize that if the database is created with 10.8.2.2, then we will not the problem behavior because 10.8.2.2 already has the required fixes in it for &lt;a href=&quot;https://issues.apache.org/jira/browse/DERBY-5120&quot; title=&quot;Row from SYSDEPENDS gets deleted when a table has update triggers defined on it and an upate is made to the table&quot; class=&quot;issue-link&quot; data-issue-key=&quot;DERBY-5120&quot;&gt;&lt;del&gt;DERBY-5120&lt;/del&gt;&lt;/a&gt; and &lt;a href=&quot;https://issues.apache.org/jira/browse/DERBY-5044&quot; title=&quot;ALTER TABLE DROP COLUMN will not detect triggers defined on other tables with their trigger action using the column being dropped&quot; class=&quot;issue-link&quot; data-issue-key=&quot;DERBY-5044&quot;&gt;&lt;del&gt;DERBY-5044&lt;/del&gt;&lt;/a&gt;. I have fixed this by making the upgrade test understand that incorrect behavior would be seen only for releases under 10.8.2.2&lt;br/&gt;
********&lt;/p&gt;


&lt;p&gt;This can be backported to 10.8 codeline. Without the backport, if we ever want to test the upgrade from 10.8.2.2 to the next point release of 10.8/top of the 10.8 codeline, then I think we will see the same failures there as well.&lt;/p&gt;</comment>
                            <comment id="13398008" author="kmarsden" created="Thu, 21 Jun 2012 00:51:57 +0100"  >&lt;p&gt;Mamta can this be resolved as fixed?&lt;/p&gt;</comment>
                    </comments>
                <issuelinks>
                            <issuelinktype id="10030">
                    <name>Reference</name>
                                            <outwardlinks description="relates to">
                                        <issuelink>
            <issuekey id="12528842">DERBY-5484</issuekey>
        </issuelink>
                            </outwardlinks>
                                                        </issuelinktype>
                    </issuelinks>
                <attachments>
                    </attachments>
                <subtasks>
                    </subtasks>
                <customfields>
                                                <customfield id="customfield_12310310" key="com.atlassian.jira.toolkit:attachments">
                        <customfieldname>Attachment count</customfieldname>
                        <customfieldvalues>
                            <customfieldvalue>0.0</customfieldvalue>
                        </customfieldvalues>
                    </customfield>
                                                                                                                                                                                                                                                                                                                                                        <customfield id="customfield_12310200" key="com.atlassian.jira.plugin.system.customfieldtypes:multicheckboxes">
                        <customfieldname>Bug behavior facts</customfieldname>
                        <customfieldvalues>
                                <customfieldvalue key="10369"><![CDATA[Regression Test Failure]]></customfieldvalue>
    
                        </customfieldvalues>
                    </customfield>
                                                                                                                                                                                                                                                                    <customfield id="customfield_12310220" key="com.atlassian.jira.ext.charting:firstresponsedate">
                        <customfieldname>Date of First Response</customfieldname>
                        <customfieldvalues>
                            <customfieldvalue>Mon, 22 Aug 2011 02:57:53 +0000</customfieldvalue>

                        </customfieldvalues>
                    </customfield>
                                                                                                                                                                                                                                                                                                                                                                                    <customfield id="customfield_12310420" key="com.pyxis.greenhopper.jira:gh-global-rank">
                        <customfieldname>Global Rank</customfieldname>
                        <customfieldvalues>
                            <customfieldvalue>24807</customfieldvalue>
                        </customfieldvalues>
                    </customfield>
                                                                                                                                                                                <customfield id="customfield_12311820" key="com.pyxis.greenhopper.jira:gh-lexo-rank">
                        <customfieldname>Rank</customfieldname>
                        <customfieldvalues>
                            <customfieldvalue>2|hy0bbj:</customfieldvalue>

                        </customfieldvalues>
                    </customfield>
                                                                <customfield id="customfield_12310920" key="com.pyxis.greenhopper.jira:gh-global-rank">
                        <customfieldname>Rank (Obsolete)</customfieldname>
                        <customfieldvalues>
                            <customfieldvalue>35652</customfieldvalue>
                        </customfieldvalues>
                    </customfield>
                                                                                                                                                                                                                                        <customfield id="customfield_12310222" key="com.atlassian.jira.ext.charting:timeinstatus">
                        <customfieldname>Time in Status</customfieldname>
                        <customfieldvalues>
                            
                        </customfieldvalues>
                    </customfield>
                                                                                            </customfields>
    </item>
</channel>
</rss>