<!-- 
RSS generated by JIRA (6.3.4#6332-sha1:51bc225ef474afe3128b2f66878477f322397b16) at Sun May 17 03:13:06 UTC 2015

It is possible to restrict the fields that are returned in this document by specifying the 'field' parameter in your request.
For example, to request only the issue key and summary add field=key&field=summary to the URL of your request.
For example:
https://issues.apache.org/jira/si/jira.issueviews:issue-xml/DERBY-6176/DERBY-6176.xml?field=key&amp;field=summary
-->
<rss version="0.92" >
<channel>
    <title>ASF JIRA</title>
    <link>https://issues.apache.org/jira</link>
    <description>This file is an XML representation of an issue</description>
    <language>en-uk</language>    <build-info>
        <version>6.3.4</version>
        <build-number>6332</build-number>
        <build-date>15-08-2014</build-date>
    </build-info>

<item>
            <title>[DERBY-6176] Couple failures in SequenceGeneratorTest suite on trunk(1466748) with weme 6.2</title>
                <link>https://issues.apache.org/jira/browse/DERBY-6176</link>
                <project id="10594" key="DERBY">Derby</project>
                    <description>&lt;p&gt;Failure on trunk(1466748) on windows machine with weme6.2&lt;/p&gt;

&lt;p&gt;&lt;a href=&quot;http://people.apache.org/~myrnavl/derby_test_results/main/windows/testlog/weme6.2/1466748-suites.All_diff.txt&quot; class=&quot;external-link&quot; rel=&quot;nofollow&quot;&gt;http://people.apache.org/~myrnavl/derby_test_results/main/windows/testlog/weme6.2/1466748-suites.All_diff.txt&lt;/a&gt;&lt;/p&gt;

&lt;p&gt;1) test_16_6137(org.apache.derbyTesting.functionTests.tests.lang.SequenceTest)java.sql.SQLException: The exception &apos;java.lang.ClassCastException: java.math.BigDecimal incompatible with java.lang.Integer&apos; was thrown while evaluating an expression.&lt;br/&gt;
	at org.apache.derby.impl.jdbc.SQLExceptionFactory.getSQLException(Unknown Source)&lt;br/&gt;
	at org.apache.derby.impl.jdbc.Util.newEmbedSQLException(Unknown Source)&lt;br/&gt;
	at org.apache.derby.impl.jdbc.Util.seeNextException(Unknown Source)&lt;br/&gt;
	at org.apache.derby.impl.jdbc.TransactionResourceImpl.wrapInSQLException(Unknown Source)&lt;br/&gt;
	at org.apache.derby.impl.jdbc.TransactionResourceImpl.handleException(Unknown Source)&lt;br/&gt;
	at org.apache.derby.impl.jdbc.EmbedConnection.handleException(Unknown Source)&lt;br/&gt;
	at org.apache.derby.impl.jdbc.ConnectionChild.handleException(Unknown Source)&lt;br/&gt;
	at org.apache.derby.impl.jdbc.EmbedStatement.executeStatement(Unknown Source)&lt;br/&gt;
	at org.apache.derby.impl.jdbc.EmbedPreparedStatement.executeStatement(Unknown Source)&lt;br/&gt;
	at org.apache.derby.impl.jdbc.EmbedPreparedStatement.execute(Unknown Source)&lt;br/&gt;
	at org.apache.derbyTesting.functionTests.tests.lang.GeneratedColumnsHelper.goodStatement(GeneratedColumnsHelper.java:150)&lt;br/&gt;
	at org.apache.derbyTesting.functionTests.tests.lang.SequenceTest.test_16_6137(SequenceTest.java:599)&lt;br/&gt;
	at java.lang.reflect.AccessibleObject.invokeV(AccessibleObject.java:195)&lt;br/&gt;
	at org.apache.derbyTesting.junit.BaseTestCase.runBare(BaseTestCase.java:117)&lt;br/&gt;
	at org.apache.derbyTesting.junit.BaseJDBCTestCase.runBareOverridable(BaseJDBCTestCase.java:442)&lt;br/&gt;
	at org.apache.derbyTesting.junit.BaseJDBCTestCase.runBare(BaseJDBCTestCase.java:459)&lt;br/&gt;
	at junit.extensions.TestDecorator.basicRun(TestDecorator.java:24)&lt;br/&gt;
	at junit.extensions.TestSetup$1.protect(TestSetup.java:21)&lt;br/&gt;
	at junit.extensions.TestSetup.run(TestSetup.java:25)&lt;br/&gt;
	at org.apache.derbyTesting.junit.BaseTestSetup.run(BaseTestSetup.java:57)&lt;br/&gt;
	at junit.extensions.TestDecorator.basicRun(TestDecorator.java:24)&lt;br/&gt;
	at junit.extensions.TestSetup$1.protect(TestSetup.java:21)&lt;br/&gt;
	at junit.extensions.TestSetup.run(TestSetup.java:25)&lt;br/&gt;
	at org.apache.derbyTesting.junit.BaseTestSetup.run(BaseTestSetup.java:57)&lt;br/&gt;
	at junit.extensions.TestDecorator.basicRun(TestDecorator.java:24)&lt;br/&gt;
	at junit.extensions.TestSetup$1.protect(TestSetup.java:21)&lt;br/&gt;
	at junit.extensions.TestSetup.run(TestSetup.java:25)&lt;br/&gt;
	at junit.extensions.TestDecorator.basicRun(TestDecorator.java:24)&lt;br/&gt;
	at junit.extensions.TestSetup$1.protect(TestSetup.java:21)&lt;br/&gt;
	at junit.extensions.TestSetup.run(TestSetup.java:25)&lt;br/&gt;
	at org.apache.derbyTesting.junit.BaseTestSetup.run(BaseTestSetup.java:57)&lt;br/&gt;
	at junit.extensions.TestDecorator.basicRun(TestDecorator.java:24)&lt;br/&gt;
	at junit.extensions.TestSetup$1.protect(TestSetup.java:21)&lt;br/&gt;
	at junit.extensions.TestSetup.run(TestSetup.java:25)&lt;br/&gt;
	at org.apache.derbyTesting.junit.BaseTestSetup.run(BaseTestSetup.java:57)&lt;br/&gt;
	at junit.extensions.TestDecorator.basicRun(TestDecorator.java:24)&lt;br/&gt;
	at junit.extensions.TestSetup$1.protect(TestSetup.java:21)&lt;br/&gt;
	at junit.extensions.TestSetup.run(TestSetup.java:25)&lt;br/&gt;
	at junit.extensions.TestDecorator.basicRun(TestDecorator.java:24)&lt;br/&gt;
	at junit.extensions.TestSetup$1.protect(TestSetup.java:21)&lt;br/&gt;
	at junit.extensions.TestSetup.run(TestSetup.java:25)&lt;br/&gt;
Caused by: java.sql.SQLException: Java exception: &apos;java.math.BigDecimal incompatible with java.lang.Integer: java.lang.ClassCastException&apos;.&lt;br/&gt;
	at org.apache.derby.impl.jdbc.SQLExceptionFactory.getSQLException(Unknown Source)&lt;br/&gt;
	at org.apache.derby.impl.jdbc.Util.newEmbedSQLException(Unknown Source)&lt;br/&gt;
	at org.apache.derby.impl.jdbc.Util.javaException(Unknown Source)&lt;br/&gt;
	at org.apache.derby.impl.jdbc.TransactionResourceImpl.wrapInSQLException(Unknown Source)&lt;br/&gt;
	... 63 more&lt;br/&gt;
Caused by: java.lang.ClassCastException: java.math.BigDecimal incompatible with java.lang.Integer&lt;br/&gt;
	at org.apache.derby.iapi.types.NumberDataType.setObject(Unknown Source)&lt;br/&gt;
	at org.apache.derby.iapi.types.DataType.setObjectForCast(Unknown Source)&lt;br/&gt;
	at org.apache.derby.exe.ac04cdfc72x013dxf6c6xf0f0x00006a7794b06.e0(Unknown Source)&lt;br/&gt;
	at org.apache.derby.impl.services.reflect.DirectCall.invoke(Unknown Source)&lt;br/&gt;
	at org.apache.derby.impl.sql.execute.RowResultSet.getNextRowCore(Unknown Source)&lt;br/&gt;
	at org.apache.derby.impl.sql.execute.NormalizeResultSet.getNextRowCore(Unknown Source)&lt;br/&gt;
	at org.apache.derby.impl.sql.execute.DMLWriteResultSet.getNextRowCore(Unknown Source)&lt;br/&gt;
	at org.apache.derby.impl.sql.execute.InsertResultSet.open(Unknown Source)&lt;br/&gt;
	at org.apache.derby.impl.sql.GenericPreparedStatement.executeStmt(Unknown Source)&lt;br/&gt;
	at org.apache.derby.impl.sql.GenericPreparedStatement.executeSubStatement(Unknown Source)&lt;br/&gt;
	at org.apache.derby.impl.sql.execute.GenericTriggerExecutor.executeSPS(Unknown Source)&lt;br/&gt;
	at org.apache.derby.impl.sql.execute.RowTriggerExecutor.fireTrigger(Unknown Source)&lt;br/&gt;
	at org.apache.derby.impl.sql.execute.TriggerEventActivator.notifyEvent(Unknown Source)&lt;br/&gt;
	at org.apache.derby.impl.sql.execute.DeleteResultSet.fireAfterTriggers(Unknown Source)&lt;br/&gt;
	at org.apache.derby.impl.sql.execute.DeleteResultSet.open(Unknown Source)&lt;br/&gt;
	at org.apache.derby.impl.sql.GenericPreparedStatement.executeStmt(Unknown Source)&lt;br/&gt;
	at org.apache.derby.impl.sql.GenericPreparedStatement.execute(Unknown Source)&lt;br/&gt;
	... 59 more&lt;br/&gt;
There were 4 failures:&lt;br/&gt;
1) test_01_basic(org.apache.derbyTesting.functionTests.tests.lang.SequenceGeneratorTest)junit.framework.AssertionFailedError: expected:&amp;lt;-2147483548&amp;gt; but was:&amp;lt;-2147483646&amp;gt;&lt;br/&gt;
	at junit.framework.AssertionFailedError.&amp;lt;init&amp;gt;(AssertionFailedError.java:13)&lt;br/&gt;
	at org.apache.derbyTesting.functionTests.tests.lang.SequenceGeneratorTest.vetBumping(SequenceGeneratorTest.java:177)&lt;br/&gt;
	at org.apache.derbyTesting.functionTests.tests.lang.SequenceGeneratorTest.test_01_basic(SequenceGeneratorTest.java:146)&lt;br/&gt;
	at java.lang.reflect.AccessibleObject.invokeV(AccessibleObject.java:195)&lt;br/&gt;
	at org.apache.derbyTesting.junit.BaseTestCase.runBare(BaseTestCase.java:117)&lt;br/&gt;
	at org.apache.derbyTesting.junit.BaseJDBCTestCase.runBareOverridable(BaseJDBCTestCase.java:442)&lt;br/&gt;
	at org.apache.derbyTesting.junit.BaseJDBCTestCase.runBare(BaseJDBCTestCase.java:459)&lt;br/&gt;
	at junit.extensions.TestDecorator.basicRun(TestDecorator.java:24)&lt;br/&gt;
	at junit.extensions.TestSetup$1.protect(TestSetup.java:21)&lt;br/&gt;
	at junit.extensions.TestSetup.run(TestSetup.java:25)&lt;br/&gt;
	at org.apache.derbyTesting.junit.BaseTestSetup.run(BaseTestSetup.java:57)&lt;br/&gt;
	at junit.extensions.TestDecorator.basicRun(TestDecorator.java:24)&lt;br/&gt;
	at junit.extensions.TestSetup$1.protect(TestSetup.java:21)&lt;br/&gt;
	at junit.extensions.TestSetup.run(TestSetup.java:25)&lt;br/&gt;
	at org.apache.derbyTesting.junit.BaseTestSetup.run(BaseTestSetup.java:57)&lt;br/&gt;
	at junit.extensions.TestDecorator.basicRun(TestDecorator.java:24)&lt;br/&gt;
	at junit.extensions.TestSetup$1.protect(TestSetup.java:21)&lt;br/&gt;
	at junit.extensions.TestSetup.run(TestSetup.java:25)&lt;br/&gt;
	at org.apache.derbyTesting.junit.BaseTestSetup.run(BaseTestSetup.java:57)&lt;br/&gt;
	at junit.extensions.TestDecorator.basicRun(TestDecorator.java:24)&lt;br/&gt;
	at junit.extensions.TestSetup$1.protect(TestSetup.java:21)&lt;br/&gt;
	at junit.extensions.TestSetup.run(TestSetup.java:25)&lt;br/&gt;
	at junit.extensions.TestDecorator.basicRun(TestDecorator.java:24)&lt;br/&gt;
	at junit.extensions.TestSetup$1.protect(TestSetup.java:21)&lt;br/&gt;
	at junit.extensions.TestSetup.run(TestSetup.java:25)&lt;br/&gt;
	at org.apache.derbyTesting.junit.BaseTestSetup.run(BaseTestSetup.java:57)&lt;br/&gt;
	at junit.extensions.TestDecorator.basicRun(TestDecorator.java:24)&lt;br/&gt;
	at junit.extensions.TestSetup$1.protect(TestSetup.java:21)&lt;br/&gt;
	at junit.extensions.TestSetup.run(TestSetup.java:25)&lt;br/&gt;
	at org.apache.derbyTesting.junit.BaseTestSetup.run(BaseTestSetup.java:57)&lt;br/&gt;
	at junit.extensions.TestDecorator.basicRun(TestDecorator.java:24)&lt;br/&gt;
	at junit.extensions.TestSetup$1.protect(TestSetup.java:21)&lt;br/&gt;
	at junit.extensions.TestSetup.run(TestSetup.java:25)&lt;br/&gt;
	at junit.extensions.TestDecorator.basicRun(TestDecorator.java:24)&lt;br/&gt;
	at junit.extensions.TestSetup$1.protect(TestSetup.java:21)&lt;br/&gt;
	at junit.extensions.TestSetup.run(TestSetup.java:25)&lt;br/&gt;
2) test_04_reboot(org.apache.derbyTesting.functionTests.tests.lang.SequenceGeneratorTest)junit.framework.AssertionFailedError: expected:&amp;lt;-2147483548&amp;gt; but was:&amp;lt;-2147483646&amp;gt;&lt;br/&gt;
	at junit.framework.AssertionFailedError.&amp;lt;init&amp;gt;(AssertionFailedError.java:13)&lt;br/&gt;
	at org.apache.derbyTesting.functionTests.tests.lang.SequenceGeneratorTest.vetBumping(SequenceGeneratorTest.java:177)&lt;br/&gt;
	at org.apache.derbyTesting.functionTests.tests.lang.SequenceGeneratorTest.test_04_reboot(SequenceGeneratorTest.java:432)&lt;br/&gt;
	at java.lang.reflect.AccessibleObject.invokeV(AccessibleObject.java:195)&lt;br/&gt;
	at org.apache.derbyTesting.junit.BaseTestCase.runBare(BaseTestCase.java:117)&lt;br/&gt;
	at org.apache.derbyTesting.junit.BaseJDBCTestCase.runBareOverridable(BaseJDBCTestCase.java:442)&lt;br/&gt;
	at org.apache.derbyTesting.junit.BaseJDBCTestCase.runBare(BaseJDBCTestCase.java:459)&lt;br/&gt;
	at junit.extensions.TestDecorator.basicRun(TestDecorator.java:24)&lt;br/&gt;
	at junit.extensions.TestSetup$1.protect(TestSetup.java:21)&lt;br/&gt;
	at junit.extensions.TestSetup.run(TestSetup.java:25)&lt;br/&gt;
	at org.apache.derbyTesting.junit.BaseTestSetup.run(BaseTestSetup.java:57)&lt;br/&gt;
	at junit.extensions.TestDecorator.basicRun(TestDecorator.java:24)&lt;br/&gt;
	at junit.extensions.TestSetup$1.protect(TestSetup.java:21)&lt;br/&gt;
	at junit.extensions.TestSetup.run(TestSetup.java:25)&lt;br/&gt;
	at org.apache.derbyTesting.junit.BaseTestSetup.run(BaseTestSetup.java:57)&lt;br/&gt;
	at junit.extensions.TestDecorator.basicRun(TestDecorator.java:24)&lt;br/&gt;
	at junit.extensions.TestSetup$1.protect(TestSetup.java:21)&lt;br/&gt;
	at junit.extensions.TestSetup.run(TestSetup.java:25)&lt;br/&gt;
	at org.apache.derbyTesting.junit.BaseTestSetup.run(BaseTestSetup.java:57)&lt;br/&gt;
	at junit.extensions.TestDecorator.basicRun(TestDecorator.java:24)&lt;br/&gt;
	at junit.extensions.TestSetup$1.protect(TestSetup.java:21)&lt;br/&gt;
	at junit.extensions.TestSetup.run(TestSetup.java:25)&lt;br/&gt;
	at junit.extensions.TestDecorator.basicRun(TestDecorator.java:24)&lt;br/&gt;
	at junit.extensions.TestSetup$1.protect(TestSetup.java:21)&lt;br/&gt;
	at junit.extensions.TestSetup.run(TestSetup.java:25)&lt;br/&gt;
	at org.apache.derbyTesting.junit.BaseTestSetup.run(BaseTestSetup.java:57)&lt;br/&gt;
	at junit.extensions.TestDecorator.basicRun(TestDecorator.java:24)&lt;br/&gt;
	at junit.extensions.TestSetup$1.protect(TestSetup.java:21)&lt;br/&gt;
	at junit.extensions.TestSetup.run(TestSetup.java:25)&lt;br/&gt;
	at org.apache.derbyTesting.junit.BaseTestSetup.run(BaseTestSetup.java:57)&lt;br/&gt;
	at junit.extensions.TestDecorator.basicRun(TestDecorator.java:24)&lt;br/&gt;
	at junit.extensions.TestSetup$1.protect(TestSetup.java:21)&lt;br/&gt;
	at junit.extensions.TestSetup.run(TestSetup.java:25)&lt;br/&gt;
	at junit.extensions.TestDecorator.basicRun(TestDecorator.java:24)&lt;br/&gt;
	at junit.extensions.TestSetup$1.protect(TestSetup.java:21)&lt;br/&gt;
	at junit.extensions.TestSetup.run(TestSetup.java:25)&lt;br/&gt;
3) test_05_concurrency(org.apache.derbyTesting.functionTests.tests.lang.SequenceGeneratorTest)junit.framework.AssertionFailedError: expected:&amp;lt;-2147483548&amp;gt; but was:&amp;lt;-2147483646&amp;gt;&lt;br/&gt;
	at junit.framework.AssertionFailedError.&amp;lt;init&amp;gt;(AssertionFailedError.java:13)&lt;br/&gt;
	at org.apache.derbyTesting.functionTests.tests.lang.SequenceGeneratorTest.vetBumping(SequenceGeneratorTest.java:177)&lt;br/&gt;
	at org.apache.derbyTesting.functionTests.tests.lang.SequenceGeneratorTest.test_05_concurrency(SequenceGeneratorTest.java:477)&lt;br/&gt;
	at java.lang.reflect.AccessibleObject.invokeV(AccessibleObject.java:195)&lt;br/&gt;
	at org.apache.derbyTesting.junit.BaseTestCase.runBare(BaseTestCase.java:117)&lt;br/&gt;
	at org.apache.derbyTesting.junit.BaseJDBCTestCase.runBareOverridable(BaseJDBCTestCase.java:442)&lt;br/&gt;
	at org.apache.derbyTesting.junit.BaseJDBCTestCase.runBare(BaseJDBCTestCase.java:459)&lt;br/&gt;
	at junit.extensions.TestDecorator.basicRun(TestDecorator.java:24)&lt;br/&gt;
	at junit.extensions.TestSetup$1.protect(TestSetup.java:21)&lt;br/&gt;
	at junit.extensions.TestSetup.run(TestSetup.java:25)&lt;br/&gt;
	at org.apache.derbyTesting.junit.BaseTestSetup.run(BaseTestSetup.java:57)&lt;br/&gt;
	at junit.extensions.TestDecorator.basicRun(TestDecorator.java:24)&lt;br/&gt;
	at junit.extensions.TestSetup$1.protect(TestSetup.java:21)&lt;br/&gt;
	at junit.extensions.TestSetup.run(TestSetup.java:25)&lt;br/&gt;
	at org.apache.derbyTesting.junit.BaseTestSetup.run(BaseTestSetup.java:57)&lt;br/&gt;
	at junit.extensions.TestDecorator.basicRun(TestDecorator.java:24)&lt;br/&gt;
	at junit.extensions.TestSetup$1.protect(TestSetup.java:21)&lt;br/&gt;
	at junit.extensions.TestSetup.run(TestSetup.java:25)&lt;br/&gt;
	at org.apache.derbyTesting.junit.BaseTestSetup.run(BaseTestSetup.java:57)&lt;br/&gt;
	at junit.extensions.TestDecorator.basicRun(TestDecorator.java:24)&lt;br/&gt;
	at junit.extensions.TestSetup$1.protect(TestSetup.java:21)&lt;br/&gt;
	at junit.extensions.TestSetup.run(TestSetup.java:25)&lt;br/&gt;
	at junit.extensions.TestDecorator.basicRun(TestDecorator.java:24)&lt;br/&gt;
	at junit.extensions.TestSetup$1.protect(TestSetup.java:21)&lt;br/&gt;
	at junit.extensions.TestSetup.run(TestSetup.java:25)&lt;br/&gt;
	at org.apache.derbyTesting.junit.BaseTestSetup.run(BaseTestSetup.java:57)&lt;br/&gt;
	at junit.extensions.TestDecorator.basicRun(TestDecorator.java:24)&lt;br/&gt;
	at junit.extensions.TestSetup$1.protect(TestSetup.java:21)&lt;br/&gt;
	at junit.extensions.TestSetup.run(TestSetup.java:25)&lt;br/&gt;
	at org.apache.derbyTesting.junit.BaseTestSetup.run(BaseTestSetup.java:57)&lt;br/&gt;
	at junit.extensions.TestDecorator.basicRun(TestDecorator.java:24)&lt;br/&gt;
	at junit.extensions.TestSetup$1.protect(TestSetup.java:21)&lt;br/&gt;
	at junit.extensions.TestSetup.run(TestSetup.java:25)&lt;br/&gt;
	at junit.extensions.TestDecorator.basicRun(TestDecorator.java:24)&lt;br/&gt;
	at junit.extensions.TestSetup$1.protect(TestSetup.java:21)&lt;br/&gt;
	at junit.extensions.TestSetup.run(TestSetup.java:25)&lt;br/&gt;
4) test_07_dropSequence(org.apache.derbyTesting.functionTests.tests.lang.SequenceGeneratorTest)junit.framework.AssertionFailedError: expected:&amp;lt;-2147483548&amp;gt; but was:&amp;lt;-2147483646&amp;gt;&lt;br/&gt;
	at junit.framework.AssertionFailedError.&amp;lt;init&amp;gt;(AssertionFailedError.java:13)&lt;br/&gt;
	at org.apache.derbyTesting.functionTests.tests.lang.SequenceGeneratorTest.vetBumping(SequenceGeneratorTest.java:177)&lt;br/&gt;
	at org.apache.derbyTesting.functionTests.tests.lang.SequenceGeneratorTest.test_07_dropSequence(SequenceGeneratorTest.java:547)&lt;br/&gt;
	at java.lang.reflect.AccessibleObject.invokeV(AccessibleObject.java:195)&lt;br/&gt;
	at org.apache.derbyTesting.junit.BaseTestCase.runBare(BaseTestCase.java:117)&lt;br/&gt;
	at org.apache.derbyTesting.junit.BaseJDBCTestCase.runBareOverridable(BaseJDBCTestCase.java:442)&lt;br/&gt;
	at org.apache.derbyTesting.junit.BaseJDBCTestCase.runBare(BaseJDBCTestCase.java:459)&lt;br/&gt;
	at junit.extensions.TestDecorator.basicRun(TestDecorator.java:24)&lt;br/&gt;
	at junit.extensions.TestSetup$1.protect(TestSetup.java:21)&lt;br/&gt;
	at junit.extensions.TestSetup.run(TestSetup.java:25)&lt;br/&gt;
	at org.apache.derbyTesting.junit.BaseTestSetup.run(BaseTestSetup.java:57)&lt;br/&gt;
	at junit.extensions.TestDecorator.basicRun(TestDecorator.java:24)&lt;br/&gt;
	at junit.extensions.TestSetup$1.protect(TestSetup.java:21)&lt;br/&gt;
	at junit.extensions.TestSetup.run(TestSetup.java:25)&lt;br/&gt;
	at org.apache.derbyTesting.junit.BaseTestSetup.run(BaseTestSetup.java:57)&lt;br/&gt;
	at junit.extensions.TestDecorator.basicRun(TestDecorator.java:24)&lt;br/&gt;
	at junit.extensions.TestSetup$1.protect(TestSetup.java:21)&lt;br/&gt;
	at junit.extensions.TestSetup.run(TestSetup.java:25)&lt;br/&gt;
	at org.apache.derbyTesting.junit.BaseTestSetup.run(BaseTestSetup.java:57)&lt;br/&gt;
	at junit.extensions.TestDecorator.basicRun(TestDecorator.java:24)&lt;br/&gt;
	at junit.extensions.TestSetup$1.protect(TestSetup.java:21)&lt;br/&gt;
	at junit.extensions.TestSetup.run(TestSetup.java:25)&lt;br/&gt;
	at junit.extensions.TestDecorator.basicRun(TestDecorator.java:24)&lt;br/&gt;
	at junit.extensions.TestSetup$1.protect(TestSetup.java:21)&lt;br/&gt;
	at junit.extensions.TestSetup.run(TestSetup.java:25)&lt;br/&gt;
	at org.apache.derbyTesting.junit.BaseTestSetup.run(BaseTestSetup.java:57)&lt;br/&gt;
	at junit.extensions.TestDecorator.basicRun(TestDecorator.java:24)&lt;br/&gt;
	at junit.extensions.TestSetup$1.protect(TestSetup.java:21)&lt;br/&gt;
	at junit.extensions.TestSetup.run(TestSetup.java:25)&lt;br/&gt;
	at org.apache.derbyTesting.junit.BaseTestSetup.run(BaseTestSetup.java:57)&lt;br/&gt;
	at junit.extensions.TestDecorator.basicRun(TestDecorator.java:24)&lt;br/&gt;
	at junit.extensions.TestSetup$1.protect(TestSetup.java:21)&lt;br/&gt;
	at junit.extensions.TestSetup.run(TestSetup.java:25)&lt;br/&gt;
	at junit.extensions.TestDecorator.basicRun(TestDecorator.java:24)&lt;br/&gt;
	at junit.extensions.TestSetup$1.protect(TestSetup.java:21)&lt;br/&gt;
	at junit.extensions.TestSetup.run(TestSetup.java:25)&lt;/p&gt;</description>
                <environment></environment>
        <key id="12642135">DERBY-6176</key>
            <summary>Couple failures in SequenceGeneratorTest suite on trunk(1466748) with weme 6.2</summary>
                <type id="1" iconUrl="https://issues.apache.org/jira/images/icons/issuetypes/bug.png">Bug</type>
                                            <priority id="3" iconUrl="https://issues.apache.org/jira/images/icons/priorities/major.png">Major</priority>
                        <status id="6" iconUrl="https://issues.apache.org/jira/images/icons/statuses/closed.png" description="The issue is considered finished, the resolution is correct. Issues which are closed can be reopened.">Closed</status>
                    <statusCategory id="3" key="done" colorName="green"/>
                                    <resolution id="1">Fixed</resolution>
                                        <assignee username="mamtas">Mamta A. Satoor</assignee>
                                    <reporter username="mamtas">Mamta A. Satoor</reporter>
                        <labels>
                    </labels>
                <created>Thu, 11 Apr 2013 21:43:12 +0100</created>
                <updated>Wed, 3 Sep 2014 09:31:26 +0100</updated>
                            <resolved>Wed, 1 May 2013 23:12:49 +0100</resolved>
                                    <version>10.11.1.1</version>
                                                    <component>Test</component>
                        <due></due>
                            <votes>0</votes>
                                    <watches>5</watches>
                                                                <comments>
                            <comment id="13630136" author="mikem" created="Fri, 12 Apr 2013 16:01:35 +0100"  >&lt;p&gt;Got error same error in 10.10 on weme:&lt;br/&gt;
&lt;a href=&quot;http://people.apache.org/~myrnavl/derby_test_results/v10_10/windows/testlog/weme6.2/1467157-suites.All_diff.txt&quot; class=&quot;external-link&quot; rel=&quot;nofollow&quot;&gt;http://people.apache.org/~myrnavl/derby_test_results/v10_10/windows/testlog/weme6.2/1467157-suites.All_diff.txt&lt;/a&gt;&lt;/p&gt;</comment>
                            <comment id="13630143" author="mikem" created="Fri, 12 Apr 2013 16:04:58 +0100"  >&lt;p&gt;It looks like recent change to &lt;a href=&quot;https://issues.apache.org/jira/browse/DERBY-6137&quot; title=&quot;update/delete statement on table with trigger fails randomly with ERROR XSTA2&quot; class=&quot;issue-link&quot; data-issue-key=&quot;DERBY-6137&quot;&gt;&lt;del&gt;DERBY-6137&lt;/del&gt;&lt;/a&gt; made changes to the&lt;br/&gt;
test_16_6137 test.  Looks like the failure showed up in trunk when that &lt;br/&gt;
change was checked in, and then showed up in 10.10 branch when that&lt;br/&gt;
change was backported.&lt;/p&gt;

&lt;p&gt;Probably change #1466623 is the cause.&lt;/p&gt;</comment>
                            <comment id="13630420" author="rhillegas" created="Fri, 12 Apr 2013 19:07:59 +0100"  >&lt;p&gt;test_16_6137 test is the regression test for derby-6137. Probably we should disable this test on weme and maybe all small devices. The disabling should be backported to 10.10. It shouldn&apos;t be necessary to backport the disabling to 10.9 even though the derby-6137 fix was backported to 10.9. That is because the test involves calling a system procedure added in 10.10 (SYSCS_UTIL.SYSCS_INVALIDATE_STORED_STATEMENTS); for that reason, the test_16_6137 regression test was not backported to 10.9. Thanks.&lt;/p&gt;</comment>
                            <comment id="13630437" author="mikem" created="Fri, 12 Apr 2013 19:21:36 +0100"  >&lt;p&gt;thanks rick, will look at disabling that test.  there were some other failures in the SequencerGeneratorTest, also popped.  Should we disable that one also?&lt;/p&gt;</comment>
                            <comment id="13630457" author="rhillegas" created="Fri, 12 Apr 2013 19:34:56 +0100"  >&lt;p&gt;Hi Mike,&lt;/p&gt;

&lt;p&gt;I think that the other failures may be follow-on effects of the failure in test_16_6137. That test changes the default allocation count for sequences; if the test fails, then the default allocation count won&apos;t be reset. That might be what causes the other failures. Thanks.&lt;/p&gt;</comment>
                            <comment id="13631046" author="mamtas" created="Sat, 13 Apr 2013 14:53:43 +0100"  >&lt;p&gt;I have disabled the test from small devices on trunk with revision 1467494. Will backport it to 10.10&lt;/p&gt;</comment>
                            <comment id="13631049" author="mamtas" created="Sat, 13 Apr 2013 14:59:39 +0100"  >&lt;p&gt;Backported the disabling of test for small devices on 10.10 with revision 1467634&lt;/p&gt;</comment>
                            <comment id="14119561" author="knutanders" created="Wed, 3 Sep 2014 09:31:26 +0100"  >&lt;p&gt;&lt;span class=&quot;error&quot;&gt;&amp;#91;bulk update&amp;#93;&lt;/span&gt; Close all resolved issues that haven&apos;t been updated for more than one year.&lt;/p&gt;</comment>
                    </comments>
                <issuelinks>
                            <issuelinktype id="10030">
                    <name>Reference</name>
                                                                <inwardlinks description="is related to">
                                        <issuelink>
            <issuekey id="12640198">DERBY-6137</issuekey>
        </issuelink>
                            </inwardlinks>
                                    </issuelinktype>
                    </issuelinks>
                <attachments>
                    </attachments>
                <subtasks>
                    </subtasks>
                <customfields>
                                                <customfield id="customfield_12310310" key="com.atlassian.jira.toolkit:attachments">
                        <customfieldname>Attachment count</customfieldname>
                        <customfieldvalues>
                            <customfieldvalue>0.0</customfieldvalue>
                        </customfieldvalues>
                    </customfield>
                                                                                                                                                                                                                                                                                                                                                        <customfield id="customfield_12310200" key="com.atlassian.jira.plugin.system.customfieldtypes:multicheckboxes">
                        <customfieldname>Bug behavior facts</customfieldname>
                        <customfieldvalues>
                                <customfieldvalue key="10420"><![CDATA[Regression]]></customfieldvalue>
    <customfieldvalue key="10369"><![CDATA[Regression Test Failure]]></customfieldvalue>
    
                        </customfieldvalues>
                    </customfield>
                                                                                                                                                                                                                                                                    <customfield id="customfield_12310220" key="com.atlassian.jira.ext.charting:firstresponsedate">
                        <customfieldname>Date of First Response</customfieldname>
                        <customfieldvalues>
                            <customfieldvalue>Fri, 12 Apr 2013 15:01:35 +0000</customfieldvalue>

                        </customfieldvalues>
                    </customfield>
                                                                                                                                                                                                                                                                                                                                                                                    <customfield id="customfield_12310420" key="com.pyxis.greenhopper.jira:gh-global-rank">
                        <customfieldname>Global Rank</customfieldname>
                        <customfieldvalues>
                            <customfieldvalue>322549</customfieldvalue>
                        </customfieldvalues>
                    </customfield>
                                                                                                                        <customfield id="customfield_12310090" key="com.atlassian.jira.plugin.system.customfieldtypes:multicheckboxes">
                        <customfieldname>Issue &amp; fix info</customfieldname>
                        <customfieldvalues>
                                <customfieldvalue key="10422"><![CDATA[High Value Fix]]></customfieldvalue>
    
                        </customfieldvalues>
                    </customfield>
                                                                                            <customfield id="customfield_12311820" key="com.pyxis.greenhopper.jira:gh-lexo-rank">
                        <customfieldname>Rank</customfieldname>
                        <customfieldvalues>
                            <customfieldvalue>2|hzdi27:</customfieldvalue>

                        </customfieldvalues>
                    </customfield>
                                                                <customfield id="customfield_12310920" key="com.pyxis.greenhopper.jira:gh-global-rank">
                        <customfieldname>Rank (Obsolete)</customfieldname>
                        <customfieldvalues>
                            <customfieldvalue>322894</customfieldvalue>
                        </customfieldvalues>
                    </customfield>
                                                                                                                                                                                                                                        <customfield id="customfield_12310222" key="com.atlassian.jira.ext.charting:timeinstatus">
                        <customfieldname>Time in Status</customfieldname>
                        <customfieldvalues>
                            
                        </customfieldvalues>
                    </customfield>
                                                                                            </customfields>
    </item>
</channel>
</rss>