<!-- 
RSS generated by JIRA (6.3.4#6332-sha1:51bc225ef474afe3128b2f66878477f322397b16) at Sun May 17 03:34:51 UTC 2015

It is possible to restrict the fields that are returned in this document by specifying the 'field' parameter in your request.
For example, to request only the issue key and summary add field=key&field=summary to the URL of your request.
For example:
https://issues.apache.org/jira/si/jira.issueviews:issue-xml/DERBY-6280/DERBY-6280.xml?field=key&amp;field=summary
-->
<rss version="0.92" >
<channel>
    <title>ASF JIRA</title>
    <link>https://issues.apache.org/jira</link>
    <description>This file is an XML representation of an issue</description>
    <language>en-uk</language>    <build-info>
        <version>6.3.4</version>
        <build-number>6332</build-number>
        <build-date>15-08-2014</build-date>
    </build-info>

<item>
            <title>[DERBY-6280] test failure in SetQueryTimeoutTest ComparisonFailure: Output at line 16 expected:&lt;Test[ing that PreparedStatement remembers timeout.]&gt; but was:&lt;Test[ SetQueryTimeoutTest FAILED]&gt;</title>
                <link>https://issues.apache.org/jira/browse/DERBY-6280</link>
                <project id="10594" key="DERBY">Derby</project>
                    <description>&lt;p&gt;build:&lt;br/&gt;
10.10.1.3 - (1495273)&lt;/p&gt;

&lt;p&gt;see: &lt;a href=&quot;http://people.apache.org/~myrnavl/derby_test_results/v10_10/windows/testlog/ibm16/1495273-suites.All_diff.txt&quot; class=&quot;external-link&quot; rel=&quot;nofollow&quot;&gt;http://people.apache.org/~myrnavl/derby_test_results/v10_10/windows/testlog/ibm16/1495273-suites.All_diff.txt&lt;/a&gt;&lt;br/&gt;
stack trace:&lt;br/&gt;
1) SetQueryTimeoutTest(org.apache.derbyTesting.functionTests.tests.jdbcapi.JDBCHarnessJavaTest)junit.framework.ComparisonFailure: Output at line 16 expected:&amp;lt;Test&lt;span class=&quot;error&quot;&gt;&amp;#91;ing that PreparedStatement remembers timeout.&amp;#93;&lt;/span&gt;&amp;gt; but was:&amp;lt;Test[ SetQueryTimeoutTest FAILED]&amp;gt;&lt;br/&gt;
	at org.apache.derbyTesting.functionTests.util.CanonTestCase.compareCanon(CanonTestCase.java:109)&lt;br/&gt;
	at org.apache.derbyTesting.functionTests.util.HarnessJavaTest.runTest(HarnessJavaTest.java:91)&lt;br/&gt;
	at org.apache.derbyTesting.junit.BaseTestCase.runBare(BaseTestCase.java:117)&lt;br/&gt;
	at org.apache.derbyTesting.junit.BaseJDBCTestCase.runBareOverridable(BaseJDBCTestCase.java:442)&lt;br/&gt;
	at org.apache.derbyTesting.junit.BaseJDBCTestCase.runBare(BaseJDBCTestCase.java:459)&lt;br/&gt;
	at junit.extensions.TestDecorator.basicRun(TestDecorator.java:24)&lt;br/&gt;
	at junit.extensions.TestSetup$1.protect(TestSetup.java:21)&lt;br/&gt;
	at junit.extensions.TestSetup.run(TestSetup.java:25)&lt;br/&gt;
	at junit.extensions.TestDecorator.basicRun(TestDecorator.java:24)&lt;br/&gt;
	at junit.extensions.TestSetup$1.protect(TestSetup.java:21)&lt;br/&gt;
	at junit.extensions.TestSetup.run(TestSetup.java:25)&lt;br/&gt;
	at org.apache.derbyTesting.junit.BaseTestSetup.run(BaseTestSetup.java:57)&lt;br/&gt;
	at junit.extensions.TestDecorator.basicRun(TestDecorator.java:24)&lt;br/&gt;
	at junit.extensions.TestSetup$1.protect(TestSetup.java:21)&lt;br/&gt;
	at junit.extensions.TestSetup.run(TestSetup.java:25)&lt;br/&gt;
	at org.apache.derbyTesting.junit.BaseTestSetup.run(BaseTestSetup.java:57)&lt;/p&gt;</description>
                <environment>win(on vmware), ibm16</environment>
        <key id="12655205">DERBY-6280</key>
            <summary>test failure in SetQueryTimeoutTest ComparisonFailure: Output at line 16 expected:&lt;Test[ing that PreparedStatement remembers timeout.]&gt; but was:&lt;Test[ SetQueryTimeoutTest FAILED]&gt;</summary>
                <type id="1" iconUrl="https://issues.apache.org/jira/images/icons/issuetypes/bug.png">Bug</type>
                                            <priority id="3" iconUrl="https://issues.apache.org/jira/images/icons/priorities/major.png">Major</priority>
                        <status id="1" iconUrl="https://issues.apache.org/jira/images/icons/statuses/open.png" description="The issue is open and ready for the assignee to start work on it.">Open</status>
                    <statusCategory id="2" key="new" colorName="blue-gray"/>
                                    <resolution id="-1">Unresolved</resolution>
                                        <assignee username="-1">Unassigned</assignee>
                                    <reporter username="myrna">Myrna van Lunteren</reporter>
                        <labels>
                    </labels>
                <created>Thu, 27 Jun 2013 20:11:45 +0100</created>
                <updated>Wed, 8 Oct 2014 20:51:36 +0100</updated>
                                            <version>10.10.2.0</version>
                                                    <component>Test</component>
                        <due></due>
                            <votes>0</votes>
                                    <watches>3</watches>
                                                                <comments>
                            <comment id="13694963" author="myrna" created="Thu, 27 Jun 2013 20:13:52 +0100"  >&lt;p&gt;This looks to me a different failure than older test failures in this test with IBMs J2ME implementations (&lt;a href=&quot;https://issues.apache.org/jira/browse/DERBY-1848&quot; title=&quot;jdbcapi/SetQueryTimeoutTest.java fails on IBM  wctme 5.7&quot; class=&quot;issue-link&quot; data-issue-key=&quot;DERBY-1848&quot;&gt;&lt;del&gt;DERBY-1848&lt;/del&gt;&lt;/a&gt;, &lt;a href=&quot;https://issues.apache.org/jira/browse/DERBY-2681&quot; title=&quot;SetQueryTimeoutTest. fails in J2ME environment&quot; class=&quot;issue-link&quot; data-issue-key=&quot;DERBY-2681&quot;&gt;&lt;del&gt;DERBY-2681&lt;/del&gt;&lt;/a&gt;, &lt;a href=&quot;https://issues.apache.org/jira/browse/DERBY-3641&quot; title=&quot; SetQueryTimeoutTest failed with weme6.1 with 10.3&quot; class=&quot;issue-link&quot; data-issue-key=&quot;DERBY-3641&quot;&gt;&lt;del&gt;DERBY-3641&lt;/del&gt;&lt;/a&gt;).&lt;/p&gt;</comment>
                            <comment id="13759253" author="myrna" created="Thu, 5 Sep 2013 18:38:38 +0100"  >&lt;p&gt;Failed again, again on 10.10 windows, ibm 1.5:&lt;/p&gt;

&lt;p&gt;&lt;a href=&quot;http://people.apache.org/~myrnavl/derby_test_results/v10_10/windows/testlog/ibm15/1520193-suites.All_diff.txt&quot; class=&quot;external-link&quot; rel=&quot;nofollow&quot;&gt;http://people.apache.org/~myrnavl/derby_test_results/v10_10/windows/testlog/ibm15/1520193-suites.All_diff.txt&lt;/a&gt;&lt;/p&gt;

&lt;p&gt;Line number is different:&lt;br/&gt;
SetQueryTimeoutTest(org.apache.derbyTesting.functionTests.tests.jdbcapi.JDBCHarnessJavaTest)junit.framework.ComparisonFailure: Output at line 6 expected:&amp;lt;&lt;span class=&quot;error&quot;&gt;&amp;#91;Statement 0 timed out&amp;#93;&lt;/span&gt;&amp;gt; but was:&amp;lt;&lt;span class=&quot;error&quot;&gt;&amp;#91;Test SetQueryTimeoutTest FAILED&amp;#93;&lt;/span&gt;&amp;gt;&lt;br/&gt;
	at org.apache.derbyTesting.functionTests.util.CanonTestCase.compareCanon(CanonTestCase.java:109)&lt;br/&gt;
	at org.apache.derbyTesting.functionTests.util.HarnessJavaTest.runTest(HarnessJavaTest.java:91)&lt;br/&gt;
	at org.apache.derbyTesting.junit.BaseTestCase.runBare(BaseTestCase.java:117)&lt;br/&gt;
	at org.apache.derbyTesting.junit.BaseJDBCTestCase.runBareOverridable(BaseJDBCTestCase.java:442)&lt;br/&gt;
	at org.apache.derbyTesting.junit.BaseJDBCTestCase.runBare(BaseJDBCTestCase.java:459)&lt;br/&gt;
	at junit.extensions.TestDecorator.basicRun(TestDecorator.java:24)&lt;br/&gt;
	at junit.extensions.TestSetup$1.protect(TestSetup.java:21)&lt;br/&gt;
	at junit.extensions.TestSetup.run(TestSetup.java:25)&lt;br/&gt;
	at junit.extensions.TestDecorator.basicRun(TestDecorator.java:24)&lt;br/&gt;
	at junit.extensions.TestSetup$1.protect(TestSetup.java:21)&lt;br/&gt;
	at junit.extensions.TestSetup.run(TestSetup.java:25)&lt;br/&gt;
	at org.apache.derbyTesting.junit.BaseTestSetup.run(BaseTestSetup.java:57)&lt;br/&gt;
	at junit.extensions.TestDecorator.basicRun(TestDecorator.java:24)&lt;br/&gt;
	at junit.extensions.TestSetup$1.protect(TestSetup.java:21)&lt;br/&gt;
	at junit.extensions.TestSetup.run(TestSetup.java:25)&lt;br/&gt;
	at org.apache.derbyTesting.junit.BaseTestSetup.run(BaseTestSetup.java:57)&lt;/p&gt;</comment>
                            <comment id="13762155" author="mamtas" created="Mon, 9 Sep 2013 19:56:26 +0100"  >&lt;p&gt;Failed on 10.10.1.3(1520721) &lt;a href=&quot;http://people.apache.org/~myrnavl/derby_test_results/v10_10/windows/testlog/ibm15/1520721-suites.All_diff.txt&quot; class=&quot;external-link&quot; rel=&quot;nofollow&quot;&gt;http://people.apache.org/~myrnavl/derby_test_results/v10_10/windows/testlog/ibm15/1520721-suites.All_diff.txt&lt;/a&gt; with IBM jdlk1.5 &lt;/p&gt;</comment>
                            <comment id="13766748" author="mamtas" created="Fri, 13 Sep 2013 19:15:18 +0100"  >&lt;p&gt;Failed on 10.10 codeline(revision 1522131) with IBM jdk 1.7&lt;br/&gt;
&lt;a href=&quot;http://people.apache.org/~myrnavl/derby_test_results/v10_10/windows/testlog/ibm17/1522131-suites.All_diff.txt&quot; class=&quot;external-link&quot; rel=&quot;nofollow&quot;&gt;http://people.apache.org/~myrnavl/derby_test_results/v10_10/windows/testlog/ibm17/1522131-suites.All_diff.txt&lt;/a&gt;&lt;/p&gt;</comment>
                            <comment id="13880422" author="myrna" created="Thu, 23 Jan 2014 22:09:18 +0000"  >&lt;p&gt;Failed: &lt;br/&gt;
&lt;a href=&quot;http://people.apache.org/~myrnavl/derby_test_results/v10_10/windows/testlog/ibm15/1560574-suites.All_diff.txt&quot; class=&quot;external-link&quot; rel=&quot;nofollow&quot;&gt;http://people.apache.org/~myrnavl/derby_test_results/v10_10/windows/testlog/ibm15/1560574-suites.All_diff.txt&lt;/a&gt;&lt;/p&gt;</comment>
                            <comment id="13910663" author="myrna" created="Mon, 24 Feb 2014 19:04:22 +0000"  >&lt;p&gt;I ran the test SetQueryTimeoutTest using the old harness.RunTest 100x, on windows 7, using ibm 16, and 10.10 classes (branch updated to revision 1567823)  and it did not fail.&lt;br/&gt;
Then I ran (same environment) the JDBCHarnessTest using junit 100x and it did not fail either...&lt;/p&gt;</comment>
                            <comment id="13910709" author="myrna" created="Mon, 24 Feb 2014 19:30:40 +0000"  >&lt;p&gt;I looked a little closer at the failure from the run with 10.10.1.4 (1560574) and the derby.log just shows happy boots and shutdowns. &lt;/p&gt;

&lt;p&gt;The only other file in the fail directory is the SetQueryTimeOut.out file, which I believe is the actual output:&lt;br/&gt;
-------------------------------------------&lt;br/&gt;
Test SetQueryTimeoutTest starting&lt;br/&gt;
Got connections&lt;br/&gt;
Preparing for testing queries with timeout&lt;br/&gt;
Initializing tables with prefix t&lt;br/&gt;
Testing timeout with fetch operations&lt;br/&gt;
Statement 0 timed out&lt;br/&gt;
Statement 1 completed&lt;br/&gt;
Statement 2 completed&lt;br/&gt;
Statement 3 completed&lt;br/&gt;
Testing timeout with an execute operation&lt;br/&gt;
Statements that should time out timed out, and statements that should complete completed&lt;br/&gt;
Testing setting a negative timeout value&lt;br/&gt;
Negative timeout value caused exception, as expected&lt;br/&gt;
Execute returned a ResultSet&lt;br/&gt;
Testing that Statement remembers timeout.&lt;br/&gt;
Testing that PreparedStatement remembers timeout.&lt;br/&gt;
Test SetQueryTimeoutTest FAILED&lt;br/&gt;
Closed connections&lt;br/&gt;
-------------------------------------------&lt;br/&gt;
The master file diffs from this only in the last few lines, we&apos;re expecting this:&lt;br/&gt;
-------------------------------------------------&lt;br/&gt;
...&lt;br/&gt;
Testing that PreparedStatement remembers timeout.&lt;br/&gt;
Testing that CallableStatement remembers timeout.&lt;br/&gt;
Testing timeout with executeUpdate call.&lt;br/&gt;
Test SetQueryTimeoutTest PASSED&lt;br/&gt;
Closed connections&lt;br/&gt;
-------------------------------------------------&lt;/p&gt;

&lt;p&gt;So it seems that the failure happened in the CallableStatement that time. This was in the client/server implementation. It seems the other reports of this failure were with embedded.&lt;/p&gt;

&lt;p&gt;In each case, it seems the stack trace actually went to the console; searching for &apos;ms F&apos; I can find the stack trace, e.g. from the same (net) failure:&lt;br/&gt;
---------------------------------------&lt;br/&gt;
org.apache.derbyTesting.functionTests.tests.jdbcapi.SetQueryTimeoutTest$TestFailedException: Should have timed out.&lt;br/&gt;
	at org.apache.derbyTesting.functionTests.tests.jdbcapi.SetQueryTimeoutTest.testStatementRemembersTimeout(SetQueryTimeoutTest.java:709)&lt;br/&gt;
	at org.apache.derbyTesting.functionTests.tests.jdbcapi.SetQueryTimeoutTest.testRememberTimeoutValue(SetQueryTimeoutTest.java:671)&lt;br/&gt;
	at org.apache.derbyTesting.functionTests.tests.jdbcapi.SetQueryTimeoutTest.go(SetQueryTimeoutTest.java:755)&lt;br/&gt;
	at org.apache.derbyTesting.functionTests.tests.jdbcapi.SetQueryTimeoutTest.main(SetQueryTimeoutTest.java:722)&lt;br/&gt;
	at sun.reflect.NativeMethodAccessorImpl.invoke0(Native Method)&lt;br/&gt;
	at sun.reflect.NativeMethodAccessorImpl.invoke(NativeMethodAccessorImpl.java:76)&lt;br/&gt;
	at sun.reflect.DelegatingMethodAccessorImpl.invoke(DelegatingMethodAccessorImpl.java:43)&lt;br/&gt;
	at java.lang.reflect.Method.invoke(Method.java:607)&lt;br/&gt;
	at org.apache.derbyTesting.functionTests.util.HarnessJavaTest.runTest(HarnessJavaTest.java:87)&lt;br/&gt;
	at junit.framework.TestCase.runBare(TestCase.java:130)&lt;br/&gt;
	at org.apache.derbyTesting.junit.BaseTestCase.runBare(BaseTestCase.java:117)&lt;br/&gt;
	at org.apache.derbyTesting.junit.BaseJDBCTestCase.runBareOverridable(BaseJDBCTestCase.java:442)&lt;br/&gt;
	at org.apache.derbyTesting.junit.BaseJDBCTestCase.runBare(BaseJDBCTestCase.java:459)&lt;br/&gt;
	at junit.framework.TestResult$1.protect(TestResult.java:106)&lt;br/&gt;
	at junit.framework.TestResult.runProtected(TestResult.java:124)&lt;br/&gt;
	at junit.framework.TestResult.run(TestResult.java:109)&lt;br/&gt;
	at junit.framework.TestCase.run(TestCase.java:120)&lt;br/&gt;
	at junit.extensions.TestDecorator.basicRun(TestDecorator.java:24)&lt;br/&gt;
	at junit.extensions.TestSetup$1.protect(TestSetup.java:21)&lt;br/&gt;
	at junit.framework.TestResult.runProtected(TestResult.java:124)&lt;br/&gt;
	at junit.extensions.TestSetup.run(TestSetup.java:25)&lt;br/&gt;
	at junit.extensions.TestDecorator.basicRun(TestDecorator.java:24)&lt;br/&gt;
	at junit.extensions.TestSetup$1.protect(TestSetup.java:21)&lt;br/&gt;
	at junit.framework.TestResult.runProtected(TestResult.java:124)&lt;br/&gt;
	at junit.extensions.TestSetup.run(TestSetup.java:25)&lt;br/&gt;
	at org.apache.derbyTesting.junit.BaseTestSetup.run(BaseTestSetup.java:57)&lt;br/&gt;
	at junit.extensions.TestDecorator.basicRun(TestDecorator.java:24)&lt;br/&gt;
	at junit.extensions.TestSetup$1.protect(TestSetup.java:21)&lt;br/&gt;
	at junit.framework.TestResult.runProtected(TestResult.java:124)&lt;br/&gt;
	at junit.extensions.TestSetup.run(TestSetup.java:25)&lt;br/&gt;
	at org.apache.derbyTesting.junit.BaseTestSetup.run(BaseTestSetup.java:57)&lt;br/&gt;
	at junit.framework.TestSuite.runTest(TestSuite.java:230)&lt;br/&gt;
	at junit.framework.TestSuite.run(TestSuite.java:225)&lt;br/&gt;
	at junit.extensions.TestDecorator.basicRun(TestDecorator.java:24)&lt;br/&gt;
	at junit.extensions.TestSetup$1.protect(TestSetup.java:21)&lt;br/&gt;
	at junit.framework.TestResult.runProtected(TestResult.java:124)&lt;br/&gt;
	at junit.extensions.TestSetup.run(TestSetup.java:25)&lt;br/&gt;
	at org.apache.derbyTesting.junit.BaseTestSetup.run(BaseTestSetup.java:57)&lt;br/&gt;
	at junit.extensions.TestDecorator.basicRun(TestDecorator.java:24)&lt;br/&gt;
	at junit.extensions.TestSetup$1.protect(TestSetup.java:21)&lt;br/&gt;
	at junit.framework.TestResult.runProtected(TestResult.java:124)&lt;br/&gt;
	at junit.extensions.TestSetup.run(TestSetup.java:25)&lt;br/&gt;
	at junit.framework.TestSuite.runTest(TestSuite.java:230)&lt;br/&gt;
	at junit.framework.TestSuite.run(TestSuite.java:225)&lt;br/&gt;
	at junit.framework.TestSuite.runTest(TestSuite.java:230)&lt;br/&gt;
	at junit.framework.TestSuite.run(TestSuite.java:225)&lt;br/&gt;
	at junit.framework.TestSuite.runTest(TestSuite.java:230)&lt;br/&gt;
	at junit.framework.TestSuite.run(TestSuite.java:225)&lt;br/&gt;
	at junit.framework.TestSuite.runTest(TestSuite.java:230)&lt;br/&gt;
	at junit.framework.TestSuite.run(TestSuite.java:225)&lt;br/&gt;
	at junit.textui.TestRunner.doRun(TestRunner.java:121)&lt;br/&gt;
	at junit.textui.TestRunner.start(TestRunner.java:185)&lt;br/&gt;
	at junit.textui.TestRunner.main(TestRunner.java:143)&lt;/p&gt;</comment>
                            <comment id="13910721" author="myrna" created="Mon, 24 Feb 2014 19:42:31 +0000"  >&lt;p&gt;older failures show other locations for the timeouts.&lt;br/&gt;
For instance, from the run with 1520721 (emb):&lt;br/&gt;
org.apache.derbyTesting.functionTests.tests.jdbcapi.SetQueryTimeoutTest$TestFailedException: Should have timed out.&lt;br/&gt;
	at org.apache.derbyTesting.functionTests.tests.jdbcapi.SetQueryTimeoutTest.testStatementRemembersTimeout(SetQueryTimeoutTest.java:688)&lt;br/&gt;
	at org.apache.derbyTesting.functionTests.tests.jdbcapi.SetQueryTimeoutTest.testRememberTimeoutValue(SetQueryTimeoutTest.java:667)&lt;br/&gt;
	at org.apache.derbyTesting.functionTests.tests.jdbcapi.SetQueryTimeoutTest.go(SetQueryTimeoutTest.java:755)&lt;br/&gt;
	at org.apache.derbyTesting.functionTests.tests.jdbcapi.SetQueryTimeoutTest.main(SetQueryTimeoutTest.java:722)&lt;br/&gt;
	at sun.reflect.NativeMethodAccessorImpl.invoke0(Native Method)&lt;br/&gt;
	at sun.reflect.NativeMethodAccessorImpl.invoke(NativeMethodAccessorImpl.java:79)&lt;br/&gt;
	at sun.reflect.DelegatingMethodAccessorImpl.invoke(DelegatingMethodAccessorImpl.java:43)&lt;br/&gt;
	at java.lang.reflect.Method.invoke(Method.java:619)&lt;br/&gt;
	at org.apache.derbyTesting.functionTests.util.HarnessJavaTest.runTest(HarnessJavaTest.java:87)&lt;br/&gt;
	at junit.framework.TestCase.runBare(TestCase.java:130)&lt;br/&gt;
	at org.apache.derbyTesting.junit.BaseTestCase.runBare(BaseTestCase.java:117)&lt;br/&gt;
	at org.apache.derbyTesting.junit.BaseJDBCTestCase.runBareOverridable(BaseJDBCTestCase.java:442)&lt;br/&gt;
	at org.apache.derbyTesting.junit.BaseJDBCTestCase.runBare(BaseJDBCTestCase.java:459)&lt;br/&gt;
	at junit.framework.TestResult$1.protect(TestResult.java:106)&lt;br/&gt;
	at junit.framework.TestResult.runProtected(TestResult.java:124)&lt;br/&gt;
	at junit.framework.TestResult.run(TestResult.java:109)&lt;br/&gt;
	at junit.framework.TestCase.run(TestCase.java:120)&lt;br/&gt;
	at junit.extensions.TestDecorator.basicRun(TestDecorator.java:24)&lt;br/&gt;
	at junit.extensions.TestSetup$1.protect(TestSetup.java:21)&lt;br/&gt;
	at junit.framework.TestResult.runProtected(TestResult.java:124)&lt;br/&gt;
	at junit.extensions.TestSetup.run(TestSetup.java:25)&lt;br/&gt;
	at junit.extensions.TestDecorator.basicRun(TestDecorator.java:24)&lt;br/&gt;
	at junit.extensions.TestSetup$1.protect(TestSetup.java:21)&lt;br/&gt;
	at junit.framework.TestResult.runProtected(TestResult.java:124)&lt;br/&gt;
	at junit.extensions.TestSetup.run(TestSetup.java:25)&lt;br/&gt;
	at org.apache.derbyTesting.junit.BaseTestSetup.run(BaseTestSetup.java:57)&lt;br/&gt;
	at junit.extensions.TestDecorator.basicRun(TestDecorator.java:24)&lt;br/&gt;
	at junit.extensions.TestSetup$1.protect(TestSetup.java:21)&lt;br/&gt;
	at junit.framework.TestResult.runProtected(TestResult.java:124)&lt;br/&gt;
	at junit.extensions.TestSetup.run(TestSetup.java:25)&lt;br/&gt;
	at org.apache.derbyTesting.junit.BaseTestSetup.run(BaseTestSetup.java:57)&lt;br/&gt;
	at junit.framework.TestSuite.runTest(TestSuite.java:230)&lt;br/&gt;
	at junit.framework.TestSuite.run(TestSuite.java:225)&lt;br/&gt;
	at junit.framework.TestSuite.runTest(TestSuite.java:230)&lt;br/&gt;
	at junit.framework.TestSuite.run(TestSuite.java:225)&lt;br/&gt;
	at junit.framework.TestSuite.runTest(TestSuite.java:230)&lt;br/&gt;
	at junit.framework.TestSuite.run(TestSuite.java:225)&lt;br/&gt;
	at junit.framework.TestSuite.runTest(TestSuite.java:230)&lt;br/&gt;
	at junit.framework.TestSuite.run(TestSuite.java:225)&lt;br/&gt;
	at junit.framework.TestSuite.runTest(TestSuite.java:230)&lt;br/&gt;
	at junit.framework.TestSuite.run(TestSuite.java:225)&lt;br/&gt;
	at junit.textui.TestRunner.doRun(TestRunner.java:121)&lt;br/&gt;
	at junit.textui.TestRunner.start(TestRunner.java:185)&lt;br/&gt;
	at junit.textui.TestRunner.main(TestRunner.java:143)&lt;/p&gt;


&lt;p&gt;From the run 1520193 (emb):&lt;br/&gt;
org.apache.derbyTesting.functionTests.tests.jdbcapi.SetQueryTimeoutTest$TestFailedException: fetch did not time out. Highest execution time: 3042 ms&lt;br/&gt;
	at org.apache.derbyTesting.functionTests.tests.jdbcapi.SetQueryTimeoutTest.expectException(SetQueryTimeoutTest.java:395)&lt;br/&gt;
	at org.apache.derbyTesting.functionTests.tests.jdbcapi.SetQueryTimeoutTest.testTimeoutWithFetch(SetQueryTimeoutTest.java:478)&lt;br/&gt;
	at org.apache.derbyTesting.functionTests.tests.jdbcapi.SetQueryTimeoutTest.go(SetQueryTimeoutTest.java:752)&lt;br/&gt;
	at org.apache.derbyTesting.functionTests.tests.jdbcapi.SetQueryTimeoutTest.main(SetQueryTimeoutTest.java:722)&lt;br/&gt;
	at sun.reflect.NativeMethodAccessorImpl.invoke0(Native Method)&lt;br/&gt;
	at sun.reflect.NativeMethodAccessorImpl.invoke(NativeMethodAccessorImpl.java:79)&lt;br/&gt;
	at sun.reflect.DelegatingMethodAccessorImpl.invoke(DelegatingMethodAccessorImpl.java:43)&lt;br/&gt;
	at java.lang.reflect.Method.invoke(Method.java:619)&lt;br/&gt;
	at org.apache.derbyTesting.functionTests.util.HarnessJavaTest.runTest(HarnessJavaTest.java:87)&lt;br/&gt;
	at junit.framework.TestCase.runBare(TestCase.java:130)&lt;br/&gt;
	at org.apache.derbyTesting.junit.BaseTestCase.runBare(BaseTestCase.java:117)&lt;br/&gt;
	at org.apache.derbyTesting.junit.BaseJDBCTestCase.runBareOverridable(BaseJDBCTestCase.java:442)&lt;br/&gt;
	at org.apache.derbyTesting.junit.BaseJDBCTestCase.runBare(BaseJDBCTestCase.java:459)&lt;br/&gt;
	at junit.framework.TestResult$1.protect(TestResult.java:106)&lt;br/&gt;
	at junit.framework.TestResult.runProtected(TestResult.java:124)&lt;br/&gt;
	at junit.framework.TestResult.run(TestResult.java:109)&lt;br/&gt;
	at junit.framework.TestCase.run(TestCase.java:120)&lt;br/&gt;
	at junit.extensions.TestDecorator.basicRun(TestDecorator.java:24)&lt;br/&gt;
	at junit.extensions.TestSetup$1.protect(TestSetup.java:21)&lt;br/&gt;
	at junit.framework.TestResult.runProtected(TestResult.java:124)&lt;br/&gt;
	at junit.extensions.TestSetup.run(TestSetup.java:25)&lt;br/&gt;
	at junit.extensions.TestDecorator.basicRun(TestDecorator.java:24)&lt;br/&gt;
	at junit.extensions.TestSetup$1.protect(TestSetup.java:21)&lt;br/&gt;
	at junit.framework.TestResult.runProtected(TestResult.java:124)&lt;br/&gt;
	at junit.extensions.TestSetup.run(TestSetup.java:25)&lt;br/&gt;
	at org.apache.derbyTesting.junit.BaseTestSetup.run(BaseTestSetup.java:57)&lt;br/&gt;
	at junit.extensions.TestDecorator.basicRun(TestDecorator.java:24)&lt;br/&gt;
	at junit.extensions.TestSetup$1.protect(TestSetup.java:21)&lt;br/&gt;
	at junit.framework.TestResult.runProtected(TestResult.java:124)&lt;br/&gt;
	at junit.extensions.TestSetup.run(TestSetup.java:25)&lt;br/&gt;
	at org.apache.derbyTesting.junit.BaseTestSetup.run(BaseTestSetup.java:57)&lt;br/&gt;
	at junit.framework.TestSuite.runTest(TestSuite.java:230)&lt;br/&gt;
	at junit.framework.TestSuite.run(TestSuite.java:225)&lt;br/&gt;
	at junit.framework.TestSuite.runTest(TestSuite.java:230)&lt;br/&gt;
	at junit.framework.TestSuite.run(TestSuite.java:225)&lt;br/&gt;
	at junit.framework.TestSuite.runTest(TestSuite.java:230)&lt;br/&gt;
	at junit.framework.TestSuite.run(TestSuite.java:225)&lt;br/&gt;
	at junit.framework.TestSuite.runTest(TestSuite.java:230)&lt;br/&gt;
	at junit.framework.TestSuite.run(TestSuite.java:225)&lt;br/&gt;
	at junit.framework.TestSuite.runTest(TestSuite.java:230)&lt;br/&gt;
	at junit.framework.TestSuite.run(TestSuite.java:225)&lt;br/&gt;
	at junit.textui.TestRunner.doRun(TestRunner.java:121)&lt;br/&gt;
	at junit.textui.TestRunner.start(TestRunner.java:185)&lt;br/&gt;
	at junit.textui.TestRunner.main(TestRunner.java:143)&lt;br/&gt;
java.sql.SQLException: Cannot close a connection while a transaction is still active.&lt;br/&gt;
	at org.apache.derby.impl.jdbc.SQLExceptionFactory.getSQLException(Unknown Source)&lt;br/&gt;
	at org.apache.derby.impl.jdbc.Util.newEmbedSQLException(Unknown Source)&lt;br/&gt;
	at org.apache.derby.impl.jdbc.Util.newEmbedSQLException(Unknown Source)&lt;br/&gt;
	at org.apache.derby.impl.jdbc.Util.generateCsSQLException(Unknown Source)&lt;br/&gt;
	at org.apache.derby.impl.jdbc.EmbedConnection.newSQLException(Unknown Source)&lt;br/&gt;
	at org.apache.derby.impl.jdbc.EmbedConnection.checkForTransactionInProgress(Unknown Source)&lt;br/&gt;
	at org.apache.derby.impl.jdbc.EmbedConnection.close(Unknown Source)&lt;br/&gt;
	at org.apache.derbyTesting.functionTests.tests.jdbcapi.SetQueryTimeoutTest.go(SetQueryTimeoutTest.java:766)&lt;br/&gt;
	at org.apache.derbyTesting.functionTests.tests.jdbcapi.SetQueryTimeoutTest.main(SetQueryTimeoutTest.java:722)&lt;br/&gt;
	at sun.reflect.NativeMethodAccessorImpl.invoke0(Native Method)&lt;br/&gt;
	at sun.reflect.NativeMethodAccessorImpl.invoke(NativeMethodAccessorImpl.java:79)&lt;br/&gt;
	at sun.reflect.DelegatingMethodAccessorImpl.invoke(DelegatingMethodAccessorImpl.java:43)&lt;br/&gt;
	at java.lang.reflect.Method.invoke(Method.java:619)&lt;br/&gt;
	at org.apache.derbyTesting.functionTests.util.HarnessJavaTest.runTest(HarnessJavaTest.java:87)&lt;br/&gt;
	at junit.framework.TestCase.runBare(TestCase.java:130)&lt;br/&gt;
	at org.apache.derbyTesting.junit.BaseTestCase.runBare(BaseTestCase.java:117)&lt;br/&gt;
	at org.apache.derbyTesting.junit.BaseJDBCTestCase.runBareOverridable(BaseJDBCTestCase.java:442)&lt;br/&gt;
	at org.apache.derbyTesting.junit.BaseJDBCTestCase.runBare(BaseJDBCTestCase.java:459)&lt;br/&gt;
	at junit.framework.TestResult$1.protect(TestResult.java:106)&lt;br/&gt;
	at junit.framework.TestResult.runProtected(TestResult.java:124)&lt;br/&gt;
	at junit.framework.TestResult.run(TestResult.java:109)&lt;br/&gt;
	at junit.framework.TestCase.run(TestCase.java:120)&lt;br/&gt;
	at junit.extensions.TestDecorator.basicRun(TestDecorator.java:24)&lt;br/&gt;
	at junit.extensions.TestSetup$1.protect(TestSetup.java:21)&lt;br/&gt;
	at junit.framework.TestResult.runProtected(TestResult.java:124)&lt;br/&gt;
	at junit.extensions.TestSetup.run(TestSetup.java:25)&lt;br/&gt;
	at junit.extensions.TestDecorator.basicRun(TestDecorator.java:24)&lt;br/&gt;
	at junit.extensions.TestSetup$1.protect(TestSetup.java:21)&lt;br/&gt;
	at junit.framework.TestResult.runProtected(TestResult.java:124)&lt;br/&gt;
	at junit.extensions.TestSetup.run(TestSetup.java:25)&lt;br/&gt;
	at org.apache.derbyTesting.junit.BaseTestSetup.run(BaseTestSetup.java:57)&lt;br/&gt;
	at junit.extensions.TestDecorator.basicRun(TestDecorator.java:24)&lt;br/&gt;
	at junit.extensions.TestSetup$1.protect(TestSetup.java:21)&lt;br/&gt;
	at junit.framework.TestResult.runProtected(TestResult.java:124)&lt;br/&gt;
	at junit.extensions.TestSetup.run(TestSetup.java:25)&lt;br/&gt;
	at org.apache.derbyTesting.junit.BaseTestSetup.run(BaseTestSetup.java:57)&lt;br/&gt;
	at junit.framework.TestSuite.runTest(TestSuite.java:230)&lt;br/&gt;
	at junit.framework.TestSuite.run(TestSuite.java:225)&lt;br/&gt;
	at junit.framework.TestSuite.runTest(TestSuite.java:230)&lt;br/&gt;
	at junit.framework.TestSuite.run(TestSuite.java:225)&lt;br/&gt;
	at junit.framework.TestSuite.runTest(TestSuite.java:230)&lt;br/&gt;
	at junit.framework.TestSuite.run(TestSuite.java:225)&lt;br/&gt;
	at junit.framework.TestSuite.runTest(TestSuite.java:230)&lt;br/&gt;
	at junit.framework.TestSuite.run(TestSuite.java:225)&lt;br/&gt;
	at junit.framework.TestSuite.runTest(TestSuite.java:230)&lt;br/&gt;
	at junit.framework.TestSuite.run(TestSuite.java:225)&lt;br/&gt;
	at junit.textui.TestRunner.doRun(TestRunner.java:121)&lt;br/&gt;
	at junit.textui.TestRunner.start(TestRunner.java:185)&lt;br/&gt;
	at junit.textui.TestRunner.main(TestRunner.java:143)&lt;br/&gt;
java.sql.SQLException: Cannot close a connection while a transaction is still active.&lt;br/&gt;
	at org.apache.derby.impl.jdbc.SQLExceptionFactory.getSQLException(Unknown Source)&lt;br/&gt;
	at org.apache.derby.impl.jdbc.Util.newEmbedSQLException(Unknown Source)&lt;br/&gt;
	at org.apache.derby.impl.jdbc.Util.newEmbedSQLException(Unknown Source)&lt;br/&gt;
	at org.apache.derby.impl.jdbc.Util.generateCsSQLException(Unknown Source)&lt;br/&gt;
	at org.apache.derby.impl.jdbc.EmbedConnection.newSQLException(Unknown Source)&lt;br/&gt;
	at org.apache.derby.impl.jdbc.EmbedConnection.checkForTransactionInProgress(Unknown Source)&lt;br/&gt;
	at org.apache.derby.impl.jdbc.EmbedConnection.close(Unknown Source)&lt;br/&gt;
	at org.apache.derbyTesting.functionTests.tests.jdbcapi.SetQueryTimeoutTest.go(SetQueryTimeoutTest.java:766)&lt;br/&gt;
	at org.apache.derbyTesting.functionTests.tests.jdbcapi.SetQueryTimeoutTest.main(SetQueryTimeoutTest.java:722)&lt;br/&gt;
	at sun.reflect.NativeMethodAccessorImpl.invoke0(Native Method)&lt;br/&gt;
	at sun.reflect.NativeMethodAccessorImpl.invoke(NativeMethodAccessorImpl.java:79)&lt;br/&gt;
	at sun.reflect.DelegatingMethodAccessorImpl.invoke(DelegatingMethodAccessorImpl.java:43)&lt;br/&gt;
	at java.lang.reflect.Method.invoke(Method.java:619)&lt;br/&gt;
	at org.apache.derbyTesting.functionTests.util.HarnessJavaTest.runTest(HarnessJavaTest.java:87)&lt;br/&gt;
	at junit.framework.TestCase.runBare(TestCase.java:130)&lt;br/&gt;
	at org.apache.derbyTesting.junit.BaseTestCase.runBare(BaseTestCase.java:117)&lt;br/&gt;
	at org.apache.derbyTesting.junit.BaseJDBCTestCase.runBareOverridable(BaseJDBCTestCase.java:442)&lt;br/&gt;
	at org.apache.derbyTesting.junit.BaseJDBCTestCase.runBare(BaseJDBCTestCase.java:459)&lt;br/&gt;
	at junit.framework.TestResult$1.protect(TestResult.java:106)&lt;br/&gt;
	at junit.framework.TestResult.runProtected(TestResult.java:124)&lt;br/&gt;
	at junit.framework.TestResult.run(TestResult.java:109)&lt;br/&gt;
	at junit.framework.TestCase.run(TestCase.java:120)&lt;br/&gt;
	at junit.extensions.TestDecorator.basicRun(TestDecorator.java:24)&lt;br/&gt;
	at junit.extensions.TestSetup$1.protect(TestSetup.java:21)&lt;br/&gt;
	at junit.framework.TestResult.runProtected(TestResult.java:124)&lt;br/&gt;
	at junit.extensions.TestSetup.run(TestSetup.java:25)&lt;br/&gt;
	at junit.extensions.TestDecorator.basicRun(TestDecorator.java:24)&lt;br/&gt;
	at junit.extensions.TestSetup$1.protect(TestSetup.java:21)&lt;br/&gt;
	at junit.framework.TestResult.runProtected(TestResult.java:124)&lt;br/&gt;
	at junit.extensions.TestSetup.run(TestSetup.java:25)&lt;br/&gt;
	at org.apache.derbyTesting.junit.BaseTestSetup.run(BaseTestSetup.java:57)&lt;br/&gt;
	at junit.extensions.TestDecorator.basicRun(TestDecorator.java:24)&lt;br/&gt;
	at junit.extensions.TestSetup$1.protect(TestSetup.java:21)&lt;br/&gt;
	at junit.framework.TestResult.runProtected(TestResult.java:124)&lt;br/&gt;
	at junit.extensions.TestSetup.run(TestSetup.java:25)&lt;br/&gt;
	at org.apache.derbyTesting.junit.BaseTestSetup.run(BaseTestSetup.java:57)&lt;br/&gt;
	at junit.framework.TestSuite.runTest(TestSuite.java:230)&lt;br/&gt;
	at junit.framework.TestSuite.run(TestSuite.java:225)&lt;br/&gt;
	at junit.framework.TestSuite.runTest(TestSuite.java:230)&lt;br/&gt;
	at junit.framework.TestSuite.run(TestSuite.java:225)&lt;br/&gt;
	at junit.framework.TestSuite.runTest(TestSuite.java:230)&lt;br/&gt;
	at junit.framework.TestSuite.run(TestSuite.java:225)&lt;br/&gt;
	at junit.framework.TestSuite.runTest(TestSuite.java:230)&lt;br/&gt;
	at junit.framework.TestSuite.run(TestSuite.java:225)&lt;br/&gt;
	at junit.framework.TestSuite.runTest(TestSuite.java:230)&lt;br/&gt;
	at junit.framework.TestSuite.run(TestSuite.java:225)&lt;br/&gt;
	at junit.textui.TestRunner.doRun(TestRunner.java:121)&lt;br/&gt;
	at junit.textui.TestRunner.start(TestRunner.java:185)&lt;br/&gt;
	at junit.textui.TestRunner.main(TestRunner.java:143)&lt;/p&gt;

&lt;p&gt;the failure against 1495237 (emb):&lt;br/&gt;
org.apache.derbyTesting.functionTests.tests.jdbcapi.SetQueryTimeoutTest$TestFailedException: Should have timed out.&lt;br/&gt;
	at org.apache.derbyTesting.functionTests.tests.jdbcapi.SetQueryTimeoutTest.testStatementRemembersTimeout(SetQueryTimeoutTest.java:688)&lt;br/&gt;
	at org.apache.derbyTesting.functionTests.tests.jdbcapi.SetQueryTimeoutTest.testRememberTimeoutValue(SetQueryTimeoutTest.java:667)&lt;br/&gt;
	at org.apache.derbyTesting.functionTests.tests.jdbcapi.SetQueryTimeoutTest.go(SetQueryTimeoutTest.java:755)&lt;br/&gt;
	at org.apache.derbyTesting.functionTests.tests.jdbcapi.SetQueryTimeoutTest.main(SetQueryTimeoutTest.java:722)&lt;br/&gt;
	at sun.reflect.NativeMethodAccessorImpl.invoke0(Native Method)&lt;br/&gt;
	at sun.reflect.NativeMethodAccessorImpl.invoke(NativeMethodAccessorImpl.java:60)&lt;br/&gt;
	at sun.reflect.DelegatingMethodAccessorImpl.invoke(DelegatingMethodAccessorImpl.java:37)&lt;br/&gt;
	at java.lang.reflect.Method.invoke(Method.java:611)&lt;br/&gt;
	at org.apache.derbyTesting.functionTests.util.HarnessJavaTest.runTest(HarnessJavaTest.java:87)&lt;br/&gt;
	at junit.framework.TestCase.runBare(TestCase.java:130)&lt;br/&gt;
	at org.apache.derbyTesting.junit.BaseTestCase.runBare(BaseTestCase.java:117)&lt;br/&gt;
	at org.apache.derbyTesting.junit.BaseJDBCTestCase.runBareOverridable(BaseJDBCTestCase.java:442)&lt;br/&gt;
	at org.apache.derbyTesting.junit.BaseJDBCTestCase.runBare(BaseJDBCTestCase.java:459)&lt;br/&gt;
	at junit.framework.TestResult$1.protect(TestResult.java:106)&lt;br/&gt;
	at junit.framework.TestResult.runProtected(TestResult.java:124)&lt;br/&gt;
	at junit.framework.TestResult.run(TestResult.java:109)&lt;br/&gt;
	at junit.framework.TestCase.run(TestCase.java:120)&lt;br/&gt;
	at junit.extensions.TestDecorator.basicRun(TestDecorator.java:24)&lt;br/&gt;
	at junit.extensions.TestSetup$1.protect(TestSetup.java:21)&lt;br/&gt;
	at junit.framework.TestResult.runProtected(TestResult.java:124)&lt;br/&gt;
	at junit.extensions.TestSetup.run(TestSetup.java:25)&lt;br/&gt;
	at junit.extensions.TestDecorator.basicRun(TestDecorator.java:24)&lt;br/&gt;
	at junit.extensions.TestSetup$1.protect(TestSetup.java:21)&lt;br/&gt;
	at junit.framework.TestResult.runProtected(TestResult.java:124)&lt;br/&gt;
	at junit.extensions.TestSetup.run(TestSetup.java:25)&lt;br/&gt;
	at org.apache.derbyTesting.junit.BaseTestSetup.run(BaseTestSetup.java:57)&lt;br/&gt;
	at junit.extensions.TestDecorator.basicRun(TestDecorator.java:24)&lt;br/&gt;
	at junit.extensions.TestSetup$1.protect(TestSetup.java:21)&lt;br/&gt;
	at junit.framework.TestResult.runProtected(TestResult.java:124)&lt;br/&gt;
	at junit.extensions.TestSetup.run(TestSetup.java:25)&lt;br/&gt;
	at org.apache.derbyTesting.junit.BaseTestSetup.run(BaseTestSetup.java:57)&lt;br/&gt;
	at junit.framework.TestSuite.runTest(TestSuite.java:230)&lt;br/&gt;
	at junit.framework.TestSuite.run(TestSuite.java:225)&lt;br/&gt;
	at junit.framework.TestSuite.runTest(TestSuite.java:230)&lt;br/&gt;
	at junit.framework.TestSuite.run(TestSuite.java:225)&lt;br/&gt;
	at junit.framework.TestSuite.runTest(TestSuite.java:230)&lt;br/&gt;
	at junit.framework.TestSuite.run(TestSuite.java:225)&lt;br/&gt;
	at junit.framework.TestSuite.runTest(TestSuite.java:230)&lt;br/&gt;
	at junit.framework.TestSuite.run(TestSuite.java:225)&lt;br/&gt;
	at junit.framework.TestSuite.runTest(TestSuite.java:230)&lt;br/&gt;
	at junit.framework.TestSuite.run(TestSuite.java:225)&lt;br/&gt;
	at junit.textui.TestRunner.doRun(TestRunner.java:121)&lt;br/&gt;
	at junit.textui.TestRunner.start(TestRunner.java:185)&lt;br/&gt;
	at junit.textui.TestRunner.main(TestRunner.java:143)&lt;/p&gt;

&lt;p&gt;So the test has failed both expecting timeouts but not getting them, and in one case, not timeing out and then a subsequent attempt fails because a transaction is still active.&lt;/p&gt;</comment>
                            <comment id="13911010" author="myrna" created="Mon, 24 Feb 2014 23:53:10 +0000"  >&lt;p&gt;After puzzling over the expected timeouts but not getting them, I am still puzzled.&lt;br/&gt;
If I understand correctly, the test sets the QueryTimeout to 1 (second). Then it executes a query which calls the delay(int,int) method which causes a sleep of 1 second, for every row, and there are 6 rows, so this should take 6 seconds.&lt;br/&gt;
The interesting part is that we so far have seen this only fail on one particular vmware machine.&lt;br/&gt;
The method setting up the query, getFetchQuery, has the following comment:&lt;br/&gt;
        /**&lt;/p&gt;
&lt;ul&gt;
	&lt;li&gt;The reason for using the mod function here is to force&lt;/li&gt;
	&lt;li&gt;at least one invocation of ResultSet.next() to read&lt;/li&gt;
	&lt;li&gt;more than one row from the table before returning.&lt;/li&gt;
	&lt;li&gt;This is necessary since timeout is checked only when&lt;/li&gt;
	&lt;li&gt;reading rows from base tables, and when the first row&lt;/li&gt;
	&lt;li&gt;is read, the query still has not exceeded the timeout.&lt;br/&gt;
We also see the following comment in one of the oldest parts of the test: &lt;/li&gt;
	&lt;li&gt;Actually, there is no guarantee that setting a query timeout&lt;/li&gt;
	&lt;li&gt;for a statement will actually cause a timeout, even if execution&lt;/li&gt;
	&lt;li&gt;of the statement takes longer than the specified timeout.&lt;br/&gt;
So, I currently have 2 theories.&lt;br/&gt;
1. The test failures occur on a machine which is running vmware with a bug in it, so that it doesn&apos;t handle the time elapsing correctly.&lt;br/&gt;
2. This machine is occasionally extra-super-duper fast and then especially when JIT kicks in it manages to get more rows through before it gets to checking the timeout.&lt;/li&gt;
&lt;/ul&gt;


&lt;p&gt;I think the best I can do at this time is to improve the error messages.&lt;/p&gt;</comment>
                            <comment id="13911115" author="jira-bot" created="Tue, 25 Feb 2014 02:02:16 +0000"  >&lt;p&gt;Commit 1571534 from &lt;a href=&quot;https://issues.apache.org/jira/secure/ViewProfile.jspa?name=myrna&quot; class=&quot;user-hover&quot; rel=&quot;myrna&quot;&gt;Myrna van Lunteren&lt;/a&gt; in branch &apos;code/trunk&apos;&lt;br/&gt;
[ &lt;a href=&quot;https://svn.apache.org/r1571534&quot; class=&quot;external-link&quot; rel=&quot;nofollow&quot;&gt;https://svn.apache.org/r1571534&lt;/a&gt; ]&lt;/p&gt;

&lt;p&gt;&lt;a href=&quot;https://issues.apache.org/jira/browse/DERBY-6280&quot; title=&quot;test failure in SetQueryTimeoutTest ComparisonFailure: Output at line 16 expected:&amp;lt;Test[ing that PreparedStatement remembers timeout.]&amp;gt; but was:&amp;lt;Test[ SetQueryTimeoutTest FAILED]&amp;gt;&quot; class=&quot;issue-link&quot; data-issue-key=&quot;DERBY-6280&quot;&gt;DERBY-6280&lt;/a&gt;; test failure in SetQueryTimeoutTest ComparisonFailure: Output at line 16 expected:&amp;lt;Test&lt;span class=&quot;error&quot;&gt;&amp;#91;ing that PreparedStatement remembers timeout.&amp;#93;&lt;/span&gt;&amp;gt; but was:&amp;lt;Test[ SetQueryTimeoutTest FAILED]&amp;gt;&lt;br/&gt;
   adding details to the failure messages for this case&lt;/p&gt;</comment>
                            <comment id="13911120" author="jira-bot" created="Tue, 25 Feb 2014 02:06:27 +0000"  >&lt;p&gt;Commit 1571538 from &lt;a href=&quot;https://issues.apache.org/jira/secure/ViewProfile.jspa?name=myrna&quot; class=&quot;user-hover&quot; rel=&quot;myrna&quot;&gt;Myrna van Lunteren&lt;/a&gt; in branch &apos;code/branches/10.10&apos;&lt;br/&gt;
[ &lt;a href=&quot;https://svn.apache.org/r1571538&quot; class=&quot;external-link&quot; rel=&quot;nofollow&quot;&gt;https://svn.apache.org/r1571538&lt;/a&gt; ]&lt;/p&gt;

&lt;p&gt;&lt;a href=&quot;https://issues.apache.org/jira/browse/DERBY-6280&quot; title=&quot;test failure in SetQueryTimeoutTest ComparisonFailure: Output at line 16 expected:&amp;lt;Test[ing that PreparedStatement remembers timeout.]&amp;gt; but was:&amp;lt;Test[ SetQueryTimeoutTest FAILED]&amp;gt;&quot; class=&quot;issue-link&quot; data-issue-key=&quot;DERBY-6280&quot;&gt;DERBY-6280&lt;/a&gt;;  test failure in SetQueryTimeoutTest ComparisonFailure: Output at line 16 expected:&amp;lt;Test&lt;span class=&quot;error&quot;&gt;&amp;#91;ing that PreparedStatement remembers timeout.&amp;#93;&lt;/span&gt;&amp;gt; but was:&amp;lt;Test[ SetQueryTimeoutTest FAILED]&amp;gt;&lt;br/&gt;
   adding comments; merge of revision 1571534 from trunk&lt;/p&gt;</comment>
                            <comment id="13911704" author="myrna" created="Tue, 25 Feb 2014 16:39:05 +0000"  >&lt;p&gt;The test failed on the same machine, with DerbyNetClient, with a non-official jvm build, with the following output (again to the console):&lt;br/&gt;
org.apache.derbyTesting.functionTests.tests.jdbcapi.SetQueryTimeoutTest$TestFailedException: Should have timed out, for statement, iteration: 2, took (millis): 0&lt;br/&gt;
	at org.apache.derbyTesting.functionTests.tests.jdbcapi.SetQueryTimeoutTest.testStatementRemembersTimeout(SetQueryTimeoutTest.java:692)&lt;br/&gt;
	at org.apache.derbyTesting.functionTests.tests.jdbcapi.SetQueryTimeoutTest.testRememberTimeoutValue(SetQueryTimeoutTest.java:667)&lt;br/&gt;
	at org.apache.derbyTesting.functionTests.tests.jdbcapi.SetQueryTimeoutTest.go(SetQueryTimeoutTest.java:770)&lt;br/&gt;
	at org.apache.derbyTesting.functionTests.tests.jdbcapi.SetQueryTimeoutTest.main(SetQueryTimeoutTest.java:737)&lt;br/&gt;
	at sun.reflect.NativeMethodAccessorImpl.invoke0(Native Method)&lt;br/&gt;
	at sun.reflect.NativeMethodAccessorImpl.invoke(NativeMethodAccessorImpl.java:94)&lt;br/&gt;
	at sun.reflect.DelegatingMethodAccessorImpl.invoke(DelegatingMethodAccessorImpl.java:55)&lt;br/&gt;
	at java.lang.reflect.Method.invoke(Method.java:619)&lt;br/&gt;
	at org.apache.derbyTesting.functionTests.util.HarnessJavaTest.runTest(HarnessJavaTest.java:87)&lt;br/&gt;
	at junit.framework.TestCase.runBare(TestCase.java:130)&lt;br/&gt;
...&lt;span class=&quot;error&quot;&gt;&amp;#91;snipped the rest of the junit framework part of the stack...&amp;#93;&lt;/span&gt;&lt;/p&gt;</comment>
                            <comment id="13911772" author="jira-bot" created="Tue, 25 Feb 2014 17:41:41 +0000"  >&lt;p&gt;Commit 1571764 from &lt;a href=&quot;https://issues.apache.org/jira/secure/ViewProfile.jspa?name=myrna&quot; class=&quot;user-hover&quot; rel=&quot;myrna&quot;&gt;Myrna van Lunteren&lt;/a&gt; in branch &apos;code/trunk&apos;&lt;br/&gt;
[ &lt;a href=&quot;https://svn.apache.org/r1571764&quot; class=&quot;external-link&quot; rel=&quot;nofollow&quot;&gt;https://svn.apache.org/r1571764&lt;/a&gt; ]&lt;/p&gt;

&lt;p&gt;&lt;a href=&quot;https://issues.apache.org/jira/browse/DERBY-6280&quot; title=&quot;test failure in SetQueryTimeoutTest ComparisonFailure: Output at line 16 expected:&amp;lt;Test[ing that PreparedStatement remembers timeout.]&amp;gt; but was:&amp;lt;Test[ SetQueryTimeoutTest FAILED]&amp;gt;&quot; class=&quot;issue-link&quot; data-issue-key=&quot;DERBY-6280&quot;&gt;DERBY-6280&lt;/a&gt;; test failure in SetQueryTimeoutTest ComparisonFailure: Output at line 16 expected:&amp;lt;Test&lt;span class=&quot;error&quot;&gt;&amp;#91;ing that PreparedStatement remembers timeout.&amp;#93;&lt;/span&gt;&amp;gt; but was:&amp;lt;Test[ SetQueryTimeoutTest FAILED]&amp;gt;&lt;br/&gt;
  adjusting location getting start time for enhanced error message on failure&lt;/p&gt;</comment>
                            <comment id="13911786" author="jira-bot" created="Tue, 25 Feb 2014 17:50:52 +0000"  >&lt;p&gt;Commit 1571769 from &lt;a href=&quot;https://issues.apache.org/jira/secure/ViewProfile.jspa?name=myrna&quot; class=&quot;user-hover&quot; rel=&quot;myrna&quot;&gt;Myrna van Lunteren&lt;/a&gt; in branch &apos;code/trunk&apos;&lt;br/&gt;
[ &lt;a href=&quot;https://svn.apache.org/r1571769&quot; class=&quot;external-link&quot; rel=&quot;nofollow&quot;&gt;https://svn.apache.org/r1571769&lt;/a&gt; ]&lt;/p&gt;

&lt;p&gt;&lt;a href=&quot;https://issues.apache.org/jira/browse/DERBY-6280&quot; title=&quot;test failure in SetQueryTimeoutTest ComparisonFailure: Output at line 16 expected:&amp;lt;Test[ing that PreparedStatement remembers timeout.]&amp;gt; but was:&amp;lt;Test[ SetQueryTimeoutTest FAILED]&amp;gt;&quot; class=&quot;issue-link&quot; data-issue-key=&quot;DERBY-6280&quot;&gt;DERBY-6280&lt;/a&gt;; test failure in SetQueryTimeoutTest ComparisonFailure: Output at line 16 expected:&amp;lt;Test&lt;span class=&quot;error&quot;&gt;&amp;#91;ing that PreparedStatement remembers timeout.&amp;#93;&lt;/span&gt;&amp;gt; but was:&amp;lt;Test[ SetQueryTimeoutTest FAILED]&amp;gt;&lt;br/&gt;
  one more fix to the enhanced messages&lt;/p&gt;</comment>
                            <comment id="13911789" author="jira-bot" created="Tue, 25 Feb 2014 17:54:25 +0000"  >&lt;p&gt;Commit 1571771 from &lt;a href=&quot;https://issues.apache.org/jira/secure/ViewProfile.jspa?name=myrna&quot; class=&quot;user-hover&quot; rel=&quot;myrna&quot;&gt;Myrna van Lunteren&lt;/a&gt; in branch &apos;code/branches/10.10&apos;&lt;br/&gt;
[ &lt;a href=&quot;https://svn.apache.org/r1571771&quot; class=&quot;external-link&quot; rel=&quot;nofollow&quot;&gt;https://svn.apache.org/r1571771&lt;/a&gt; ]&lt;/p&gt;

&lt;p&gt;&lt;a href=&quot;https://issues.apache.org/jira/browse/DERBY-6280&quot; title=&quot;test failure in SetQueryTimeoutTest ComparisonFailure: Output at line 16 expected:&amp;lt;Test[ing that PreparedStatement remembers timeout.]&amp;gt; but was:&amp;lt;Test[ SetQueryTimeoutTest FAILED]&amp;gt;&quot; class=&quot;issue-link&quot; data-issue-key=&quot;DERBY-6280&quot;&gt;DERBY-6280&lt;/a&gt;; test failure in SetQueryTimeoutTest ComparisonFailure: Output at line 16 expected:&amp;lt;Test&lt;span class=&quot;error&quot;&gt;&amp;#91;ing that PreparedStatement remembers timeout.&amp;#93;&lt;/span&gt;&amp;gt; but was:&amp;lt;Test[ SetQueryTimeoutTest FAILED]&amp;gt;&lt;br/&gt;
  merge of revisions 1571764 and 1571769 from trunk&lt;/p&gt;</comment>
                            <comment id="13912010" author="myrna" created="Tue, 25 Feb 2014 20:24:44 +0000"  >&lt;p&gt;I tried running the test (using harness.RunTest) 100x on the machine where we&apos;ve seen this fail, with ibm 1.6, and -Xjit:count=0 (hoping to force the JIT from the first iteration), but it did not fail.&lt;/p&gt;</comment>
                            <comment id="13923149" author="myrna" created="Thu, 6 Mar 2014 22:09:31 +0000"  >&lt;p&gt;Test failed again: &lt;a href=&quot;http://people.apache.org/~myrnavl/derby_test_results/v10_10/windows/testlog/ibm15/1574754-suites.All_diff.txt:&quot; class=&quot;external-link&quot; rel=&quot;nofollow&quot;&gt;http://people.apache.org/~myrnavl/derby_test_results/v10_10/windows/testlog/ibm15/1574754-suites.All_diff.txt:&lt;/a&gt;&lt;/p&gt;

&lt;p&gt;There was 1 failure:&lt;br/&gt;
1) SetQueryTimeoutTest(org.apache.derbyTesting.functionTests.tests.jdbcapi.JDBCHarnessJavaTest)junit.framework.ComparisonFailure: Output at line 18 expected:&amp;lt;Test&lt;span class=&quot;error&quot;&gt;&amp;#91;ing timeout with executeUpdate call.&amp;#93;&lt;/span&gt;&amp;gt; but was:&amp;lt;Test[ SetQueryTimeoutTest FAILED]&amp;gt;&lt;br/&gt;
	at org.apache.derbyTesting.functionTests.util.CanonTestCase.compareCanon(CanonTestCase.java:109)&lt;br/&gt;
	at org.apache.derbyTesting.functionTests.util.HarnessJavaTest.runTest(HarnessJavaTest.java:91)&lt;br/&gt;
	at org.apache.derbyTesting.junit.BaseTestCase.runBare(BaseTestCase.java:118)&lt;br/&gt;
	at org.apache.derbyTesting.junit.BaseJDBCTestCase.runBareOverridable(BaseJDBCTestCase.java:442)&lt;br/&gt;
	at org.apache.derbyTesting.junit.BaseJDBCTestCase.runBare(BaseJDBCTestCase.java:459)&lt;br/&gt;
	at junit.extensions.TestDecorator.basicRun(TestDecorator.java:24)&lt;br/&gt;
	at junit.extensions.TestSetup$1.protect(TestSetup.java:21)&lt;br/&gt;
	at junit.extensions.TestSetup.run(TestSetup.java:25)&lt;br/&gt;
	at junit.extensions.TestDecorator.basicRun(TestDecorator.java:24)&lt;br/&gt;
	at junit.extensions.TestSetup$1.protect(TestSetup.java:21)&lt;br/&gt;
	at junit.extensions.TestSetup.run(TestSetup.java:25)&lt;br/&gt;
	at org.apache.derbyTesting.junit.BaseTestSetup.run(BaseTestSetup.java:57)&lt;br/&gt;
	at junit.extensions.TestDecorator.basicRun(TestDecorator.java:24)&lt;br/&gt;
	at junit.extensions.TestSetup$1.protect(TestSetup.java:21)&lt;br/&gt;
	at junit.extensions.TestSetup.run(TestSetup.java:25)&lt;br/&gt;
	at org.apache.derbyTesting.junit.BaseTestSetup.run(BaseTestSetup.java:57)&lt;/p&gt;

&lt;p&gt;and in the console output (with derby.tests.trace=true): &lt;br/&gt;
(emb)jdbcapi.JDBCHarnessJavaTest.SetQueryTimeoutTest org.apache.derbyTesting.functionTests.tests.jdbcapi.SetQueryTimeoutTest$TestFailedException: Should have timed out, for CallableStatement, on iteration 2, runtime(millis): 8596&lt;br/&gt;
	at org.apache.derbyTesting.functionTests.tests.jdbcapi.SetQueryTimeoutTest.testStatementRemembersTimeout(SetQueryTimeoutTest.java:720)&lt;br/&gt;
	at org.apache.derbyTesting.functionTests.tests.jdbcapi.SetQueryTimeoutTest.testRememberTimeoutValue(SetQueryTimeoutTest.java:671)&lt;br/&gt;
	at org.apache.derbyTesting.functionTests.tests.jdbcapi.SetQueryTimeoutTest.go(SetQueryTimeoutTest.java:770)&lt;br/&gt;
	at org.apache.derbyTesting.functionTests.tests.jdbcapi.SetQueryTimeoutTest.main(SetQueryTimeoutTest.java:737)&lt;br/&gt;
	at sun.reflect.NativeMethodAccessorImpl.invoke0(Native Method)&lt;br/&gt;
	at sun.reflect.NativeMethodAccessorImpl.invoke(NativeMethodAccessorImpl.java:79)&lt;br/&gt;
	at sun.reflect.DelegatingMethodAccessorImpl.invoke(DelegatingMethodAccessorImpl.java:43)&lt;br/&gt;
	at java.lang.reflect.Method.invoke(Method.java:619)&lt;br/&gt;
	at org.apache.derbyTesting.functionTests.util.HarnessJavaTest.runTest(HarnessJavaTest.java:87)&lt;br/&gt;
	at junit.framework.TestCase.runBare(TestCase.java:130)&lt;br/&gt;
	at org.apache.derbyTesting.junit.BaseTestCase.runBare(BaseTestCase.java:118)&lt;br/&gt;
	at org.apache.derbyTesting.junit.BaseJDBCTestCase.runBareOverridable(BaseJDBCTestCase.java:442)&lt;br/&gt;
	at org.apache.derbyTesting.junit.BaseJDBCTestCase.runBare(BaseJDBCTestCase.java:459)&lt;br/&gt;
	at junit.framework.TestResult$1.protect(TestResult.java:106)&lt;br/&gt;
	at junit.framework.TestResult.runProtected(TestResult.java:124)&lt;br/&gt;
	at junit.framework.TestResult.run(TestResult.java:109)&lt;br/&gt;
	at junit.framework.TestCase.run(TestCase.java:120)&lt;br/&gt;
	at junit.extensions.TestDecorator.basicRun(TestDecorator.java:24)&lt;br/&gt;
	at junit.extensions.TestSetup$1.protect(TestSetup.java:21)&lt;br/&gt;
	at junit.framework.TestResult.runProtected(TestResult.java:124)&lt;br/&gt;
	at junit.extensions.TestSetup.run(TestSetup.java:25)&lt;br/&gt;
	at junit.extensions.TestDecorator.basicRun(TestDecorator.java:24)&lt;br/&gt;
	at junit.extensions.TestSetup$1.protect(TestSetup.java:21)&lt;br/&gt;
	at junit.framework.TestResult.runProtected(TestResult.java:124)&lt;br/&gt;
	at junit.extensions.TestSetup.run(TestSetup.java:25)&lt;br/&gt;
	at org.apache.derbyTesting.junit.BaseTestSetup.run(BaseTestSetup.java:57)&lt;br/&gt;
	at junit.extensions.TestDecorator.basicRun(TestDecorator.java:24)&lt;br/&gt;
	at junit.extensions.TestSetup$1.protect(TestSetup.java:21)&lt;br/&gt;
	at junit.framework.TestResult.runProtected(TestResult.java:124)&lt;br/&gt;
	at junit.extensions.TestSetup.run(TestSetup.java:25)&lt;br/&gt;
	at org.apache.derbyTesting.junit.BaseTestSetup.run(BaseTestSetup.java:57)&lt;br/&gt;
	at junit.framework.TestSuite.runTest(TestSuite.java:230)&lt;br/&gt;
	at junit.framework.TestSuite.run(TestSuite.java:225)&lt;br/&gt;
	at junit.framework.TestSuite.runTest(TestSuite.java:230)&lt;br/&gt;
	at junit.framework.TestSuite.run(TestSuite.java:225)&lt;br/&gt;
	at junit.framework.TestSuite.runTest(TestSuite.java:230)&lt;br/&gt;
	at junit.framework.TestSuite.run(TestSuite.java:225)&lt;br/&gt;
	at junit.framework.TestSuite.runTest(TestSuite.java:230)&lt;br/&gt;
	at junit.framework.TestSuite.run(TestSuite.java:225)&lt;br/&gt;
	at junit.framework.TestSuite.runTest(TestSuite.java:230)&lt;br/&gt;
	at junit.framework.TestSuite.run(TestSuite.java:225)&lt;br/&gt;
	at junit.textui.TestRunner.doRun(TestRunner.java:121)&lt;br/&gt;
	at junit.textui.TestRunner.start(TestRunner.java:185)&lt;br/&gt;
	at junit.textui.TestRunner.main(TestRunner.java:143)&lt;br/&gt;
used 62978 ms F.&lt;/p&gt;</comment>
                            <comment id="14005081" author="myrna" created="Wed, 21 May 2014 19:49:31 +0100"  >&lt;p&gt;still failing, I have no good ideas:&lt;br/&gt;
10.10 at 1596446, windows 2008 on VMware, ibm 1.7 SR7:&lt;br/&gt;
&lt;a href=&quot;http://people.apache.org/~myrnavl/derby_test_results/v10_10/windows/testlog/ibm17/1596446-suites.All_diff.txt&quot; class=&quot;external-link&quot; rel=&quot;nofollow&quot;&gt;http://people.apache.org/~myrnavl/derby_test_results/v10_10/windows/testlog/ibm17/1596446-suites.All_diff.txt&lt;/a&gt;&lt;/p&gt;

&lt;p&gt;1) SetQueryTimeoutTest(org.apache.derbyTesting.functionTests.tests.jdbcapi.JDBCHarnessJavaTest)junit.framework.ComparisonFailure: Output at line 18 expected:&amp;lt;Test&lt;span class=&quot;error&quot;&gt;&amp;#91;ing timeout with executeUpdate call.&amp;#93;&lt;/span&gt;&amp;gt; but was:&amp;lt;Test[ SetQueryTimeoutTest FAILED]&amp;gt;&lt;br/&gt;
	at org.apache.derbyTesting.functionTests.util.CanonTestCase.compareCanon(CanonTestCase.java:109)&lt;br/&gt;
	at org.apache.derbyTesting.functionTests.util.HarnessJavaTest.runTest(HarnessJavaTest.java:91)&lt;br/&gt;
	at org.apache.derbyTesting.junit.BaseTestCase.runBare(BaseTestCase.java:118)&lt;br/&gt;
	at org.apache.derbyTesting.junit.BaseJDBCTestCase.runBareOverridable(BaseJDBCTestCase.java:442)&lt;br/&gt;
	at org.apache.derbyTesting.junit.BaseJDBCTestCase.runBare(BaseJDBCTestCase.java:459)&lt;br/&gt;
	at junit.extensions.TestDecorator.basicRun(TestDecorator.java:24)&lt;br/&gt;
.....&lt;/p&gt;</comment>
                            <comment id="14020273" author="mamtas" created="Fri, 6 Jun 2014 20:27:27 +0100"  >&lt;p&gt;The test failed again. The jdk was IBM jdk 1.7 and the code line was trunk(10.11)&lt;br/&gt;
&lt;a href=&quot;http://people.apache.org/~myrnavl/derby_test_results/main/windows/testlog/ibm17/1600553-suites.All_diff.txt&quot; class=&quot;external-link&quot; rel=&quot;nofollow&quot;&gt;http://people.apache.org/~myrnavl/derby_test_results/main/windows/testlog/ibm17/1600553-suites.All_diff.txt&lt;/a&gt;&lt;/p&gt;

&lt;p&gt;SetQueryTimeoutTest(org.apache.derbyTesting.functionTests.tests.jdbcapi.JDBCHarnessJavaTest)junit.framework.ComparisonFailure: Output at line 17 expected:&amp;lt;Test&lt;span class=&quot;error&quot;&gt;&amp;#91;ing that CallableStatement remembers timeout.&amp;#93;&lt;/span&gt;&amp;gt; but was:&amp;lt;Test[ SetQueryTimeoutTest FAILED]&amp;gt;&lt;br/&gt;
	at org.apache.derbyTesting.functionTests.util.CanonTestCase.compareCanon(CanonTestCase.java:110)&lt;br/&gt;
	at org.apache.derbyTesting.functionTests.util.HarnessJavaTest.runTest(HarnessJavaTest.java:90)&lt;br/&gt;
	at org.apache.derbyTesting.junit.BaseTestCase.runBare(BaseTestCase.java:118)&lt;br/&gt;
	at org.apache.derbyTesting.junit.BaseJDBCTestCase.runBareOverridable(BaseJDBCTestCase.java:440)&lt;br/&gt;
	at org.apache.derbyTesting.junit.BaseJDBCTestCase.runBare(BaseJDBCTestCase.java:457)&lt;br/&gt;
	at junit.extensions.TestDecorator.basicRun(TestDecorator.java:24)&lt;br/&gt;
	at junit.extensions.TestSetup$1.protect(TestSetup.java:21)&lt;br/&gt;
	at junit.extensions.TestSetup.run(TestSetup.java:25)&lt;br/&gt;
	at junit.extensions.TestDecorator.basicRun(TestDecorator.java:24)&lt;br/&gt;
	at junit.extensions.TestSetup$1.protect(TestSetup.java:21)&lt;br/&gt;
	at junit.extensions.TestSetup.run(TestSetup.java:25)&lt;br/&gt;
	at org.apache.derbyTesting.junit.BaseTestSetup.run(BaseTestSetup.java:57)&lt;br/&gt;
	at junit.extensions.TestDecorator.basicRun(TestDecorator.java:24)&lt;br/&gt;
	at junit.extensions.TestSetup$1.protect(TestSetup.java:21)&lt;br/&gt;
	at junit.extensions.TestSetup.run(TestSetup.java:25)&lt;br/&gt;
	at org.apache.derbyTesting.junit.BaseTestSetup.run(BaseTestSetup.java:57)&lt;/p&gt;</comment>
                            <comment id="14164048" author="mamtas" created="Wed, 8 Oct 2014 20:51:36 +0100"  >&lt;p&gt;The test failed again on trunk(revision 1629794)&lt;br/&gt;
&lt;a href=&quot;http://people.apache.org/~myrnavl/derby_test_results/main/windows/testlog/ibm16/1629794-suites.All_diff.txt&quot; class=&quot;external-link&quot; rel=&quot;nofollow&quot;&gt;http://people.apache.org/~myrnavl/derby_test_results/main/windows/testlog/ibm16/1629794-suites.All_diff.txt&lt;/a&gt;&lt;br/&gt;
SetQueryTimeoutTest(org.apache.derbyTesting.functionTests.tests.jdbcapi.JDBCHarnessJavaTest)junit.framework.ComparisonFailure: Output at line 18 expected:&amp;lt;Test&lt;span class=&quot;error&quot;&gt;&amp;#91;ing timeout with executeUpdate call.&amp;#93;&lt;/span&gt;&amp;gt; but was:&amp;lt;Test[ SetQueryTimeoutTest FAILED]&amp;gt;&lt;br/&gt;
	at org.apache.derbyTesting.functionTests.util.CanonTestCase.compareCanon(CanonTestCase.java:110)&lt;br/&gt;
	at org.apache.derbyTesting.functionTests.util.HarnessJavaTest.runTest(HarnessJavaTest.java:90)&lt;br/&gt;
	at org.apache.derbyTesting.junit.BaseTestCase.runBare(BaseTestCase.java:120)&lt;br/&gt;
	at org.apache.derbyTesting.junit.BaseJDBCTestCase.runBareOverridable(BaseJDBCTestCase.java:443)&lt;br/&gt;
	at org.apache.derbyTesting.junit.BaseJDBCTestCase.runBare(BaseJDBCTestCase.java:460)&lt;br/&gt;
	at junit.extensions.TestDecorator.basicRun(TestDecorator.java:24)&lt;br/&gt;
	at junit.extensions.TestSetup$1.protect(TestSetup.java:21)&lt;br/&gt;
	at junit.extensions.TestSetup.run(TestSetup.java:25)&lt;br/&gt;
	at junit.extensions.TestDecorator.basicRun(TestDecorator.java:24)&lt;br/&gt;
	at junit.extensions.TestSetup$1.protect(TestSetup.java:21)&lt;br/&gt;
	at junit.extensions.TestSetup.run(TestSetup.java:25)&lt;br/&gt;
	at org.apache.derbyTesting.junit.BaseTestSetup.run(BaseTestSetup.java:58)&lt;br/&gt;
	at junit.extensions.TestDecorator.basicRun(TestDecorator.java:24)&lt;br/&gt;
	at junit.extensions.TestSetup$1.protect(TestSetup.java:21)&lt;br/&gt;
	at junit.extensions.TestSetup.run(TestSetup.java:25)&lt;br/&gt;
	at org.apache.derbyTesting.junit.BaseTestSetup.run(BaseTestSetup.java:58)&lt;/p&gt;</comment>
                    </comments>
                <issuelinks>
                            <issuelinktype id="10030">
                    <name>Reference</name>
                                                                <inwardlinks description="is related to">
                                        <issuelink>
            <issuekey id="12654832">DERBY-6275</issuekey>
        </issuelink>
                            </inwardlinks>
                                    </issuelinktype>
                    </issuelinks>
                <attachments>
                    </attachments>
                <subtasks>
                    </subtasks>
                <customfields>
                                                <customfield id="customfield_12310310" key="com.atlassian.jira.toolkit:attachments">
                        <customfieldname>Attachment count</customfieldname>
                        <customfieldvalues>
                            <customfieldvalue>0.0</customfieldvalue>
                        </customfieldvalues>
                    </customfield>
                                                                                                                                                                                                                                                                                                                                                                                                                                                                                                                                                                                        <customfield id="customfield_12310220" key="com.atlassian.jira.ext.charting:firstresponsedate">
                        <customfieldname>Date of First Response</customfieldname>
                        <customfieldvalues>
                            <customfieldvalue>Mon, 9 Sep 2013 18:56:26 +0000</customfieldvalue>

                        </customfieldvalues>
                    </customfield>
                                                                                                                                                                                                                                                                                                                                                                                    <customfield id="customfield_12310420" key="com.pyxis.greenhopper.jira:gh-global-rank">
                        <customfieldname>Global Rank</customfieldname>
                        <customfieldvalues>
                            <customfieldvalue>335482</customfieldvalue>
                        </customfieldvalues>
                    </customfield>
                                                                                                                                                                                <customfield id="customfield_12311820" key="com.pyxis.greenhopper.jira:gh-lexo-rank">
                        <customfieldname>Rank</customfieldname>
                        <customfieldvalues>
                            <customfieldvalue>2|hzfpn3:</customfieldvalue>

                        </customfieldvalues>
                    </customfield>
                                                                <customfield id="customfield_12310920" key="com.pyxis.greenhopper.jira:gh-global-rank">
                        <customfieldname>Rank (Obsolete)</customfieldname>
                        <customfieldvalues>
                            <customfieldvalue>335806</customfieldvalue>
                        </customfieldvalues>
                    </customfield>
                                                                                                                                                                                                                                                                                                </customfields>
    </item>
</channel>
</rss>