Today if you try to run the testsuite with jdk1.7 you get a ClassNotFoundException:

Process exception: java.lang.ClassNotFoundException: org.apache.derbyTesting.functionTests.harness.jdk17
Exception in thread "main" java.lang.ClassNotFoundException: org.apache.derbyTesting.functionTests.harness.jdk17
   at java.net.URLClassLoader$1.run(URLClassLoader.java:203)
   at java.security.AccessController.doPrivileged(Native Method)
   at java.net.URLClassLoader.findClass(URLClassLoader.java:191)
   at java.lang.ClassLoader.loadClass(ClassLoader.java:306)
   at sun.misc.Launcher$AppClassLoader.loadClass(Launcher.java:276)
   at java.lang.ClassLoader.loadClass(ClassLoader.java:251)
   at java.lang.ClassLoader.loadClassInternal(ClassLoader.java:319)
   at java.lang.Class.forName0(Native Method)
   at java.lang.Class.forName(Class.java:169)
   at org.apache.derbyTesting.functionTests.harness.jvm.getJvm(Unknown Source)
   at org.apache.derbyTesting.functionTests.harness.RunTest.buildTestCommand(Unknown Source)
   at org.apache.derbyTesting.functionTests.harness.RunTest.testRun(Unknown Source)
   at org.apache.derbyTesting.functionTests.harness.RunTest.main(Unknown Source) 