I see lots of errors when the tests try to spawn a JVM while running on the OpenJDK 7 preview for Mac OS X.

SecureServerTest runs cleanly when I use JDK 6. But I see lots of these errors when I use JDK 7:

.java.io.IOException: Cannot run program "/Library/Java/JavaVirtualMachines/JDK": error=2, No such file or directory
	at java.lang.ProcessBuilder.start(ProcessBuilder.java:1029)
	at java.lang.Runtime.exec(Runtime.java:615)
	at java.lang.Runtime.exec(Runtime.java:448)
	at java.lang.Runtime.exec(Runtime.java:345)
	at org.apache.derbyTesting.functionTests.tests.derbynet.SecureServerTest$1.run(SecureServerTest.java:487)
	at java.security.AccessController.doPrivileged(Native Method)
	at org.apache.derbyTesting.functionTests.tests.derbynet.SecureServerTest.runServerCommand(SecureServerTest.java:479)
	at org.apache.derbyTesting.functionTests.tests.derbynet.SecureServerTest.runsysinfo(SecureServerTest.java:415)
	at org.apache.derbyTesting.functionTests.tests.derbynet.SecureServerTest.testServerStartup(SecureServerTest.java:356)
	at sun.reflect.NativeMethodAccessorImpl.invoke0(Native Method)
	at sun.reflect.NativeMethodAccessorImpl.invoke(NativeMethodAccessorImpl.java:57)
	at sun.reflect.DelegatingMethodAccessorImpl.invoke(DelegatingMethodAccessorImpl.java:43)
	at java.lang.reflect.Method.invoke(Method.java:601)
	at junit.framework.TestCase.runTest(TestCase.java:164)
	at junit.framework.TestCase.runBare(TestCase.java:130)
	at org.apache.derbyTesting.junit.BaseTestCase.runBare(BaseTestCase.java:116)
	at junit.framework.TestResult$1.protect(TestResult.java:106)
	at junit.framework.TestResult.runProtected(TestResult.java:124)
	at junit.framework.TestResult.run(TestResult.java:109)
	at junit.framework.TestCase.run(TestCase.java:120)
	at junit.extensions.TestDecorator.basicRun(TestDecorator.java:24)
	at junit.extensions.TestSetup$1.protect(TestSetup.java:21)
	at junit.framework.TestResult.runProtected(TestResult.java:124)
	at junit.extensions.TestSetup.run(TestSetup.java:25)
	at org.apache.derbyTesting.junit.BaseTestSetup.run(BaseTestSetup.java:57)
	at junit.extensions.TestDecorator.basicRun(TestDecorator.java:24)
	at junit.extensions.TestSetup$1.protect(TestSetup.java:21)
	at junit.framework.TestResult.runProtected(TestResult.java:124)
	at junit.extensions.TestSetup.run(TestSetup.java:25)
	at junit.extensions.TestDecorator.basicRun(TestDecorator.java:24)
	at junit.extensions.TestSetup$1.protect(TestSetup.java:21)
	at junit.framework.TestResult.runProtected(TestResult.java:124)
	at junit.extensions.TestSetup.run(TestSetup.java:25)
	at junit.extensions.TestDecorator.basicRun(TestDecorator.java:24)
	at junit.extensions.TestSetup$1.protect(TestSetup.java:21)
	at junit.framework.TestResult.runProtected(TestResult.java:124)
	at junit.extensions.TestSetup.run(TestSetup.java:25)
	at junit.framework.TestSuite.runTest(TestSuite.java:230)
	at junit.framework.TestSuite.run(TestSuite.java:225)
	at junit.textui.TestRunner.doRun(TestRunner.java:121)
	at junit.textui.TestRunner.start(TestRunner.java:185)
	at junit.textui.TestRunner.main(TestRunner.java:143)
Caused by: java.io.IOException: error=2, No such file or directory
	at java.lang.UNIXProcess.forkAndExec(Native Method)
	at java.lang.UNIXProcess.<init>(UNIXProcess.java:135)
	at java.lang.ProcessImpl.start(ProcessImpl.java:130)
	at java.lang.ProcessBuilder.start(ProcessBuilder.java:1021)
	... 41 more