intermittent nightly test failure:  10.10, windows, ibm16.  

http://people.apache.org/~myrnavl/derby_test_results/v10_10/windows/testlog/ibm16/1488453-suites.All_diff.txt
1) client/server LoginTimeoutTestjava.sql.SQLTimeoutException: DERBY SQL error: ERRORCODE: 40000, SQLSTATE: XBDA0, SQLERRMC: Login timeout exceeded.
	at org.apache.derby.client.am.SQLExceptionFactory40.getSQLException(Unknown Source)
	at org.apache.derby.client.am.SqlException.getSQLException(Unknown Source)
	at org.apache.derby.jdbc.ClientDriver.connect(Unknown Source)
	at java.sql.DriverManager.getConnection(DriverManager.java:419)
	at java.sql.DriverManager.getConnection(DriverManager.java:391)
	at org.apache.derbyTesting.junit.DriverManagerConnector.openConnection(DriverManagerConnector.java:100)
	at org.apache.derbyTesting.junit.DriverManagerConnector.openConnection(DriverManagerConnector.java:67)
	at org.apache.derbyTesting.junit.DriverManagerConnector.openConnection(DriverManagerConnector.java:47)
	at org.apache.derbyTesting.junit.TestConfiguration.openConnection(TestConfiguration.java:1737)
	at org.apache.derbyTesting.junit.DropDatabaseSetup.tearDown(DropDatabaseSetup.java:54)
	at junit.extensions.TestSetup$1.protect(TestSetup.java:22)
	at junit.extensions.TestSetup.run(TestSetup.java:25)
	at org.apache.derbyTesting.junit.BaseTestSetup.run(BaseTestSetup.java:57)
	at junit.extensions.TestDecorator.basicRun(TestDecorator.java:24)
	at junit.extensions.TestSetup$1.protect(TestSetup.java:21)
	at junit.extensions.TestSetup.run(TestSetup.java:25)
	at junit.extensions.TestDecorator.basicRun(TestDecorator.java:24)
	at junit.extensions.TestSetup$1.protect(TestSetup.java:21)
	at junit.extensions.TestSetup.run(TestSetup.java:25)
	at junit.extensions.TestDecorator.basicRun(TestDecorator.java:24)
	at junit.extensions.TestSetup$1.protect(TestSetup.java:21)
	at junit.extensions.TestSetup.run(TestSetup.java:25)
	at org.apache.derbyTesting.junit.BaseTestSetup.run(BaseTestSetup.java:57)
Caused by: org.apache.derby.client.am.SqlException: DERBY SQL error: ERRORCODE: 40000, SQLSTATE: XBDA0, SQLERRMC: Login timeout exceeded.
	at org.apache.derby.client.am.Connection.completeSqlca(Unknown Source)
	at org.apache.derby.client.net.NetConnectionReply.parseRdbAccessFailed(Unknown Source)
	at org.apache.derby.client.net.NetConnectionReply.parseAccessRdbError(Unknown Source)
	at org.apache.derby.client.net.NetConnectionReply.parseACCRDBreply(Unknown Source)
	at org.apache.derby.client.net.NetConnectionReply.readAccessDatabase(Unknown Source)
	at org.apache.derby.client.net.NetConnection.readSecurityCheckAndAccessRdb(Unknown Source)
	at org.apache.derby.client.net.NetConnection.flowSecurityCheckAndAccessRdb(Unknown Source)
	at org.apache.derby.client.net.NetConnection.flowUSRIDPWDconnect(Unknown Source)
	at org.apache.derby.client.net.NetConnection.flowConnect(Unknown Source)
	at org.apache.derby.client.net.NetConnection.<init>(Unknown Source)
	at org.apache.derby.client.net.NetConnection40.<init>(Unknown Source)
	at org.apache.derby.client.net.ClientJDBCObjectFactoryImpl40.newNetConnection(Unknown Source)
	... 36 more
There was 1 failure:
1) testBasic(org.apache.derbyTesting.functionTests.tests.jdbc4.LoginTimeoutTest)junit.framework.AssertionFailedError: Should not have been able to connect!
	at org.apache.derbyTesting.functionTests.tests.jdbc4.LoginTimeoutTest.tryTimeout(LoginTimeoutTest.java:312)
	at org.apache.derbyTesting.functionTests.tests.jdbc4.LoginTimeoutTest.tryTimeout(LoginTimeoutTest.java:302)
	at org.apache.derbyTesting.functionTests.tests.jdbc4.LoginTimeoutTest.vetConnector(LoginTimeoutTest.java:288)
	at org.apache.derbyTesting.functionTests.tests.jdbc4.LoginTimeoutTest.vetServerTimeout(LoginTimeoutTest.java:378)
	at org.apache.derbyTesting.functionTests.tests.jdbc4.LoginTimeoutTest.vetServerTimeouts(LoginTimeoutTest.java:365)
	at org.apache.derbyTesting.functionTests.tests.jdbc4.LoginTimeoutTest.testBasic(LoginTimeoutTest.java:282)
	at sun.reflect.NativeMethodAccessorImpl.invoke0(Native Method)
	at sun.reflect.NativeMethodAccessorImpl.invoke(NativeMethodAccessorImpl.java:60)
	at sun.reflect.DelegatingMethodAccessorImpl.invoke(DelegatingMethodAccessorImpl.java:37)
	at org.apache.derbyTesting.junit.BaseTestCase.runBare(BaseTestCase.java:117)
	at org.apache.derbyTesting.junit.BaseJDBCTestCase.runBareOverridable(BaseJDBCTestCase.java:442)
	at org.apache.derbyTesting.junit.BaseJDBCTestCase.runBare(BaseJDBCTestCase.java:459)
	at junit.extensions.TestDecorator.basicRun(TestDecorator.java:24)
	at junit.extensions.TestSetup$1.protect(TestSetup.java:21)
	at junit.extensions.TestSetup.run(TestSetup.java:25)
	at org.apache.derbyTesting.junit.BaseTestSetup.run(BaseTestSetup.java:57)
	at junit.extensions.TestDecorator.basicRun(TestDecorator.java:24)
	at junit.extensions.TestSetup$1.protect(TestSetup.java:21)
	at junit.extensions.TestSetup.run(TestSetup.java:25)
	at junit.extensions.TestDecorator.basicRun(TestDecorator.java:24)
	at junit.extensions.TestSetup$1.protect(TestSetup.java:21)
	at junit.extensions.TestSetup.run(TestSetup.java:25)
	at junit.extensions.TestDecorator.basicRun(TestDecorator.java:24)
	at junit.extensions.TestSetup$1.protect(TestSetup.java:21)
	at junit.extensions.TestSetup.run(TestSetup.java:25)
	at org.apache.derbyTesting.junit.BaseTestSetup.run(BaseTestSetup.java:57)