During the test run with the 10.10.1.1 (RC2, i.e. build at revision 1458268) candidate I saw the following failure:

2) testInterruptShutdown(org.apache.derbyTesting.functionTests.tests.store.InterruptResilienceTest)junit.framework.ComparisonFailure: Database shutdown expected:<[08006]> but was:<[XBDA0]>
	at org.apache.derbyTesting.junit.BaseJDBCTestCase.assertSQLState(BaseJDBCTestCase.java:853)
	at org.apache.derbyTesting.junit.TestConfiguration.shutdownDatabase(TestConfiguration.java:1801)
	at org.apache.derbyTesting.functionTests.tests.store.InterruptResilienceTest.testInterruptShutdown(InterruptResilienceTest.java:661)
	at sun.reflect.NativeMethodAccessorImpl.invoke0(Native Method)
	at sun.reflect.NativeMethodAccessorImpl.invoke(NativeMethodAccessorImpl.java:79)
	at sun.reflect.DelegatingMethodAccessorImpl.invoke(DelegatingMethodAccessorImpl.java:43)
	at org.apache.derbyTesting.junit.BaseTestCase.runBare(BaseTestCase.java:117)
	at org.apache.derbyTesting.junit.BaseJDBCTestCase.runBareOverridable(BaseJDBCTestCase.java:424)
	at org.apache.derbyTesting.junit.BaseJDBCTestCase.runBare(BaseJDBCTestCase.java:441)
	at junit.extensions.TestDecorator.basicRun(TestDecorator.java:24)
	at junit.extensions.TestSetup$1.protect(TestSetup.java:21)
	at junit.extensions.TestSetup.run(TestSetup.java:25)
	at org.apache.derbyTesting.junit.BaseTestSetup.run(BaseTestSetup.java:57)
	at junit.extensions.TestDecorator.basicRun(TestDecorator.java:24)
	at junit.extensions.TestSetup$1.protect(TestSetup.java:21)
	at junit.extensions.TestSetup.run(TestSetup.java:25)
	at junit.extensions.TestDecorator.basicRun(TestDecorator.java:24)
	at junit.extensions.TestSetup$1.protect(TestSetup.java:21)
	at junit.extensions.TestSetup.run(TestSetup.java:25)
Caused by: java.sql.SQLException: Login timeout exceeded.
	at org.apache.derby.impl.jdbc.SQLExceptionFactory.getSQLException(Unknown Source)
	at org.apache.derby.impl.jdbc.Util.newEmbedSQLException(Unknown Source)
	at org.apache.derby.impl.jdbc.Util.newEmbedSQLException(Unknown Source)
	at org.apache.derby.impl.jdbc.Util.generateCsSQLException(Unknown Source)
	at org.apache.derby.jdbc.Driver20.timeLogin(Unknown Source)
	at org.apache.derby.jdbc.InternalDriver.connect(Unknown Source)
	at org.apache.derby.jdbc.Driver20.connect(Unknown Source)
	at org.apache.derby.jdbc.AutoloadedDriver.connect(Unknown Source)
	at java.sql.DriverManager.getConnection(DriverManager.java:572)
	at java.sql.DriverManager.getConnection(DriverManager.java:165)
	at org.apache.derbyTesting.junit.DriverManagerConnector.getConnectionByAttributes(DriverManagerConnector.java:204)
	at org.apache.derbyTesting.junit.DriverManagerConnector.shutDatabase(DriverManagerConnector.java:157)
	at org.apache.derbyTesting.junit.TestConfiguration.shutdownDatabase(TestConfiguration.java:1798)
	... 40 more

This is after a failure with AutoLoadTest, not sure if that matters...

The test output also showed this:
(emb)store.InterruptResilienceTest.testInterruptBatch used 797 ms .
(emb)store.InterruptResilienceTest.testInterruptShutdown java.io.FileNotFoundException: system\singleUse\oneusef1\tmp (The system cannot find the file specified.)
	at java.io.FileInputStream.open(Native Method)
	at java.io.FileInputStream.<init>(FileInputStream.java:135)
	at org.apache.derbyTesting.functionTests.util.PrivilegedFileOpsForTests.copySingleFile(PrivilegedFileOpsForTests.java:304)
	at org.apache.derbyTesting.functionTests.util.PrivilegedFileOpsForTests.recursiveCopy(PrivilegedFileOpsForTests.java:276)
	at org.apache.derbyTesting.functionTests.util.PrivilegedFileOpsForTests.access$000(PrivilegedFileOpsForTests.java:49)
	at org.apache.derbyTesting.functionTests.util.PrivilegedFileOpsForTests$8.run(PrivilegedFileOpsForTests.java:235)
	at java.security.AccessController.doPrivileged(AccessController.java:241)
	at org.apache.derbyTesting.functionTests.util.PrivilegedFileOpsForTests.copy(PrivilegedFileOpsForTests.java:233)
	at org.apache.derbyTesting.junit.BaseTestCase.runBare(BaseTestCase.java:141)
	at org.apache.derbyTesting.junit.BaseJDBCTestCase.runBareOverridable(BaseJDBCTestCase.java:424)
	at org.apache.derbyTesting.junit.BaseJDBCTestCase.runBare(BaseJDBCTestCase.java:441)
	at junit.framework.TestResult$1.protect(TestResult.java:106)
	at junit.framework.TestResult.runProtected(TestResult.java:124)
	at junit.framework.TestResult.run(TestResult.java:109)
	at junit.framework.TestCase.run(TestCase.java:120)
	at junit.framework.TestSuite.runTest(TestSuite.java:230)
	at junit.framework.TestSuite.run(TestSuite.java:225)
	at junit.extensions.TestDecorator.basicRun(TestDecorator.java:24)
	at junit.extensions.TestSetup$1.protect(TestSetup.java:21)
	at junit.framework.TestResult.runProtected(TestResult.java:124)
	at junit.extensions.TestSetup.run(TestSetup.java:25)
	at org.apache.derbyTesting.junit.BaseTestSetup.run(BaseTestSetup.java:57)
	at junit.extensions.TestDecorator.basicRun(TestDecorator.java:24)
	at junit.extensions.TestSetup$1.protect(TestSetup.java:21)
	at junit.framework.TestResult.runProtected(TestResult.java:124)
	at junit.extensions.TestSetup.run(TestSetup.java:25)
	at junit.extensions.TestDecorator.basicRun(TestDecorator.java:24)
	at junit.extensions.TestSetup$1.protect(TestSetup.java:21)
	at junit.framework.TestResult.runProtected(TestResult.java:124)
	at junit.extensions.TestSetup.run(TestSetup.java:25)
	at junit.framework.TestSuite.runTest(TestSuite.java:230)
	at junit.framework.TestSuite.run(TestSuite.java:225)
	at junit.framework.TestSuite.runTest(TestSuite.java:230)
	at junit.framework.TestSuite.run(TestSuite.java:225)
	at junit.framework.TestSuite.runTest(TestSuite.java:230)
	at junit.framework.TestSuite.run(TestSuite.java:225)
	at junit.framework.TestSuite.runTest(TestSuite.java:230)
	at junit.framework.TestSuite.run(TestSuite.java:225)
	at junit.textui.TestRunner.doRun(TestRunner.java:121)
	at junit.textui.TestRunner.start(TestRunner.java:185)
	at junit.textui.TestRunner.main(TestRunner.java:143)
used 11953 ms F.
(emb)store.InterruptResilienceTest.testCreateDropInterrupted used 2250 ms E.
(net)store.InterruptResilienceTest.testRAFWriteInterrupted used 44094 ms .
