Seen when running "ant junit-all":

    [junit] Running org.apache.derbyTesting.unitTests.junit._Suite
    [junit] Exception in thread "main" java.security.AccessControlException: access denied (java.io.FilePermission /code/derby/trunk0/junit_20101222_2349/junitvmwatcher3394322945027170783.properties write)
    [junit]     at java.security.AccessControlContext.checkPermission(AccessControlContext.java:323)
    [junit]     at java.security.AccessController.checkPermission(AccessController.java:546)
    [junit]     at java.lang.SecurityManager.checkPermission(SecurityManager.java:532)
    [junit]     at java.lang.SecurityManager.checkWrite(SecurityManager.java:962)
    [junit]     at java.io.FileOutputStream.<init>(FileOutputStream.java:169)
    [junit]     at java.io.FileOutputStream.<init>(FileOutputStream.java:70)
    [junit]     at java.io.FileWriter.<init>(FileWriter.java:46)
    [junit]     at org.apache.tools.ant.taskdefs.optional.junit.JUnitTestRunner.registerTestCase(JUnitTestRunner.java:939)
    [junit]     at org.apache.tools.ant.taskdefs.optional.junit.JUnitTestRunner.access$000(JUnitTestRunner.java:68)
    [junit]     at org.apache.tools.ant.taskdefs.optional.junit.JUnitTestRunner$2.startTest(JUnitTestRunner.java:808)
    [junit]     at org.apache.tools.ant.taskdefs.optional.junit.JUnitTestRunner$3.startTest(JUnitTestRunner.java:1004)
    [junit]     at junit.framework.TestResult.startTest(TestResult.java:151)
    [junit]     at junit.framework.TestResult.run(TestResult.java:103)
    [junit]     at junit.framework.TestCase.run(TestCase.java:120)
    [junit]     at junit.framework.TestSuite.runTest(TestSuite.java:230)
    [junit]     at junit.framework.TestSuite.run(TestSuite.java:225)
    [junit]     at junit.framework.TestSuite.runTest(TestSuite.java:230)
    [junit]     at junit.framework.TestSuite.run(TestSuite.java:225)
    [junit]     at org.apache.tools.ant.taskdefs.optional.junit.JUnitTestRunner.run(JUnitTestRunner.java:420)
    [junit]     at org.apache.tools.ant.taskdefs.optional.junit.JUnitTestRunner.launch(JUnitTestRunner.java:911)
    [junit]     at org.apache.tools.ant.taskdefs.optional.junit.JUnitTestRunner.main(JUnitTestRunner.java:768)
    [junit] Running org.apache.derbyTesting.unitTests.junit._Suite
    [junit] Tests run: 1, Failures: 0, Errors: 1, Time elapsed: 0 sec
    [junit] Test org.apache.derbyTesting.unitTests.junit._Suite FAILED (crashed)