see ibm15 trunk testing:
http://people.apache.org/~myrnavl/derby_test_results/main/windows/testlog/ibm15/635136-suites.All_diff.txt
There were 2 failures:
1) testInertTime(org.apache.derbyTesting.functionTests.tests.lang.TimeHandlingTest)junit.framework.AssertionFailedError: expected:<2> but was:<3>
	at org.apache.derbyTesting.functionTests.tests.lang.TimeHandlingTest.assertTimeEqual(TimeHandlingTest.java:927)
	at org.apache.derbyTesting.functionTests.tests.lang.TimeHandlingTest.checkTimeValue(TimeHandlingTest.java:647)
	at org.apache.derbyTesting.functionTests.tests.lang.TimeHandlingTest.testInertTime(TimeHandlingTest.java:208)
	at sun.reflect.NativeMethodAccessorImpl.invoke0(Native Method)
	at sun.reflect.NativeMethodAccessorImpl.invoke(NativeMethodAccessorImpl.java:64)
	at sun.reflect.DelegatingMethodAccessorImpl.invoke(DelegatingMethodAccessorImpl.java:43)
	at <unknown class>.<unknown method>(Unknown Source)
	at org.apache.derbyTesting.junit.BaseTestCase.runBare(BaseTestCase.java:101)
	at junit.extensions.TestDecorator.basicRun(TestDecorator.java:22)
	at junit.extensions.TestSetup$1.protect(TestSetup.java:19)
	at junit.extensions.TestSetup.run(TestSetup.java:23)
	at org.apache.derbyTesting.junit.BaseTestSetup.run(BaseTestSetup.java:57)
2) testInertTime(org.apache.derbyTesting.functionTests.tests.lang.TimeHandlingTest)junit.framework.AssertionFailedError: expected:<2> but was:<3>
	at org.apache.derbyTesting.functionTests.tests.lang.TimeHandlingTest.assertTimeEqual(TimeHandlingTest.java:927)
	at org.apache.derbyTesting.functionTests.tests.lang.TimeHandlingTest.checkTimeValue(TimeHandlingTest.java:647)
	at org.apache.derbyTesting.functionTests.tests.lang.TimeHandlingTest.testInertTime(TimeHandlingTest.java:208)
	at sun.reflect.NativeMethodAccessorImpl.invoke0(Native Method)
	at sun.reflect.NativeMethodAccessorImpl.invoke(NativeMethodAccessorImpl.java:64)
	at sun.reflect.DelegatingMethodAccessorImpl.invoke(DelegatingMethodAccessorImpl.java:43)
	at <unknown class>.<unknown method>(Unknown Source)
	at org.apache.derbyTesting.junit.BaseTestCase.runBare(BaseTestCase.java:101)
	at junit.extensions.TestDecorator.basicRun(TestDecorator.java:22)
	at junit.extensions.TestSetup$1.protect(TestSetup.java:19)
	at junit.extensions.TestSetup.run(TestSetup.java:23)
	at org.apache.derbyTesting.junit.BaseTestSetup.run(BaseTestSetup.java:57)
	at junit.extensions.TestDecorator.basicRun(TestDecorator.java:22)
	at junit.extensions.TestSetup$1.protect(TestSetup.java:19)
	at junit.extensions.TestSetup.run(TestSetup.java:23)
	at junit.extensions.TestDecorator.basicRun(TestDecorator.java:22)
	at junit.extensions.TestSetup$1.protect(TestSetup.java:19)
	at junit.extensions.TestSetup.run(TestSetup.java:23)
	at org.apache.derbyTesting.junit.BaseTestSetup.run(BaseTestSetup.java:57)

FAILURES!!!
Tests run: 8740,  Failures: 2,  Errors: 6

Also failed on j2me testing:
http://people.apache.org/~myrnavl/derby_test_results/main/windows/testlog/weme6.1/635136-suites.All_diff.txt

There were 2 failures:
1) testInertTime(org.apache.derbyTesting.functionTests.tests.lang.TimeHandlingTest)junit.framework.AssertionFailedError: expected:<2> but was:<3>
	at org.apache.derbyTesting.functionTests.tests.lang.TimeHandlingTest.assertTimeEqual(TimeHandlingTest.java:927)
	at org.apache.derbyTesting.functionTests.tests.lang.TimeHandlingTest.checkTimeValue(TimeHandlingTest.java:647)
	at org.apache.derbyTesting.functionTests.tests.lang.TimeHandlingTest.testInertTime(TimeHandlingTest.java:208)
	at sun.reflect.NativeMethodAccessorImpl.invoke0(Native Method)
	at sun.reflect.NativeMethodAccessorImpl.invoke(NativeMethodAccessorImpl.java:64)
	at sun.reflect.DelegatingMethodAccessorImpl.invoke(DelegatingMethodAccessorImpl.java:43)
	at <unknown class>.<unknown method>(Unknown Source)
	at org.apache.derbyTesting.junit.BaseTestCase.runBare(BaseTestCase.java:101)
	at junit.extensions.TestDecorator.basicRun(TestDecorator.java:22)
	at junit.extensions.TestSetup$1.protect(TestSetup.java:19)
	at junit.extensions.TestSetup.run(TestSetup.java:23)
	at org.apache.derbyTesting.junit.BaseTestSetup.run(BaseTestSetup.java:57)
2) testInertTime(org.apache.derbyTesting.functionTests.tests.lang.TimeHandlingTest)junit.framework.AssertionFailedError: expected:<2> but was:<3>
	at org.apache.derbyTesting.functionTests.tests.lang.TimeHandlingTest.assertTimeEqual(TimeHandlingTest.java:927)
	at org.apache.derbyTesting.functionTests.tests.lang.TimeHandlingTest.checkTimeValue(TimeHandlingTest.java:647)
	at org.apache.derbyTesting.functionTests.tests.lang.TimeHandlingTest.testInertTime(TimeHandlingTest.java:208)
	at sun.reflect.NativeMethodAccessorImpl.invoke0(Native Method)
	at sun.reflect.NativeMethodAccessorImpl.invoke(NativeMethodAccessorImpl.java:64)
	at sun.reflect.DelegatingMethodAccessorImpl.invoke(DelegatingMethodAccessorImpl.java:43)
	at <unknown class>.<unknown method>(Unknown Source)
	at org.apache.derbyTesting.junit.BaseTestCase.runBare(BaseTestCase.java:101)
	at junit.extensions.TestDecorator.basicRun(TestDecorator.java:22)
	at junit.extensions.TestSetup$1.protect(TestSetup.java:19)
	at junit.extensions.TestSetup.run(TestSetup.java:23)
	at org.apache.derbyTesting.junit.BaseTestSetup.run(BaseTestSetup.java:57)
	at junit.extensions.TestDecorator.basicRun(TestDecorator.java:22)
	at junit.extensions.TestSetup$1.protect(TestSetup.java:19)
	at junit.extensions.TestSetup.run(TestSetup.java:23)
	at junit.extensions.TestDecorator.basicRun(TestDecorator.java:22)
	at junit.extensions.TestSetup$1.protect(TestSetup.java:19)
	at junit.extensions.TestSetup.run(TestSetup.java:23)
	at org.apache.derbyTesting.junit.BaseTestSetup.run(BaseTestSetup.java:57)

FAILURES!!!
Tests run: 8740,  Failures: 2,  Errors: 6