After checking out the project from svn and running "ant compile test" I noticed that three unit tests are failing:

    [junit] Test org.apache.mahout.clustering.canopy.TestCanopyCreation FAILED
    [junit] Testcase: testKMeansMRJob(org.apache.mahout.clustering.kmeans.TestKmeansClustering):	FAILED
    [junit] Test org.apache.mahout.clustering.kmeans.TestKmeansClustering FAILED

Isabel