http://jenkins.thetaphi.de/job/Lucene-Solr-trunk-Windows/3019/

java.lang.AssertionError: Test failed on pass [8]
        at __randomizedtesting.SeedInfo.seed([B5A6D867604C87FD:4507EE6E6781C3B1]:0)
        at org.junit.Assert.fail(Assert.java:93)
        at org.apache.solr.store.blockcache.BlockDirectoryTest.testRandomAccessWrites(BlockDirectoryTest.java:163)



   [junit4]   2> java.lang.IllegalArgumentException: n must be positive
   [junit4]   2>        at java.util.Random.nextInt(Random.java:300)

NOTE: reproduce with: ant test  -Dtestcase=BlockDirectoryTest -Dtests.method=testRandomAccessWrites -Dtests.seed=B5A6D867604C87FD -Dtests.slow=true -Dtests.locale=hi_IN -Dtests.timezone=PST8PDT -Dtests.file.encoding=US-ASCII