Two very similar looking failures pop up frequently, but not always together...


REGRESSION:  org.apache.solr.update.processor.SignatureUpdateProcessorFactoryTest.testMultiThreaded

Error Message:
expected:<1> but was:<2>

Stack Trace:
java.lang.AssertionError: expected:<1> but was:<2>
	at __randomizedtesting.SeedInfo.seed([791041A112471F1D:18859B41FA9615EB]:0)
	at org.junit.Assert.fail(Assert.java:93)
	at org.junit.Assert.failNotEquals(Assert.java:647)
	at org.junit.Assert.assertEquals(Assert.java:128)
	at org.junit.Assert.assertEquals(Assert.java:472)
	at org.junit.Assert.assertEquals(Assert.java:456)
	at org.apache.solr.update.processor.SignatureUpdateProcessorFactoryTest.checkNumDocs(SignatureUpdateProcessorFactoryTest.java:71)
	at org.apache.solr.update.processor.SignatureUpdateProcessorFactoryTest.testMultiThreaded(SignatureUpdateProcessorFactoryTest.java:222)




REGRESSION:  org.apache.solr.update.processor.SignatureUpdateProcessorFactoryTest.testDupeDetection

Error Message:
expected:<1> but was:<2>

Stack Trace:
java.lang.AssertionError: expected:<1> but was:<2>
	at __randomizedtesting.SeedInfo.seed([16A8922439B48E61:4D9869EC3AF32D1D]:0)
	at org.junit.Assert.fail(Assert.java:93)
	at org.junit.Assert.failNotEquals(Assert.java:647)
	at org.junit.Assert.assertEquals(Assert.java:128)
	at org.junit.Assert.assertEquals(Assert.java:472)
	at org.junit.Assert.assertEquals(Assert.java:456)
	at org.apache.solr.update.processor.SignatureUpdateProcessorFactoryTest.checkNumDocs(SignatureUpdateProcessorFactoryTest.java:71)
	at org.apache.solr.update.processor.SignatureUpdateProcessorFactoryTest.testDupeDetection(SignatureUpdateProcessorFactoryTest.java:119)


