<!-- 
RSS generated by JIRA (6.3.4#6332-sha1:51bc225ef474afe3128b2f66878477f322397b16) at Sun May 17 05:50:25 UTC 2015

It is possible to restrict the fields that are returned in this document by specifying the 'field' parameter in your request.
For example, to request only the issue key and summary add field=key&field=summary to the URL of your request.
For example:
https://issues.apache.org/jira/si/jira.issueviews:issue-xml/ZOOKEEPER-420/ZOOKEEPER-420.xml?field=key&amp;field=summary
-->
<rss version="0.92" >
<channel>
    <title>ASF JIRA</title>
    <link>https://issues.apache.org/jira</link>
    <description>This file is an XML representation of an issue</description>
    <language>en-uk</language>    <build-info>
        <version>6.3.4</version>
        <build-number>6332</build-number>
        <build-date>15-08-2014</build-date>
    </build-info>

<item>
            <title>[ZOOKEEPER-420] build/test should not require install in zkpython</title>
                <link>https://issues.apache.org/jira/browse/ZOOKEEPER-420</link>
                <project id="12310801" key="ZOOKEEPER">ZooKeeper</project>
                    <description>&lt;p&gt;Currently you cannot just build and test the zkpython contrib, you need to actually install the zookeeper client c library as well&lt;br/&gt;
as the zkpython lib itself.&lt;/p&gt;

&lt;p&gt;There really needs to be 2 steps:&lt;/p&gt;

&lt;p&gt;1) build/test zkpython &quot;encapsulated&quot; within the src repository, there should be no requirement to actually install anything&lt;br/&gt;
(this is esp the case for automated processes and for review by PMC during release time for example)&lt;br/&gt;
2) build an egg that can be distributed/installed by end user&lt;/p&gt;</description>
                <environment></environment>
        <key id="12426613">ZOOKEEPER-420</key>
            <summary>build/test should not require install in zkpython</summary>
                <type id="1" iconUrl="https://issues.apache.org/jira/images/icons/issuetypes/bug.png">Bug</type>
                                            <priority id="3" iconUrl="https://issues.apache.org/jira/images/icons/priorities/major.png">Major</priority>
                        <status id="6" iconUrl="https://issues.apache.org/jira/images/icons/statuses/closed.png" description="The issue is considered finished, the resolution is correct. Issues which are closed can be reopened.">Closed</status>
                    <statusCategory id="3" key="done" colorName="green"/>
                                    <resolution id="1">Fixed</resolution>
                                        <assignee username="henryr">Henry Robinson</assignee>
                                    <reporter username="phunt">Patrick Hunt</reporter>
                        <labels>
                    </labels>
                <created>Thu, 28 May 2009 19:36:00 +0100</created>
                <updated>Fri, 26 Mar 2010 17:24:54 +0000</updated>
                            <resolved>Thu, 1 Oct 2009 22:38:07 +0100</resolved>
                                                    <fixVersion>3.2.2</fixVersion>
                    <fixVersion>3.3.0</fixVersion>
                                    <component>contrib-bindings</component>
                        <due></due>
                            <votes>0</votes>
                                    <watches>3</watches>
                                                                <comments>
                            <comment id="12717673" author="henryr" created="Tue, 9 Jun 2009 14:46:24 +0100"  >&lt;p&gt;Here&apos;s a strawman patch (not yet ready for submission) which illustrates a point.&lt;/p&gt;

&lt;p&gt;In order to encapsulate zkpython completely, the C libraries need to be built somewhere in the encapsulated tree. From looking at the ant dependency graph (I attached a copy of the graph for interest &lt;img class=&quot;emoticon&quot; src=&quot;https://issues.apache.org/jira/images/icons/emoticons/smile.gif&quot; height=&quot;16&quot; width=&quot;16&quot; align=&quot;absmiddle&quot; alt=&quot;&quot; border=&quot;0&quot;/&gt; ) and experimenting it seems that test-cppunit is the only target which makes sure that they are built, and it places them in build/test/test-cppunit. &lt;/p&gt;

&lt;p&gt;In this patch, Python will try and link the zookeeper module against those libraries first, before looking for /usr/local/lib. However this then introduces a dependency between zkpython and the C tests (which I can&apos;t build on my Mac, due to an unsupported ld option), which I&apos;d rather avoid. If there were a separate ant target for building the C libraries (seems like there should be - maybe I&apos;ve missed it?) then I can make zkpython test target depend on that.&lt;/p&gt;

&lt;p&gt;I don&apos;t know the C infrastructure well enough to hack on this without confirmation that this is the right thing to do, but will happily separate out the targets if it is. &lt;/p&gt;

&lt;p&gt;It seems like this is probably related to &lt;a href=&quot;https://issues.apache.org/jira/browse/ZOOKEEPER-316&quot; title=&quot;configure option --without-cppunit does not work&quot; class=&quot;issue-link&quot; data-issue-key=&quot;ZOOKEEPER-316&quot;&gt;ZOOKEEPER-316&lt;/a&gt; as well?&lt;/p&gt;</comment>
                            <comment id="12758486" author="phunt" created="Wed, 23 Sep 2009 00:26:16 +0100"  >&lt;p&gt;It would be great if we could address this in 3.3.0&lt;/p&gt;</comment>
                            <comment id="12758796" author="henryr" created="Wed, 23 Sep 2009 18:48:39 +0100"  >&lt;p&gt;Here&apos;s a patch which fixes some of the issues with testing.&lt;/p&gt;

&lt;p&gt;1. compiling the extension now looks for C libraries in src/c/.libs before /usr/local/lib, so should be able to link without having installed the C libraries (but they must still have been built, and I still don&apos;t know if there&apos;s an ant target I should depend on for that)&lt;br/&gt;
2. Running the tests now adds build/contrib/zkpython/&lt;span class=&quot;error&quot;&gt;&amp;#91;libdir&amp;#93;&lt;/span&gt; to PYTHONPATH, so zookeeper.so will get picked up there if it exists.&lt;br/&gt;
3. Similarly, src/c/.libs gets added to both LD_LIBRARY_PATH and DYLD_LIBRARY_PATH (mac os equivalent) when the tests are run, so &apos;import zookeeper&apos; should succeed. &lt;/p&gt;

&lt;p&gt;I&apos;m looking into how to bundle a C library with a Python egg so that zkpython is distributable standalone. This is a separate issue, though. &lt;/p&gt;</comment>
                            <comment id="12758806" author="phunt" created="Wed, 23 Sep 2009 19:07:46 +0100"  >&lt;p&gt;Henry, this sounds good, however you need one more path for 1) &amp;amp; 3)&lt;/p&gt;

&lt;p&gt;If the user types &quot;ant test&quot; from the toplevel build, all the java/c code will be compiled/tested. If the user then&lt;br/&gt;
cd&apos;s into src/contrib/zkpython and types &quot;ant test&quot; it will fail. The reason is that the c code is compiled&lt;br/&gt;
into the build directory (build/test/test-cppunit/.libs) rather than src/c/.libs when the &quot;ant test&quot; target is run.&lt;/p&gt;

&lt;p&gt;Re ensuring the lib is built - you might take a look at what&apos;s done for ensuring that the java classes are build for &lt;br/&gt;
contribs like the &quot;rest&quot; contrib. You could do similar for zkpython but for the c lib (might be more trouble than it&apos;s worth though).&lt;/p&gt;

&lt;p&gt;Perhaps I missed it, but you should mention the PYTHONPATH in the readme (docs). I was trying LD_LIBRARY_PATH and&lt;br/&gt;
was suprised that python interp couldn&apos;t find the zookeeper.so, eventually I just gave up and copied the file. If I would&lt;br/&gt;
have know about PP it would have helped.&lt;/p&gt;</comment>
                            <comment id="12759162" author="henryr" created="Thu, 24 Sep 2009 17:18:31 +0100"  >&lt;p&gt;Added that directory (note, not tested because I still can&apos;t build the C tests on my Mac) and updated the README.&lt;/p&gt;</comment>
                            <comment id="12759352" author="mahadev" created="Fri, 25 Sep 2009 02:25:16 +0100"  >&lt;p&gt;henry I tried the patch but I still get the error:&lt;/p&gt;

&lt;p&gt;python-test:&lt;br/&gt;
     &lt;span class=&quot;error&quot;&gt;&amp;#91;exec&amp;#93;&lt;/span&gt; dirname: too few arguments&lt;br/&gt;
     &lt;span class=&quot;error&quot;&gt;&amp;#91;exec&amp;#93;&lt;/span&gt; Try `dirname --help&apos; for more information.&lt;br/&gt;
     &lt;span class=&quot;error&quot;&gt;&amp;#91;exec&amp;#93;&lt;/span&gt; Running src/test/clientid_test.py&lt;br/&gt;
     &lt;span class=&quot;error&quot;&gt;&amp;#91;exec&amp;#93;&lt;/span&gt; Traceback (most recent call last):&lt;br/&gt;
     &lt;span class=&quot;error&quot;&gt;&amp;#91;exec&amp;#93;&lt;/span&gt;   File &quot;src/test/clientid_test.py&quot;, line 21, in ?&lt;br/&gt;
     &lt;span class=&quot;error&quot;&gt;&amp;#91;exec&amp;#93;&lt;/span&gt;     import zookeeper, zktestbase&lt;br/&gt;
     &lt;span class=&quot;error&quot;&gt;&amp;#91;exec&amp;#93;&lt;/span&gt; ImportError: No module named zookeeper&lt;br/&gt;
     &lt;span class=&quot;error&quot;&gt;&amp;#91;exec&amp;#93;&lt;/span&gt; Running src/test/connection_test.py&lt;br/&gt;
     &lt;span class=&quot;error&quot;&gt;&amp;#91;exec&amp;#93;&lt;/span&gt; Traceback (most recent call last):&lt;br/&gt;
     &lt;span class=&quot;error&quot;&gt;&amp;#91;exec&amp;#93;&lt;/span&gt;   File &quot;src/test/connection_test.py&quot;, line 21, in ?&lt;br/&gt;
     &lt;span class=&quot;error&quot;&gt;&amp;#91;exec&amp;#93;&lt;/span&gt;     import zookeeper, zktestbase&lt;br/&gt;
     &lt;span class=&quot;error&quot;&gt;&amp;#91;exec&amp;#93;&lt;/span&gt; ImportError: No module named zookeeper&lt;br/&gt;
     &lt;span class=&quot;error&quot;&gt;&amp;#91;exec&amp;#93;&lt;/span&gt; Running src/test/create_test.py&lt;br/&gt;
     &lt;span class=&quot;error&quot;&gt;&amp;#91;exec&amp;#93;&lt;/span&gt; Traceback (most recent call last):&lt;br/&gt;
     &lt;span class=&quot;error&quot;&gt;&amp;#91;exec&amp;#93;&lt;/span&gt;   File &quot;src/test/create_test.py&quot;, line 19, in ?&lt;br/&gt;
     &lt;span class=&quot;error&quot;&gt;&amp;#91;exec&amp;#93;&lt;/span&gt;     import zookeeper, zktestbase, unittest, threading&lt;br/&gt;
     &lt;span class=&quot;error&quot;&gt;&amp;#91;exec&amp;#93;&lt;/span&gt; ImportError: No module named zookeeper&lt;br/&gt;
     &lt;span class=&quot;error&quot;&gt;&amp;#91;exec&amp;#93;&lt;/span&gt; Running src/test/delete_test.py&lt;br/&gt;
     &lt;span class=&quot;error&quot;&gt;&amp;#91;exec&amp;#93;&lt;/span&gt; Traceback (most recent call last):&lt;br/&gt;
     &lt;span class=&quot;error&quot;&gt;&amp;#91;exec&amp;#93;&lt;/span&gt;   File &quot;src/test/delete_test.py&quot;, line 19, in ?&lt;br/&gt;
     &lt;span class=&quot;error&quot;&gt;&amp;#91;exec&amp;#93;&lt;/span&gt;     import zookeeper, zktestbase, unittest, threading&lt;br/&gt;
     &lt;span class=&quot;error&quot;&gt;&amp;#91;exec&amp;#93;&lt;/span&gt; ImportError: No module named zookeeper&lt;br/&gt;
     &lt;span class=&quot;error&quot;&gt;&amp;#91;exec&amp;#93;&lt;/span&gt; Running src/test/exists_test.py&lt;br/&gt;
     &lt;span class=&quot;error&quot;&gt;&amp;#91;exec&amp;#93;&lt;/span&gt; Traceback (most recent call last):&lt;br/&gt;
     &lt;span class=&quot;error&quot;&gt;&amp;#91;exec&amp;#93;&lt;/span&gt;   File &quot;src/test/exists_test.py&quot;, line 19, in ?&lt;br/&gt;
     &lt;span class=&quot;error&quot;&gt;&amp;#91;exec&amp;#93;&lt;/span&gt;     import zookeeper, zktestbase, unittest, threading&lt;br/&gt;
     &lt;span class=&quot;error&quot;&gt;&amp;#91;exec&amp;#93;&lt;/span&gt; ImportError: No module named zookeeper&lt;br/&gt;
     &lt;span class=&quot;error&quot;&gt;&amp;#91;exec&amp;#93;&lt;/span&gt; Running src/test/get_set_test.py&lt;br/&gt;
     &lt;span class=&quot;error&quot;&gt;&amp;#91;exec&amp;#93;&lt;/span&gt; Traceback (most recent call last):&lt;br/&gt;
     &lt;span class=&quot;error&quot;&gt;&amp;#91;exec&amp;#93;&lt;/span&gt;   File &quot;src/test/get_set_test.py&quot;, line 19, in ?&lt;br/&gt;
     &lt;span class=&quot;error&quot;&gt;&amp;#91;exec&amp;#93;&lt;/span&gt;     import zookeeper, zktestbase, unittest, threading&lt;br/&gt;
     &lt;span class=&quot;error&quot;&gt;&amp;#91;exec&amp;#93;&lt;/span&gt; ImportError: No module named zookeeper&lt;/p&gt;

&lt;p&gt;These are steps I run the tests in -&lt;/p&gt;
&lt;ol&gt;
	&lt;li&gt;ant test-core-cppunit&lt;/li&gt;
	&lt;li&gt;cd src/contrib&lt;/li&gt;
	&lt;li&gt;ant test&lt;/li&gt;
&lt;/ol&gt;


&lt;p&gt;and I get the above error. I can help debug if you do not have access to a linux machine. Let me know.&lt;/p&gt;</comment>
                            <comment id="12759378" author="mahadev" created="Fri, 25 Sep 2009 06:08:46 +0100"  >&lt;p&gt;I was trying to debug this on my linux machine&lt;br/&gt;
Looks like you have to run ant compile before running ant test. It would be better if ant test depends on compile target.&lt;/p&gt;

&lt;p&gt;While debugging I saw that PYTHONPATH was set to the library directory, that contained zookeeper.so (tried echoing PYTHONPATH and it points to the correct directory). So I am not sure why the tests are not able find the zookeeper module. Any suggestions?&lt;/p&gt;</comment>
                            <comment id="12759423" author="henryr" created="Fri, 25 Sep 2009 08:47:27 +0100"  >&lt;p&gt;Hi Mahadev - &lt;/p&gt;

&lt;p&gt;Thanks for helping out with this. I&apos;ve added the compile dependency, and also fixed the &quot;dirname: too few arguments&quot; problem that you get if you try to manually run the tests without having run ant compile. &lt;/p&gt;

&lt;p&gt;For the last problem - could you add this line to run_tests.sh after the PYTHONPATH is set?&lt;/p&gt;

&lt;p&gt;python -c &quot;import sys; print sys.path&quot;&lt;/p&gt;

&lt;p&gt;I get:&lt;/p&gt;

&lt;p&gt;&lt;span class=&quot;error&quot;&gt;&amp;#91;&amp;#39;&amp;#39;, &amp;#39;/Library/Python/2.5/site-packages/virtualenv-1.3.3-py2.5.egg&amp;#39;, &amp;#39;/Library/Python/2.5/site-packages/simplejson-2.0.9-py2.5-macosx-10.5-i386.egg&amp;#39;, &amp;#39;/Users/henry/src/cloudera/apache-zookeeper/build/contrib/zkpython/lib.macosx-10.5-i386-2.5&amp;#39;, &amp;#39;/System/Library/Frameworks/Python.framework/Versions/2.5/lib/python25.zip&amp;#39;, &amp;#39;/System/Library/Frameworks/Python.framework/Versions/2.5/lib/python2.5&amp;#39;, &amp;#39;/System/Library/Frameworks/Python.framework/Versions/2.5/lib/python2.5/plat-darwin&amp;#39;, &amp;#39;/System/Library/Frameworks/Python.framework/Versions/2.5/lib/python2.5/plat-mac&amp;#39;, &amp;#39;/System/Library/Frameworks/Python.framework/Versions/2.5/lib/python2.5/plat-mac/lib-scriptpackages&amp;#39;, &amp;#39;/System/Library/Frameworks/Python.framework/Versions/2.5/Extras/lib/python&amp;#39;, &amp;#39;/System/Library/Frameworks/Python.framework/Versions/2.5/lib/python2.5/lib-tk&amp;#39;, &amp;#39;/System/Library/Frameworks/Python.framework/Versions/2.5/lib/python2.5/lib-dynload&amp;#39;, &amp;#39;/Library/Python/2.5/site-packages&amp;#39;, &amp;#39;/System/Library/Frameworks/Python.framework/Versions/2.5/Extras/lib/python/PyObjC&amp;#39;&amp;#93;&lt;/span&gt;&lt;/p&gt;

&lt;p&gt;The third directory is the one that the script should have found for the .so file on my machine. Do you see the PYTHONPATH directory in the list you get?&lt;/p&gt;

</comment>
                            <comment id="12759629" author="mahadev" created="Fri, 25 Sep 2009 18:09:15 +0100"  >&lt;p&gt;Ok here is a patch that works. I was stupid enough not to see it... PYTHONPATH was being assigned out of the scope of the python script.&lt;/p&gt;

&lt;p&gt;also, I still think ant test should be dependent on compile.no?&lt;/p&gt;

&lt;p&gt;also, there is another problem, the tests wont work with ant test being called from the src/contrib directory. We might want to fix that as well..&lt;/p&gt;</comment>
                            <comment id="12759632" author="phunt" created="Fri, 25 Sep 2009 18:18:31 +0100"  >&lt;p&gt;This updated patch fixes the problem on my machine (ubuntu)&lt;/p&gt;

&lt;p&gt;Henry, you were just missing the &quot;export&quot; for PYTHONPATH (or just put it on the command line for python as I&apos;ve done in this patch)&lt;/p&gt;

&lt;p&gt;I also added compile as a dependency for test (took me a bit to figure out the test was failing because I failed to compile before test, now that won&apos;t happen)&lt;/p&gt;</comment>
                            <comment id="12761349" author="hadoopqa" created="Thu, 1 Oct 2009 22:25:06 +0100"  >&lt;p&gt;+1 overall.  Here are the results of testing the latest attachment &lt;br/&gt;
  &lt;a href=&quot;http://issues.apache.org/jira/secure/attachment/12420574/ZOOKEEPER-420.patch&quot; class=&quot;external-link&quot; rel=&quot;nofollow&quot;&gt;http://issues.apache.org/jira/secure/attachment/12420574/ZOOKEEPER-420.patch&lt;/a&gt;&lt;br/&gt;
  against trunk revision 818584.&lt;/p&gt;

&lt;p&gt;    +1 @author.  The patch does not contain any @author tags.&lt;/p&gt;

&lt;p&gt;    +1 tests included.  The patch appears to include 5 new or modified tests.&lt;/p&gt;

&lt;p&gt;    +1 javadoc.  The javadoc tool did not generate any warning messages.&lt;/p&gt;

&lt;p&gt;    +1 javac.  The applied patch does not increase the total number of javac compiler warnings.&lt;/p&gt;

&lt;p&gt;    +1 findbugs.  The patch does not introduce any new Findbugs warnings.&lt;/p&gt;

&lt;p&gt;    +1 release audit.  The applied patch does not increase the total number of release audit warnings.&lt;/p&gt;

&lt;p&gt;    +1 core tests.  The patch passed core unit tests.&lt;/p&gt;

&lt;p&gt;    +1 contrib tests.  The patch passed contrib unit tests.&lt;/p&gt;

&lt;p&gt;Test results: &lt;a href=&quot;http://hudson.zones.apache.org/hudson/job/Zookeeper-Patch-h7.grid.sp2.yahoo.net/0/testReport/&quot; class=&quot;external-link&quot; rel=&quot;nofollow&quot;&gt;http://hudson.zones.apache.org/hudson/job/Zookeeper-Patch-h7.grid.sp2.yahoo.net/0/testReport/&lt;/a&gt;&lt;br/&gt;
Findbugs warnings: &lt;a href=&quot;http://hudson.zones.apache.org/hudson/job/Zookeeper-Patch-h7.grid.sp2.yahoo.net/0/artifact/trunk/build/test/findbugs/newPatchFindbugsWarnings.html&quot; class=&quot;external-link&quot; rel=&quot;nofollow&quot;&gt;http://hudson.zones.apache.org/hudson/job/Zookeeper-Patch-h7.grid.sp2.yahoo.net/0/artifact/trunk/build/test/findbugs/newPatchFindbugsWarnings.html&lt;/a&gt;&lt;br/&gt;
Console output: &lt;a href=&quot;http://hudson.zones.apache.org/hudson/job/Zookeeper-Patch-h7.grid.sp2.yahoo.net/0/console&quot; class=&quot;external-link&quot; rel=&quot;nofollow&quot;&gt;http://hudson.zones.apache.org/hudson/job/Zookeeper-Patch-h7.grid.sp2.yahoo.net/0/console&lt;/a&gt;&lt;/p&gt;

&lt;p&gt;This message is automatically generated.&lt;/p&gt;</comment>
                            <comment id="12761354" author="phunt" created="Thu, 1 Oct 2009 22:38:07 +0100"  >&lt;p&gt;Looks good, thanks Henry!&lt;/p&gt;</comment>
                            <comment id="12761536" author="hudson" created="Fri, 2 Oct 2009 12:00:02 +0100"  >&lt;p&gt;Integrated in ZooKeeper-trunk #485 (See &lt;a href=&quot;http://hudson.zones.apache.org/hudson/job/ZooKeeper-trunk/485/&quot; class=&quot;external-link&quot; rel=&quot;nofollow&quot;&gt;http://hudson.zones.apache.org/hudson/job/ZooKeeper-trunk/485/&lt;/a&gt;)&lt;br/&gt;
    . build/test should not require install in zkpython&lt;/p&gt;</comment>
                    </comments>
                    <attachments>
                            <attachment id="12420574" name="ZOOKEEPER-420.patch" size="3234" author="phunt" created="Fri, 25 Sep 2009 18:18:31 +0100"/>
                            <attachment id="12420573" name="ZOOKEEPER-420.patch" size="2682" author="mahadev" created="Fri, 25 Sep 2009 18:09:15 +0100"/>
                            <attachment id="12420468" name="ZOOKEEPER-420.patch" size="2676" author="henryr" created="Thu, 24 Sep 2009 17:18:31 +0100"/>
                            <attachment id="12420391" name="ZOOKEEPER-420.patch" size="1605" author="henryr" created="Wed, 23 Sep 2009 18:48:39 +0100"/>
                            <attachment id="12410222" name="ZOOKEEPER-420.patch" size="1513" author="henryr" created="Tue, 9 Jun 2009 14:34:01 +0100"/>
                            <attachment id="12410223" name="build.jpg" size="501824" author="henryr" created="Tue, 9 Jun 2009 14:35:06 +0100"/>
                    </attachments>
                <subtasks>
                    </subtasks>
                <customfields>
                                                <customfield id="customfield_12310310" key="com.atlassian.jira.toolkit:attachments">
                        <customfieldname>Attachment count</customfieldname>
                        <customfieldvalues>
                            <customfieldvalue>6.0</customfieldvalue>
                        </customfieldvalues>
                    </customfield>
                                                                                                                                                                                                                                                                                                                                                                                                                                                                                                                                                            <customfield id="customfield_12310220" key="com.atlassian.jira.ext.charting:firstresponsedate">
                        <customfieldname>Date of First Response</customfieldname>
                        <customfieldvalues>
                            <customfieldvalue>Tue, 9 Jun 2009 13:46:24 +0000</customfieldvalue>

                        </customfieldvalues>
                    </customfield>
                                                                                                                                                                                                                                                                                                                                                                                                                <customfield id="customfield_12310420" key="com.pyxis.greenhopper.jira:gh-global-rank">
                        <customfieldname>Global Rank</customfieldname>
                        <customfieldvalues>
                            <customfieldvalue>47831</customfieldvalue>
                        </customfieldvalues>
                    </customfield>
                                                                <customfield id="customfield_12310191" key="com.atlassian.jira.plugin.system.customfieldtypes:multicheckboxes">
                        <customfieldname>Hadoop Flags</customfieldname>
                        <customfieldvalues>
                                <customfieldvalue key="10343"><![CDATA[Reviewed]]></customfieldvalue>
    
                        </customfieldvalues>
                    </customfield>
                                                                                                                                                    <customfield id="customfield_12311820" key="com.pyxis.greenhopper.jira:gh-lexo-rank">
                        <customfieldname>Rank</customfieldname>
                        <customfieldvalues>
                            <customfieldvalue>2|hxzvhr:</customfieldvalue>

                        </customfieldvalues>
                    </customfield>
                                                                <customfield id="customfield_12310920" key="com.pyxis.greenhopper.jira:gh-global-rank">
                        <customfieldname>Rank (Obsolete)</customfieldname>
                        <customfieldvalues>
                            <customfieldvalue>33086</customfieldvalue>
                        </customfieldvalues>
                    </customfield>
                                                                                                                                                                                                                                                                                                <customfield id="customfield_12310222" key="com.atlassian.jira.ext.charting:timeinstatus">
                        <customfieldname>Time in Status</customfieldname>
                        <customfieldvalues>
                            
                        </customfieldvalues>
                    </customfield>
                                                                </customfields>
    </item>
</channel>
</rss>