testDefaultCollation(org.apache.derbyTesting.functionTests.tests.lang.CollationTest2) failed:
java.sql.SQLException: Import error on line 7 of file extinout\names.dat: Read endOfFile at unexpected place on line 7. 
	at org.apache.derby.impl.jdbc.SQLExceptionFactory.getSQLException(SQLExceptionFactory.java:45)
	at org.apache.derby.impl.jdbc.Util.newEmbedSQLException(Util.java:88)
	at org.apache.derby.impl.jdbc.Util.seeNextException(Util.java:224)
	at org.apache.derby.impl.jdbc.TransactionResourceImpl.wrapInSQLException(TransactionResourceImpl.java:398)
	at org.apache.derby.impl.jdbc.TransactionResourceImpl.handleException(TransactionResourceImpl.java:346)
	at org.apache.derby.impl.jdbc.EmbedConnection.handleException(EmbedConnection.java:1572)
	at org.apache.derby.impl.jdbc.ConnectionChild.handleException(ConnectionChild.java:81)
	at org.apache.derby.impl.jdbc.EmbedStatement.executeStatement(EmbedStatement.java:1315)
	at org.apache.derby.impl.jdbc.EmbedPreparedStatement.executeStatement(EmbedPreparedStatement.java:1649)
	at org.apache.derby.impl.jdbc.EmbedCallableStatement.executeStatement(EmbedCallableStatement.java:116)
	at org.apache.derby.impl.jdbc.EmbedPreparedStatement.executeUpdate(EmbedPreparedStatement.java:299)
	at org.apache.derbyTesting.functionTests.tests.lang.CollationTest2.doImportTable(CollationTest2.java:694)
	at org.apache.derbyTesting.functionTests.tests.lang.CollationTest2.runBulkInsert(CollationTest2.java:1696)
	at org.apache.derbyTesting.functionTests.tests.lang.CollationTest2.runTestIter(CollationTest2.java:2031)
	at org.apache.derbyTesting.functionTests.tests.lang.CollationTest2.testDefaultCollation(CollationTest2.java:2053)
	at java.lang.reflect.AccessibleObject.invokeV(AccessibleObject.java:205)
	at java.lang.reflect.Method.invoke(Method.java:253)
	at junit.framework.TestCase.runTest(TestCase.java:154)
	at junit.framework.TestCase.runBare(TestCase.java:127)
	at org.apache.derbyTesting.junit.BaseTestCase.runBare(BaseTestCase.java:95)
	at junit.framework.TestResult$1.protect(TestResult.java:106)
	at junit.framework.TestResult.runProtected(TestResult.java:124)
	at junit.framework.TestResult.run(TestResult.java:109)
	at junit.framework.TestCase.run(TestCase.java:118)
	at junit.framework.TestSuite.runTest(TestSuite.java:208)
	at junit.framework.TestSuite.run(TestSuite.java:203)
	at junit.extensions.TestDecorator.basicRun(TestDecorator.java:22)
	at junit.extensions.TestSetup$1.protect(TestSetup.java:19)
	at junit.framework.TestResult.runProtected(TestResult.java:124)
	at junit.extensions.TestSetup.run(TestSetup.java:23)
	at junit.extensions.TestDecorator.basicRun(TestDecorator.java:22)
	at junit.extensions.TestSetup$1.protect(TestSetup.java:19)
	at junit.framework.TestResult.runProtected(TestResult.java:124)
	at junit.extensions.TestSetup.run(TestSetup.java:23)
	at org.apache.derbyTesting.junit.BaseTestSetup.run(BaseTestSetup.java:57)
	at junit.extensions.TestDecorator.basicRun(TestDecorator.java:22)
	at junit.extensions.TestSetup$1.protect(TestSetup.java:19)
	at junit.framework.TestResult.runProtected(TestResult.java:124)
	at junit.extensions.TestSetup.run(TestSetup.java:23)
	at junit.extensions.TestDecorator.basicRun(TestDecorator.java:22)
	at junit.extensions.TestSetup$1.protect(TestSetup.java:19)
	at junit.framework.TestResult.runProtected(TestResult.java:124)
	at junit.extensions.TestSetup.run(TestSetup.java:23)
	at org.apache.derbyTesting.junit.BaseTestSetup.run(BaseTestSetup.java:57)
	at junit.extensions.TestDecorator.basicRun(TestDecorator.java:22)
	at junit.extensions.TestSetup$1.protect(TestSetup.java:19)
	at junit.framework.TestResult.runProtected(TestResult.java:124)
	at junit.extensions.TestSetup.run(TestSetup.java:23)
	at junit.extensions.TestDecorator.basicRun(TestDecorator.java:22)
	at junit.extensions.TestSetup$1.protect(TestSetup.java:19)
	at junit.framework.TestResult.runProtected(TestResult.java:124)
	at junit.extensions.TestSetup.run(TestSetup.java:23)
	at org.apache.derbyTesting.junit.BaseTestSetup.run(BaseTestSetup.java:57)
	at junit.extensions.TestDecorator.basicRun(TestDecorator.java:22)
	at junit.extensions.TestSetup$1.protect(TestSetup.java:19)
	at junit.framework.TestResult.runProtected(TestResult.java:124)
	at junit.extensions.TestSetup.run(TestSetup.java:23)
	at junit.extensions.TestDecorator.basicRun(TestDecorator.java:22)
	at junit.extensions.TestSetup$1.protect(TestSetup.java:19)
	at junit.framework.TestResult.runProtected(TestResult.java:124)
	at junit.extensions.TestSetup.run(TestSetup.java:23)
	at org.apache.derbyTesting.junit.BaseTestSetup.run(BaseTestSetup.java:57)
	at junit.extensions.TestDecorator.basicRun(TestDecorator.java:22)
	at junit.extensions.TestSetup$1.protect(TestSetup.java:19)
	at junit.framework.TestResult.runProtected(TestResult.java:124)
	at junit.extensions.TestSetup.run(TestSetup.java:23)
	at junit.extensions.TestDecorator.basicRun(TestDecorator.java:22)
	at junit.extensions.TestSetup$1.protect(TestSetup.java:19)
	at junit.framework.TestResult.runProtected(TestResult.java:124)
	at junit.extensions.TestSetup.run(TestSetup.java:23)
	at org.apache.derbyTesting.junit.BaseTestSetup.run(BaseTestSetup.java:57)
	at junit.extensions.TestDecorator.basicRun(TestDecorator.java:22)
	at junit.extensions.TestSetup$1.protect(TestSetup.java:19)
	at junit.framework.TestResult.runProtected(TestResult.java:124)
	at junit.extensions.TestSetup.run(TestSetup.java:23)
	at junit.framework.TestSuite.runTest(TestSuite.java:208)
	at junit.framework.TestSuite.run(TestSuite.java:203)
	at junit.framework.TestSuite.runTest(TestSuite.java:208)
	at junit.framework.TestSuite.run(TestSuite.java:203)
	at junit.framework.TestSuite.runTest(TestSuite.java:208)
	at junit.framework.TestSuite.run(TestSuite.java:203)
	at TimeRunner.main(TimeRunner.java:31)
Caused by: java.sql.SQLException: Read endOfFile at unexpected place on line 7.
	at org.apache.derby.impl.jdbc.SQLExceptionFactory.getSQLException(SQLExceptionFactory.java:45)
	at org.apache.derby.impl.jdbc.Util.generateCsSQLException(Util.java:202)
	at org.apache.derby.impl.jdbc.TransactionResourceImpl.wrapInSQLException(TransactionResourceImpl.java:391)
	at org.apache.derby.impl.jdbc.TransactionResourceImpl.handleException(TransactionResourceImpl.java:346)
	at org.apache.derby.impl.jdbc.EmbedConnection.handleException(EmbedConnection.java:1572)
	at org.apache.derby.impl.jdbc.ConnectionChild.handleException(ConnectionChild.java:81)
	at org.apache.derby.impl.jdbc.EmbedStatement.executeStatement(EmbedStatement.java:1315)
	at org.apache.derby.impl.jdbc.EmbedPreparedStatement.executeStatement(EmbedPreparedStatement.java:1649)
	at org.apache.derby.impl.jdbc.EmbedPreparedStatement.executeUpdate(EmbedPreparedStatement.java:299)
	at org.apache.derby.impl.load.Import.performImport(Import.java:285)
	at org.apache.derby.impl.load.Import.importTable(Import.java:126)
	at org.apache.derby.catalog.SystemProcedures.SYSCS_IMPORT_TABLE(SystemProcedures.java:1254)
	at org.apache.derby.exe.ac12f1d349x0114xd70dx30aax00003dcd3cb41f7.g0(Unknown Source)
	at java.lang.reflect.AccessibleObject.invokeV(AccessibleObject.java:205)
	at java.lang.reflect.Method.invoke(Method.java:253)
	at org.apache.derby.impl.services.reflect.ReflectMethod.invoke(ReflectMethod.java:46)
	at org.apache.derby.impl.sql.execute.CallStatementResultSet.open(CallStatementResultSet.java:57)
	at org.apache.derby.impl.sql.GenericPreparedStatement.execute(GenericPreparedStatement.java:370)
	at org.apache.derby.impl.jdbc.EmbedStatement.executeStatement(EmbedStatement.java:1225)
	... 74 more
Caused by: ERROR XIE0E: Read endOfFile at unexpected place on line 7.
	at org.apache.derby.iapi.error.StandardException.newException(StandardException.java:290)
	at org.apache.derby.impl.load.LoadError.unexpectedEndOfFile(LoadError.java:162)
	at org.apache.derby.impl.load.ImportReadData.readNextDelimitedRow(ImportReadData.java:746)
	at org.apache.derby.impl.load.ImportReadData.readNextRow(ImportReadData.java:655)
	at org.apache.derby.impl.load.ImportAbstract.next(ImportAbstract.java:124)
	at org.apache.derby.impl.sql.execute.VTIResultSet.getNextRowCore(VTIResultSet.java:325)
	at org.apache.derby.impl.sql.execute.ProjectRestrictResultSet.getNextRowCore(ProjectRestrictResultSet.java:255)
	at org.apache.derby.impl.sql.execute.NormalizeResultSet.getNextRowCore(NormalizeResultSet.java:186)
	at org.apache.derby.impl.sql.execute.NoPutResultSetImpl.getNextRowFromRowSource(NoPutResultSetImpl.java:205)
	at org.apache.derby.impl.store.access.heap.HeapController.load(HeapController.java:396)
	at org.apache.derby.impl.store.access.heap.Heap.load(Heap.java:649)
	at org.apache.derby.impl.store.access.RAMTransaction.loadConglomerate(RAMTransaction.java:1240)
	at org.apache.derby.impl.store.access.RAMTransaction.recreateAndLoadConglomerate(RAMTransaction.java:908)
	at org.apache.derby.impl.sql.execute.InsertResultSet.bulkInsertCore(InsertResultSet.java:1308)
	at org.apache.derby.impl.sql.execute.InsertResultSet.open(InsertResultSet.java:446)
	at org.apache.derby.impl.sql.GenericPreparedStatement.execute(GenericPreparedStatement.java:370)
	at org.apache.derby.impl.jdbc.EmbedStatement.executeStatement(EmbedStatement.java:1225)
	... 86 more
4172	testDefaultCollation(org.apache.derbyTesting.functionTests.tests.lang.CollationTest2)
start	testEnglishCollation(org.apache.derbyTesting.functionTests.tests.lang.CollationTest2)
testEnglishCollation(org.apache.derbyTesting.functionTests.tests.lang.CollationTest2) failed:
java.sql.SQLException: Import error on line 7 of file extinout\names.dat: Read endOfFile at unexpected place on line 7. 
	at org.apache.derby.impl.jdbc.SQLExceptionFactory.getSQLException(SQLExceptionFactory.java:45)
	at org.apache.derby.impl.jdbc.Util.newEmbedSQLException(Util.java:88)
	at org.apache.derby.impl.jdbc.Util.seeNextException(Util.java:224)
	at org.apache.derby.impl.jdbc.TransactionResourceImpl.wrapInSQLException(TransactionResourceImpl.java:398)
	at org.apache.derby.impl.jdbc.TransactionResourceImpl.handleException(TransactionResourceImpl.java:346)
	at org.apache.derby.impl.jdbc.EmbedConnection.handleException(EmbedConnection.java:1572)
	at org.apache.derby.impl.jdbc.ConnectionChild.handleException(ConnectionChild.java:81)
	at org.apache.derby.impl.jdbc.EmbedStatement.executeStatement(EmbedStatement.java:1315)
	at org.apache.derby.impl.jdbc.EmbedPreparedStatement.executeStatement(EmbedPreparedStatement.java:1649)
	at org.apache.derby.impl.jdbc.EmbedCallableStatement.executeStatement(EmbedCallableStatement.java:116)
	at org.apache.derby.impl.jdbc.EmbedPreparedStatement.executeUpdate(EmbedPreparedStatement.java:299)
	at org.apache.derbyTesting.functionTests.tests.lang.CollationTest2.doImportTable(CollationTest2.java:694)
	at org.apache.derbyTesting.functionTests.tests.lang.CollationTest2.runBulkInsert(CollationTest2.java:1696)
	at org.apache.derbyTesting.functionTests.tests.lang.CollationTest2.runTestIter(CollationTest2.java:2031)
	at org.apache.derbyTesting.functionTests.tests.lang.CollationTest2.testEnglishCollation(CollationTest2.java:2060)
	at java.lang.reflect.AccessibleObject.invokeV(AccessibleObject.java:205)
	at java.lang.reflect.Method.invoke(Method.java:253)
	at junit.framework.TestCase.runTest(TestCase.java:154)
	at junit.framework.TestCase.runBare(TestCase.java:127)
	at org.apache.derbyTesting.junit.BaseTestCase.runBare(BaseTestCase.java:95)
	at junit.framework.TestResult$1.protect(TestResult.java:106)
	at junit.framework.TestResult.runProtected(TestResult.java:124)
	at junit.framework.TestResult.run(TestResult.java:109)
	at junit.framework.TestCase.run(TestCase.java:118)
	at junit.framework.TestSuite.runTest(TestSuite.java:208)
	at junit.framework.TestSuite.run(TestSuite.java:203)
	at junit.extensions.TestDecorator.basicRun(TestDecorator.java:22)
	at junit.extensions.TestSetup$1.protect(TestSetup.java:19)
	at junit.framework.TestResult.runProtected(TestResult.java:124)
	at junit.extensions.TestSetup.run(TestSetup.java:23)
	at junit.extensions.TestDecorator.basicRun(TestDecorator.java:22)
	at junit.extensions.TestSetup$1.protect(TestSetup.java:19)
	at junit.framework.TestResult.runProtected(TestResult.java:124)
	at junit.extensions.TestSetup.run(TestSetup.java:23)
	at org.apache.derbyTesting.junit.BaseTestSetup.run(BaseTestSetup.java:57)
	at junit.extensions.TestDecorator.basicRun(TestDecorator.java:22)
	at junit.extensions.TestSetup$1.protect(TestSetup.java:19)
	at junit.framework.TestResult.runProtected(TestResult.java:124)
	at junit.extensions.TestSetup.run(TestSetup.java:23)
	at junit.extensions.TestDecorator.basicRun(TestDecorator.java:22)
	at junit.extensions.TestSetup$1.protect(TestSetup.java:19)
	at junit.framework.TestResult.runProtected(TestResult.java:124)
	at junit.extensions.TestSetup.run(TestSetup.java:23)
	at org.apache.derbyTesting.junit.BaseTestSetup.run(BaseTestSetup.java:57)
	at junit.extensions.TestDecorator.basicRun(TestDecorator.java:22)
	at junit.extensions.TestSetup$1.protect(TestSetup.java:19)
	at junit.framework.TestResult.runProtected(TestResult.java:124)
	at junit.extensions.TestSetup.run(TestSetup.java:23)
	at junit.extensions.TestDecorator.basicRun(TestDecorator.java:22)
	at junit.extensions.TestSetup$1.protect(TestSetup.java:19)
	at junit.framework.TestResult.runProtected(TestResult.java:124)
	at junit.extensions.TestSetup.run(TestSetup.java:23)
	at org.apache.derbyTesting.junit.BaseTestSetup.run(BaseTestSetup.java:57)
	at junit.extensions.TestDecorator.basicRun(TestDecorator.java:22)
	at junit.extensions.TestSetup$1.protect(TestSetup.java:19)
	at junit.framework.TestResult.runProtected(TestResult.java:124)
	at junit.extensions.TestSetup.run(TestSetup.java:23)
	at junit.extensions.TestDecorator.basicRun(TestDecorator.java:22)
	at junit.extensions.TestSetup$1.protect(TestSetup.java:19)
	at junit.framework.TestResult.runProtected(TestResult.java:124)
	at junit.extensions.TestSetup.run(TestSetup.java:23)
	at org.apache.derbyTesting.junit.BaseTestSetup.run(BaseTestSetup.java:57)
	at junit.extensions.TestDecorator.basicRun(TestDecorator.java:22)
	at junit.extensions.TestSetup$1.protect(TestSetup.java:19)
	at junit.framework.TestResult.runProtected(TestResult.java:124)
	at junit.extensions.TestSetup.run(TestSetup.java:23)
	at junit.extensions.TestDecorator.basicRun(TestDecorator.java:22)
	at junit.extensions.TestSetup$1.protect(TestSetup.java:19)
	at junit.framework.TestResult.runProtected(TestResult.java:124)
	at junit.extensions.TestSetup.run(TestSetup.java:23)
	at org.apache.derbyTesting.junit.BaseTestSetup.run(BaseTestSetup.java:57)
	at junit.extensions.TestDecorator.basicRun(TestDecorator.java:22)
	at junit.extensions.TestSetup$1.protect(TestSetup.java:19)
	at junit.framework.TestResult.runProtected(TestResult.java:124)
	at junit.extensions.TestSetup.run(TestSetup.java:23)
	at junit.framework.TestSuite.runTest(TestSuite.java:208)
	at junit.framework.TestSuite.run(TestSuite.java:203)
	at junit.framework.TestSuite.runTest(TestSuite.java:208)
	at junit.framework.TestSuite.run(TestSuite.java:203)
	at junit.framework.TestSuite.runTest(TestSuite.java:208)
	at junit.framework.TestSuite.run(TestSuite.java:203)
	at TimeRunner.main(TimeRunner.java:31)
Caused by: java.sql.SQLException: Read endOfFile at unexpected place on line 7.
	at org.apache.derby.impl.jdbc.SQLExceptionFactory.getSQLException(SQLExceptionFactory.java:45)
	at org.apache.derby.impl.jdbc.Util.generateCsSQLException(Util.java:202)
	at org.apache.derby.impl.jdbc.TransactionResourceImpl.wrapInSQLException(TransactionResourceImpl.java:391)
	at org.apache.derby.impl.jdbc.TransactionResourceImpl.handleException(TransactionResourceImpl.java:346)
	at org.apache.derby.impl.jdbc.EmbedConnection.handleException(EmbedConnection.java:1572)
	at org.apache.derby.impl.jdbc.ConnectionChild.handleException(ConnectionChild.java:81)
	at org.apache.derby.impl.jdbc.EmbedStatement.executeStatement(EmbedStatement.java:1315)
	at org.apache.derby.impl.jdbc.EmbedPreparedStatement.executeStatement(EmbedPreparedStatement.java:1649)
	at org.apache.derby.impl.jdbc.EmbedPreparedStatement.executeUpdate(EmbedPreparedStatement.java:299)
	at org.apache.derby.impl.load.Import.performImport(Import.java:285)
	at org.apache.derby.impl.load.Import.importTable(Import.java:126)
	at org.apache.derby.catalog.SystemProcedures.SYSCS_IMPORT_TABLE(SystemProcedures.java:1254)
	at org.apache.derby.exe.ac5c8ad4b0x0114xd70dx30aax00003dcd3cb41f7.g0(Unknown Source)
	at java.lang.reflect.AccessibleObject.invokeV(AccessibleObject.java:205)
	at java.lang.reflect.Method.invoke(Method.java:253)
	at org.apache.derby.impl.services.reflect.ReflectMethod.invoke(ReflectMethod.java:46)
	at org.apache.derby.impl.sql.execute.CallStatementResultSet.open(CallStatementResultSet.java:57)
	at org.apache.derby.impl.sql.GenericPreparedStatement.execute(GenericPreparedStatement.java:370)
	at org.apache.derby.impl.jdbc.EmbedStatement.executeStatement(EmbedStatement.java:1225)
	... 74 more
Caused by: ERROR XIE0E: Read endOfFile at unexpected place on line 7.
	at org.apache.derby.iapi.error.StandardException.newException(StandardException.java:290)
	at org.apache.derby.impl.load.LoadError.unexpectedEndOfFile(LoadError.java:162)
	at org.apache.derby.impl.load.ImportReadData.readNextDelimitedRow(ImportReadData.java:746)
	at org.apache.derby.impl.load.ImportReadData.readNextRow(ImportReadData.java:655)
	at org.apache.derby.impl.load.ImportAbstract.next(ImportAbstract.java:124)
	at org.apache.derby.impl.sql.execute.VTIResultSet.getNextRowCore(VTIResultSet.java:325)
	at org.apache.derby.impl.sql.execute.ProjectRestrictResultSet.getNextRowCore(ProjectRestrictResultSet.java:255)
	at org.apache.derby.impl.sql.execute.NormalizeResultSet.getNextRowCore(NormalizeResultSet.java:186)
	at org.apache.derby.impl.sql.execute.NoPutResultSetImpl.getNextRowFromRowSource(NoPutResultSetImpl.java:205)
	at org.apache.derby.impl.store.access.heap.HeapController.load(HeapController.java:396)
	at org.apache.derby.impl.store.access.heap.Heap.load(Heap.java:649)
	at org.apache.derby.impl.store.access.RAMTransaction.loadConglomerate(RAMTransaction.java:1240)
	at org.apache.derby.impl.store.access.RAMTransaction.recreateAndLoadConglomerate(RAMTransaction.java:908)
	at org.apache.derby.impl.sql.execute.InsertResultSet.bulkInsertCore(InsertResultSet.java:1308)
	at org.apache.derby.impl.sql.execute.InsertResultSet.open(InsertResultSet.java:446)
	at org.apache.derby.impl.sql.GenericPreparedStatement.execute(GenericPreparedStatement.java:370)
	at org.apache.derby.impl.jdbc.EmbedStatement.executeStatement(EmbedStatement.java:1225)
	... 86 more
3907	testEnglishCollation(org.apache.derbyTesting.functionTests.tests.lang.CollationTest2)
start	testPolishCollation(org.apache.derbyTesting.functionTests.tests.lang.CollationTest2)
testPolishCollation(org.apache.derbyTesting.functionTests.tests.lang.CollationTest2) failed:
java.sql.SQLException: Import error on line 7 of file extinout\names.dat: Odczytano znak endOfFile w nieoczekiwanym miejscu w wierszu 7. 
	at org.apache.derby.impl.jdbc.SQLExceptionFactory.getSQLException(SQLExceptionFactory.java:45)
	at org.apache.derby.impl.jdbc.Util.newEmbedSQLException(Util.java:88)
	at org.apache.derby.impl.jdbc.Util.seeNextException(Util.java:224)
	at org.apache.derby.impl.jdbc.TransactionResourceImpl.wrapInSQLException(TransactionResourceImpl.java:398)
	at org.apache.derby.impl.jdbc.TransactionResourceImpl.handleException(TransactionResourceImpl.java:346)
	at org.apache.derby.impl.jdbc.EmbedConnection.handleException(EmbedConnection.java:1572)
	at org.apache.derby.impl.jdbc.ConnectionChild.handleException(ConnectionChild.java:81)
	at org.apache.derby.impl.jdbc.EmbedStatement.executeStatement(EmbedStatement.java:1315)
	at org.apache.derby.impl.jdbc.EmbedPreparedStatement.executeStatement(EmbedPreparedStatement.java:1649)
	at org.apache.derby.impl.jdbc.EmbedCallableStatement.executeStatement(EmbedCallableStatement.java:116)
	at org.apache.derby.impl.jdbc.EmbedPreparedStatement.executeUpdate(EmbedPreparedStatement.java:299)
	at org.apache.derbyTesting.functionTests.tests.lang.CollationTest2.doImportTable(CollationTest2.java:694)
	at org.apache.derbyTesting.functionTests.tests.lang.CollationTest2.runBulkInsert(CollationTest2.java:1696)
	at org.apache.derbyTesting.functionTests.tests.lang.CollationTest2.runTestIter(CollationTest2.java:2031)
	at org.apache.derbyTesting.functionTests.tests.lang.CollationTest2.testPolishCollation(CollationTest2.java:2068)
	at java.lang.reflect.AccessibleObject.invokeV(AccessibleObject.java:205)
	at java.lang.reflect.Method.invoke(Method.java:253)
	at junit.framework.TestCase.runTest(TestCase.java:154)
	at junit.framework.TestCase.runBare(TestCase.java:127)
	at org.apache.derbyTesting.junit.BaseTestCase.runBare(BaseTestCase.java:95)
	at junit.framework.TestResult$1.protect(TestResult.java:106)
	at junit.framework.TestResult.runProtected(TestResult.java:124)
	at junit.framework.TestResult.run(TestResult.java:109)
	at junit.framework.TestCase.run(TestCase.java:118)
	at junit.framework.TestSuite.runTest(TestSuite.java:208)
	at junit.framework.TestSuite.run(TestSuite.java:203)
	at junit.extensions.TestDecorator.basicRun(TestDecorator.java:22)
	at junit.extensions.TestSetup$1.protect(TestSetup.java:19)
	at junit.framework.TestResult.runProtected(TestResult.java:124)
	at junit.extensions.TestSetup.run(TestSetup.java:23)
	at junit.extensions.TestDecorator.basicRun(TestDecorator.java:22)
	at junit.extensions.TestSetup$1.protect(TestSetup.java:19)
	at junit.framework.TestResult.runProtected(TestResult.java:124)
	at junit.extensions.TestSetup.run(TestSetup.java:23)
	at org.apache.derbyTesting.junit.BaseTestSetup.run(BaseTestSetup.java:57)
	at junit.extensions.TestDecorator.basicRun(TestDecorator.java:22)
	at junit.extensions.TestSetup$1.protect(TestSetup.java:19)
	at junit.framework.TestResult.runProtected(TestResult.java:124)
	at junit.extensions.TestSetup.run(TestSetup.java:23)
	at junit.extensions.TestDecorator.basicRun(TestDecorator.java:22)
	at junit.extensions.TestSetup$1.protect(TestSetup.java:19)
	at junit.framework.TestResult.runProtected(TestResult.java:124)
	at junit.extensions.TestSetup.run(TestSetup.java:23)
	at org.apache.derbyTesting.junit.BaseTestSetup.run(BaseTestSetup.java:57)
	at junit.extensions.TestDecorator.basicRun(TestDecorator.java:22)
	at junit.extensions.TestSetup$1.protect(TestSetup.java:19)
	at junit.framework.TestResult.runProtected(TestResult.java:124)
	at junit.extensions.TestSetup.run(TestSetup.java:23)
	at junit.extensions.TestDecorator.basicRun(TestDecorator.java:22)
	at junit.extensions.TestSetup$1.protect(TestSetup.java:19)
	at junit.framework.TestResult.runProtected(TestResult.java:124)
	at junit.extensions.TestSetup.run(TestSetup.java:23)
	at org.apache.derbyTesting.junit.BaseTestSetup.run(BaseTestSetup.java:57)
	at junit.extensions.TestDecorator.basicRun(TestDecorator.java:22)
	at junit.extensions.TestSetup$1.protect(TestSetup.java:19)
	at junit.framework.TestResult.runProtected(TestResult.java:124)
	at junit.extensions.TestSetup.run(TestSetup.java:23)
	at junit.extensions.TestDecorator.basicRun(TestDecorator.java:22)
	at junit.extensions.TestSetup$1.protect(TestSetup.java:19)
	at junit.framework.TestResult.runProtected(TestResult.java:124)
	at junit.extensions.TestSetup.run(TestSetup.java:23)
	at org.apache.derbyTesting.junit.BaseTestSetup.run(BaseTestSetup.java:57)
	at junit.extensions.TestDecorator.basicRun(TestDecorator.java:22)
	at junit.extensions.TestSetup$1.protect(TestSetup.java:19)
	at junit.framework.TestResult.runProtected(TestResult.java:124)
	at junit.extensions.TestSetup.run(TestSetup.java:23)
	at junit.extensions.TestDecorator.basicRun(TestDecorator.java:22)
	at junit.extensions.TestSetup$1.protect(TestSetup.java:19)
	at junit.framework.TestResult.runProtected(TestResult.java:124)
	at junit.extensions.TestSetup.run(TestSetup.java:23)
	at org.apache.derbyTesting.junit.BaseTestSetup.run(BaseTestSetup.java:57)
	at junit.extensions.TestDecorator.basicRun(TestDecorator.java:22)
	at junit.extensions.TestSetup$1.protect(TestSetup.java:19)
	at junit.framework.TestResult.runProtected(TestResult.java:124)
	at junit.extensions.TestSetup.run(TestSetup.java:23)
	at junit.framework.TestSuite.runTest(TestSuite.java:208)
	at junit.framework.TestSuite.run(TestSuite.java:203)
	at junit.framework.TestSuite.runTest(TestSuite.java:208)
	at junit.framework.TestSuite.run(TestSuite.java:203)
	at junit.framework.TestSuite.runTest(TestSuite.java:208)
	at junit.framework.TestSuite.run(TestSuite.java:203)
	at TimeRunner.main(TimeRunner.java:31)
Caused by: java.sql.SQLException: Odczytano znak endOfFile w nieoczekiwanym miejscu w wierszu 7.
	at org.apache.derby.impl.jdbc.SQLExceptionFactory.getSQLException(SQLExceptionFactory.java:45)
	at org.apache.derby.impl.jdbc.Util.generateCsSQLException(Util.java:202)
	at org.apache.derby.impl.jdbc.TransactionResourceImpl.wrapInSQLException(TransactionResourceImpl.java:391)
	at org.apache.derby.impl.jdbc.TransactionResourceImpl.handleException(TransactionResourceImpl.java:346)
	at org.apache.derby.impl.jdbc.EmbedConnection.handleException(EmbedConnection.java:1572)
	at org.apache.derby.impl.jdbc.ConnectionChild.handleException(ConnectionChild.java:81)
	at org.apache.derby.impl.jdbc.EmbedStatement.executeStatement(EmbedStatement.java:1315)
	at org.apache.derby.impl.jdbc.EmbedPreparedStatement.executeStatement(EmbedPreparedStatement.java:1649)
	at org.apache.derby.impl.jdbc.EmbedPreparedStatement.executeUpdate(EmbedPreparedStatement.java:299)
	at org.apache.derby.impl.load.Import.performImport(Import.java:285)
	at org.apache.derby.impl.load.Import.importTable(Import.java:126)
	at org.apache.derby.catalog.SystemProcedures.SYSCS_IMPORT_TABLE(SystemProcedures.java:1254)
	at org.apache.derby.exe.ac14001617x0114xd70dx30aax00003dcd3cb41f7.g0(Unknown Source)
	at java.lang.reflect.AccessibleObject.invokeV(AccessibleObject.java:205)
	at java.lang.reflect.Method.invoke(Method.java:253)
	at org.apache.derby.impl.services.reflect.ReflectMethod.invoke(ReflectMethod.java:46)
	at org.apache.derby.impl.sql.execute.CallStatementResultSet.open(CallStatementResultSet.java:57)
	at org.apache.derby.impl.sql.GenericPreparedStatement.execute(GenericPreparedStatement.java:370)
	at org.apache.derby.impl.jdbc.EmbedStatement.executeStatement(EmbedStatement.java:1225)
	... 74 more
Caused by: ERROR XIE0E: Odczytano znak endOfFile w nieoczekiwanym miejscu w wierszu 7.
	at org.apache.derby.iapi.error.StandardException.newException(StandardException.java:290)
	at org.apache.derby.impl.load.LoadError.unexpectedEndOfFile(LoadError.java:162)
	at org.apache.derby.impl.load.ImportReadData.readNextDelimitedRow(ImportReadData.java:746)
	at org.apache.derby.impl.load.ImportReadData.readNextRow(ImportReadData.java:655)
	at org.apache.derby.impl.load.ImportAbstract.next(ImportAbstract.java:124)
	at org.apache.derby.impl.sql.execute.VTIResultSet.getNextRowCore(VTIResultSet.java:325)
	at org.apache.derby.impl.sql.execute.ProjectRestrictResultSet.getNextRowCore(ProjectRestrictResultSet.java:255)
	at org.apache.derby.impl.sql.execute.NormalizeResultSet.getNextRowCore(NormalizeResultSet.java:186)
	at org.apache.derby.impl.sql.execute.NoPutResultSetImpl.getNextRowFromRowSource(NoPutResultSetImpl.java:205)
	at org.apache.derby.impl.store.access.heap.HeapController.load(HeapController.java:396)
	at org.apache.derby.impl.store.access.heap.Heap.load(Heap.java:649)
	at org.apache.derby.impl.store.access.RAMTransaction.loadConglomerate(RAMTransaction.java:1240)
	at org.apache.derby.impl.store.access.RAMTransaction.recreateAndLoadConglomerate(RAMTransaction.java:908)
	at org.apache.derby.impl.sql.execute.InsertResultSet.bulkInsertCore(InsertResultSet.java:1308)
	at org.apache.derby.impl.sql.execute.InsertResultSet.open(InsertResultSet.java:446)
	at org.apache.derby.impl.sql.GenericPreparedStatement.execute(GenericPreparedStatement.java:370)
	at org.apache.derby.impl.jdbc.EmbedStatement.executeStatement(EmbedStatement.java:1225)
	... 86 more
3859	testPolishCollation(org.apache.derbyTesting.functionTests.tests.lang.CollationTest2)
start	testNorwayCollation(org.apache.derbyTesting.functionTests.tests.lang.CollationTest2)
testNorwayCollation(org.apache.derbyTesting.functionTests.tests.lang.CollationTest2) failed:
java.sql.SQLException: Import error on line 7 of file extinout\names.dat: Read endOfFile at unexpected place on line 7. 
	at org.apache.derby.impl.jdbc.SQLExceptionFactory.getSQLException(SQLExceptionFactory.java:45)
	at org.apache.derby.impl.jdbc.Util.newEmbedSQLException(Util.java:88)
	at org.apache.derby.impl.jdbc.Util.seeNextException(Util.java:224)
	at org.apache.derby.impl.jdbc.TransactionResourceImpl.wrapInSQLException(TransactionResourceImpl.java:398)
	at org.apache.derby.impl.jdbc.TransactionResourceImpl.handleException(TransactionResourceImpl.java:346)
	at org.apache.derby.impl.jdbc.EmbedConnection.handleException(EmbedConnection.java:1572)
	at org.apache.derby.impl.jdbc.ConnectionChild.handleException(ConnectionChild.java:81)
	at org.apache.derby.impl.jdbc.EmbedStatement.executeStatement(EmbedStatement.java:1315)
	at org.apache.derby.impl.jdbc.EmbedPreparedStatement.executeStatement(EmbedPreparedStatement.java:1649)
	at org.apache.derby.impl.jdbc.EmbedCallableStatement.executeStatement(EmbedCallableStatement.java:116)
	at org.apache.derby.impl.jdbc.EmbedPreparedStatement.executeUpdate(EmbedPreparedStatement.java:299)
	at org.apache.derbyTesting.functionTests.tests.lang.CollationTest2.doImportTable(CollationTest2.java:694)
	at org.apache.derbyTesting.functionTests.tests.lang.CollationTest2.runBulkInsert(CollationTest2.java:1696)
	at org.apache.derbyTesting.functionTests.tests.lang.CollationTest2.runTestIter(CollationTest2.java:2031)
	at org.apache.derbyTesting.functionTests.tests.lang.CollationTest2.testNorwayCollation(CollationTest2.java:2076)
	at java.lang.reflect.AccessibleObject.invokeV(AccessibleObject.java:205)
	at java.lang.reflect.Method.invoke(Method.java:253)
	at junit.framework.TestCase.runTest(TestCase.java:154)
	at junit.framework.TestCase.runBare(TestCase.java:127)
	at org.apache.derbyTesting.junit.BaseTestCase.runBare(BaseTestCase.java:95)
	at junit.framework.TestResult$1.protect(TestResult.java:106)
	at junit.framework.TestResult.runProtected(TestResult.java:124)
	at junit.framework.TestResult.run(TestResult.java:109)
	at junit.framework.TestCase.run(TestCase.java:118)
	at junit.framework.TestSuite.runTest(TestSuite.java:208)
	at junit.framework.TestSuite.run(TestSuite.java:203)
	at junit.extensions.TestDecorator.basicRun(TestDecorator.java:22)
	at junit.extensions.TestSetup$1.protect(TestSetup.java:19)
	at junit.framework.TestResult.runProtected(TestResult.java:124)
	at junit.extensions.TestSetup.run(TestSetup.java:23)
	at junit.extensions.TestDecorator.basicRun(TestDecorator.java:22)
	at junit.extensions.TestSetup$1.protect(TestSetup.java:19)
	at junit.framework.TestResult.runProtected(TestResult.java:124)
	at junit.extensions.TestSetup.run(TestSetup.java:23)
	at org.apache.derbyTesting.junit.BaseTestSetup.run(BaseTestSetup.java:57)
	at junit.extensions.TestDecorator.basicRun(TestDecorator.java:22)
	at junit.extensions.TestSetup$1.protect(TestSetup.java:19)
	at junit.framework.TestResult.runProtected(TestResult.java:124)
	at junit.extensions.TestSetup.run(TestSetup.java:23)
	at junit.extensions.TestDecorator.basicRun(TestDecorator.java:22)
	at junit.extensions.TestSetup$1.protect(TestSetup.java:19)
	at junit.framework.TestResult.runProtected(TestResult.java:124)
	at junit.extensions.TestSetup.run(TestSetup.java:23)
	at org.apache.derbyTesting.junit.BaseTestSetup.run(BaseTestSetup.java:57)
	at junit.extensions.TestDecorator.basicRun(TestDecorator.java:22)
	at junit.extensions.TestSetup$1.protect(TestSetup.java:19)
	at junit.framework.TestResult.runProtected(TestResult.java:124)
	at junit.extensions.TestSetup.run(TestSetup.java:23)
	at junit.extensions.TestDecorator.basicRun(TestDecorator.java:22)
	at junit.extensions.TestSetup$1.protect(TestSetup.java:19)
	at junit.framework.TestResult.runProtected(TestResult.java:124)
	at junit.extensions.TestSetup.run(TestSetup.java:23)
	at org.apache.derbyTesting.junit.BaseTestSetup.run(BaseTestSetup.java:57)
	at junit.extensions.TestDecorator.basicRun(TestDecorator.java:22)
	at junit.extensions.TestSetup$1.protect(TestSetup.java:19)
	at junit.framework.TestResult.runProtected(TestResult.java:124)
	at junit.extensions.TestSetup.run(TestSetup.java:23)
	at junit.extensions.TestDecorator.basicRun(TestDecorator.java:22)
	at junit.extensions.TestSetup$1.protect(TestSetup.java:19)
	at junit.framework.TestResult.runProtected(TestResult.java:124)
	at junit.extensions.TestSetup.run(TestSetup.java:23)
	at org.apache.derbyTesting.junit.BaseTestSetup.run(BaseTestSetup.java:57)
	at junit.extensions.TestDecorator.basicRun(TestDecorator.java:22)
	at junit.extensions.TestSetup$1.protect(TestSetup.java:19)
	at junit.framework.TestResult.runProtected(TestResult.java:124)
	at junit.extensions.TestSetup.run(TestSetup.java:23)
	at junit.extensions.TestDecorator.basicRun(TestDecorator.java:22)
	at junit.extensions.TestSetup$1.protect(TestSetup.java:19)
	at junit.framework.TestResult.runProtected(TestResult.java:124)
	at junit.extensions.TestSetup.run(TestSetup.java:23)
	at org.apache.derbyTesting.junit.BaseTestSetup.run(BaseTestSetup.java:57)
	at junit.extensions.TestDecorator.basicRun(TestDecorator.java:22)
	at junit.extensions.TestSetup$1.protect(TestSetup.java:19)
	at junit.framework.TestResult.runProtected(TestResult.java:124)
	at junit.extensions.TestSetup.run(TestSetup.java:23)
	at junit.framework.TestSuite.runTest(TestSuite.java:208)
	at junit.framework.TestSuite.run(TestSuite.java:203)
	at junit.framework.TestSuite.runTest(TestSuite.java:208)
	at junit.framework.TestSuite.run(TestSuite.java:203)
	at junit.framework.TestSuite.runTest(TestSuite.java:208)
	at junit.framework.TestSuite.run(TestSuite.java:203)
	at TimeRunner.main(TimeRunner.java:31)
Caused by: java.sql.SQLException: Read endOfFile at unexpected place on line 7.
	at org.apache.derby.impl.jdbc.SQLExceptionFactory.getSQLException(SQLExceptionFactory.java:45)
	at org.apache.derby.impl.jdbc.Util.generateCsSQLException(Util.java:202)
	at org.apache.derby.impl.jdbc.TransactionResourceImpl.wrapInSQLException(TransactionResourceImpl.java:391)
	at org.apache.derby.impl.jdbc.TransactionResourceImpl.handleException(TransactionResourceImpl.java:346)
	at org.apache.derby.impl.jdbc.EmbedConnection.handleException(EmbedConnection.java:1572)
	at org.apache.derby.impl.jdbc.ConnectionChild.handleException(ConnectionChild.java:81)
	at org.apache.derby.impl.jdbc.EmbedStatement.executeStatement(EmbedStatement.java:1315)
	at org.apache.derby.impl.jdbc.EmbedPreparedStatement.executeStatement(EmbedPreparedStatement.java:1649)
	at org.apache.derby.impl.jdbc.EmbedPreparedStatement.executeUpdate(EmbedPreparedStatement.java:299)
	at org.apache.derby.impl.load.Import.performImport(Import.java:285)
	at org.apache.derby.impl.load.Import.importTable(Import.java:126)
	at org.apache.derby.catalog.SystemProcedures.SYSCS_IMPORT_TABLE(SystemProcedures.java:1254)
	at org.apache.derby.exe.aca951977ex0114xd70dx30aax00003dcd3cb4224.g0(Unknown Source)
	at java.lang.reflect.AccessibleObject.invokeV(AccessibleObject.java:205)
	at java.lang.reflect.Method.invoke(Method.java:253)
	at org.apache.derby.impl.services.reflect.ReflectMethod.invoke(ReflectMethod.java:46)
	at org.apache.derby.impl.sql.execute.CallStatementResultSet.open(CallStatementResultSet.java:57)
	at org.apache.derby.impl.sql.GenericPreparedStatement.execute(GenericPreparedStatement.java:370)
	at org.apache.derby.impl.jdbc.EmbedStatement.executeStatement(EmbedStatement.java:1225)
	... 74 more
Caused by: ERROR XIE0E: Read endOfFile at unexpected place on line 7.
	at org.apache.derby.iapi.error.StandardException.newException(StandardException.java:290)
	at org.apache.derby.impl.load.LoadError.unexpectedEndOfFile(LoadError.java:162)
	at org.apache.derby.impl.load.ImportReadData.readNextDelimitedRow(ImportReadData.java:746)
	at org.apache.derby.impl.load.ImportReadData.readNextRow(ImportReadData.java:655)
	at org.apache.derby.impl.load.ImportAbstract.next(ImportAbstract.java:124)
	at org.apache.derby.impl.sql.execute.VTIResultSet.getNextRowCore(VTIResultSet.java:325)
	at org.apache.derby.impl.sql.execute.ProjectRestrictResultSet.getNextRowCore(ProjectRestrictResultSet.java:255)
	at org.apache.derby.impl.sql.execute.NormalizeResultSet.getNextRowCore(NormalizeResultSet.java:186)
	at org.apache.derby.impl.sql.execute.NoPutResultSetImpl.getNextRowFromRowSource(NoPutResultSetImpl.java:205)
	at org.apache.derby.impl.store.access.heap.HeapController.load(HeapController.java:396)
	at org.apache.derby.impl.store.access.heap.Heap.load(Heap.java:649)
	at org.apache.derby.impl.store.access.RAMTransaction.loadConglomerate(RAMTransaction.java:1240)
	at org.apache.derby.impl.store.access.RAMTransaction.recreateAndLoadConglomerate(RAMTransaction.java:908)
	at org.apache.derby.impl.sql.execute.InsertResultSet.bulkInsertCore(InsertResultSet.java:1308)
	at org.apache.derby.impl.sql.execute.InsertResultSet.open(InsertResultSet.java:446)
	at org.apache.derby.impl.sql.GenericPreparedStatement.execute(GenericPreparedStatement.java:370)
	at org.apache.derby.impl.jdbc.EmbedStatement.executeStatement(EmbedStatement.java:1225)
	... 86 more
4266	testNorwayCollation(org.apache.derbyTesting.functionTests.tests.lang.CollationTest2)
start	testDefaultJVMTerritoryCollation(org.apache.derbyTesting.functionTests.tests.lang.CollationTest2)
testDefaultJVMTerritoryCollation(org.apache.derbyTesting.functionTests.tests.lang.CollationTest2) failed:
java.sql.SQLException: Import error on line 7 of file extinout\names.dat: Read endOfFile at unexpected place on line 7. 
	at org.apache.derby.impl.jdbc.SQLExceptionFactory.getSQLException(SQLExceptionFactory.java:45)
	at org.apache.derby.impl.jdbc.Util.newEmbedSQLException(Util.java:88)
	at org.apache.derby.impl.jdbc.Util.seeNextException(Util.java:224)
	at org.apache.derby.impl.jdbc.TransactionResourceImpl.wrapInSQLException(TransactionResourceImpl.java:398)
	at org.apache.derby.impl.jdbc.TransactionResourceImpl.handleException(TransactionResourceImpl.java:346)
	at org.apache.derby.impl.jdbc.EmbedConnection.handleException(EmbedConnection.java:1572)
	at org.apache.derby.impl.jdbc.ConnectionChild.handleException(ConnectionChild.java:81)
	at org.apache.derby.impl.jdbc.EmbedStatement.executeStatement(EmbedStatement.java:1315)
	at org.apache.derby.impl.jdbc.EmbedPreparedStatement.executeStatement(EmbedPreparedStatement.java:1649)
	at org.apache.derby.impl.jdbc.EmbedCallableStatement.executeStatement(EmbedCallableStatement.java:116)
	at org.apache.derby.impl.jdbc.EmbedPreparedStatement.executeUpdate(EmbedPreparedStatement.java:299)
	at org.apache.derbyTesting.functionTests.tests.lang.CollationTest2.doImportTable(CollationTest2.java:694)
	at org.apache.derbyTesting.functionTests.tests.lang.CollationTest2.runBulkInsert(CollationTest2.java:1696)
	at org.apache.derbyTesting.functionTests.tests.lang.CollationTest2.runTestIter(CollationTest2.java:2031)
	at org.apache.derbyTesting.functionTests.tests.lang.CollationTest2.testDefaultJVMTerritoryCollation(CollationTest2.java:2116)
	at java.lang.reflect.AccessibleObject.invokeV(AccessibleObject.java:205)
	at java.lang.reflect.Method.invoke(Method.java:253)
	at junit.framework.TestCase.runTest(TestCase.java:154)
	at junit.framework.TestCase.runBare(TestCase.java:127)
	at org.apache.derbyTesting.junit.BaseTestCase.runBare(BaseTestCase.java:95)
	at junit.framework.TestResult$1.protect(TestResult.java:106)
	at junit.framework.TestResult.runProtected(TestResult.java:124)
	at junit.framework.TestResult.run(TestResult.java:109)
	at junit.framework.TestCase.run(TestCase.java:118)
	at junit.framework.TestSuite.runTest(TestSuite.java:208)
	at junit.framework.TestSuite.run(TestSuite.java:203)
	at junit.extensions.TestDecorator.basicRun(TestDecorator.java:22)
	at junit.extensions.TestSetup$1.protect(TestSetup.java:19)
	at junit.framework.TestResult.runProtected(TestResult.java:124)
	at junit.extensions.TestSetup.run(TestSetup.java:23)
	at junit.extensions.TestDecorator.basicRun(TestDecorator.java:22)
	at junit.extensions.TestSetup$1.protect(TestSetup.java:19)
	at junit.framework.TestResult.runProtected(TestResult.java:124)
	at junit.extensions.TestSetup.run(TestSetup.java:23)
	at org.apache.derbyTesting.junit.BaseTestSetup.run(BaseTestSetup.java:57)
	at junit.extensions.TestDecorator.basicRun(TestDecorator.java:22)
	at junit.extensions.TestSetup$1.protect(TestSetup.java:19)
	at junit.framework.TestResult.runProtected(TestResult.java:124)
	at junit.extensions.TestSetup.run(TestSetup.java:23)
	at junit.extensions.TestDecorator.basicRun(TestDecorator.java:22)
	at junit.extensions.TestSetup$1.protect(TestSetup.java:19)
	at junit.framework.TestResult.runProtected(TestResult.java:124)
	at junit.extensions.TestSetup.run(TestSetup.java:23)
	at org.apache.derbyTesting.junit.BaseTestSetup.run(BaseTestSetup.java:57)
	at junit.extensions.TestDecorator.basicRun(TestDecorator.java:22)
	at junit.extensions.TestSetup$1.protect(TestSetup.java:19)
	at junit.framework.TestResult.runProtected(TestResult.java:124)
	at junit.extensions.TestSetup.run(TestSetup.java:23)
	at junit.extensions.TestDecorator.basicRun(TestDecorator.java:22)
	at junit.extensions.TestSetup$1.protect(TestSetup.java:19)
	at junit.framework.TestResult.runProtected(TestResult.java:124)
	at junit.extensions.TestSetup.run(TestSetup.java:23)
	at org.apache.derbyTesting.junit.BaseTestSetup.run(BaseTestSetup.java:57)
	at junit.extensions.TestDecorator.basicRun(TestDecorator.java:22)
	at junit.extensions.TestSetup$1.protect(TestSetup.java:19)
	at junit.framework.TestResult.runProtected(TestResult.java:124)
	at junit.extensions.TestSetup.run(TestSetup.java:23)
	at junit.extensions.TestDecorator.basicRun(TestDecorator.java:22)
	at junit.extensions.TestSetup$1.protect(TestSetup.java:19)
	at junit.framework.TestResult.runProtected(TestResult.java:124)
	at junit.extensions.TestSetup.run(TestSetup.java:23)
	at org.apache.derbyTesting.junit.BaseTestSetup.run(BaseTestSetup.java:57)
	at junit.extensions.TestDecorator.basicRun(TestDecorator.java:22)
	at junit.extensions.TestSetup$1.protect(TestSetup.java:19)
	at junit.framework.TestResult.runProtected(TestResult.java:124)
	at junit.extensions.TestSetup.run(TestSetup.java:23)
	at junit.extensions.TestDecorator.basicRun(TestDecorator.java:22)
	at junit.extensions.TestSetup$1.protect(TestSetup.java:19)
	at junit.framework.TestResult.runProtected(TestResult.java:124)
	at junit.extensions.TestSetup.run(TestSetup.java:23)
	at org.apache.derbyTesting.junit.BaseTestSetup.run(BaseTestSetup.java:57)
	at junit.extensions.TestDecorator.basicRun(TestDecorator.java:22)
	at junit.extensions.TestSetup$1.protect(TestSetup.java:19)
	at junit.framework.TestResult.runProtected(TestResult.java:124)
	at junit.extensions.TestSetup.run(TestSetup.java:23)
	at junit.framework.TestSuite.runTest(TestSuite.java:208)
	at junit.framework.TestSuite.run(TestSuite.java:203)
	at junit.framework.TestSuite.runTest(TestSuite.java:208)
	at junit.framework.TestSuite.run(TestSuite.java:203)
	at junit.framework.TestSuite.runTest(TestSuite.java:208)
	at junit.framework.TestSuite.run(TestSuite.java:203)
	at TimeRunner.main(TimeRunner.java:31)
Caused by: java.sql.SQLException: Read endOfFile at unexpected place on line 7.
	at org.apache.derby.impl.jdbc.SQLExceptionFactory.getSQLException(SQLExceptionFactory.java:45)
	at org.apache.derby.impl.jdbc.Util.generateCsSQLException(Util.java:202)
	at org.apache.derby.impl.jdbc.TransactionResourceImpl.wrapInSQLException(TransactionResourceImpl.java:391)
	at org.apache.derby.impl.jdbc.TransactionResourceImpl.handleException(TransactionResourceImpl.java:346)
	at org.apache.derby.impl.jdbc.EmbedConnection.handleException(EmbedConnection.java:1572)
	at org.apache.derby.impl.jdbc.ConnectionChild.handleException(ConnectionChild.java:81)
	at org.apache.derby.impl.jdbc.EmbedStatement.executeStatement(EmbedStatement.java:1315)
	at org.apache.derby.impl.jdbc.EmbedPreparedStatement.executeStatement(EmbedPreparedStatement.java:1649)
	at org.apache.derby.impl.jdbc.EmbedPreparedStatement.executeUpdate(EmbedPreparedStatement.java:299)
	at org.apache.derby.impl.load.Import.performImport(Import.java:285)
	at org.apache.derby.impl.load.Import.importTable(Import.java:126)
	at org.apache.derby.catalog.SystemProcedures.SYSCS_IMPORT_TABLE(SystemProcedures.java:1254)
	at org.apache.derby.exe.ac47a19903x0114xd70dx30aax00003dcd3cb41f7.g0(Unknown Source)
	at java.lang.reflect.AccessibleObject.invokeV(AccessibleObject.java:205)
	at java.lang.reflect.Method.invoke(Method.java:253)
	at org.apache.derby.impl.services.reflect.ReflectMethod.invoke(ReflectMethod.java:46)
	at org.apache.derby.impl.sql.execute.CallStatementResultSet.open(CallStatementResultSet.java:57)
	at org.apache.derby.impl.sql.GenericPreparedStatement.execute(GenericPreparedStatement.java:370)
	at org.apache.derby.impl.jdbc.EmbedStatement.executeStatement(EmbedStatement.java:1225)
	... 74 more
Caused by: ERROR XIE0E: Read endOfFile at unexpected place on line 7.
	at org.apache.derby.iapi.error.StandardException.newException(StandardException.java:290)
	at org.apache.derby.impl.load.LoadError.unexpectedEndOfFile(LoadError.java:162)
	at org.apache.derby.impl.load.ImportReadData.readNextDelimitedRow(ImportReadData.java:746)
	at org.apache.derby.impl.load.ImportReadData.readNextRow(ImportReadData.java:655)
	at org.apache.derby.impl.load.ImportAbstract.next(ImportAbstract.java:124)
	at org.apache.derby.impl.sql.execute.VTIResultSet.getNextRowCore(VTIResultSet.java:325)
	at org.apache.derby.impl.sql.execute.ProjectRestrictResultSet.getNextRowCore(ProjectRestrictResultSet.java:255)
	at org.apache.derby.impl.sql.execute.NormalizeResultSet.getNextRowCore(NormalizeResultSet.java:186)
	at org.apache.derby.impl.sql.execute.NoPutResultSetImpl.getNextRowFromRowSource(NoPutResultSetImpl.java:205)
	at org.apache.derby.impl.store.access.heap.HeapController.load(HeapController.java:396)
	at org.apache.derby.impl.store.access.heap.Heap.load(Heap.java:649)
	at org.apache.derby.impl.store.access.RAMTransaction.loadConglomerate(RAMTransaction.java:1240)
	at org.apache.derby.impl.store.access.RAMTransaction.recreateAndLoadConglomerate(RAMTransaction.java:908)
	at org.apache.derby.impl.sql.execute.InsertResultSet.bulkInsertCore(InsertResultSet.java:1308)
	at org.apache.derby.impl.sql.execute.InsertResultSet.open(InsertResultSet.java:446)
	at org.apache.derby.impl.sql.GenericPreparedStatement.execute(GenericPreparedStatement.java:370)
	at org.apache.derby.impl.jdbc.EmbedStatement.executeStatement(EmbedStatement.java:1225)
	... 86 more