I see the following errors when I run the JUnit tests on Open JDK 7 for Mac OS X:

sanity is sane
.........................................
.........................................
.........START-SPAWNED:sysinfo STANDARD OUTPUT: exit code=1
Tue Oct 11 10:15:02 PDT 2011 : Error getting SysInfo information.
END-SPAWNED  :sysinfo STANDARD OUTPUT:
FSTART-SPAWNED:SpawnedNetworkServer STANDARD OUTPUT: exit code=143
Tue Oct 11 10:14:54 PDT 2011 : Security manager installed using the Basic server security policy.
Tue Oct 11 10:15:01 PDT 2011 : Warning: UnknkownHostException: richard-hillegas-computer.local: richard-hillegas-computer.local: nodename nor servname provided, or not known.
Tue Oct 11 10:15:01 PDT 2011 : Apache Derby Network Server - 10.8.2.2 - (1181258) started and ready to accept connections on port 1527
Tue Oct 11 10:15:02 PDT 2011 : host: localhost is not local to the server running on 0.0.0.0, so cannot be used for NetworkServerControl commands  
Tue Oct 11 10:15:02 PDT 2011 : host: localhost is not local to the server running on 0.0.0.0, so cannot be used for NetworkServerControl commands  
END-SPAWNED  :SpawnedNetworkServer STANDARD OUTPUT:
E.START-SPAWNED:sysinfo STANDARD OUTPUT: exit code=1
Tue Oct 11 10:15:50 PDT 2011 : Error getting SysInfo information.
END-SPAWNED  :sysinfo STANDARD OUTPUT:
FSTART-SPAWNED:SpawnedNetworkServer STANDARD OUTPUT: exit code=143
Tue Oct 11 10:15:43 PDT 2011 : Security manager installed using the Basic server security policy.
Tue Oct 11 10:15:50 PDT 2011 : Warning: UnknkownHostException: richard-hillegas-computer.local: richard-hillegas-computer.local: nodename nor servname provided, or not known.
Tue Oct 11 10:15:50 PDT 2011 : Apache Derby Network Server - 10.8.2.2 - (1181258) started and ready to accept connections on port 1527
Tue Oct 11 10:15:50 PDT 2011 : host: localhost is not local to the server running on 0.0.0.0, so cannot be used for NetworkServerControl commands  
Tue Oct 11 10:15:50 PDT 2011 : host: localhost is not local to the server running on 0.0.0.0, so cannot be used for NetworkServerControl commands  
END-SPAWNED  :SpawnedNetworkServer STANDARD OUTPUT:
E...............................
.........................................
.........................................
.........................................
.........................................
.........................................
.........................................
.........................................
.........................................
.........................................
.........................................
.........................................
.........................................
.........................................
.........................................
.........................................
.........................................
.........................................
.........................................
.........................................
.........................................
.........................................
.........................................
.........................................
.........................................
.........................................
.........................................
.........................................
.........................................
.........................................
.........................................
.........................................
.........................................
.........................................
.........................................
.........................................
.........................................
.........................................
.........................................
.........................................
.........................................
.........................................
.........................................
.........................................
.........................................
.........................................
.........................................
.........................................
.........................................
.........................................
.........................................
.........................................
.........................................
.........................................
.........................................
.........................................
.........................................
.........................................
.........................................
.........................................
.........................................
.........................................
.........................................
.........................................
.........................................
.........................................
.........................................
.........................................
.........................................
.........................................
.........................................
.........................................
.........................................
.........................................
.........................................
.........................................
.........................................
.........................................
.........................................
.........................................
.........................................
.........................................
.........................................
.........................................
.........................................
.........................................
.........................................
.........................................
.........................................
.........................................
.........................................
.........................................
.........................................
.........................................
.........................................
.........................................
.........................................
.........................................
.........................................
.........................................
.........................................
.........................................
.........................................
.........................................
.........................................
.........................................
.........................................
.........................................
.........................................
.........................................
.........................................
.........................................
.........................................
.........................................
.........................................
.........................................
.........................................
.........................................
.........................................
.........................................
.........................................
.........................................
.........................................
.........................................
.........................................
.........................................
.........................................
.........................................
.........................................
.........................................
.........................................
.........................................
.........................................
.........................................
.........................................
.........................................
.........................................
.........................................
.........................................
.........................................
.........................................
.........................................
.........................................
.........................................
.........................................
.........................................
.........................................
.........................................
.........................................
.........................................
.........................................
.........................................
.........................................
.........................................
.........................................
.........................................
.........................................
.........................................
.........................................
.........................................
.........................................
.........................................
.........................................
.........................................
.........................................
.........................................
.........................................
.........................................
.........................................
.........................................
.........................................
.........................................
.........................................
.........................................
.........................................
.........................................
.........................................
.........................................
.........................................
.........................................
.........................................
.........................................
.........................................
.........................................
.........................................
.........................................
.........................................
.........................................
.........................................
.........................................
.........................................
.........................................
.........................................
.........................................
.........................................
.........................................
.........................................
.........................................
.........................................
.........................................
.........................................
.........................................
.........................................
.........................................
.........................................
.........................................
.........................................
.........................................
.........................................
.........................................
.........................................
.........................................
.........................................
.........................................
.........................................
.........................................
.........................................
.........................................
.........................................
.........................................
.........................................
.........................................
.........................................
.........................................
.........................................
.........................................
.........................................
.........................................
.........................................
.........................................
.........................................
.........................................
.........................................
.........................................
.........................................
.........................................
.........................................
.........................................
.........................................
.........................................
.........................................
.........................................
.........................................
.........................................
.........................................
.........................................
.........................................
.........................................
.........................................
.........................................
.........................................
...................START-SPAWNED:SpawnedNetworkServer ERROR OUTPUT:
Error: Exception thrown by the agent : java.net.MalformedURLException: Local host name unknown: java.net.UnknownHostException: richard-hillegas-computer.local: richard-hillegas-computer.local: nodename nor servname provided, or not known
END-SPAWNED  :SpawnedNetworkServer ERROR OUTPUT:
F.START-SPAWNED:SpawnedNetworkServer ERROR OUTPUT:
Error: Exception thrown by the agent : java.net.MalformedURLException: Local host name unknown: java.net.UnknownHostException: richard-hillegas-computer.local: richard-hillegas-computer.local: nodename nor servname provided, or not known
END-SPAWNED  :SpawnedNetworkServer ERROR OUTPUT:
F.START-SPAWNED:SpawnedNetworkServer ERROR OUTPUT:
Error: Exception thrown by the agent : java.net.MalformedURLException: Local host name unknown: java.net.UnknownHostException: richard-hillegas-computer.local: richard-hillegas-computer.local: nodename nor servname provided, or not known
END-SPAWNED  :SpawnedNetworkServer ERROR OUTPUT:
F....................
START-SPAWNED:SpawnedNetworkServer ERROR OUTPUT:
Error: Exception thrown by the agent : java.net.MalformedURLException: Local host name unknown: java.net.UnknownHostException: richard-hillegas-computer.local: richard-hillegas-computer.local: nodename nor servname provided, or not known
END-SPAWNED  :SpawnedNetworkServer ERROR OUTPUT:
F.....START-SPAWNED:SpawnedNetworkServer ERROR OUTPUT:
Error: Exception thrown by the agent : java.net.MalformedURLException: Local host name unknown: java.net.UnknownHostException: richard-hillegas-computer.local: richard-hillegas-computer.local: nodename nor servname provided, or not known
END-SPAWNED  :SpawnedNetworkServer ERROR OUTPUT:
F......................START-SPAWNED:SpawnedNetworkServer ERROR OUTPUT:
Error: Exception thrown by the agent : java.net.MalformedURLException: Local host name unknown: java.net.UnknownHostException: richard-hillegas-computer.local: richard-hillegas-computer.local: nodename nor servname provided, or not known
END-SPAWNED  :SpawnedNetworkServer ERROR OUTPUT:
F..............
.........................................
.........................................
.........................................
.........................................
.........................................
.........................................
.........................................
.........................................
.........................................
.........................................
.........................................
.........................................
.........................................
.........................................
.........................................
.........................................
.........................................
.........................................
.........................................
.........................................
.........................................
.........................................
.........................................
.........................................
.........................................
.........................................
....................E.E.E.F.E.E.E.E.E.E.E.E.E.E.E.E.E.E.E
Time: 5,033.075
There were 20 errors:
1) SecureServerTest( Opened = false, Authenticated= true, CustomDerbyProperties= null, WildCardHost= 0.0.0.0 )java.lang.Exception: DRDA_NeedLocalHost.S:host: localhost is not local to the server running on 0.0.0.0, so cannot be used for NetworkServerControl commands  
	at org.apache.derby.impl.drda.NetworkServerControlImpl.consolePropertyMessageWork(Unknown Source)
	at org.apache.derby.impl.drda.NetworkServerControlImpl.consolePropertyMessage(Unknown Source)
	at org.apache.derby.impl.drda.NetworkServerControlImpl.readResult(Unknown Source)
	at org.apache.derby.impl.drda.NetworkServerControlImpl.shutdown(Unknown Source)
	at org.apache.derby.drda.NetworkServerControl.shutdown(Unknown Source)
	at org.apache.derbyTesting.junit.NetworkServerTestSetup.tearDown(NetworkServerTestSetup.java:379)
	at junit.extensions.TestSetup$1.protect(TestSetup.java:22)
	at junit.extensions.TestSetup.run(TestSetup.java:25)
	at org.apache.derbyTesting.junit.BaseTestSetup.run(BaseTestSetup.java:57)
	at junit.extensions.TestDecorator.basicRun(TestDecorator.java:24)
	at junit.extensions.TestSetup$1.protect(TestSetup.java:21)
	at junit.extensions.TestSetup.run(TestSetup.java:25)
	at junit.extensions.TestDecorator.basicRun(TestDecorator.java:24)
	at junit.extensions.TestSetup$1.protect(TestSetup.java:21)
	at junit.extensions.TestSetup.run(TestSetup.java:25)
	at junit.extensions.TestDecorator.basicRun(TestDecorator.java:24)
	at junit.extensions.TestSetup$1.protect(TestSetup.java:21)
	at junit.extensions.TestSetup.run(TestSetup.java:25)
2) SecureServerTest( Opened = false, Authenticated= true, CustomDerbyProperties= null, WildCardHost= 0.00.000.0 )java.lang.Exception: DRDA_NeedLocalHost.S:host: localhost is not local to the server running on 0.0.0.0, so cannot be used for NetworkServerControl commands  
	at org.apache.derby.impl.drda.NetworkServerControlImpl.consolePropertyMessageWork(Unknown Source)
	at org.apache.derby.impl.drda.NetworkServerControlImpl.consolePropertyMessage(Unknown Source)
	at org.apache.derby.impl.drda.NetworkServerControlImpl.readResult(Unknown Source)
	at org.apache.derby.impl.drda.NetworkServerControlImpl.shutdown(Unknown Source)
	at org.apache.derby.drda.NetworkServerControl.shutdown(Unknown Source)
	at org.apache.derbyTesting.junit.NetworkServerTestSetup.tearDown(NetworkServerTestSetup.java:379)
	at junit.extensions.TestSetup$1.protect(TestSetup.java:22)
	at junit.extensions.TestSetup.run(TestSetup.java:25)
	at org.apache.derbyTesting.junit.BaseTestSetup.run(BaseTestSetup.java:57)
	at junit.extensions.TestDecorator.basicRun(TestDecorator.java:24)
	at junit.extensions.TestSetup$1.protect(TestSetup.java:21)
	at junit.extensions.TestSetup.run(TestSetup.java:25)
	at junit.extensions.TestDecorator.basicRun(TestDecorator.java:24)
	at junit.extensions.TestSetup$1.protect(TestSetup.java:21)
	at junit.extensions.TestSetup.run(TestSetup.java:25)
	at junit.extensions.TestDecorator.basicRun(TestDecorator.java:24)
	at junit.extensions.TestSetup$1.protect(TestSetup.java:21)
	at junit.extensions.TestSetup.run(TestSetup.java:25)
3) testReplication_Local_LogFilesSynched(org.apache.derbyTesting.functionTests.tests.replicationTests.ReplicationRun_Local)java.sql.SQLException: DERBY SQL error: SQLCODE: -1, SQLSTATE: XSAI2, SQLERRMC: 384XSAI2.S
	at org.apache.derby.client.am.SQLExceptionFactory40.getSQLException(Unknown Source)
	at org.apache.derby.client.am.SqlException.getSQLException(Unknown Source)
	at org.apache.derby.client.am.Statement.execute(Unknown Source)
	at org.apache.derbyTesting.functionTests.tests.replicationTests.ReplicationRun.bootMasterDatabase(ReplicationRun.java:868)
	at org.apache.derbyTesting.functionTests.tests.replicationTests.ReplicationRun_Local.testReplication_Local_LogFilesSynched(ReplicationRun_Local.java:195)
	at sun.reflect.NativeMethodAccessorImpl.invoke0(Native Method)
	at sun.reflect.NativeMethodAccessorImpl.invoke(NativeMethodAccessorImpl.java:57)
	at sun.reflect.DelegatingMethodAccessorImpl.invoke(DelegatingMethodAccessorImpl.java:43)
	at org.apache.derbyTesting.junit.BaseTestCase.runBare(BaseTestCase.java:113)
	at org.apache.derbyTesting.functionTests.tests.replicationTests.ReplicationRun.runBare(ReplicationRun.java:206)
	at junit.extensions.TestDecorator.basicRun(TestDecorator.java:24)
	at junit.extensions.TestSetup$1.protect(TestSetup.java:21)
	at junit.extensions.TestSetup.run(TestSetup.java:25)
Caused by: org.apache.derby.client.am.SqlException: DERBY SQL error: SQLCODE: -1, SQLSTATE: XSAI2, SQLERRMC: 384XSAI2.S
	at org.apache.derby.client.am.Statement.completeSqlca(Unknown Source)
	at org.apache.derby.client.net.NetStatementReply.parsePrepareError(Unknown Source)
	at org.apache.derby.client.net.NetStatementReply.parsePRPSQLSTTreply(Unknown Source)
	at org.apache.derby.client.net.NetStatementReply.readPrepare(Unknown Source)
	at org.apache.derby.client.net.StatementReply.readPrepare(Unknown Source)
	at org.apache.derby.client.net.NetStatement.readPrepare_(Unknown Source)
	at org.apache.derby.client.am.Statement.readPrepare(Unknown Source)
	at org.apache.derby.client.am.Statement.flowExecute(Unknown Source)
	at org.apache.derby.client.am.Statement.executeX(Unknown Source)
	... 32 more
4) testReplication_Local_1_InsertUpdateDeleteOnMaster(org.apache.derbyTesting.functionTests.tests.replicationTests.ReplicationRun_Local_1)java.sql.SQLException: DERBY SQL error: SQLCODE: -1, SQLSTATE: XSAI2, SQLERRMC: 384XSAI2.S
	at org.apache.derby.client.am.SQLExceptionFactory40.getSQLException(Unknown Source)
	at org.apache.derby.client.am.SqlException.getSQLException(Unknown Source)
	at org.apache.derby.client.am.Statement.execute(Unknown Source)
	at org.apache.derbyTesting.functionTests.tests.replicationTests.ReplicationRun.bootMasterDatabase(ReplicationRun.java:868)
	at org.apache.derbyTesting.functionTests.tests.replicationTests.ReplicationRun_Local_1.testReplication_Local_1_InsertUpdateDeleteOnMaster(ReplicationRun_Local_1.java:77)
	at sun.reflect.NativeMethodAccessorImpl.invoke0(Native Method)
	at sun.reflect.NativeMethodAccessorImpl.invoke(NativeMethodAccessorImpl.java:57)
	at sun.reflect.DelegatingMethodAccessorImpl.invoke(DelegatingMethodAccessorImpl.java:43)
	at org.apache.derbyTesting.junit.BaseTestCase.runBare(BaseTestCase.java:113)
	at org.apache.derbyTesting.functionTests.tests.replicationTests.ReplicationRun.runBare(ReplicationRun.java:206)
	at junit.extensions.TestDecorator.basicRun(TestDecorator.java:24)
	at junit.extensions.TestSetup$1.protect(TestSetup.java:21)
	at junit.extensions.TestSetup.run(TestSetup.java:25)
Caused by: org.apache.derby.client.am.SqlException: DERBY SQL error: SQLCODE: -1, SQLSTATE: XSAI2, SQLERRMC: 384XSAI2.S
	at org.apache.derby.client.am.Statement.completeSqlca(Unknown Source)
	at org.apache.derby.client.net.NetStatementReply.parsePrepareError(Unknown Source)
	at org.apache.derby.client.net.NetStatementReply.parsePRPSQLSTTreply(Unknown Source)
	at org.apache.derby.client.net.NetStatementReply.readPrepare(Unknown Source)
	at org.apache.derby.client.net.StatementReply.readPrepare(Unknown Source)
	at org.apache.derby.client.net.NetStatement.readPrepare_(Unknown Source)
	at org.apache.derby.client.am.Statement.readPrepare(Unknown Source)
	at org.apache.derby.client.am.Statement.flowExecute(Unknown Source)
	at org.apache.derby.client.am.Statement.executeX(Unknown Source)
	... 32 more
5) testReplication_Local_1_Indexing(org.apache.derbyTesting.functionTests.tests.replicationTests.ReplicationRun_Local_1Indexing)java.sql.SQLException: DERBY SQL error: SQLCODE: -1, SQLSTATE: XSAI2, SQLERRMC: 384XSAI2.S
	at org.apache.derby.client.am.SQLExceptionFactory40.getSQLException(Unknown Source)
	at org.apache.derby.client.am.SqlException.getSQLException(Unknown Source)
	at org.apache.derby.client.am.Statement.execute(Unknown Source)
	at org.apache.derbyTesting.functionTests.tests.replicationTests.ReplicationRun.bootMasterDatabase(ReplicationRun.java:868)
	at org.apache.derbyTesting.functionTests.tests.replicationTests.ReplicationRun.makeReadyForReplication(ReplicationRun.java:2518)
	at org.apache.derbyTesting.functionTests.tests.replicationTests.ReplicationRun_Local_1Indexing.testReplication_Local_1_Indexing(ReplicationRun_Local_1Indexing.java:70)
	at sun.reflect.NativeMethodAccessorImpl.invoke0(Native Method)
	at sun.reflect.NativeMethodAccessorImpl.invoke(NativeMethodAccessorImpl.java:57)
	at sun.reflect.DelegatingMethodAccessorImpl.invoke(DelegatingMethodAccessorImpl.java:43)
	at org.apache.derbyTesting.junit.BaseTestCase.runBare(BaseTestCase.java:113)
	at org.apache.derbyTesting.functionTests.tests.replicationTests.ReplicationRun.runBare(ReplicationRun.java:206)
	at junit.extensions.TestDecorator.basicRun(TestDecorator.java:24)
	at junit.extensions.TestSetup$1.protect(TestSetup.java:21)
	at junit.extensions.TestSetup.run(TestSetup.java:25)
Caused by: org.apache.derby.client.am.SqlException: DERBY SQL error: SQLCODE: -1, SQLSTATE: XSAI2, SQLERRMC: 384XSAI2.S
	at org.apache.derby.client.am.Statement.completeSqlca(Unknown Source)
	at org.apache.derby.client.net.NetStatementReply.parsePrepareError(Unknown Source)
	at org.apache.derby.client.net.NetStatementReply.parsePRPSQLSTTreply(Unknown Source)
	at org.apache.derby.client.net.NetStatementReply.readPrepare(Unknown Source)
	at org.apache.derby.client.net.StatementReply.readPrepare(Unknown Source)
	at org.apache.derby.client.net.NetStatement.readPrepare_(Unknown Source)
	at org.apache.derby.client.am.Statement.readPrepare(Unknown Source)
	at org.apache.derby.client.am.Statement.flowExecute(Unknown Source)
	at org.apache.derby.client.am.Statement.executeX(Unknown Source)
	... 33 more
6) testReplication_Local_StateTest_part1_1(org.apache.derbyTesting.functionTests.tests.replicationTests.ReplicationRun_Local_StateTest_part1_1)java.sql.SQLException: DERBY SQL error: SQLCODE: -1, SQLSTATE: XSAI2, SQLERRMC: 384XSAI2.S
	at org.apache.derby.client.am.SQLExceptionFactory40.getSQLException(Unknown Source)
	at org.apache.derby.client.am.SqlException.getSQLException(Unknown Source)
	at org.apache.derby.client.am.Statement.execute(Unknown Source)
	at org.apache.derbyTesting.functionTests.tests.replicationTests.ReplicationRun.bootMasterDatabase(ReplicationRun.java:868)
	at org.apache.derbyTesting.functionTests.tests.replicationTests.ReplicationRun_Local_StateTest_part1_1.testReplication_Local_StateTest_part1_1(ReplicationRun_Local_StateTest_part1_1.java:96)
	at sun.reflect.NativeMethodAccessorImpl.invoke0(Native Method)
	at sun.reflect.NativeMethodAccessorImpl.invoke(NativeMethodAccessorImpl.java:57)
	at sun.reflect.DelegatingMethodAccessorImpl.invoke(DelegatingMethodAccessorImpl.java:43)
	at org.apache.derbyTesting.junit.BaseTestCase.runBare(BaseTestCase.java:113)
	at org.apache.derbyTesting.functionTests.tests.replicationTests.ReplicationRun.runBare(ReplicationRun.java:206)
	at junit.extensions.TestDecorator.basicRun(TestDecorator.java:24)
	at junit.extensions.TestSetup$1.protect(TestSetup.java:21)
	at junit.extensions.TestSetup.run(TestSetup.java:25)
Caused by: org.apache.derby.client.am.SqlException: DERBY SQL error: SQLCODE: -1, SQLSTATE: XSAI2, SQLERRMC: 384XSAI2.S
	at org.apache.derby.client.am.Statement.completeSqlca(Unknown Source)
	at org.apache.derby.client.net.NetStatementReply.parsePrepareError(Unknown Source)
	at org.apache.derby.client.net.NetStatementReply.parsePRPSQLSTTreply(Unknown Source)
	at org.apache.derby.client.net.NetStatementReply.readPrepare(Unknown Source)
	at org.apache.derby.client.net.StatementReply.readPrepare(Unknown Source)
	at org.apache.derby.client.net.NetStatement.readPrepare_(Unknown Source)
	at org.apache.derby.client.am.Statement.readPrepare(Unknown Source)
	at org.apache.derby.client.am.Statement.flowExecute(Unknown Source)
	at org.apache.derby.client.am.Statement.executeX(Unknown Source)
	... 32 more
7) testReplication_Local_StateTest_part1_2(org.apache.derbyTesting.functionTests.tests.replicationTests.ReplicationRun_Local_StateTest_part1_2)java.sql.SQLException: DERBY SQL error: SQLCODE: -1, SQLSTATE: XSAI2, SQLERRMC: 384XSAI2.S
	at org.apache.derby.client.am.SQLExceptionFactory40.getSQLException(Unknown Source)
	at org.apache.derby.client.am.SqlException.getSQLException(Unknown Source)
	at org.apache.derby.client.am.Statement.execute(Unknown Source)
	at org.apache.derbyTesting.functionTests.tests.replicationTests.ReplicationRun.bootMasterDatabase(ReplicationRun.java:868)
	at org.apache.derbyTesting.functionTests.tests.replicationTests.ReplicationRun_Local_StateTest_part1_2.testReplication_Local_StateTest_part1_2(ReplicationRun_Local_StateTest_part1_2.java:104)
	at sun.reflect.NativeMethodAccessorImpl.invoke0(Native Method)
	at sun.reflect.NativeMethodAccessorImpl.invoke(NativeMethodAccessorImpl.java:57)
	at sun.reflect.DelegatingMethodAccessorImpl.invoke(DelegatingMethodAccessorImpl.java:43)
	at org.apache.derbyTesting.junit.BaseTestCase.runBare(BaseTestCase.java:113)
	at org.apache.derbyTesting.functionTests.tests.replicationTests.ReplicationRun.runBare(ReplicationRun.java:206)
	at junit.extensions.TestDecorator.basicRun(TestDecorator.java:24)
	at junit.extensions.TestSetup$1.protect(TestSetup.java:21)
	at junit.extensions.TestSetup.run(TestSetup.java:25)
Caused by: org.apache.derby.client.am.SqlException: DERBY SQL error: SQLCODE: -1, SQLSTATE: XSAI2, SQLERRMC: 384XSAI2.S
	at org.apache.derby.client.am.Statement.completeSqlca(Unknown Source)
	at org.apache.derby.client.net.NetStatementReply.parsePrepareError(Unknown Source)
	at org.apache.derby.client.net.NetStatementReply.parsePRPSQLSTTreply(Unknown Source)
	at org.apache.derby.client.net.NetStatementReply.readPrepare(Unknown Source)
	at org.apache.derby.client.net.StatementReply.readPrepare(Unknown Source)
	at org.apache.derby.client.net.NetStatement.readPrepare_(Unknown Source)
	at org.apache.derby.client.am.Statement.readPrepare(Unknown Source)
	at org.apache.derby.client.am.Statement.flowExecute(Unknown Source)
	at org.apache.derby.client.am.Statement.executeX(Unknown Source)
	... 32 more
8) testReplication_Local_StateTest_part1_3(org.apache.derbyTesting.functionTests.tests.replicationTests.ReplicationRun_Local_StateTest_part1_3)java.sql.SQLException: DERBY SQL error: SQLCODE: -1, SQLSTATE: XSAI2, SQLERRMC: 384XSAI2.S
	at org.apache.derby.client.am.SQLExceptionFactory40.getSQLException(Unknown Source)
	at org.apache.derby.client.am.SqlException.getSQLException(Unknown Source)
	at org.apache.derby.client.am.Statement.execute(Unknown Source)
	at org.apache.derbyTesting.functionTests.tests.replicationTests.ReplicationRun.bootMasterDatabase(ReplicationRun.java:868)
	at org.apache.derbyTesting.functionTests.tests.replicationTests.ReplicationRun_Local_StateTest_part1_3.testReplication_Local_StateTest_part1_3(ReplicationRun_Local_StateTest_part1_3.java:95)
	at sun.reflect.NativeMethodAccessorImpl.invoke0(Native Method)
	at sun.reflect.NativeMethodAccessorImpl.invoke(NativeMethodAccessorImpl.java:57)
	at sun.reflect.DelegatingMethodAccessorImpl.invoke(DelegatingMethodAccessorImpl.java:43)
	at org.apache.derbyTesting.junit.BaseTestCase.runBare(BaseTestCase.java:113)
	at org.apache.derbyTesting.functionTests.tests.replicationTests.ReplicationRun.runBare(ReplicationRun.java:206)
	at junit.extensions.TestDecorator.basicRun(TestDecorator.java:24)
	at junit.extensions.TestSetup$1.protect(TestSetup.java:21)
	at junit.extensions.TestSetup.run(TestSetup.java:25)
Caused by: org.apache.derby.client.am.SqlException: DERBY SQL error: SQLCODE: -1, SQLSTATE: XSAI2, SQLERRMC: 384XSAI2.S
	at org.apache.derby.client.am.Statement.completeSqlca(Unknown Source)
	at org.apache.derby.client.net.NetStatementReply.parsePrepareError(Unknown Source)
	at org.apache.derby.client.net.NetStatementReply.parsePRPSQLSTTreply(Unknown Source)
	at org.apache.derby.client.net.NetStatementReply.readPrepare(Unknown Source)
	at org.apache.derby.client.net.StatementReply.readPrepare(Unknown Source)
	at org.apache.derby.client.net.NetStatement.readPrepare_(Unknown Source)
	at org.apache.derby.client.am.Statement.readPrepare(Unknown Source)
	at org.apache.derby.client.am.Statement.flowExecute(Unknown Source)
	at org.apache.derby.client.am.Statement.executeX(Unknown Source)
	... 32 more
9) testReplication_Local_StateTest_part2(org.apache.derbyTesting.functionTests.tests.replicationTests.ReplicationRun_Local_StateTest_part2)java.sql.SQLException: DERBY SQL error: SQLCODE: -1, SQLSTATE: XSAI2, SQLERRMC: 384XSAI2.S
	at org.apache.derby.client.am.SQLExceptionFactory40.getSQLException(Unknown Source)
	at org.apache.derby.client.am.SqlException.getSQLException(Unknown Source)
	at org.apache.derby.client.am.Statement.execute(Unknown Source)
	at org.apache.derbyTesting.functionTests.tests.replicationTests.ReplicationRun.bootMasterDatabase(ReplicationRun.java:868)
	at org.apache.derbyTesting.functionTests.tests.replicationTests.ReplicationRun_Local_StateTest_part2.testReplication_Local_StateTest_part2(ReplicationRun_Local_StateTest_part2.java:97)
	at sun.reflect.NativeMethodAccessorImpl.invoke0(Native Method)
	at sun.reflect.NativeMethodAccessorImpl.invoke(NativeMethodAccessorImpl.java:57)
	at sun.reflect.DelegatingMethodAccessorImpl.invoke(DelegatingMethodAccessorImpl.java:43)
	at org.apache.derbyTesting.junit.BaseTestCase.runBare(BaseTestCase.java:113)
	at org.apache.derbyTesting.functionTests.tests.replicationTests.ReplicationRun.runBare(ReplicationRun.java:206)
	at junit.extensions.TestDecorator.basicRun(TestDecorator.java:24)
	at junit.extensions.TestSetup$1.protect(TestSetup.java:21)
	at junit.extensions.TestSetup.run(TestSetup.java:25)
Caused by: org.apache.derby.client.am.SqlException: DERBY SQL error: SQLCODE: -1, SQLSTATE: XSAI2, SQLERRMC: 384XSAI2.S
	at org.apache.derby.client.am.Statement.completeSqlca(Unknown Source)
	at org.apache.derby.client.net.NetStatementReply.parsePrepareError(Unknown Source)
	at org.apache.derby.client.net.NetStatementReply.parsePRPSQLSTTreply(Unknown Source)
	at org.apache.derby.client.net.NetStatementReply.readPrepare(Unknown Source)
	at org.apache.derby.client.net.StatementReply.readPrepare(Unknown Source)
	at org.apache.derby.client.net.NetStatement.readPrepare_(Unknown Source)
	at org.apache.derby.client.am.Statement.readPrepare(Unknown Source)
	at org.apache.derby.client.am.Statement.flowExecute(Unknown Source)
	at org.apache.derby.client.am.Statement.executeX(Unknown Source)
	... 32 more
10) testReplication_Local_3_p1_StateNegativeTests(org.apache.derbyTesting.functionTests.tests.replicationTests.ReplicationRun_Local_3_p1)java.sql.SQLException: DERBY SQL error: SQLCODE: -1, SQLSTATE: XSAI2, SQLERRMC: 384XSAI2.S
	at org.apache.derby.client.am.SQLExceptionFactory40.getSQLException(Unknown Source)
	at org.apache.derby.client.am.SqlException.getSQLException(Unknown Source)
	at org.apache.derby.client.am.Statement.execute(Unknown Source)
	at org.apache.derbyTesting.functionTests.tests.replicationTests.ReplicationRun.bootMasterDatabase(ReplicationRun.java:868)
	at org.apache.derbyTesting.functionTests.tests.replicationTests.ReplicationRun_Local_3_p1.testReplication_Local_3_p1_StateNegativeTests(ReplicationRun_Local_3_p1.java:98)
	at sun.reflect.NativeMethodAccessorImpl.invoke0(Native Method)
	at sun.reflect.NativeMethodAccessorImpl.invoke(NativeMethodAccessorImpl.java:57)
	at sun.reflect.DelegatingMethodAccessorImpl.invoke(DelegatingMethodAccessorImpl.java:43)
	at org.apache.derbyTesting.junit.BaseTestCase.runBare(BaseTestCase.java:113)
	at org.apache.derbyTesting.functionTests.tests.replicationTests.ReplicationRun.runBare(ReplicationRun.java:206)
	at junit.extensions.TestDecorator.basicRun(TestDecorator.java:24)
	at junit.extensions.TestSetup$1.protect(TestSetup.java:21)
	at junit.extensions.TestSetup.run(TestSetup.java:25)
Caused by: org.apache.derby.client.am.SqlException: DERBY SQL error: SQLCODE: -1, SQLSTATE: XSAI2, SQLERRMC: 384XSAI2.S
	at org.apache.derby.client.am.Statement.completeSqlca(Unknown Source)
	at org.apache.derby.client.net.NetStatementReply.parsePrepareError(Unknown Source)
	at org.apache.derby.client.net.NetStatementReply.parsePRPSQLSTTreply(Unknown Source)
	at org.apache.derby.client.net.NetStatementReply.readPrepare(Unknown Source)
	at org.apache.derby.client.net.StatementReply.readPrepare(Unknown Source)
	at org.apache.derby.client.net.NetStatement.readPrepare_(Unknown Source)
	at org.apache.derby.client.am.Statement.readPrepare(Unknown Source)
	at org.apache.derby.client.am.Statement.flowExecute(Unknown Source)
	at org.apache.derby.client.am.Statement.executeX(Unknown Source)
	... 32 more
11) testReplication_Local_3_p2_StateTests_bigInsert_sleepBeforeStopMaster(org.apache.derbyTesting.functionTests.tests.replicationTests.ReplicationRun_Local_3_p2)java.sql.SQLException: DERBY SQL error: SQLCODE: -1, SQLSTATE: XSAI2, SQLERRMC: 384XSAI2.S
	at org.apache.derby.client.am.SQLExceptionFactory40.getSQLException(Unknown Source)
	at org.apache.derby.client.am.SqlException.getSQLException(Unknown Source)
	at org.apache.derby.client.am.Statement.execute(Unknown Source)
	at org.apache.derbyTesting.functionTests.tests.replicationTests.ReplicationRun.bootMasterDatabase(ReplicationRun.java:868)
	at org.apache.derbyTesting.functionTests.tests.replicationTests.ReplicationRun_Local_3_p2.replication_Local_3_p2_StateTests(ReplicationRun_Local_3_p2.java:103)
	at org.apache.derbyTesting.functionTests.tests.replicationTests.ReplicationRun_Local_3_p2.testReplication_Local_3_p2_StateTests_bigInsert_sleepBeforeStopMaster(ReplicationRun_Local_3_p2.java:248)
	at sun.reflect.NativeMethodAccessorImpl.invoke0(Native Method)
	at sun.reflect.NativeMethodAccessorImpl.invoke(NativeMethodAccessorImpl.java:57)
	at sun.reflect.DelegatingMethodAccessorImpl.invoke(DelegatingMethodAccessorImpl.java:43)
	at org.apache.derbyTesting.junit.BaseTestCase.runBare(BaseTestCase.java:113)
	at org.apache.derbyTesting.functionTests.tests.replicationTests.ReplicationRun.runBare(ReplicationRun.java:206)
	at junit.extensions.TestDecorator.basicRun(TestDecorator.java:24)
	at junit.extensions.TestSetup$1.protect(TestSetup.java:21)
	at junit.extensions.TestSetup.run(TestSetup.java:25)
Caused by: org.apache.derby.client.am.SqlException: DERBY SQL error: SQLCODE: -1, SQLSTATE: XSAI2, SQLERRMC: 384XSAI2.S
	at org.apache.derby.client.am.Statement.completeSqlca(Unknown Source)
	at org.apache.derby.client.net.NetStatementReply.parsePrepareError(Unknown Source)
	at org.apache.derby.client.net.NetStatementReply.parsePRPSQLSTTreply(Unknown Source)
	at org.apache.derby.client.net.NetStatementReply.readPrepare(Unknown Source)
	at org.apache.derby.client.net.StatementReply.readPrepare(Unknown Source)
	at org.apache.derby.client.net.NetStatement.readPrepare_(Unknown Source)
	at org.apache.derby.client.am.Statement.readPrepare(Unknown Source)
	at org.apache.derby.client.am.Statement.flowExecute(Unknown Source)
	at org.apache.derby.client.am.Statement.executeX(Unknown Source)
	... 33 more
12) testReplication_Local_3_p2_StateTests_smallInsert_sleepBeforeStopMaster(org.apache.derbyTesting.functionTests.tests.replicationTests.ReplicationRun_Local_3_p2)java.sql.SQLException: DERBY SQL error: SQLCODE: -1, SQLSTATE: XSAI2, SQLERRMC: 384XSAI2.S
	at org.apache.derby.client.am.SQLExceptionFactory40.getSQLException(Unknown Source)
	at org.apache.derby.client.am.SqlException.getSQLException(Unknown Source)
	at org.apache.derby.client.am.Statement.execute(Unknown Source)
	at org.apache.derbyTesting.functionTests.tests.replicationTests.ReplicationRun.bootMasterDatabase(ReplicationRun.java:868)
	at org.apache.derbyTesting.functionTests.tests.replicationTests.ReplicationRun_Local_3_p2.replication_Local_3_p2_StateTests(ReplicationRun_Local_3_p2.java:103)
	at org.apache.derbyTesting.functionTests.tests.replicationTests.ReplicationRun_Local_3_p2.testReplication_Local_3_p2_StateTests_smallInsert_sleepBeforeStopMaster(ReplicationRun_Local_3_p2.java:253)
	at sun.reflect.NativeMethodAccessorImpl.invoke0(Native Method)
	at sun.reflect.NativeMethodAccessorImpl.invoke(NativeMethodAccessorImpl.java:57)
	at sun.reflect.DelegatingMethodAccessorImpl.invoke(DelegatingMethodAccessorImpl.java:43)
	at org.apache.derbyTesting.junit.BaseTestCase.runBare(BaseTestCase.java:113)
	at org.apache.derbyTesting.functionTests.tests.replicationTests.ReplicationRun.runBare(ReplicationRun.java:206)
	at junit.extensions.TestDecorator.basicRun(TestDecorator.java:24)
	at junit.extensions.TestSetup$1.protect(TestSetup.java:21)
	at junit.extensions.TestSetup.run(TestSetup.java:25)
Caused by: org.apache.derby.client.am.SqlException: DERBY SQL error: SQLCODE: -1, SQLSTATE: XSAI2, SQLERRMC: 384XSAI2.S
	at org.apache.derby.client.am.Statement.completeSqlca(Unknown Source)
	at org.apache.derby.client.net.NetStatementReply.parsePrepareError(Unknown Source)
	at org.apache.derby.client.net.NetStatementReply.parsePRPSQLSTTreply(Unknown Source)
	at org.apache.derby.client.net.NetStatementReply.readPrepare(Unknown Source)
	at org.apache.derby.client.net.StatementReply.readPrepare(Unknown Source)
	at org.apache.derby.client.net.NetStatement.readPrepare_(Unknown Source)
	at org.apache.derby.client.am.Statement.readPrepare(Unknown Source)
	at org.apache.derby.client.am.Statement.flowExecute(Unknown Source)
	at org.apache.derby.client.am.Statement.executeX(Unknown Source)
	... 33 more
13) testReplication_Local_3_p2_StateTests_bigInsert_immediateStopMaster(org.apache.derbyTesting.functionTests.tests.replicationTests.ReplicationRun_Local_3_p2)java.sql.SQLException: DERBY SQL error: SQLCODE: -1, SQLSTATE: XSAI2, SQLERRMC: 384XSAI2.S
	at org.apache.derby.client.am.SQLExceptionFactory40.getSQLException(Unknown Source)
	at org.apache.derby.client.am.SqlException.getSQLException(Unknown Source)
	at org.apache.derby.client.am.Statement.execute(Unknown Source)
	at org.apache.derbyTesting.functionTests.tests.replicationTests.ReplicationRun.bootMasterDatabase(ReplicationRun.java:868)
	at org.apache.derbyTesting.functionTests.tests.replicationTests.ReplicationRun_Local_3_p2.replication_Local_3_p2_StateTests(ReplicationRun_Local_3_p2.java:103)
	at org.apache.derbyTesting.functionTests.tests.replicationTests.ReplicationRun_Local_3_p2.testReplication_Local_3_p2_StateTests_bigInsert_immediateStopMaster(ReplicationRun_Local_3_p2.java:233)
	at sun.reflect.NativeMethodAccessorImpl.invoke0(Native Method)
	at sun.reflect.NativeMethodAccessorImpl.invoke(NativeMethodAccessorImpl.java:57)
	at sun.reflect.DelegatingMethodAccessorImpl.invoke(DelegatingMethodAccessorImpl.java:43)
	at org.apache.derbyTesting.junit.BaseTestCase.runBare(BaseTestCase.java:113)
	at org.apache.derbyTesting.functionTests.tests.replicationTests.ReplicationRun.runBare(ReplicationRun.java:206)
	at junit.extensions.TestDecorator.basicRun(TestDecorator.java:24)
	at junit.extensions.TestSetup$1.protect(TestSetup.java:21)
	at junit.extensions.TestSetup.run(TestSetup.java:25)
Caused by: org.apache.derby.client.am.SqlException: DERBY SQL error: SQLCODE: -1, SQLSTATE: XSAI2, SQLERRMC: 384XSAI2.S
	at org.apache.derby.client.am.Statement.completeSqlca(Unknown Source)
	at org.apache.derby.client.net.NetStatementReply.parsePrepareError(Unknown Source)
	at org.apache.derby.client.net.NetStatementReply.parsePRPSQLSTTreply(Unknown Source)
	at org.apache.derby.client.net.NetStatementReply.readPrepare(Unknown Source)
	at org.apache.derby.client.net.StatementReply.readPrepare(Unknown Source)
	at org.apache.derby.client.net.NetStatement.readPrepare_(Unknown Source)
	at org.apache.derby.client.am.Statement.readPrepare(Unknown Source)
	at org.apache.derby.client.am.Statement.flowExecute(Unknown Source)
	at org.apache.derby.client.am.Statement.executeX(Unknown Source)
	... 33 more
14) testReplication_Local_3_p3_StateNegativeTests(org.apache.derbyTesting.functionTests.tests.replicationTests.ReplicationRun_Local_3_p3)java.sql.SQLException: DERBY SQL error: SQLCODE: -1, SQLSTATE: XSAI2, SQLERRMC: 384XSAI2.S
	at org.apache.derby.client.am.SQLExceptionFactory40.getSQLException(Unknown Source)
	at org.apache.derby.client.am.SqlException.getSQLException(Unknown Source)
	at org.apache.derby.client.am.Statement.execute(Unknown Source)
	at org.apache.derbyTesting.functionTests.tests.replicationTests.ReplicationRun.bootMasterDatabase(ReplicationRun.java:868)
	at org.apache.derbyTesting.functionTests.tests.replicationTests.ReplicationRun_Local_3_p3.testReplication_Local_3_p3_StateNegativeTests(ReplicationRun_Local_3_p3.java:103)
	at sun.reflect.NativeMethodAccessorImpl.invoke0(Native Method)
	at sun.reflect.NativeMethodAccessorImpl.invoke(NativeMethodAccessorImpl.java:57)
	at sun.reflect.DelegatingMethodAccessorImpl.invoke(DelegatingMethodAccessorImpl.java:43)
	at org.apache.derbyTesting.junit.BaseTestCase.runBare(BaseTestCase.java:113)
	at org.apache.derbyTesting.functionTests.tests.replicationTests.ReplicationRun.runBare(ReplicationRun.java:206)
	at junit.extensions.TestDecorator.basicRun(TestDecorator.java:24)
	at junit.extensions.TestSetup$1.protect(TestSetup.java:21)
	at junit.extensions.TestSetup.run(TestSetup.java:25)
Caused by: org.apache.derby.client.am.SqlException: DERBY SQL error: SQLCODE: -1, SQLSTATE: XSAI2, SQLERRMC: 384XSAI2.S
	at org.apache.derby.client.am.Statement.completeSqlca(Unknown Source)
	at org.apache.derby.client.net.NetStatementReply.parsePrepareError(Unknown Source)
	at org.apache.derby.client.net.NetStatementReply.parsePRPSQLSTTreply(Unknown Source)
	at org.apache.derby.client.net.NetStatementReply.readPrepare(Unknown Source)
	at org.apache.derby.client.net.StatementReply.readPrepare(Unknown Source)
	at org.apache.derby.client.net.NetStatement.readPrepare_(Unknown Source)
	at org.apache.derby.client.am.Statement.readPrepare(Unknown Source)
	at org.apache.derby.client.am.Statement.flowExecute(Unknown Source)
	at org.apache.derby.client.am.Statement.executeX(Unknown Source)
	... 32 more
15) testReplication_Local_3_p4_StateNegativeTests(org.apache.derbyTesting.functionTests.tests.replicationTests.ReplicationRun_Local_3_p4)java.sql.SQLException: DERBY SQL error: SQLCODE: -1, SQLSTATE: XSAI2, SQLERRMC: 384XSAI2.S
	at org.apache.derby.client.am.SQLExceptionFactory40.getSQLException(Unknown Source)
	at org.apache.derby.client.am.SqlException.getSQLException(Unknown Source)
	at org.apache.derby.client.am.Statement.execute(Unknown Source)
	at org.apache.derbyTesting.functionTests.tests.replicationTests.ReplicationRun.bootMasterDatabase(ReplicationRun.java:868)
	at org.apache.derbyTesting.functionTests.tests.replicationTests.ReplicationRun_Local_3_p4.testReplication_Local_3_p4_StateNegativeTests(ReplicationRun_Local_3_p4.java:100)
	at sun.reflect.NativeMethodAccessorImpl.invoke0(Native Method)
	at sun.reflect.NativeMethodAccessorImpl.invoke(NativeMethodAccessorImpl.java:57)
	at sun.reflect.DelegatingMethodAccessorImpl.invoke(DelegatingMethodAccessorImpl.java:43)
	at org.apache.derbyTesting.junit.BaseTestCase.runBare(BaseTestCase.java:113)
	at org.apache.derbyTesting.functionTests.tests.replicationTests.ReplicationRun.runBare(ReplicationRun.java:206)
	at junit.extensions.TestDecorator.basicRun(TestDecorator.java:24)
	at junit.extensions.TestSetup$1.protect(TestSetup.java:21)
	at junit.extensions.TestSetup.run(TestSetup.java:25)
Caused by: org.apache.derby.client.am.SqlException: DERBY SQL error: SQLCODE: -1, SQLSTATE: XSAI2, SQLERRMC: 384XSAI2.S
	at org.apache.derby.client.am.Statement.completeSqlca(Unknown Source)
	at org.apache.derby.client.net.NetStatementReply.parsePrepareError(Unknown Source)
	at org.apache.derby.client.net.NetStatementReply.parsePRPSQLSTTreply(Unknown Source)
	at org.apache.derby.client.net.NetStatementReply.readPrepare(Unknown Source)
	at org.apache.derby.client.net.StatementReply.readPrepare(Unknown Source)
	at org.apache.derby.client.net.NetStatement.readPrepare_(Unknown Source)
	at org.apache.derby.client.am.Statement.readPrepare(Unknown Source)
	at org.apache.derby.client.am.Statement.flowExecute(Unknown Source)
	at org.apache.derby.client.am.Statement.executeX(Unknown Source)
	... 32 more
16) testReplication_Local_3_p5_DERBY_3878(org.apache.derbyTesting.functionTests.tests.replicationTests.ReplicationRun_Local_3_p5)java.sql.SQLException: DERBY SQL error: SQLCODE: -1, SQLSTATE: XSAI2, SQLERRMC: 384XSAI2.S
	at org.apache.derby.client.am.SQLExceptionFactory40.getSQLException(Unknown Source)
	at org.apache.derby.client.am.SqlException.getSQLException(Unknown Source)
	at org.apache.derby.client.am.Statement.execute(Unknown Source)
	at org.apache.derbyTesting.functionTests.tests.replicationTests.ReplicationRun.bootMasterDatabase(ReplicationRun.java:868)
	at org.apache.derbyTesting.functionTests.tests.replicationTests.ReplicationRun.makeReadyForReplication(ReplicationRun.java:2518)
	at org.apache.derbyTesting.functionTests.tests.replicationTests.ReplicationRun_Local_3_p5.testReplication_Local_3_p5_DERBY_3878(ReplicationRun_Local_3_p5.java:73)
	at sun.reflect.NativeMethodAccessorImpl.invoke0(Native Method)
	at sun.reflect.NativeMethodAccessorImpl.invoke(NativeMethodAccessorImpl.java:57)
	at sun.reflect.DelegatingMethodAccessorImpl.invoke(DelegatingMethodAccessorImpl.java:43)
	at org.apache.derbyTesting.junit.BaseTestCase.runBare(BaseTestCase.java:113)
	at org.apache.derbyTesting.functionTests.tests.replicationTests.ReplicationRun.runBare(ReplicationRun.java:206)
	at junit.extensions.TestDecorator.basicRun(TestDecorator.java:24)
	at junit.extensions.TestSetup$1.protect(TestSetup.java:21)
	at junit.extensions.TestSetup.run(TestSetup.java:25)
Caused by: org.apache.derby.client.am.SqlException: DERBY SQL error: SQLCODE: -1, SQLSTATE: XSAI2, SQLERRMC: 384XSAI2.S
	at org.apache.derby.client.am.Statement.completeSqlca(Unknown Source)
	at org.apache.derby.client.net.NetStatementReply.parsePrepareError(Unknown Source)
	at org.apache.derby.client.net.NetStatementReply.parsePRPSQLSTTreply(Unknown Source)
	at org.apache.derby.client.net.NetStatementReply.readPrepare(Unknown Source)
	at org.apache.derby.client.net.StatementReply.readPrepare(Unknown Source)
	at org.apache.derby.client.net.NetStatement.readPrepare_(Unknown Source)
	at org.apache.derby.client.am.Statement.readPrepare(Unknown Source)
	at org.apache.derby.client.am.Statement.flowExecute(Unknown Source)
	at org.apache.derby.client.am.Statement.executeX(Unknown Source)
	... 33 more
17) testReplication_Encrypted_1_miniLoad_negative(org.apache.derbyTesting.functionTests.tests.replicationTests.ReplicationRun_Local_Encrypted_1)java.sql.SQLException: DERBY SQL error: SQLCODE: -1, SQLSTATE: XSAI2, SQLERRMC: 384XSAI2.S
	at org.apache.derby.client.am.SQLExceptionFactory40.getSQLException(Unknown Source)
	at org.apache.derby.client.am.SqlException.getSQLException(Unknown Source)
	at org.apache.derby.client.am.Statement.execute(Unknown Source)
	at org.apache.derbyTesting.functionTests.tests.replicationTests.ReplicationRun.bootMasterDatabase(ReplicationRun.java:868)
	at org.apache.derbyTesting.functionTests.tests.replicationTests.ReplicationRun.makeReadyForReplication(ReplicationRun.java:2518)
	at org.apache.derbyTesting.functionTests.tests.replicationTests.ReplicationRun_Local_Encrypted_1.testReplication_Encrypted_1_miniLoad_negative(ReplicationRun_Local_Encrypted_1.java:132)
	at sun.reflect.NativeMethodAccessorImpl.invoke0(Native Method)
	at sun.reflect.NativeMethodAccessorImpl.invoke(NativeMethodAccessorImpl.java:57)
	at sun.reflect.DelegatingMethodAccessorImpl.invoke(DelegatingMethodAccessorImpl.java:43)
	at org.apache.derbyTesting.junit.BaseTestCase.runBare(BaseTestCase.java:113)
	at org.apache.derbyTesting.functionTests.tests.replicationTests.ReplicationRun.runBare(ReplicationRun.java:206)
	at junit.extensions.TestDecorator.basicRun(TestDecorator.java:24)
	at junit.extensions.TestSetup$1.protect(TestSetup.java:21)
	at junit.extensions.TestSetup.run(TestSetup.java:25)
Caused by: org.apache.derby.client.am.SqlException: DERBY SQL error: SQLCODE: -1, SQLSTATE: XSAI2, SQLERRMC: 384XSAI2.S
	at org.apache.derby.client.am.Statement.completeSqlca(Unknown Source)
	at org.apache.derby.client.net.NetStatementReply.parsePrepareError(Unknown Source)
	at org.apache.derby.client.net.NetStatementReply.parsePRPSQLSTTreply(Unknown Source)
	at org.apache.derby.client.net.NetStatementReply.readPrepare(Unknown Source)
	at org.apache.derby.client.net.StatementReply.readPrepare(Unknown Source)
	at org.apache.derby.client.net.NetStatement.readPrepare_(Unknown Source)
	at org.apache.derby.client.am.Statement.readPrepare(Unknown Source)
	at org.apache.derby.client.am.Statement.flowExecute(Unknown Source)
	at org.apache.derby.client.am.Statement.executeX(Unknown Source)
	... 33 more
18) testReplication_Encrypted_1_stdLoad(org.apache.derbyTesting.functionTests.tests.replicationTests.ReplicationRun_Local_Encrypted_1)java.sql.SQLException: DERBY SQL error: SQLCODE: -1, SQLSTATE: XSAI2, SQLERRMC: 384XSAI2.S
	at org.apache.derby.client.am.SQLExceptionFactory40.getSQLException(Unknown Source)
	at org.apache.derby.client.am.SqlException.getSQLException(Unknown Source)
	at org.apache.derby.client.am.Statement.execute(Unknown Source)
	at org.apache.derbyTesting.functionTests.tests.replicationTests.ReplicationRun.bootMasterDatabase(ReplicationRun.java:868)
	at org.apache.derbyTesting.functionTests.tests.replicationTests.ReplicationRun.makeReadyForReplication(ReplicationRun.java:2518)
	at org.apache.derbyTesting.functionTests.tests.replicationTests.ReplicationRun_Local_Encrypted_1.testReplication_Encrypted_1_stdLoad(ReplicationRun_Local_Encrypted_1.java:77)
	at sun.reflect.NativeMethodAccessorImpl.invoke0(Native Method)
	at sun.reflect.NativeMethodAccessorImpl.invoke(NativeMethodAccessorImpl.java:57)
	at sun.reflect.DelegatingMethodAccessorImpl.invoke(DelegatingMethodAccessorImpl.java:43)
	at org.apache.derbyTesting.junit.BaseTestCase.runBare(BaseTestCase.java:113)
	at org.apache.derbyTesting.functionTests.tests.replicationTests.ReplicationRun.runBare(ReplicationRun.java:206)
	at junit.extensions.TestDecorator.basicRun(TestDecorator.java:24)
	at junit.extensions.TestSetup$1.protect(TestSetup.java:21)
	at junit.extensions.TestSetup.run(TestSetup.java:25)
Caused by: org.apache.derby.client.am.SqlException: DERBY SQL error: SQLCODE: -1, SQLSTATE: XSAI2, SQLERRMC: 384XSAI2.S
	at org.apache.derby.client.am.Statement.completeSqlca(Unknown Source)
	at org.apache.derby.client.net.NetStatementReply.parsePrepareError(Unknown Source)
	at org.apache.derby.client.net.NetStatementReply.parsePRPSQLSTTreply(Unknown Source)
	at org.apache.derby.client.net.NetStatementReply.readPrepare(Unknown Source)
	at org.apache.derby.client.net.StatementReply.readPrepare(Unknown Source)
	at org.apache.derby.client.net.NetStatement.readPrepare_(Unknown Source)
	at org.apache.derby.client.am.Statement.readPrepare(Unknown Source)
	at org.apache.derby.client.am.Statement.flowExecute(Unknown Source)
	at org.apache.derby.client.am.Statement.executeX(Unknown Source)
	... 33 more
19) testReplication_Local_3_p6_autocommit_OK(org.apache.derbyTesting.functionTests.tests.replicationTests.ReplicationRun_Local_3_p6)java.sql.SQLException: DERBY SQL error: SQLCODE: -1, SQLSTATE: XBCA0, SQLERRMC: ContainerCacheContainer(0, 16)XBCA0.S
	at org.apache.derby.client.am.SQLExceptionFactory40.getSQLException(Unknown Source)
	at org.apache.derby.client.am.SqlException.getSQLException(Unknown Source)
	at org.apache.derby.client.am.PreparedStatement.execute(Unknown Source)
	at org.apache.derbyTesting.functionTests.tests.replicationTests.ReplicationRun_Local_3_p6.derby_3896(ReplicationRun_Local_3_p6.java:144)
	at org.apache.derbyTesting.functionTests.tests.replicationTests.ReplicationRun_Local_3_p6.testReplication_Local_3_p6_autocommit_OK(ReplicationRun_Local_3_p6.java:86)
	at sun.reflect.NativeMethodAccessorImpl.invoke0(Native Method)
	at sun.reflect.NativeMethodAccessorImpl.invoke(NativeMethodAccessorImpl.java:57)
	at sun.reflect.DelegatingMethodAccessorImpl.invoke(DelegatingMethodAccessorImpl.java:43)
	at org.apache.derbyTesting.junit.BaseTestCase.runBare(BaseTestCase.java:113)
	at org.apache.derbyTesting.functionTests.tests.replicationTests.ReplicationRun.runBare(ReplicationRun.java:206)
	at junit.extensions.TestDecorator.basicRun(TestDecorator.java:24)
	at junit.extensions.TestSetup$1.protect(TestSetup.java:21)
	at junit.extensions.TestSetup.run(TestSetup.java:25)
Caused by: org.apache.derby.client.am.SqlException: DERBY SQL error: SQLCODE: -1, SQLSTATE: XBCA0, SQLERRMC: ContainerCacheContainer(0, 16)XBCA0.S
	at org.apache.derby.client.am.Statement.completeExecute(Unknown Source)
	at org.apache.derby.client.net.NetStatementReply.parseEXCSQLSTTreply(Unknown Source)
	at org.apache.derby.client.net.NetStatementReply.readExecute(Unknown Source)
	at org.apache.derby.client.net.StatementReply.readExecute(Unknown Source)
	at org.apache.derby.client.net.NetPreparedStatement.readExecute_(Unknown Source)
	at org.apache.derby.client.am.PreparedStatement.readExecute(Unknown Source)
	at org.apache.derby.client.am.PreparedStatement.flowExecute(Unknown Source)
	at org.apache.derby.client.am.PreparedStatement.executeX(Unknown Source)
	... 32 more
20) testSlaveWaitsForMaster(org.apache.derbyTesting.functionTests.tests.replicationTests.ReplicationRun_Local_Derby4910)java.sql.SQLException: DERBY SQL error: SQLCODE: -1, SQLSTATE: XSAI2, SQLERRMC: 384XSAI2.S
	at org.apache.derby.client.am.SQLExceptionFactory40.getSQLException(Unknown Source)
	at org.apache.derby.client.am.SqlException.getSQLException(Unknown Source)
	at org.apache.derby.client.am.Statement.execute(Unknown Source)
	at org.apache.derbyTesting.functionTests.tests.replicationTests.ReplicationRun.bootMasterDatabase(ReplicationRun.java:868)
	at org.apache.derbyTesting.functionTests.tests.replicationTests.ReplicationRun_Local_Derby4910.testSlaveWaitsForMaster(ReplicationRun_Local_Derby4910.java:80)
	at sun.reflect.NativeMethodAccessorImpl.invoke0(Native Method)
	at sun.reflect.NativeMethodAccessorImpl.invoke(NativeMethodAccessorImpl.java:57)
	at sun.reflect.DelegatingMethodAccessorImpl.invoke(DelegatingMethodAccessorImpl.java:43)
	at org.apache.derbyTesting.junit.BaseTestCase.runBare(BaseTestCase.java:113)
	at org.apache.derbyTesting.functionTests.tests.replicationTests.ReplicationRun.runBare(ReplicationRun.java:206)
	at junit.extensions.TestDecorator.basicRun(TestDecorator.java:24)
	at junit.extensions.TestSetup$1.protect(TestSetup.java:21)
	at junit.extensions.TestSetup.run(TestSetup.java:25)
Caused by: org.apache.derby.client.am.SqlException: DERBY SQL error: SQLCODE: -1, SQLSTATE: XSAI2, SQLERRMC: 384XSAI2.S
	at org.apache.derby.client.am.Statement.completeSqlca(Unknown Source)
	at org.apache.derby.client.net.NetStatementReply.parsePrepareError(Unknown Source)
	at org.apache.derby.client.net.NetStatementReply.parsePRPSQLSTTreply(Unknown Source)
	at org.apache.derby.client.net.NetStatementReply.readPrepare(Unknown Source)
	at org.apache.derby.client.net.StatementReply.readPrepare(Unknown Source)
	at org.apache.derby.client.net.NetStatement.readPrepare_(Unknown Source)
	at org.apache.derby.client.am.Statement.readPrepare(Unknown Source)
	at org.apache.derby.client.am.Statement.flowExecute(Unknown Source)
	at org.apache.derby.client.am.Statement.executeX(Unknown Source)
	... 32 more
There were 9 failures:
1) SecureServerTest( Opened = false, Authenticated= true, CustomDerbyProperties= null, WildCardHost= 0.0.0.0 )junit.framework.AssertionFailedError: expected:<0> but was:<1>
	at org.apache.derbyTesting.functionTests.tests.derbynet.SecureServerTest.runServerCommand(SecureServerTest.java:501)
	at org.apache.derbyTesting.functionTests.tests.derbynet.SecureServerTest.runsysinfo(SecureServerTest.java:415)
	at org.apache.derbyTesting.functionTests.tests.derbynet.SecureServerTest.testServerStartup(SecureServerTest.java:356)
	at sun.reflect.NativeMethodAccessorImpl.invoke0(Native Method)
	at sun.reflect.NativeMethodAccessorImpl.invoke(NativeMethodAccessorImpl.java:57)
	at sun.reflect.DelegatingMethodAccessorImpl.invoke(DelegatingMethodAccessorImpl.java:43)
	at org.apache.derbyTesting.junit.BaseTestCase.runBare(BaseTestCase.java:113)
	at junit.extensions.TestDecorator.basicRun(TestDecorator.java:24)
	at junit.extensions.TestSetup$1.protect(TestSetup.java:21)
	at junit.extensions.TestSetup.run(TestSetup.java:25)
	at org.apache.derbyTesting.junit.BaseTestSetup.run(BaseTestSetup.java:57)
	at junit.extensions.TestDecorator.basicRun(TestDecorator.java:24)
	at junit.extensions.TestSetup$1.protect(TestSetup.java:21)
	at junit.extensions.TestSetup.run(TestSetup.java:25)
	at junit.extensions.TestDecorator.basicRun(TestDecorator.java:24)
	at junit.extensions.TestSetup$1.protect(TestSetup.java:21)
	at junit.extensions.TestSetup.run(TestSetup.java:25)
	at junit.extensions.TestDecorator.basicRun(TestDecorator.java:24)
	at junit.extensions.TestSetup$1.protect(TestSetup.java:21)
	at junit.extensions.TestSetup.run(TestSetup.java:25)
2) SecureServerTest( Opened = false, Authenticated= true, CustomDerbyProperties= null, WildCardHost= 0.00.000.0 )junit.framework.AssertionFailedError: expected:<0> but was:<1>
	at org.apache.derbyTesting.functionTests.tests.derbynet.SecureServerTest.runServerCommand(SecureServerTest.java:501)
	at org.apache.derbyTesting.functionTests.tests.derbynet.SecureServerTest.runsysinfo(SecureServerTest.java:415)
	at org.apache.derbyTesting.functionTests.tests.derbynet.SecureServerTest.testServerStartup(SecureServerTest.java:356)
	at sun.reflect.NativeMethodAccessorImpl.invoke0(Native Method)
	at sun.reflect.NativeMethodAccessorImpl.invoke(NativeMethodAccessorImpl.java:57)
	at sun.reflect.DelegatingMethodAccessorImpl.invoke(DelegatingMethodAccessorImpl.java:43)
	at org.apache.derbyTesting.junit.BaseTestCase.runBare(BaseTestCase.java:113)
	at junit.extensions.TestDecorator.basicRun(TestDecorator.java:24)
	at junit.extensions.TestSetup$1.protect(TestSetup.java:21)
	at junit.extensions.TestSetup.run(TestSetup.java:25)
	at org.apache.derbyTesting.junit.BaseTestSetup.run(BaseTestSetup.java:57)
	at junit.extensions.TestDecorator.basicRun(TestDecorator.java:24)
	at junit.extensions.TestSetup$1.protect(TestSetup.java:21)
	at junit.extensions.TestSetup.run(TestSetup.java:25)
	at junit.extensions.TestDecorator.basicRun(TestDecorator.java:24)
	at junit.extensions.TestSetup$1.protect(TestSetup.java:21)
	at junit.extensions.TestSetup.run(TestSetup.java:25)
	at junit.extensions.TestDecorator.basicRun(TestDecorator.java:24)
	at junit.extensions.TestSetup$1.protect(TestSetup.java:21)
	at junit.extensions.TestSetup.run(TestSetup.java:25)
3) JMXTest:clientjunit.framework.AssertionFailedError: Timed out waiting for network server to start:Spawned SpawnedNetworkServer exitCode=1
STDERR:
Error: Exception thrown by the agent : java.net.MalformedURLException: Local host name unknown: java.net.UnknownHostException: richard-hillegas-computer.local: richard-hillegas-computer.local: nodename nor servname provided, or not known

	at org.apache.derbyTesting.junit.NetworkServerTestSetup.setUp(NetworkServerTestSetup.java:205)
	at junit.extensions.TestSetup$1.protect(TestSetup.java:20)
	at junit.extensions.TestSetup.run(TestSetup.java:25)
	at org.apache.derbyTesting.junit.BaseTestSetup.run(BaseTestSetup.java:57)
	at junit.extensions.TestDecorator.basicRun(TestDecorator.java:24)
	at junit.extensions.TestSetup$1.protect(TestSetup.java:21)
	at junit.extensions.TestSetup.run(TestSetup.java:25)
	at junit.extensions.TestDecorator.basicRun(TestDecorator.java:24)
	at junit.extensions.TestSetup$1.protect(TestSetup.java:21)
	at junit.extensions.TestSetup.run(TestSetup.java:25)
4) ManagementMBeanTest:clientjunit.framework.AssertionFailedError: Timed out waiting for network server to start:Spawned SpawnedNetworkServer exitCode=1
STDERR:
Error: Exception thrown by the agent : java.net.MalformedURLException: Local host name unknown: java.net.UnknownHostException: richard-hillegas-computer.local: richard-hillegas-computer.local: nodename nor servname provided, or not known

	at org.apache.derbyTesting.junit.NetworkServerTestSetup.setUp(NetworkServerTestSetup.java:205)
	at junit.extensions.TestSetup$1.protect(TestSetup.java:20)
	at junit.extensions.TestSetup.run(TestSetup.java:25)
	at org.apache.derbyTesting.junit.BaseTestSetup.run(BaseTestSetup.java:57)
	at junit.extensions.TestDecorator.basicRun(TestDecorator.java:24)
	at junit.extensions.TestSetup$1.protect(TestSetup.java:21)
	at junit.extensions.TestSetup.run(TestSetup.java:25)
	at junit.extensions.TestDecorator.basicRun(TestDecorator.java:24)
	at junit.extensions.TestSetup$1.protect(TestSetup.java:21)
	at junit.extensions.TestSetup.run(TestSetup.java:25)
5) InactiveManagementMBeanTest:clientjunit.framework.AssertionFailedError: Timed out waiting for network server to start:Spawned SpawnedNetworkServer exitCode=1
STDERR:
Error: Exception thrown by the agent : java.net.MalformedURLException: Local host name unknown: java.net.UnknownHostException: richard-hillegas-computer.local: richard-hillegas-computer.local: nodename nor servname provided, or not known

	at org.apache.derbyTesting.junit.NetworkServerTestSetup.setUp(NetworkServerTestSetup.java:205)
	at junit.extensions.TestSetup$1.protect(TestSetup.java:20)
	at junit.extensions.TestSetup.run(TestSetup.java:25)
	at org.apache.derbyTesting.junit.BaseTestSetup.run(BaseTestSetup.java:57)
	at junit.extensions.TestDecorator.basicRun(TestDecorator.java:24)
	at junit.extensions.TestSetup$1.protect(TestSetup.java:21)
	at junit.extensions.TestSetup.run(TestSetup.java:25)
	at junit.extensions.TestDecorator.basicRun(TestDecorator.java:24)
	at junit.extensions.TestSetup$1.protect(TestSetup.java:21)
	at junit.extensions.TestSetup.run(TestSetup.java:25)
6) VersionMBeanTest:clientjunit.framework.AssertionFailedError: Timed out waiting for network server to start:Spawned SpawnedNetworkServer exitCode=1
STDERR:
Error: Exception thrown by the agent : java.net.MalformedURLException: Local host name unknown: java.net.UnknownHostException: richard-hillegas-computer.local: richard-hillegas-computer.local: nodename nor servname provided, or not known

	at org.apache.derbyTesting.junit.NetworkServerTestSetup.setUp(NetworkServerTestSetup.java:205)
	at junit.extensions.TestSetup$1.protect(TestSetup.java:20)
	at junit.extensions.TestSetup.run(TestSetup.java:25)
	at org.apache.derbyTesting.junit.BaseTestSetup.run(BaseTestSetup.java:57)
	at junit.extensions.TestDecorator.basicRun(TestDecorator.java:24)
	at junit.extensions.TestSetup$1.protect(TestSetup.java:21)
	at junit.extensions.TestSetup.run(TestSetup.java:25)
	at junit.extensions.TestDecorator.basicRun(TestDecorator.java:24)
	at junit.extensions.TestSetup$1.protect(TestSetup.java:21)
	at junit.extensions.TestSetup.run(TestSetup.java:25)
7) JDBCMBeanTest:clientjunit.framework.AssertionFailedError: Timed out waiting for network server to start:Spawned SpawnedNetworkServer exitCode=1
STDERR:
Error: Exception thrown by the agent : java.net.MalformedURLException: Local host name unknown: java.net.UnknownHostException: richard-hillegas-computer.local: richard-hillegas-computer.local: nodename nor servname provided, or not known

	at org.apache.derbyTesting.junit.NetworkServerTestSetup.setUp(NetworkServerTestSetup.java:205)
	at junit.extensions.TestSetup$1.protect(TestSetup.java:20)
	at junit.extensions.TestSetup.run(TestSetup.java:25)
	at org.apache.derbyTesting.junit.BaseTestSetup.run(BaseTestSetup.java:57)
	at junit.extensions.TestDecorator.basicRun(TestDecorator.java:24)
	at junit.extensions.TestSetup$1.protect(TestSetup.java:21)
	at junit.extensions.TestSetup.run(TestSetup.java:25)
	at junit.extensions.TestDecorator.basicRun(TestDecorator.java:24)
	at junit.extensions.TestSetup$1.protect(TestSetup.java:21)
	at junit.extensions.TestSetup.run(TestSetup.java:25)
8) NetworkServerMBeanTest:clientjunit.framework.AssertionFailedError: Timed out waiting for network server to start:Spawned SpawnedNetworkServer exitCode=1
STDERR:
Error: Exception thrown by the agent : java.net.MalformedURLException: Local host name unknown: java.net.UnknownHostException: richard-hillegas-computer.local: richard-hillegas-computer.local: nodename nor servname provided, or not known

	at org.apache.derbyTesting.junit.NetworkServerTestSetup.setUp(NetworkServerTestSetup.java:205)
	at junit.extensions.TestSetup$1.protect(TestSetup.java:20)
	at junit.extensions.TestSetup.run(TestSetup.java:25)
	at org.apache.derbyTesting.junit.BaseTestSetup.run(BaseTestSetup.java:57)
	at junit.extensions.TestDecorator.basicRun(TestDecorator.java:24)
	at junit.extensions.TestSetup$1.protect(TestSetup.java:21)
	at junit.extensions.TestSetup.run(TestSetup.java:25)
	at junit.extensions.TestDecorator.basicRun(TestDecorator.java:24)
	at junit.extensions.TestSetup$1.protect(TestSetup.java:21)
	at junit.extensions.TestSetup.run(TestSetup.java:25)
9) testReplication_Local_StateTest_part1(org.apache.derbyTesting.functionTests.tests.replicationTests.ReplicationRun_Local_StateTest_part1)junit.framework.AssertionFailedError: Unexpected SQLException: -1 08004 DERBY SQL error: SQLCODE: -1, SQLSTATE: 08004, SQLERRMC: Connection refused : java.sql.SQLException: Required property 'slaveHost' has not been set.
	at org.apache.derbyTesting.functionTests.tests.replicationTests.ReplicationRun_Local_StateTest_part1._testPreStartedMasterServer(ReplicationRun_Local_StateTest_part1.java:212)
	at org.apache.derbyTesting.functionTests.tests.replicationTests.ReplicationRun_Local_StateTest_part1.testReplication_Local_StateTest_part1(ReplicationRun_Local_StateTest_part1.java:88)
	at sun.reflect.NativeMethodAccessorImpl.invoke0(Native Method)
	at sun.reflect.NativeMethodAccessorImpl.invoke(NativeMethodAccessorImpl.java:57)
	at sun.reflect.DelegatingMethodAccessorImpl.invoke(DelegatingMethodAccessorImpl.java:43)
	at org.apache.derbyTesting.junit.BaseTestCase.runBare(BaseTestCase.java:113)
	at org.apache.derbyTesting.functionTests.tests.replicationTests.ReplicationRun.runBare(ReplicationRun.java:206)
	at junit.extensions.TestDecorator.basicRun(TestDecorator.java:24)
	at junit.extensions.TestSetup$1.protect(TestSetup.java:21)
	at junit.extensions.TestSetup.run(TestSetup.java:25)

FAILURES!!!
Tests run: 11559,  Failures: 9,  Errors: 20