<!-- 
RSS generated by JIRA (6.3.4#6332-sha1:51bc225ef474afe3128b2f66878477f322397b16) at Sun May 17 04:26:16 UTC 2015

It is possible to restrict the fields that are returned in this document by specifying the 'field' parameter in your request.
For example, to request only the issue key and summary add field=key&field=summary to the URL of your request.
For example:
https://issues.apache.org/jira/si/jira.issueviews:issue-xml/MAHOUT-1320/MAHOUT-1320.xml?field=key&amp;field=summary
-->
<rss version="0.92" >
<channel>
    <title>ASF JIRA</title>
    <link>https://issues.apache.org/jira</link>
    <description>This file is an XML representation of an issue</description>
    <language>en-uk</language>    <build-info>
        <version>6.3.4</version>
        <build-number>6332</build-number>
        <build-date>15-08-2014</build-date>
    </build-info>

<item>
            <title>[MAHOUT-1320] BallKMeansTest.testClustering is unstable</title>
                <link>https://issues.apache.org/jira/browse/MAHOUT-1320</link>
                <project id="12310751" key="MAHOUT">Mahout</project>
                    <description>&lt;p&gt;From time to time this test fails with following in build log:&lt;/p&gt;
&lt;div class=&quot;preformatted panel&quot; style=&quot;border-width: 1px;&quot;&gt;&lt;div class=&quot;preformattedContent panelContent&quot;&gt;
&lt;pre&gt;Tests run: 3, Failures: 1, Errors: 0, Skipped: 0, Time elapsed: 48.134 sec &amp;lt;&amp;lt;&amp;lt; FAILURE! - in org.apache.mahout.clustering.streaming.cluster.BallKMeansTest
testClustering(org.apache.mahout.clustering.streaming.cluster.BallKMeansTest)  Time elapsed: 2.051 sec  &amp;lt;&amp;lt;&amp;lt; FAILURE!
java.lang.AssertionError: expected:&amp;lt;625.0&amp;gt; but was:&amp;lt;796.0&amp;gt;
	at org.junit.Assert.fail(Assert.java:88)
	at org.junit.Assert.failNotEquals(Assert.java:743)
	at org.junit.Assert.assertEquals(Assert.java:494)
	at org.junit.Assert.assertEquals(Assert.java:592)
	at org.apache.mahout.clustering.streaming.cluster.BallKMeansTest.testClustering(BallKMeansTest.java:119)
&lt;/pre&gt;
&lt;/div&gt;&lt;/div&gt;


&lt;p&gt;Here is a bit more of build log output, which also shows other tests were running in parallel with this one:&lt;/p&gt;

&lt;div class=&quot;preformatted panel&quot; style=&quot;border-width: 1px;&quot;&gt;&lt;div class=&quot;preformattedContent panelContent&quot;&gt;
&lt;pre&gt;[INFO] --- maven-surefire-plugin:2.15:test (default-test) @ mahout-core ---
[INFO] Surefire report directory: /home/jenkins/jenkins-slave/workspace/Mahout-Quality/trunk/core/target/surefire-reports
[INFO] parallel=&apos;classes&apos;, perCoreThreadCount=false, threadCount=1, useUnlimitedThreads=false

-------------------------------------------------------
 T E S T S
-------------------------------------------------------

-------------------------------------------------------
 T E S T S
-------------------------------------------------------
Running org.apache.mahout.common.distance.TestChebyshevMeasure
Tests run: 1, Failures: 0, Errors: 0, Skipped: 0, Time elapsed: 0.043 sec - in org.apache.mahout.common.distance.TestChebyshevMeasure
Running org.apache.mahout.common.distance.TestMinkowskiMeasure
Running org.apache.mahout.common.distance.TestMahalanobisDistanceMeasure
Running org.apache.mahout.common.distance.TestManhattanDistanceMeasure
Running org.apache.mahout.common.distance.CosineDistanceMeasureTest
Running org.apache.mahout.common.distance.TestTanimotoDistanceMeasure
Tests run: 1, Failures: 0, Errors: 0, Skipped: 0, Time elapsed: 0.143 sec - in org.apache.mahout.common.distance.TestMinkowskiMeasure
Tests run: 1, Failures: 0, Errors: 0, Skipped: 0, Time elapsed: 0.078 sec - in org.apache.mahout.common.distance.TestMahalanobisDistanceMeasure
Running org.apache.mahout.common.distance.TestWeightedManhattanDistanceMeasure
Tests run: 1, Failures: 0, Errors: 0, Skipped: 0, Time elapsed: 0.099 sec - in org.apache.mahout.common.distance.TestManhattanDistanceMeasure
Tests run: 1, Failures: 0, Errors: 0, Skipped: 0, Time elapsed: 0.075 sec - in org.apache.mahout.common.distance.CosineDistanceMeasureTest
Tests run: 2, Failures: 0, Errors: 0, Skipped: 0, Time elapsed: 0.094 sec - in org.apache.mahout.common.distance.TestTanimotoDistanceMeasure
Running org.apache.mahout.common.distance.TestWeightedEuclideanDistanceMeasureTest
Running org.apache.mahout.common.distance.TestEuclideanDistanceMeasure
Running org.apache.mahout.common.iterator.TestFixedSizeSampler
Tests run: 2, Failures: 0, Errors: 0, Skipped: 0, Time elapsed: 0.135 sec - in org.apache.mahout.common.distance.TestWeightedManhattanDistanceMeasure
Running org.apache.mahout.common.iterator.CountingIteratorTest
Tests run: 2, Failures: 0, Errors: 0, Skipped: 0, Time elapsed: 0.009 sec - in org.apache.mahout.common.iterator.CountingIteratorTest
Tests run: 5, Failures: 0, Errors: 0, Skipped: 0, Time elapsed: 0.073 sec - in org.apache.mahout.common.iterator.TestFixedSizeSampler
Tests run: 2, Failures: 0, Errors: 0, Skipped: 0, Time elapsed: 0.111 sec - in org.apache.mahout.common.distance.TestWeightedEuclideanDistanceMeasureTest
Tests run: 1, Failures: 0, Errors: 0, Skipped: 0, Time elapsed: 0.121 sec - in org.apache.mahout.common.distance.TestEuclideanDistanceMeasure
Running org.apache.mahout.common.iterator.TestSamplingIterator
Running org.apache.mahout.common.iterator.TestStableFixedSizeSampler
Running org.apache.mahout.common.DummyRecordWriterTest
Running org.apache.mahout.common.StringUtilsTest
Tests run: 5, Failures: 0, Errors: 0, Skipped: 0, Time elapsed: 0.093 sec - in org.apache.mahout.common.iterator.TestStableFixedSizeSampler
Tests run: 1, Failures: 0, Errors: 0, Skipped: 0, Time elapsed: 0.113 sec - in org.apache.mahout.common.DummyRecordWriterTest
Running org.apache.mahout.common.AbstractJobTest
Running org.apache.mahout.common.IntPairWritableTest
Tests run: 3, Failures: 0, Errors: 0, Skipped: 0, Time elapsed: 0.02 sec - in org.apache.mahout.common.IntPairWritableTest
Running org.apache.mahout.common.lucene.AnalyzerUtilsTest
Tests run: 2, Failures: 0, Errors: 0, Skipped: 0, Time elapsed: 0.07 sec - in org.apache.mahout.common.lucene.AnalyzerUtilsTest
Running org.apache.mahout.clustering.topdown.PathDirectoryTest
Tests run: 5, Failures: 0, Errors: 0, Skipped: 0, Time elapsed: 0.007 sec - in org.apache.mahout.clustering.topdown.PathDirectoryTest
Running org.apache.mahout.clustering.topdown.postprocessor.ClusterCountReaderTest
Tests run: 2, Failures: 0, Errors: 0, Skipped: 0, Time elapsed: 0.505 sec - in org.apache.mahout.common.StringUtilsTest
Running org.apache.mahout.clustering.classify.ClusterClassificationDriverTest
Running org.apache.mahout.clustering.topdown.postprocessor.ClusterOutputPostProcessorTest
Running org.apache.mahout.clustering.spectral.TestVectorCache
Running org.apache.mahout.clustering.spectral.TestVectorMatrixMultiplicationJob
Running org.apache.mahout.clustering.spectral.TestMatrixDiagonalizeJob
Running org.apache.mahout.clustering.lda.cvb.TestCVBModelTrainer
Running org.apache.mahout.clustering.spectral.TestAffinityMatrixInputJob
Running org.apache.mahout.clustering.spectral.TestUnitVectorizerJob
Tests run: 3, Failures: 0, Errors: 0, Skipped: 0, Time elapsed: 1.356 sec - in org.apache.mahout.common.AbstractJobTest
Running org.apache.mahout.clustering.canopy.TestCanopyCreation
Tests run: 1, Failures: 0, Errors: 0, Skipped: 0, Time elapsed: 1.046 sec - in org.apache.mahout.clustering.spectral.TestVectorMatrixMultiplicationJob
Tests run: 2, Failures: 0, Errors: 0, Skipped: 0, Time elapsed: 1.288 sec - in org.apache.mahout.clustering.spectral.TestMatrixDiagonalizeJob
Tests run: 3, Failures: 0, Errors: 0, Skipped: 0, Time elapsed: 1.624 sec - in org.apache.mahout.clustering.spectral.TestVectorCache
Tests run: 6, Failures: 0, Errors: 0, Skipped: 0, Time elapsed: 2.713 sec - in org.apache.mahout.common.iterator.TestSamplingIterator
Tests run: 1, Failures: 0, Errors: 0, Skipped: 0, Time elapsed: 1.054 sec - in org.apache.mahout.clustering.spectral.TestUnitVectorizerJob
Tests run: 2, Failures: 0, Errors: 0, Skipped: 0, Time elapsed: 1.518 sec - in org.apache.mahout.clustering.spectral.TestAffinityMatrixInputJob
Running org.apache.mahout.clustering.kmeans.TestRandomSeedGenerator
Tests run: 1, Failures: 0, Errors: 0, Skipped: 0, Time elapsed: 2.609 sec - in org.apache.mahout.clustering.topdown.postprocessor.ClusterCountReaderTest
Running org.apache.mahout.clustering.kmeans.TestEigenSeedGenerator
Running org.apache.mahout.clustering.kmeans.TestKmeansClustering
Running org.apache.mahout.clustering.TestGaussianAccumulators
Running org.apache.mahout.clustering.iterator.TestClusterClassifier
Tests run: 1, Failures: 0, Errors: 0, Skipped: 0, Time elapsed: 3.065 sec - in org.apache.mahout.clustering.topdown.postprocessor.ClusterOutputPostProcessorTest
Running org.apache.mahout.clustering.fuzzykmeans.TestFuzzyKmeansClustering
Running org.apache.mahout.clustering.TestClusterInterface
Tests run: 8, Failures: 0, Errors: 0, Skipped: 0, Time elapsed: 0.203 sec - in org.apache.mahout.clustering.TestClusterInterface
Tests run: 1, Failures: 0, Errors: 0, Skipped: 0, Time elapsed: 1.746 sec - in org.apache.mahout.clustering.kmeans.TestEigenSeedGenerator
Tests run: 1, Failures: 0, Errors: 0, Skipped: 0, Time elapsed: 1.897 sec - in org.apache.mahout.clustering.kmeans.TestRandomSeedGenerator
Running org.apache.mahout.clustering.streaming.cluster.StreamingKMeansTest
Running org.apache.mahout.clustering.streaming.cluster.BallKMeansTest
Running org.apache.mahout.math.stats.OnlineAucTest
Running org.apache.mahout.math.stats.SamplerTest
Running org.apache.mahout.math.VarintTest
Tests run: 8, Failures: 0, Errors: 0, Skipped: 0, Time elapsed: 0.031 sec - in org.apache.mahout.math.VarintTest
Tests run: 1, Failures: 0, Errors: 0, Skipped: 0, Time elapsed: 0.294 sec - in org.apache.mahout.math.stats.SamplerTest
Tests run: 3, Failures: 0, Errors: 0, Skipped: 0, Time elapsed: 5.821 sec - in org.apache.mahout.clustering.classify.ClusterClassificationDriverTest
Running org.apache.mahout.math.hadoop.stochasticsvd.SSVDCommonTest
Running org.apache.mahout.math.hadoop.stats.BasicStatsTest
Running org.apache.mahout.math.hadoop.TestDistributedRowMatrix
Tests run: 1, Failures: 0, Errors: 0, Skipped: 0, Time elapsed: 0.175 sec - in org.apache.mahout.math.hadoop.stochasticsvd.SSVDCommonTest
Running org.apache.mahout.math.hadoop.stochasticsvd.LocalSSVDPCASparseTest
Tests run: 6, Failures: 0, Errors: 0, Skipped: 0, Time elapsed: 6.366 sec - in org.apache.mahout.clustering.TestGaussianAccumulators
Running org.apache.mahout.math.hadoop.stochasticsvd.LocalSSVDSolverSparseSequentialTest
Tests run: 3, Failures: 0, Errors: 0, Skipped: 0, Time elapsed: 5.578 sec - in org.apache.mahout.math.stats.OnlineAucTest
Tests run: 12, Failures: 0, Errors: 0, Skipped: 0, Time elapsed: 7.893 sec - in org.apache.mahout.clustering.iterator.TestClusterClassifier
Running org.apache.mahout.math.hadoop.stochasticsvd.LocalSSVDSolverDenseTest
Running org.apache.mahout.math.hadoop.solver.TestDistributedConjugateGradientSolverCLI
Tests run: 17, Failures: 0, Errors: 0, Skipped: 0, Time elapsed: 15.419 sec - in org.apache.mahout.clustering.canopy.TestCanopyCreation
Running org.apache.mahout.math.hadoop.solver.TestDistributedConjugateGradientSolver
Tests run: 4, Failures: 0, Errors: 0, Skipped: 0, Time elapsed: 13.33 sec - in org.apache.mahout.math.hadoop.stats.BasicStatsTest
Running org.apache.mahout.math.hadoop.similarity.TestVectorDistanceSimilarityJob
Tests run: 3, Failures: 0, Errors: 0, Skipped: 0, Time elapsed: 20.475 sec - in org.apache.mahout.clustering.kmeans.TestKmeansClustering
Running org.apache.mahout.math.hadoop.similarity.cooccurrence.measures.VectorSimilarityMeasuresTest
Tests run: 7, Failures: 0, Errors: 0, Skipped: 0, Time elapsed: 0.076 sec - in org.apache.mahout.math.hadoop.similarity.cooccurrence.measures.VectorSimilarityMeasuresTest
Running org.apache.mahout.math.hadoop.similarity.cooccurrence.RowSimilarityJobTest
Tests run: 11, Failures: 0, Errors: 0, Skipped: 0, Time elapsed: 17.855 sec - in org.apache.mahout.math.hadoop.TestDistributedRowMatrix
Tests run: 5, Failures: 0, Errors: 0, Skipped: 0, Time elapsed: 4.63 sec - in org.apache.mahout.math.hadoop.similarity.TestVectorDistanceSimilarityJob
Running org.apache.mahout.math.hadoop.decomposer.TestDistributedLanczosSolverCLI
Running org.apache.mahout.math.VectorWritableTest
Tests run: 100, Failures: 0, Errors: 0, Skipped: 0, Time elapsed: 1.046 sec - in org.apache.mahout.math.VectorWritableTest
Running org.apache.mahout.math.ssvd.SequentialOutOfCoreSvdTest
Tests run: 1, Failures: 0, Errors: 0, Skipped: 0, Time elapsed: 16.541 sec - in org.apache.mahout.math.hadoop.solver.TestDistributedConjugateGradientSolverCLI
Tests run: 1, Failures: 0, Errors: 0, Skipped: 0, Time elapsed: 16.658 sec - in org.apache.mahout.math.hadoop.solver.TestDistributedConjugateGradientSolver
Running org.apache.mahout.math.neighborhood.LocalitySensitiveHashSearchTest
Tests run: 1, Failures: 0, Errors: 0, Skipped: 0, Time elapsed: 25.045 sec - in org.apache.mahout.math.hadoop.stochasticsvd.LocalSSVDSolverSparseSequentialTest
Running org.apache.mahout.math.neighborhood.SearchSanityTest
Tests run: 2, Failures: 0, Errors: 0, Skipped: 0, Time elapsed: 33.918 sec - in org.apache.mahout.clustering.fuzzykmeans.TestFuzzyKmeansClustering
Running org.apache.mahout.math.MatrixWritableTest
Tests run: 4, Failures: 0, Errors: 0, Skipped: 0, Time elapsed: 13.944 sec - in org.apache.mahout.math.hadoop.similarity.cooccurrence.RowSimilarityJobTest
Tests run: 2, Failures: 0, Errors: 0, Skipped: 0, Time elapsed: 0.08 sec - in org.apache.mahout.math.MatrixWritableTest
Running org.apache.mahout.vectorizer.DocumentProcessorTest
Running org.apache.mahout.vectorizer.HighDFWordsPrunerTest
Tests run: 2, Failures: 0, Errors: 0, Skipped: 0, Time elapsed: 1.631 sec - in org.apache.mahout.vectorizer.HighDFWordsPrunerTest
Running org.apache.mahout.math.neighborhood.SearchQualityTest
Running org.apache.mahout.vectorizer.encoders.ContinuousValueEncoderTest
Tests run: 2, Failures: 0, Errors: 0, Skipped: 0, Time elapsed: 0.062 sec - in org.apache.mahout.vectorizer.encoders.ContinuousValueEncoderTest
Tests run: 1, Failures: 0, Errors: 0, Skipped: 0, Time elapsed: 2.581 sec - in org.apache.mahout.vectorizer.DocumentProcessorTest
Tests run: 2, Failures: 0, Errors: 0, Skipped: 0, Time elapsed: 34.304 sec - in org.apache.mahout.math.hadoop.stochasticsvd.LocalSSVDPCASparseTest
Running org.apache.mahout.vectorizer.encoders.ConstantValueEncoderTest
Running org.apache.mahout.vectorizer.encoders.InteractionValueEncoderTest
Tests run: 2, Failures: 0, Errors: 0, Skipped: 0, Time elapsed: 0.113 sec - in org.apache.mahout.vectorizer.encoders.ConstantValueEncoderTest
Tests run: 3, Failures: 0, Errors: 0, Skipped: 0, Time elapsed: 0.137 sec - in org.apache.mahout.vectorizer.encoders.InteractionValueEncoderTest
Running org.apache.mahout.vectorizer.encoders.WordLikeValueEncoderTest
Tests run: 4, Failures: 0, Errors: 0, Skipped: 0, Time elapsed: 0.174 sec - in org.apache.mahout.vectorizer.encoders.WordLikeValueEncoderTest
Running org.apache.mahout.vectorizer.encoders.TextValueEncoderTest
Running org.apache.mahout.vectorizer.SparseVectorsFromSequenceFilesTest
Running org.apache.mahout.vectorizer.collocations.llr.GramTest
Tests run: 7, Failures: 0, Errors: 0, Skipped: 0, Time elapsed: 0.082 sec - in org.apache.mahout.vectorizer.collocations.llr.GramTest
Tests run: 3, Failures: 0, Errors: 0, Skipped: 0, Time elapsed: 0.544 sec - in org.apache.mahout.vectorizer.encoders.TextValueEncoderTest
Running org.apache.mahout.vectorizer.collocations.llr.GramKeyGroupComparatorTest
Tests run: 1, Failures: 0, Errors: 0, Skipped: 0, Time elapsed: 0.069 sec - in org.apache.mahout.vectorizer.collocations.llr.GramKeyGroupComparatorTest
Running org.apache.mahout.vectorizer.collocations.llr.GramKeyPartitionerTest
Tests run: 1, Failures: 0, Errors: 0, Skipped: 0, Time elapsed: 0.061 sec - in org.apache.mahout.vectorizer.collocations.llr.GramKeyPartitionerTest
Running org.apache.mahout.vectorizer.collocations.llr.LLRReducerTest
Running org.apache.mahout.vectorizer.collocations.llr.CollocReducerTest
Tests run: 1, Failures: 0, Errors: 0, Skipped: 0, Time elapsed: 0.552 sec - in org.apache.mahout.vectorizer.collocations.llr.LLRReducerTest
Tests run: 1, Failures: 0, Errors: 0, Skipped: 0, Time elapsed: 0.369 sec - in org.apache.mahout.vectorizer.collocations.llr.CollocReducerTest
Running org.apache.mahout.vectorizer.collocations.llr.CollocMapperTest
Running org.apache.mahout.vectorizer.collocations.llr.GramKeyTest
Tests run: 2, Failures: 0, Errors: 0, Skipped: 0, Time elapsed: 0.081 sec - in org.apache.mahout.vectorizer.collocations.llr.GramKeyTest
Tests run: 2, Failures: 0, Errors: 0, Skipped: 0, Time elapsed: 0.693 sec - in org.apache.mahout.vectorizer.collocations.llr.CollocMapperTest
Running org.apache.mahout.vectorizer.DictionaryVectorizerTest
Running org.apache.mahout.vectorizer.EncodedVectorsFromSequenceFilesTest
Tests run: 3, Failures: 1, Errors: 0, Skipped: 0, Time elapsed: 48.134 sec &amp;lt;&amp;lt;&amp;lt; FAILURE! - in org.apache.mahout.clustering.streaming.cluster.BallKMeansTest
testClustering(org.apache.mahout.clustering.streaming.cluster.BallKMeansTest)  Time elapsed: 2.051 sec  &amp;lt;&amp;lt;&amp;lt; FAILURE!
java.lang.AssertionError: expected:&amp;lt;625.0&amp;gt; but was:&amp;lt;796.0&amp;gt;
	at org.junit.Assert.fail(Assert.java:88)
	at org.junit.Assert.failNotEquals(Assert.java:743)
	at org.junit.Assert.assertEquals(Assert.java:494)
	at org.junit.Assert.assertEquals(Assert.java:592)
	at org.apache.mahout.clustering.streaming.cluster.BallKMeansTest.testClustering(BallKMeansTest.java:119)
&lt;/pre&gt;
&lt;/div&gt;&lt;/div&gt;


&lt;p&gt;Last time test failed it was on ubuntu-1 node, but it&apos;s also randomly successful on same node so it doesn&apos;t seem to be caused by something node specific.&lt;/p&gt;</description>
                <environment>&lt;p&gt;Apache Jenkins nodes&lt;/p&gt;</environment>
        <key id="12666088">MAHOUT-1320</key>
            <summary>BallKMeansTest.testClustering is unstable</summary>
                <type id="1" iconUrl="https://issues.apache.org/jira/images/icons/issuetypes/bug.png">Bug</type>
                                            <priority id="4" iconUrl="https://issues.apache.org/jira/images/icons/priorities/minor.png">Minor</priority>
                        <status id="6" iconUrl="https://issues.apache.org/jira/images/icons/statuses/closed.png" description="The issue is considered finished, the resolution is correct. Issues which are closed can be reopened.">Closed</status>
                    <statusCategory id="3" key="done" colorName="green"/>
                                    <resolution id="1">Fixed</resolution>
                                        <assignee username="smarthi">Suneel Marthi</assignee>
                                    <reporter username="sslavic">Stevo Slavic</reporter>
                        <labels>
                    </labels>
                <created>Thu, 29 Aug 2013 10:07:09 +0100</created>
                <updated>Mon, 3 Feb 2014 07:57:12 +0000</updated>
                            <resolved>Tue, 17 Sep 2013 19:36:11 +0100</resolved>
                                    <version>0.8</version>
                                    <fixVersion>0.9</fixVersion>
                                    <component>Clustering</component>
                        <due></due>
                            <votes>0</votes>
                                    <watches>3</watches>
                                                                <comments>
                            <comment id="13753951" author="tdunning" created="Thu, 29 Aug 2013 20:13:02 +0100"  >&lt;p&gt;The problem was that the test data was not seeing that this should be using the test seed and the test is not&lt;br/&gt;
deterministic.&lt;/p&gt;</comment>
                            <comment id="13753952" author="tdunning" created="Thu, 29 Aug 2013 20:13:28 +0100"  >&lt;p&gt;Here is a patch that should solve this.&lt;/p&gt;</comment>
                            <comment id="13754026" author="sslavic" created="Thu, 29 Aug 2013 21:37:22 +0100"  >&lt;p&gt;Nice. I guess same issue might affect &lt;tt&gt;StreamingKMeansTest&lt;/tt&gt; and &lt;tt&gt;StreamingKMeansTestMR&lt;/tt&gt;, both of which make use of &lt;tt&gt;DataUtils.sampleMultiNormalHypercube&lt;/tt&gt; without setting test seed first. If not modifying &lt;tt&gt;DataUtils.sampleMultiNormalHypercube&lt;/tt&gt; to set test seed itself, IMO we should at least update it&apos;s javadoc with note about prerequisite for deterministic results.&lt;/p&gt;

&lt;p&gt;Btw, second line in parameterless &lt;tt&gt;RandomWrapper&lt;/tt&gt; constructor (line 33 that sets seed) seems to be redundant (seed is already set in used &lt;tt&gt;MersenneTwister&lt;/tt&gt; parameterless constructor). Not complaining &lt;img class=&quot;emoticon&quot; src=&quot;https://issues.apache.org/jira/images/icons/emoticons/smile.gif&quot; height=&quot;16&quot; width=&quot;16&quot; align=&quot;absmiddle&quot; alt=&quot;&quot; border=&quot;0&quot;/&gt; just thinking out loud, to maybe get extra opinion before actually making changes.&lt;/p&gt;</comment>
                            <comment id="13754215" author="tdunning" created="Fri, 30 Aug 2013 00:49:09 +0100"  >&lt;p&gt;Here is a revised patch with all suggestions implemented (except the change to RandomWrapper and the call to useTestSeed in the hypercube generation function)&lt;/p&gt;</comment>
                            <comment id="13754632" author="sslavic" created="Fri, 30 Aug 2013 13:19:29 +0100"  >&lt;p&gt;Tests pass locally with patch applied. Changes look good to me, can be applied.&lt;/p&gt;

&lt;p&gt;Step in good direction - of getting Apache Mahout builds to be stable and fast.&lt;/p&gt;</comment>
                            <comment id="13769751" author="hudson" created="Tue, 17 Sep 2013 19:04:42 +0100"  >&lt;p&gt;FAILURE: Integrated in Mahout-Quality #2248 (See &lt;a href=&quot;https://builds.apache.org/job/Mahout-Quality/2248/&quot; class=&quot;external-link&quot; rel=&quot;nofollow&quot;&gt;https://builds.apache.org/job/Mahout-Quality/2248/&lt;/a&gt;)&lt;br/&gt;
&lt;a href=&quot;https://issues.apache.org/jira/browse/MAHOUT-1320&quot; title=&quot;BallKMeansTest.testClustering is unstable&quot; class=&quot;issue-link&quot; data-issue-key=&quot;MAHOUT-1320&quot;&gt;&lt;del&gt;MAHOUT-1320&lt;/del&gt;&lt;/a&gt;: Made ball and streaming k-means clustering tests deterministic by using test seed (tdunning via sslavic) (sslavic: rev 1524116)&lt;/p&gt;
&lt;ul&gt;
	&lt;li&gt;/mahout/trunk/core/src/test/java/org/apache/mahout/clustering/streaming/cluster/BallKMeansTest.java&lt;/li&gt;
	&lt;li&gt;/mahout/trunk/core/src/test/java/org/apache/mahout/clustering/streaming/cluster/DataUtils.java&lt;/li&gt;
	&lt;li&gt;/mahout/trunk/core/src/test/java/org/apache/mahout/clustering/streaming/cluster/StreamingKMeansTest.java&lt;/li&gt;
	&lt;li&gt;/mahout/trunk/core/src/test/java/org/apache/mahout/clustering/streaming/mapreduce/StreamingKMeansTestMR.java&lt;/li&gt;
&lt;/ul&gt;
</comment>
                            <comment id="13769791" author="sslavic" created="Tue, 17 Sep 2013 19:36:11 +0100"  >&lt;p&gt;Patch applied. Resolving as fixed.&lt;/p&gt;</comment>
                    </comments>
                    <attachments>
                            <attachment id="12600692" name="MAHOUT-1320.patch" size="7326" author="tdunning" created="Fri, 30 Aug 2013 00:49:09 +0100"/>
                            <attachment id="12600635" name="MAHOUT-1320.patch" size="2690" author="tdunning" created="Thu, 29 Aug 2013 20:13:02 +0100"/>
                    </attachments>
                <subtasks>
                    </subtasks>
                <customfields>
                                                <customfield id="customfield_12310310" key="com.atlassian.jira.toolkit:attachments">
                        <customfieldname>Attachment count</customfieldname>
                        <customfieldvalues>
                            <customfieldvalue>2.0</customfieldvalue>
                        </customfieldvalues>
                    </customfield>
                                                                                                                                                                                                                                                                                                                                                                                                                                                                                                                                                            <customfield id="customfield_12310220" key="com.atlassian.jira.ext.charting:firstresponsedate">
                        <customfieldname>Date of First Response</customfieldname>
                        <customfieldvalues>
                            <customfieldvalue>Thu, 29 Aug 2013 19:13:02 +0000</customfieldvalue>

                        </customfieldvalues>
                    </customfield>
                                                                                                                                                                                                                                                                                                                                                                                                                <customfield id="customfield_12310420" key="com.pyxis.greenhopper.jira:gh-global-rank">
                        <customfieldname>Global Rank</customfieldname>
                        <customfieldvalues>
                            <customfieldvalue>346027</customfieldvalue>
                        </customfieldvalues>
                    </customfield>
                                                                                                                                                    <customfield id="customfield_12311820" key="com.pyxis.greenhopper.jira:gh-lexo-rank">
                        <customfieldname>Rank</customfieldname>
                        <customfieldvalues>
                            <customfieldvalue>2|hzhii7:</customfieldvalue>

                        </customfieldvalues>
                    </customfield>
                                                                <customfield id="customfield_12310920" key="com.pyxis.greenhopper.jira:gh-global-rank">
                        <customfieldname>Rank (Obsolete)</customfieldname>
                        <customfieldvalues>
                            <customfieldvalue>346328</customfieldvalue>
                        </customfieldvalues>
                    </customfield>
                                                                                                                                                                                                                                        <customfield id="customfield_12310222" key="com.atlassian.jira.ext.charting:timeinstatus">
                        <customfieldname>Time in Status</customfieldname>
                        <customfieldvalues>
                            
                        </customfieldvalues>
                    </customfield>
                                                                </customfields>
    </item>
</channel>
</rss>