<!-- 
RSS generated by JIRA (6.3.4#6332-sha1:51bc225ef474afe3128b2f66878477f322397b16) at Sun May 17 04:26:17 UTC 2015

It is possible to restrict the fields that are returned in this document by specifying the 'field' parameter in your request.
For example, to request only the issue key and summary add field=key&field=summary to the URL of your request.
For example:
https://issues.apache.org/jira/si/jira.issueviews:issue-xml/MAHOUT-1325/MAHOUT-1325.xml?field=key&amp;field=summary
-->
<rss version="0.92" >
<channel>
    <title>ASF JIRA</title>
    <link>https://issues.apache.org/jira</link>
    <description>This file is an XML representation of an issue</description>
    <language>en-uk</language>    <build-info>
        <version>6.3.4</version>
        <build-number>6332</build-number>
        <build-date>15-08-2014</build-date>
    </build-info>

<item>
            <title>[MAHOUT-1325] MapReduce unit tests cannot be run in parallel</title>
                <link>https://issues.apache.org/jira/browse/MAHOUT-1325</link>
                <project id="12310751" key="MAHOUT">Mahout</project>
                    <description>&lt;p&gt;Mahout-Quality build job execution #2225 failed because of this test.&lt;br/&gt;
Relevant build log:&lt;/p&gt;
&lt;div class=&quot;preformatted panel&quot; style=&quot;border-width: 1px;&quot;&gt;&lt;div class=&quot;preformattedContent panelContent&quot;&gt;
&lt;pre&gt;[INFO] --- maven-surefire-plugin:2.16:test (default-test) @ mahout-integration ---
[INFO] Surefire report directory: /home/jenkins/jenkins-slave/workspace/Mahout-Quality/trunk/integration/target/surefire-reports

-------------------------------------------------------
 T E S T S
-------------------------------------------------------

-------------------------------------------------------
 T E S T S
-------------------------------------------------------
Running org.apache.mahout.utils.vectors.lucene.LuceneIterableTest
Running org.apache.mahout.utils.email.MailProcessorTest
Running org.apache.mahout.clustering.cdbw.TestCDbwEvaluator
Running org.apache.mahout.utils.regex.RegexMapperTest
Running org.apache.mahout.utils.vectors.io.VectorWriterTest
Running org.apache.mahout.utils.nlp.collocations.llr.BloomTokenFilterTest
Running org.apache.mahout.utils.vectors.lucene.CachedTermInfoTest
Running org.apache.mahout.clustering.TestClusterEvaluator
Running org.apache.mahout.utils.regex.RegexUtilsTest
Running org.apache.mahout.utils.vectors.lucene.DriverTest
Tests run: 1, Failures: 0, Errors: 0, Skipped: 0, Time elapsed: 0.17 sec - in org.apache.mahout.utils.regex.RegexUtilsTest
Tests run: 2, Failures: 0, Errors: 0, Skipped: 0, Time elapsed: 0.412 sec - in org.apache.mahout.utils.email.MailProcessorTest
Tests run: 5, Failures: 0, Errors: 0, Skipped: 0, Time elapsed: 0.344 sec - in org.apache.mahout.utils.nlp.collocations.llr.BloomTokenFilterTest
Running org.apache.mahout.utils.vectors.csv.CSVVectorIteratorTest
Running org.apache.mahout.clustering.TestClusterDumper
Running org.apache.mahout.utils.vectors.VectorHelperTest
Tests run: 1, Failures: 0, Errors: 0, Skipped: 0, Time elapsed: 0.601 sec - in org.apache.mahout.utils.vectors.csv.CSVVectorIteratorTest
Running org.apache.mahout.utils.vectors.arff.ARFFTypeTest
Running org.apache.mahout.utils.vectors.arff.ARFFVectorIterableTest
Tests run: 3, Failures: 0, Errors: 0, Skipped: 0, Time elapsed: 0.383 sec - in org.apache.mahout.utils.vectors.VectorHelperTest
Tests run: 3, Failures: 0, Errors: 0, Skipped: 0, Time elapsed: 1.332 sec - in org.apache.mahout.utils.vectors.lucene.LuceneIterableTest
Tests run: 1, Failures: 0, Errors: 0, Skipped: 0, Time elapsed: 0.252 sec - in org.apache.mahout.utils.vectors.arff.ARFFTypeTest
Tests run: 1, Failures: 0, Errors: 0, Skipped: 0, Time elapsed: 1.369 sec - in org.apache.mahout.utils.vectors.lucene.CachedTermInfoTest
Tests run: 8, Failures: 0, Errors: 0, Skipped: 0, Time elapsed: 0.415 sec - in org.apache.mahout.utils.vectors.arff.ARFFVectorIterableTest
Tests run: 3, Failures: 0, Errors: 0, Skipped: 0, Time elapsed: 1.5 sec - in org.apache.mahout.utils.regex.RegexMapperTest
Running org.apache.mahout.utils.vectors.arff.DriverTest
Running org.apache.mahout.utils.Bump125Test
Running org.apache.mahout.utils.SplitInputTest
Running org.apache.mahout.utils.TestConcatenateVectorsJob
Running org.apache.mahout.utils.vectors.arff.MapBackedARFFModelTest
Tests run: 2, Failures: 0, Errors: 0, Skipped: 0, Time elapsed: 2.043 sec - in org.apache.mahout.utils.vectors.io.VectorWriterTest
Tests run: 1, Failures: 0, Errors: 0, Skipped: 0, Time elapsed: 0.362 sec - in org.apache.mahout.utils.Bump125Test
Running org.apache.mahout.cf.taste.impl.similarity.jdbc.MySQLJDBCInMemoryItemSimilarityTest
Running org.apache.mahout.text.SequenceFilesFromLuceneStorageTest
Tests run: 1, Failures: 0, Errors: 0, Skipped: 0, Time elapsed: 0.304 sec - in org.apache.mahout.utils.vectors.arff.MapBackedARFFModelTest
Tests run: 2, Failures: 0, Errors: 0, Skipped: 0, Time elapsed: 0.887 sec - in org.apache.mahout.utils.vectors.arff.DriverTest
Tests run: 1, Failures: 0, Errors: 0, Skipped: 0, Time elapsed: 0.486 sec - in org.apache.mahout.cf.taste.impl.similarity.jdbc.MySQLJDBCInMemoryItemSimilarityTest
Running org.apache.mahout.text.TestSequenceFilesFromDirectory
Running org.apache.mahout.text.LuceneStorageConfigurationTest
Running org.apache.mahout.text.LuceneSegmentInputFormatTest
Running org.apache.mahout.text.SequenceFilesFromMailArchivesTest
Running org.apache.mahout.text.MailArchivesClusteringAnalyzerTest
Tests run: 1, Failures: 0, Errors: 0, Skipped: 0, Time elapsed: 0.265 sec - in org.apache.mahout.text.MailArchivesClusteringAnalyzerTest
Tests run: 1, Failures: 0, Errors: 0, Skipped: 0, Time elapsed: 1.8 sec - in org.apache.mahout.utils.TestConcatenateVectorsJob
Tests run: 2, Failures: 0, Errors: 0, Skipped: 0, Time elapsed: 1.097 sec - in org.apache.mahout.text.LuceneStorageConfigurationTest
Tests run: 1, Failures: 0, Errors: 0, Skipped: 0, Time elapsed: 3.902 sec - in org.apache.mahout.utils.vectors.lucene.DriverTest
Running org.apache.mahout.text.LuceneSegmentRecordReaderTest
Running org.apache.mahout.text.LuceneSegmentInputSplitTest
Running org.apache.mahout.text.SequenceFilesFromLuceneStorageMRJobTest
Running org.apache.mahout.text.SequenceFilesFromLuceneStorageDriverTest
Tests run: 1, Failures: 0, Errors: 0, Skipped: 0, Time elapsed: 3.237 sec - in org.apache.mahout.text.LuceneSegmentInputFormatTest
Tests run: 2, Failures: 1, Errors: 0, Skipped: 0, Time elapsed: 5.122 sec &amp;lt;&amp;lt;&amp;lt; FAILURE! - in org.apache.mahout.text.SequenceFilesFromMailArchivesTest
testMapReduce(org.apache.mahout.text.SequenceFilesFromMailArchivesTest)  Time elapsed: 2.333 sec  &amp;lt;&amp;lt;&amp;lt; FAILURE!
java.lang.AssertionError: expected:&amp;lt;1&amp;gt; but was:&amp;lt;0&amp;gt;
	at org.junit.Assert.fail(Assert.java:88)
	at org.junit.Assert.failNotEquals(Assert.java:743)
	at org.junit.Assert.assertEquals(Assert.java:118)
	at org.junit.Assert.assertEquals(Assert.java:555)
	at org.junit.Assert.assertEquals(Assert.java:542)
	at org.apache.mahout.text.SequenceFilesFromMailArchivesTest.testMapReduce(SequenceFilesFromMailArchivesTest.java:153)

Tests run: 2, Failures: 0, Errors: 0, Skipped: 0, Time elapsed: 5.74 sec - in org.apache.mahout.text.TestSequenceFilesFromDirectory
Tests run: 2, Failures: 0, Errors: 0, Skipped: 0, Time elapsed: 4.172 sec - in org.apache.mahout.text.LuceneSegmentInputSplitTest
Tests run: 1, Failures: 0, Errors: 0, Skipped: 0, Time elapsed: 4.85 sec - in org.apache.mahout.text.LuceneSegmentRecordReaderTest
Tests run: 3, Failures: 0, Errors: 0, Skipped: 0, Time elapsed: 9.571 sec - in org.apache.mahout.clustering.TestClusterDumper
Tests run: 6, Failures: 0, Errors: 0, Skipped: 0, Time elapsed: 8.021 sec - in org.apache.mahout.text.SequenceFilesFromLuceneStorageTest
Tests run: 1, Failures: 0, Errors: 0, Skipped: 0, Time elapsed: 6.121 sec - in org.apache.mahout.text.SequenceFilesFromLuceneStorageMRJobTest
Tests run: 5, Failures: 0, Errors: 0, Skipped: 0, Time elapsed: 6.613 sec - in org.apache.mahout.text.SequenceFilesFromLuceneStorageDriverTest
Tests run: 12, Failures: 0, Errors: 0, Skipped: 0, Time elapsed: 10.246 sec - in org.apache.mahout.utils.SplitInputTest
Tests run: 10, Failures: 0, Errors: 0, Skipped: 0, Time elapsed: 13.07 sec - in org.apache.mahout.clustering.cdbw.TestCDbwEvaluator
Tests run: 10, Failures: 0, Errors: 0, Skipped: 0, Time elapsed: 22.224 sec - in org.apache.mahout.clustering.TestClusterEvaluator

Results :

Failed tests: 
  SequenceFilesFromMailArchivesTest.testMapReduce:153-&amp;gt;Assert.assertEquals:542-&amp;gt;Assert.assertEquals:555-&amp;gt;Assert.assertEquals:118-&amp;gt;Assert.failNotEquals:743-&amp;gt;Assert.fail:88 expected:&amp;lt;1&amp;gt; but was:&amp;lt;0&amp;gt;

Tests run: 95, Failures: 1, Errors: 0, Skipped: 0

[INFO] ------------------------------------------------------------------------
[INFO] Reactor Summary:
[INFO] 
[INFO] Mahout Build Tools ................................ SUCCESS [8.296s]
[INFO] Apache Mahout ..................................... SUCCESS [2.731s]
[INFO] Mahout Math ....................................... SUCCESS [1:38.594s]
[INFO] Mahout Core ....................................... SUCCESS [4:44.809s]
[INFO] Mahout Integration ................................ FAILURE [26.458s]
[INFO] Mahout Examples ................................... SKIPPED
[INFO] Mahout Release Package ............................ SKIPPED
[INFO] ------------------------------------------------------------------------
[INFO] BUILD FAILURE
[INFO] ------------------------------------------------------------------------
[INFO] Total time: 7:03.463s
[INFO] Finished at: Tue Sep 03 22:40:41 UTC 2013
[INFO] Final Memory: 62M/447M
[INFO] ------------------------------------------------------------------------
&lt;/pre&gt;
&lt;/div&gt;&lt;/div&gt;</description>
                <environment>&lt;p&gt;ubuntu1 Apache Jenkins CI node&lt;/p&gt;</environment>
        <key id="12666945">MAHOUT-1325</key>
            <summary>MapReduce unit tests cannot be run in parallel</summary>
                <type id="1" iconUrl="https://issues.apache.org/jira/images/icons/issuetypes/bug.png">Bug</type>
                                            <priority id="4" iconUrl="https://issues.apache.org/jira/images/icons/priorities/minor.png">Minor</priority>
                        <status id="6" iconUrl="https://issues.apache.org/jira/images/icons/statuses/closed.png" description="The issue is considered finished, the resolution is correct. Issues which are closed can be reopened.">Closed</status>
                    <statusCategory id="3" key="done" colorName="green"/>
                                    <resolution id="1">Fixed</resolution>
                                        <assignee username="smarthi">Suneel Marthi</assignee>
                                    <reporter username="sslavic">Stevo Slavic</reporter>
                        <labels>
                    </labels>
                <created>Wed, 4 Sep 2013 19:25:12 +0100</created>
                <updated>Mon, 3 Feb 2014 07:57:19 +0000</updated>
                            <resolved>Wed, 13 Nov 2013 21:43:04 +0000</resolved>
                                    <version>0.8</version>
                                    <fixVersion>0.9</fixVersion>
                                    <component>Integration</component>
                        <due></due>
                            <votes>1</votes>
                                    <watches>6</watches>
                                                                <comments>
                            <comment id="13770848" author="sslavic" created="Wed, 18 Sep 2013 16:03:16 +0100"  >&lt;p&gt;Whenever mapreduce test fails, there is a class cast exception in stacktrace in test output file like in attached &lt;span class=&quot;nobr&quot;&gt;&lt;a href=&quot;https://issues.apache.org/jira/secure/attachment/12603841/12603841_org.apache.mahout.text.SequenceFilesFromMailArchivesTest-output.txt&quot; title=&quot;org.apache.mahout.text.SequenceFilesFromMailArchivesTest-output.txt attached to MAHOUT-1325&quot;&gt;org.apache.mahout.text.SequenceFilesFromMailArchivesTest-output.txt&lt;sup&gt;&lt;img class=&quot;rendericon&quot; src=&quot;https://issues.apache.org/jira/images/icons/link_attachment_7.gif&quot; height=&quot;7&quot; width=&quot;7&quot; align=&quot;absmiddle&quot; alt=&quot;&quot; border=&quot;0&quot;/&gt;&lt;/sup&gt;&lt;/a&gt;&lt;/span&gt;&lt;/p&gt;</comment>
                            <comment id="13770867" author="sslavic" created="Wed, 18 Sep 2013 16:15:24 +0100"  >&lt;p&gt;This unwanted behavior appears to be caused by a bug in LocalJobRunner in Hadoop itself (see &lt;a href=&quot;https://issues.apache.org/jira/browse/MAPREDUCE-5367&quot; title=&quot;Local jobs all use same local working directory&quot; class=&quot;issue-link&quot; data-issue-key=&quot;MAPREDUCE-5367&quot;&gt;&lt;del&gt;MAPREDUCE-5367&lt;/del&gt;&lt;/a&gt;), and it&apos;s affecting all of our mapreduce tests when they are run concurrently, in parallel.&lt;/p&gt;

&lt;p&gt;We currently use hadoop-core 1.2.1 (btw, I wish that hadoop-core upgrade to 1.2.1 for 0.9 was tracked in Mahout JIRA and changelog, IMO it&apos;s an important dependency, I wonder why &lt;a href=&quot;https://issues.apache.org/jira/secure/ViewProfile.jspa?name=srowen&quot; class=&quot;user-hover&quot; rel=&quot;srowen&quot;&gt;Sean Owen&lt;/a&gt; didn&apos;t log it). I&apos;ve tried, same issue is present in hadoop-core 1.1.2 (used in mahout 0.8 release). So we have to wait for hadoop-core 1.3.0 to be released since &lt;a href=&quot;https://issues.apache.org/jira/browse/MAPREDUCE-5367&quot; title=&quot;Local jobs all use same local working directory&quot; class=&quot;issue-link&quot; data-issue-key=&quot;MAPREDUCE-5367&quot;&gt;&lt;del&gt;MAPREDUCE-5367&lt;/del&gt;&lt;/a&gt; is tagged as fixed in that version/branch.&lt;/p&gt;</comment>
                            <comment id="13770890" author="srowen" created="Wed, 18 Sep 2013 16:38:59 +0100"  >&lt;p&gt;Fair enough, I thought it was actually a small enough update to just go through with, and the tests passed for me. It would not hurt at all to make a JIRA, yes. I won&apos;t be touching this stuff again, no worries.&lt;/p&gt;</comment>
                            <comment id="13770917" author="smarthi" created="Wed, 18 Sep 2013 17:10:32 +0100"  >&lt;p&gt;That pretty much explains the mysterious astral rays that were failing random MR tests (during parallel execution) in the run up to 0.8 release; didn&apos;t have time then to get to the bottom of these failures.&lt;/p&gt;</comment>
                            <comment id="13784293" author="isabel" created="Wed, 2 Oct 2013 19:59:41 +0100"  >&lt;p&gt;This should fix the test issues for MR tests. For more on how this is achieved see &lt;a href=&quot;https://issues.apache.org/jira/browse/MAHOUT-1200&quot; title=&quot;Mahout tests depend on writing to /tmp/hadoop-$user&quot; class=&quot;issue-link&quot; data-issue-key=&quot;MAHOUT-1200&quot;&gt;&lt;del&gt;MAHOUT-1200&lt;/del&gt;&lt;/a&gt; &lt;/p&gt;

&lt;p&gt;Note to self: Don&apos;t commit patches when mental, e.g. a day before Buzzwords - chances are, some of the changes magically disappear.&lt;/p&gt;</comment>
                            <comment id="13784294" author="isabel" created="Wed, 2 Oct 2013 20:00:46 +0100"  >&lt;p&gt;&lt;a href=&quot;https://issues.apache.org/jira/secure/ViewProfile.jspa?name=sslavic&quot; class=&quot;user-hover&quot; rel=&quot;sslavic&quot;&gt;Stevo Slavic&lt;/a&gt; please let me know, if there&apos;s any flaky tests left.&lt;/p&gt;</comment>
                            <comment id="13787704" author="sslavic" created="Sun, 6 Oct 2013 18:46:27 +0100"  >&lt;p&gt;&lt;a href=&quot;https://issues.apache.org/jira/secure/ViewProfile.jspa?name=isabel&quot; class=&quot;user-hover&quot; rel=&quot;isabel&quot;&gt;Isabel Drost-Fromm&lt;/a&gt;, patch looks OK to me.&lt;/p&gt;</comment>
                            <comment id="13806487" author="hudson" created="Sun, 27 Oct 2013 23:26:52 +0000"  >&lt;p&gt;SUCCESS: Integrated in Mahout-Quality #2304 (See &lt;a href=&quot;https://builds.apache.org/job/Mahout-Quality/2304/&quot; class=&quot;external-link&quot; rel=&quot;nofollow&quot;&gt;https://builds.apache.org/job/Mahout-Quality/2304/&lt;/a&gt;)&lt;br/&gt;
&lt;a href=&quot;https://issues.apache.org/jira/browse/MAHOUT-1325&quot; title=&quot;MapReduce unit tests cannot be run in parallel&quot; class=&quot;issue-link&quot; data-issue-key=&quot;MAHOUT-1325&quot;&gt;&lt;del&gt;MAHOUT-1325&lt;/del&gt;&lt;/a&gt; Change hadoop dependent tests to work out of a directory that is not under /tmp (isabel via sslavic) (sslavic: rev 1536215)&lt;/p&gt;
&lt;ul&gt;
	&lt;li&gt;/mahout/trunk/core/src/test/java/org/apache/mahout/cf/taste/hadoop/als/ParallelALSFactorizationJobTest.java&lt;/li&gt;
	&lt;li&gt;/mahout/trunk/core/src/test/java/org/apache/mahout/classifier/df/data/DataLoaderTest.java&lt;/li&gt;
	&lt;li&gt;/mahout/trunk/core/src/test/java/org/apache/mahout/classifier/df/data/Utils.java&lt;/li&gt;
	&lt;li&gt;/mahout/trunk/core/src/test/java/org/apache/mahout/classifier/df/mapreduce/inmem/InMemInputFormatTest.java&lt;/li&gt;
	&lt;li&gt;/mahout/trunk/core/src/test/java/org/apache/mahout/classifier/df/mapreduce/partial/PartialBuilderTest.java&lt;/li&gt;
	&lt;li&gt;/mahout/trunk/core/src/test/java/org/apache/mahout/clustering/classify/ClusterClassificationDriverTest.java&lt;/li&gt;
	&lt;li&gt;/mahout/trunk/core/src/test/java/org/apache/mahout/clustering/kmeans/TestEigenSeedGenerator.java&lt;/li&gt;
	&lt;li&gt;/mahout/trunk/core/src/test/java/org/apache/mahout/clustering/kmeans/TestRandomSeedGenerator.java&lt;/li&gt;
	&lt;li&gt;/mahout/trunk/core/src/test/java/org/apache/mahout/clustering/spectral/TestAffinityMatrixInputJob.java&lt;/li&gt;
	&lt;li&gt;/mahout/trunk/core/src/test/java/org/apache/mahout/clustering/spectral/TestMatrixDiagonalizeJob.java&lt;/li&gt;
	&lt;li&gt;/mahout/trunk/core/src/test/java/org/apache/mahout/clustering/spectral/TestUnitVectorizerJob.java&lt;/li&gt;
	&lt;li&gt;/mahout/trunk/core/src/test/java/org/apache/mahout/clustering/spectral/TestVectorCache.java&lt;/li&gt;
	&lt;li&gt;/mahout/trunk/core/src/test/java/org/apache/mahout/clustering/spectral/TestVectorMatrixMultiplicationJob.java&lt;/li&gt;
	&lt;li&gt;/mahout/trunk/core/src/test/java/org/apache/mahout/clustering/streaming/mapreduce/StreamingKMeansTestMR.java&lt;/li&gt;
	&lt;li&gt;/mahout/trunk/core/src/test/java/org/apache/mahout/clustering/topdown/postprocessor/ClusterCountReaderTest.java&lt;/li&gt;
	&lt;li&gt;/mahout/trunk/core/src/test/java/org/apache/mahout/clustering/topdown/postprocessor/ClusterOutputPostProcessorTest.java&lt;/li&gt;
	&lt;li&gt;/mahout/trunk/core/src/test/java/org/apache/mahout/common/MahoutTestCase.java&lt;/li&gt;
	&lt;li&gt;/mahout/trunk/core/src/test/java/org/apache/mahout/math/hadoop/TestDistributedRowMatrix.java&lt;/li&gt;
	&lt;li&gt;/mahout/trunk/core/src/test/java/org/apache/mahout/math/hadoop/similarity/TestVectorDistanceSimilarityJob.java&lt;/li&gt;
	&lt;li&gt;/mahout/trunk/core/src/test/java/org/apache/mahout/math/hadoop/stochasticsvd/LocalSSVDSolverDenseTest.java&lt;/li&gt;
	&lt;li&gt;/mahout/trunk/core/src/test/java/org/apache/mahout/math/hadoop/stochasticsvd/LocalSSVDSolverSparseSequentialTest.java&lt;/li&gt;
	&lt;li&gt;/mahout/trunk/core/src/test/java/org/apache/mahout/math/hadoop/stochasticsvd/SSVDTestsHelper.java&lt;/li&gt;
	&lt;li&gt;/mahout/trunk/core/src/test/java/org/apache/mahout/vectorizer/collocations/llr/CollocMapperTest.java&lt;/li&gt;
	&lt;li&gt;/mahout/trunk/core/src/test/java/org/apache/mahout/vectorizer/collocations/llr/LLRReducerTest.java&lt;/li&gt;
	&lt;li&gt;/mahout/trunk/examples/src/test/java/org/apache/mahout/clustering/display/ClustersFilterTest.java&lt;/li&gt;
	&lt;li&gt;/mahout/trunk/integration/src/test/java/org/apache/mahout/clustering/TestClusterDumper.java&lt;/li&gt;
	&lt;li&gt;/mahout/trunk/integration/src/test/java/org/apache/mahout/clustering/TestClusterEvaluator.java&lt;/li&gt;
	&lt;li&gt;/mahout/trunk/integration/src/test/java/org/apache/mahout/clustering/cdbw/TestCDbwEvaluator.java&lt;/li&gt;
	&lt;li&gt;/mahout/trunk/integration/src/test/java/org/apache/mahout/text/LuceneSegmentInputFormatTest.java&lt;/li&gt;
	&lt;li&gt;/mahout/trunk/integration/src/test/java/org/apache/mahout/text/LuceneSegmentInputSplitTest.java&lt;/li&gt;
	&lt;li&gt;/mahout/trunk/integration/src/test/java/org/apache/mahout/text/LuceneSegmentRecordReaderTest.java&lt;/li&gt;
	&lt;li&gt;/mahout/trunk/integration/src/test/java/org/apache/mahout/text/LuceneStorageConfigurationTest.java&lt;/li&gt;
	&lt;li&gt;/mahout/trunk/integration/src/test/java/org/apache/mahout/text/SequenceFilesFromLuceneStorageDriverTest.java&lt;/li&gt;
	&lt;li&gt;/mahout/trunk/integration/src/test/java/org/apache/mahout/text/SequenceFilesFromLuceneStorageMRJobTest.java&lt;/li&gt;
	&lt;li&gt;/mahout/trunk/integration/src/test/java/org/apache/mahout/text/SequenceFilesFromLuceneStorageTest.java&lt;/li&gt;
	&lt;li&gt;/mahout/trunk/integration/src/test/java/org/apache/mahout/text/SequenceFilesFromMailArchivesTest.java&lt;/li&gt;
	&lt;li&gt;/mahout/trunk/integration/src/test/java/org/apache/mahout/text/TestSequenceFilesFromDirectory.java&lt;/li&gt;
	&lt;li&gt;/mahout/trunk/integration/src/test/java/org/apache/mahout/utils/TestConcatenateVectorsJob.java&lt;/li&gt;
	&lt;li&gt;/mahout/trunk/integration/src/test/java/org/apache/mahout/utils/regex/RegexMapperTest.java&lt;/li&gt;
	&lt;li&gt;/mahout/trunk/integration/src/test/java/org/apache/mahout/utils/vectors/io/VectorWriterTest.java&lt;/li&gt;
	&lt;li&gt;/mahout/trunk/integration/src/test/java/org/apache/mahout/utils/vectors/lucene/DriverTest.java&lt;/li&gt;
&lt;/ul&gt;
</comment>
                            <comment id="13806770" author="sslavic" created="Mon, 28 Oct 2013 13:51:56 +0000"  >&lt;p&gt;&lt;a href=&quot;https://issues.apache.org/jira/secure/ViewProfile.jspa?name=isabel&quot; class=&quot;user-hover&quot; rel=&quot;isabel&quot;&gt;Isabel Drost-Fromm&lt;/a&gt;, I&apos;ve applied your patch, but M/R tests are still failing.&lt;br/&gt;
Here is relevant build output from Mahout-Trunk build job failed run #1852:&lt;/p&gt;
&lt;div class=&quot;preformatted panel&quot; style=&quot;border-width: 1px;&quot;&gt;&lt;div class=&quot;preformattedContent panelContent&quot;&gt;
&lt;pre&gt;[INFO] ------------------------------------------------------------------------
[INFO] Building Mahout Integration 0.9-SNAPSHOT
[INFO] ------------------------------------------------------------------------
[INFO] 
[INFO] --- maven-clean-plugin:2.4.1:clean (default-clean) @ mahout-integration ---
[INFO] 
[INFO] --- maven-resources-plugin:2.6:resources (default-resources) @ mahout-integration ---
[INFO] Using &apos;UTF-8&apos; encoding to copy filtered resources.
[INFO] Copying 0 resource
[INFO] 
[INFO] --- maven-compiler-plugin:3.1:compile (default-compile) @ mahout-integration ---
[INFO] Changes detected - recompiling the module!
[INFO] Compiling 127 source files to /x1/jenkins/jenkins-slave/workspace/Mahout-Trunk/trunk/integration/target/classes
[WARNING] Note: /x1/jenkins/jenkins-slave/workspace/Mahout-Trunk/trunk/integration/src/main/java/org/apache/mahout/cf/taste/impl/model/mongodb/MongoDBDataModel.java uses or overrides a deprecated API.
[WARNING] Note: Recompile with -Xlint:deprecation for details.
[WARNING] Note: /x1/jenkins/jenkins-slave/workspace/Mahout-Trunk/trunk/integration/src/main/java/org/apache/mahout/cf/taste/impl/model/mongodb/MongoDBDataModel.java uses unchecked or unsafe operations.
[WARNING] Note: Recompile with -Xlint:unchecked for details.
[INFO] 
[INFO] --- maven-resources-plugin:2.6:testResources (default-testResources) @ mahout-integration ---
[INFO] Using &apos;UTF-8&apos; encoding to copy filtered resources.
[INFO] Copying 10 resources
[INFO] 
[INFO] --- maven-compiler-plugin:3.1:testCompile (default-testCompile) @ mahout-integration ---
[INFO] Changes detected - recompiling the module!
[INFO] Compiling 37 source files to /x1/jenkins/jenkins-slave/workspace/Mahout-Trunk/trunk/integration/target/test-classes
[WARNING] Note: Some input files use or override a deprecated API.
[WARNING] Note: Recompile with -Xlint:deprecation for details.
[WARNING] Note: Some input files use unchecked or unsafe operations.
[WARNING] Note: Recompile with -Xlint:unchecked for details.
[INFO] 
[INFO] --- maven-surefire-plugin:2.16:test (default-test) @ mahout-integration ---
[INFO] Surefire report directory: /x1/jenkins/jenkins-slave/workspace/Mahout-Trunk/trunk/integration/target/surefire-reports

-------------------------------------------------------
 T E S T S
-------------------------------------------------------

-------------------------------------------------------
 T E S T S
-------------------------------------------------------
Running org.apache.mahout.utils.regex.RegexMapperTest
Running org.apache.mahout.utils.email.MailProcessorTest
Running org.apache.mahout.text.LuceneSegmentInputFormatTest
Running org.apache.mahout.utils.TestConcatenateVectorsJob
Running org.apache.mahout.clustering.TestClusterDumper
Running org.apache.mahout.utils.vectors.arff.MapBackedARFFModelTest
Running org.apache.mahout.utils.vectors.arff.ARFFVectorIterableTest
Running org.apache.mahout.utils.vectors.csv.CSVVectorIteratorTest
Running org.apache.mahout.utils.SplitInputTest
Running org.apache.mahout.text.LuceneSegmentRecordReaderTest
Running org.apache.mahout.text.SequenceFilesFromLuceneStorageMRJobTest
Running org.apache.mahout.utils.vectors.arff.ARFFTypeTest
Running org.apache.mahout.text.LuceneStorageConfigurationTest
Running org.apache.mahout.text.LuceneSegmentInputSplitTest
Running org.apache.mahout.text.SequenceFilesFromLuceneStorageDriverTest
Running org.apache.mahout.text.MailArchivesClusteringAnalyzerTest
Running org.apache.mahout.clustering.TestClusterEvaluator
Running org.apache.mahout.utils.regex.RegexUtilsTest
Running org.apache.mahout.cf.taste.impl.similarity.jdbc.MySQLJDBCInMemoryItemSimilarityTest
Running org.apache.mahout.utils.vectors.VectorHelperTest
Running org.apache.mahout.utils.vectors.arff.DriverTest
Running org.apache.mahout.clustering.cdbw.TestCDbwEvaluator
Running org.apache.mahout.utils.nlp.collocations.llr.BloomTokenFilterTest
Running org.apache.mahout.utils.vectors.io.VectorWriterTest
Running org.apache.mahout.utils.vectors.lucene.LuceneIterableTest
Running org.apache.mahout.text.SequenceFilesFromLuceneStorageTest
Running org.apache.mahout.utils.vectors.lucene.DriverTest
Running org.apache.mahout.utils.Bump125Test
Running org.apache.mahout.text.SequenceFilesFromMailArchivesTest
Running org.apache.mahout.utils.vectors.lucene.CachedTermInfoTest
Tests run: 1, Failures: 0, Errors: 0, Skipped: 0, Time elapsed: 0.2 sec - in org.apache.mahout.utils.vectors.arff.MapBackedARFFModelTest
Tests run: 1, Failures: 0, Errors: 0, Skipped: 0, Time elapsed: 0.249 sec - in org.apache.mahout.utils.vectors.arff.ARFFTypeTest
Tests run: 1, Failures: 0, Errors: 0, Skipped: 0, Time elapsed: 0.187 sec - in org.apache.mahout.utils.Bump125Test
Tests run: 1, Failures: 0, Errors: 0, Skipped: 0, Time elapsed: 0.278 sec - in org.apache.mahout.utils.regex.RegexUtilsTest
Running org.apache.mahout.text.TestSequenceFilesFromDirectory
Tests run: 8, Failures: 0, Errors: 0, Skipped: 0, Time elapsed: 0.406 sec - in org.apache.mahout.utils.vectors.arff.ARFFVectorIterableTest
Tests run: 1, Failures: 0, Errors: 0, Skipped: 0, Time elapsed: 0.397 sec - in org.apache.mahout.text.MailArchivesClusteringAnalyzerTest
Tests run: 3, Failures: 0, Errors: 0, Skipped: 0, Time elapsed: 0.386 sec - in org.apache.mahout.utils.vectors.VectorHelperTest
Tests run: 5, Failures: 0, Errors: 0, Skipped: 0, Time elapsed: 0.388 sec - in org.apache.mahout.utils.nlp.collocations.llr.BloomTokenFilterTest
Tests run: 2, Failures: 0, Errors: 0, Skipped: 0, Time elapsed: 0.592 sec - in org.apache.mahout.utils.email.MailProcessorTest
Tests run: 1, Failures: 0, Errors: 0, Skipped: 0, Time elapsed: 0.673 sec - in org.apache.mahout.utils.vectors.csv.CSVVectorIteratorTest
Tests run: 1, Failures: 0, Errors: 0, Skipped: 0, Time elapsed: 0.664 sec - in org.apache.mahout.cf.taste.impl.similarity.jdbc.MySQLJDBCInMemoryItemSimilarityTest
Tests run: 2, Failures: 0, Errors: 0, Skipped: 0, Time elapsed: 0.79 sec - in org.apache.mahout.utils.vectors.arff.DriverTest
Tests run: 2, Failures: 0, Errors: 0, Skipped: 0, Time elapsed: 0.948 sec - in org.apache.mahout.text.LuceneStorageConfigurationTest
Tests run: 1, Failures: 0, Errors: 0, Skipped: 0, Time elapsed: 0.987 sec - in org.apache.mahout.utils.vectors.lucene.CachedTermInfoTest
Tests run: 3, Failures: 0, Errors: 0, Skipped: 0, Time elapsed: 1.357 sec - in org.apache.mahout.utils.regex.RegexMapperTest
Tests run: 1, Failures: 0, Errors: 0, Skipped: 0, Time elapsed: 1.282 sec - in org.apache.mahout.utils.TestConcatenateVectorsJob
Tests run: 3, Failures: 0, Errors: 0, Skipped: 0, Time elapsed: 1.247 sec - in org.apache.mahout.utils.vectors.lucene.LuceneIterableTest
Tests run: 2, Failures: 0, Errors: 0, Skipped: 0, Time elapsed: 1.455 sec - in org.apache.mahout.utils.vectors.io.VectorWriterTest
Tests run: 1, Failures: 0, Errors: 0, Skipped: 0, Time elapsed: 1.99 sec - in org.apache.mahout.text.LuceneSegmentInputFormatTest
Tests run: 2, Failures: 0, Errors: 0, Skipped: 0, Time elapsed: 1.92 sec - in org.apache.mahout.text.LuceneSegmentInputSplitTest
Tests run: 1, Failures: 0, Errors: 0, Skipped: 0, Time elapsed: 2.012 sec - in org.apache.mahout.utils.vectors.lucene.DriverTest
Tests run: 1, Failures: 0, Errors: 0, Skipped: 0, Time elapsed: 2.17 sec - in org.apache.mahout.text.LuceneSegmentRecordReaderTest
Tests run: 2, Failures: 1, Errors: 0, Skipped: 0, Time elapsed: 2.735 sec &amp;lt;&amp;lt;&amp;lt; FAILURE! - in org.apache.mahout.text.SequenceFilesFromMailArchivesTest
testMapReduce(org.apache.mahout.text.SequenceFilesFromMailArchivesTest)  Time elapsed: 1.368 sec  &amp;lt;&amp;lt;&amp;lt; FAILURE!
java.lang.AssertionError: expected:&amp;lt;1&amp;gt; but was:&amp;lt;0&amp;gt;
	at org.junit.Assert.fail(Assert.java:88)
	at org.junit.Assert.failNotEquals(Assert.java:743)
	at org.junit.Assert.assertEquals(Assert.java:118)
	at org.junit.Assert.assertEquals(Assert.java:555)
	at org.junit.Assert.assertEquals(Assert.java:542)
	at org.apache.mahout.text.SequenceFilesFromMailArchivesTest.testMapReduce(SequenceFilesFromMailArchivesTest.java:153)

Tests run: 6, Failures: 0, Errors: 0, Skipped: 0, Time elapsed: 3.317 sec - in org.apache.mahout.text.SequenceFilesFromLuceneStorageTest
Tests run: 1, Failures: 0, Errors: 0, Skipped: 0, Time elapsed: 3.689 sec - in org.apache.mahout.text.SequenceFilesFromLuceneStorageMRJobTest
Tests run: 2, Failures: 0, Errors: 0, Skipped: 0, Time elapsed: 3.754 sec - in org.apache.mahout.text.TestSequenceFilesFromDirectory
Tests run: 5, Failures: 0, Errors: 0, Skipped: 0, Time elapsed: 4.409 sec - in org.apache.mahout.text.SequenceFilesFromLuceneStorageDriverTest
Tests run: 3, Failures: 0, Errors: 0, Skipped: 0, Time elapsed: 5.987 sec - in org.apache.mahout.clustering.TestClusterDumper
Tests run: 10, Failures: 0, Errors: 0, Skipped: 0, Time elapsed: 6.471 sec - in org.apache.mahout.clustering.cdbw.TestCDbwEvaluator
Tests run: 12, Failures: 0, Errors: 0, Skipped: 0, Time elapsed: 6.861 sec - in org.apache.mahout.utils.SplitInputTest
Tests run: 10, Failures: 0, Errors: 0, Skipped: 0, Time elapsed: 14.891 sec - in org.apache.mahout.clustering.TestClusterEvaluator

Results :

Failed tests: 
  SequenceFilesFromMailArchivesTest.testMapReduce:153-&amp;gt;Assert.assertEquals:542-&amp;gt;Assert.assertEquals:555-&amp;gt;Assert.assertEquals:118-&amp;gt;Assert.failNotEquals:743-&amp;gt;Assert.fail:88 expected:&amp;lt;1&amp;gt; but was:&amp;lt;0&amp;gt;

Tests run: 95, Failures: 1, Errors: 0, Skipped: 0

[INFO] ------------------------------------------------------------------------
[INFO] Reactor Summary:
[INFO] 
[INFO] Mahout Build Tools ................................ SUCCESS [3.161s]
[INFO] Apache Mahout ..................................... SUCCESS [1.253s]
[INFO] Mahout Math ....................................... SUCCESS [24.020s]
[INFO] Mahout Core ....................................... SUCCESS [1:56.245s]
[INFO] Mahout Integration ................................ FAILURE [18.384s]
[INFO] Mahout Examples ................................... SKIPPED
[INFO] Mahout Release Package ............................ SKIPPED
[INFO] ------------------------------------------------------------------------
[INFO] BUILD FAILURE
[INFO] ------------------------------------------------------------------------
[INFO] Total time: 2:43.563s
[INFO] Finished at: Mon Oct 28 09:39:41 UTC 2013
[INFO] Final Memory: 35M/333M
[INFO] ------------------------------------------------------------------------
&lt;/pre&gt;
&lt;/div&gt;&lt;/div&gt;

&lt;p&gt;Besides this patch, I believe we still need fix for &lt;a href=&quot;https://issues.apache.org/jira/browse/MAPREDUCE-5367&quot; title=&quot;Local jobs all use same local working directory&quot; class=&quot;issue-link&quot; data-issue-key=&quot;MAPREDUCE-5367&quot;&gt;&lt;del&gt;MAPREDUCE-5367&lt;/del&gt;&lt;/a&gt; so that Mahout M/R tests can run in parallel.&lt;/p&gt;</comment>
                            <comment id="13809698" author="isabel" created="Wed, 30 Oct 2013 22:16:04 +0000"  >&lt;p&gt;That error does looks familiar - though I cannot reproduce it on my side right now (and I can&apos;t remember what caused it last time). Will look again tomorrow.&lt;/p&gt;</comment>
                            <comment id="13809711" author="isabel" created="Wed, 30 Oct 2013 22:31:01 +0000"  >&lt;p&gt;Looks like this test still writes to &quot;/tmp&quot; due to the way we create the content of the mrOutputDir. Finding tests that do that actually is pretty easy - just set /tmp to be non-writeable for the time the tests are run - we should find a way to enforce all our tests to only write to maven&apos;s target dir during the build process though - I believe that the random testing dependency can help with that, don&apos;t know the option at the top of my head though. Otherwise people will accidentally add tests that ignore this practice - or fail to run the above mentioned sanity check when fixing existing tests like I did. &lt;/p&gt;

&lt;p&gt;I&apos;ll go and figure out how to teach that one little test to direct non of it&apos;s output to tmp tomorrow though.&lt;/p&gt;</comment>
                            <comment id="13810657" author="isabel" created="Thu, 31 Oct 2013 20:24:46 +0000"  >&lt;p&gt;I just did a &lt;/p&gt;

&lt;p&gt;chmod 000 /tmp/hadoop-$USER&lt;br/&gt;
mvn clean install&lt;/p&gt;

&lt;p&gt;found another test that tries to write there in core ParallelALSFactorizationJobTest.recommenderJobWithIDMapping:359&lt;/p&gt;

&lt;p&gt;By the way although  &lt;a href=&quot;https://issues.apache.org/jira/browse/MAPREDUCE-5367&quot; title=&quot;Local jobs all use same local working directory&quot; class=&quot;issue-link&quot; data-issue-key=&quot;MAPREDUCE-5367&quot;&gt;&lt;del&gt;MAPREDUCE-5367&lt;/del&gt;&lt;/a&gt; is clearly related I think given that we use Maven as build tool having our build write stuff anywhere except in the target directories (which on mvn clean get purged automatically) isn&apos;t a particularly good practice and should be fixed in the long run. I&apos;d really like to see a solution that makes the build fail if any of our code tries that (much like we fail fast when users try to build our project with anything older than Maven 3).&lt;/p&gt;</comment>
                            <comment id="13810704" author="isabel" created="Thu, 31 Oct 2013 21:03:01 +0000"  >&lt;p&gt;The attached additional change fixes the test in question (at least it successfully teaches this test that writing to &quot;/tmp&quot; is not acceptable).&lt;/p&gt;

&lt;p&gt;Note: Re-running all tests with /tmp/hadoop-$USER set to non-writeable just now to see, which other tests need changes.&lt;/p&gt;</comment>
                            <comment id="13810731" author="isabel" created="Thu, 31 Oct 2013 21:31:03 +0000"  >&lt;p&gt;In core:&lt;br/&gt;
ParallelALSFactorizationJobTest.recommenderJobWithIDMapping:359&lt;/p&gt;

&lt;p&gt;In integration:&lt;br/&gt;
TestSequenceFilesFromDirectory.testSequenceFileFromDirectoryMapReduce:128&lt;/p&gt;

&lt;p&gt;Everything else seems not to try writing at least to /tmp/hadoop-$USER - not sure if there&apos;s nothing left that tries to write anywhere outside of the designated target directories.&lt;/p&gt;</comment>
                            <comment id="13811675" author="isabel" created="Fri, 1 Nov 2013 21:26:24 +0000"  >&lt;p&gt;Updated patch with the other two tests fixed as well.&lt;/p&gt;

&lt;p&gt;&lt;a href=&quot;https://issues.apache.org/jira/secure/ViewProfile.jspa?name=sslavic&quot; class=&quot;user-hover&quot; rel=&quot;sslavic&quot;&gt;Stevo Slavic&lt;/a&gt; can you please double check that this also works on your machine? Thanks.&lt;/p&gt;</comment>
                            <comment id="13811688" author="smarthi" created="Fri, 1 Nov 2013 21:44:23 +0000"  >&lt;p&gt;&lt;a href=&quot;https://issues.apache.org/jira/secure/ViewProfile.jspa?name=isabel&quot; class=&quot;user-hover&quot; rel=&quot;isabel&quot;&gt;Isabel Drost-Fromm&lt;/a&gt; The latest patch works on my machine - on a Mac OS X 10.8.  Some of those tests were failing sporadically on my machine. Thanks for the patch. I don&apos;t have a ubuntu instance to verify this patch, will let Stevo check on that.&lt;/p&gt;</comment>
                            <comment id="13812473" author="sslavic" created="Sun, 3 Nov 2013 20:18:06 +0000"  >&lt;p&gt;Verified on Linux, worked OK. I&apos;ve committed part 2 patch to trunk.&lt;/p&gt;</comment>
                            <comment id="13812475" author="hudson" created="Sun, 3 Nov 2013 20:28:02 +0000"  >&lt;p&gt;SUCCESS: Integrated in Mahout-Quality #2311 (See &lt;a href=&quot;https://builds.apache.org/job/Mahout-Quality/2311/&quot; class=&quot;external-link&quot; rel=&quot;nofollow&quot;&gt;https://builds.apache.org/job/Mahout-Quality/2311/&lt;/a&gt;)&lt;br/&gt;
&lt;a href=&quot;https://issues.apache.org/jira/browse/MAHOUT-1325&quot; title=&quot;MapReduce unit tests cannot be run in parallel&quot; class=&quot;issue-link&quot; data-issue-key=&quot;MAHOUT-1325&quot;&gt;&lt;del&gt;MAHOUT-1325&lt;/del&gt;&lt;/a&gt; Change remaining hadoop dependent tests to work out of a directory that is not under /tmp (isabel via sslavic) (sslavic: rev 1538438)&lt;/p&gt;
&lt;ul&gt;
	&lt;li&gt;/mahout/trunk/core/src/test/java/org/apache/mahout/cf/taste/hadoop/als/ParallelALSFactorizationJobTest.java&lt;/li&gt;
	&lt;li&gt;/mahout/trunk/integration/src/test/java/org/apache/mahout/text/SequenceFilesFromMailArchivesTest.java&lt;/li&gt;
	&lt;li&gt;/mahout/trunk/integration/src/test/java/org/apache/mahout/text/TestSequenceFilesFromDirectory.java&lt;/li&gt;
&lt;/ul&gt;
</comment>
                            <comment id="13812490" author="isabel" created="Sun, 3 Nov 2013 21:09:32 +0000"  >&lt;p&gt;Wohoo - finally!&lt;/p&gt;

&lt;p&gt;One thing to look into in the long run: Configure our surefire to complain when tests mis-behave and store data outside of maven&apos;s target directories. Some related documentation and examples so I don&apos;t forget it when closing the browser window:&lt;/p&gt;

&lt;p&gt;&lt;a href=&quot;https://svn.apache.org/repos/asf/commons/proper/lang/trunk/src/test/resources/java.policy&quot; class=&quot;external-link&quot; rel=&quot;nofollow&quot;&gt;https://svn.apache.org/repos/asf/commons/proper/lang/trunk/src/test/resources/java.policy&lt;/a&gt;&lt;br/&gt;
&lt;a href=&quot;http://maven.apache.org/surefire/maven-surefire-plugin/examples/junit.html&quot; class=&quot;external-link&quot; rel=&quot;nofollow&quot;&gt;http://maven.apache.org/surefire/maven-surefire-plugin/examples/junit.html&lt;/a&gt;&lt;/p&gt;</comment>
                            <comment id="13821883" author="isabel" created="Wed, 13 Nov 2013 21:43:04 +0000"  >&lt;p&gt;So far people haven&apos;t reported random failures anymore. Re-open in case they re-occur.&lt;/p&gt;</comment>
                    </comments>
                <issuelinks>
                            <issuelinktype id="12310000">
                    <name>Duplicate</name>
                                                                <inwardlinks description="is duplicated by">
                                        <issuelink>
            <issuekey id="12666213">MAHOUT-1321</issuekey>
        </issuelink>
            <issuelink>
            <issuekey id="12666314">MAHOUT-1322</issuekey>
        </issuelink>
            <issuelink>
            <issuekey id="12666628">MAHOUT-1323</issuekey>
        </issuelink>
            <issuelink>
            <issuekey id="12666629">MAHOUT-1324</issuekey>
        </issuelink>
                            </inwardlinks>
                                    </issuelinktype>
                            <issuelinktype id="10030">
                    <name>Reference</name>
                                                                <inwardlinks description="is related to">
                                        <issuelink>
            <issuekey id="12645510">MAHOUT-1200</issuekey>
        </issuelink>
                            </inwardlinks>
                                    </issuelinktype>
                            <issuelinktype id="10001">
                    <name>dependent</name>
                                            <outwardlinks description="depends upon">
                                        <issuelink>
            <issuekey id="12655667">MAPREDUCE-5367</issuekey>
        </issuelink>
                            </outwardlinks>
                                                        </issuelinktype>
                    </issuelinks>
                <attachments>
                            <attachment id="12611696" name="MAHOUT-1325-part-2.patch" size="4113" author="isabel" created="Fri, 1 Nov 2013 21:26:24 +0000"/>
                            <attachment id="12611482" name="MAHOUT-1325-part-2.patch" size="1373" author="isabel" created="Thu, 31 Oct 2013 21:03:01 +0000"/>
                            <attachment id="12606414" name="MAHOUT-1325.patch" size="55632" author="isabel" created="Wed, 2 Oct 2013 19:59:41 +0100"/>
                            <attachment id="12603841" name="org.apache.mahout.text.SequenceFilesFromMailArchivesTest-output.txt" size="5345" author="sslavic" created="Wed, 18 Sep 2013 16:03:16 +0100"/>
                    </attachments>
                <subtasks>
                    </subtasks>
                <customfields>
                                                <customfield id="customfield_12310310" key="com.atlassian.jira.toolkit:attachments">
                        <customfieldname>Attachment count</customfieldname>
                        <customfieldvalues>
                            <customfieldvalue>4.0</customfieldvalue>
                        </customfieldvalues>
                    </customfield>
                                                                                                                                                                                                                                                                                                                                                                                                                                                                                                                                                            <customfield id="customfield_12310220" key="com.atlassian.jira.ext.charting:firstresponsedate">
                        <customfieldname>Date of First Response</customfieldname>
                        <customfieldvalues>
                            <customfieldvalue>Wed, 18 Sep 2013 15:38:59 +0000</customfieldvalue>

                        </customfieldvalues>
                    </customfield>
                                                                                                                                                                                                                                                                                                                                                                                                                <customfield id="customfield_12310420" key="com.pyxis.greenhopper.jira:gh-global-rank">
                        <customfieldname>Global Rank</customfieldname>
                        <customfieldvalues>
                            <customfieldvalue>346882</customfieldvalue>
                        </customfieldvalues>
                    </customfield>
                                                                                                                                                    <customfield id="customfield_12311820" key="com.pyxis.greenhopper.jira:gh-lexo-rank">
                        <customfieldname>Rank</customfieldname>
                        <customfieldvalues>
                            <customfieldvalue>2|hzhnrj:</customfieldvalue>

                        </customfieldvalues>
                    </customfield>
                                                                <customfield id="customfield_12310920" key="com.pyxis.greenhopper.jira:gh-global-rank">
                        <customfieldname>Rank (Obsolete)</customfieldname>
                        <customfieldvalues>
                            <customfieldvalue>347182</customfieldvalue>
                        </customfieldvalues>
                    </customfield>
                                                                                                                                                                                                                                        <customfield id="customfield_12310222" key="com.atlassian.jira.ext.charting:timeinstatus">
                        <customfieldname>Time in Status</customfieldname>
                        <customfieldvalues>
                            
                        </customfieldvalues>
                    </customfield>
                                                                </customfields>
    </item>
</channel>
</rss>